0.2339 	WARNING 	We strongly recommend you activate the PTB sound engine in PsychoPy prefs as the preferred audio engine. Its timing is vastly superior. Your prefs are currently set to use ['sounddevice', 'PTB', 'pyo', 'pygame'] (in that order).
3.3319 	INFO 	Loaded monitor calibration from ['2021_03_12 13:58']
4.0146 	EXP 	Created window1 = Window(allowGUI=False, allowStencil=False, autoLog=True, backendConf=UNKNOWN, bitsMode=UNKNOWN, blendMode='avg', bpc=(8, 8, 8), color=array([1, 1, 1]), colorSpace='rgb', depthBits=8, fullscr=<method-wrapper '__getattribute__' of attributeSetter object at 0x7fea63acdb00>, gamma=None, gammaErrorPolicy='raise', lms=UNKNOWN, monitor=<psychopy.monitors.calibTools.Monitor object at 0x7fea63a0ba58>, multiSample=False, name='window1', numSamples=2, pos=[480.0, 270.0], screen=0, size=array([3840, 2160]), stencilBits=0, stereo=False, units='height', useFBO=True, useRetina=True, viewOri=0.0, viewPos=None, viewScale=None, waitBlanking=True, winType='pyglet')
4.0149 	EXP 	window1: mouseVisible = True
4.0150 	EXP 	window1: recordFrameIntervals = False
4.1800 	EXP 	window1: recordFrameIntervals = True
4.4142 	DEBUG 	Screen (0) actual frame rate measured at 59.48
4.4142 	EXP 	window1: recordFrameIntervals = False
4.5570 	EXP 	Created RInstr = TextStim(__class__=<class 'psychopy.visual.text.TextStim'>, alignHoriz=method-wrapper(...), alignText='center', alignVert=method-wrapper(...), anchorHoriz='center', anchorVert='center', antialias=True, autoLog=True, bold=False, color=array([-1, -1, -1]), colorSpace='rgb', contrast=1.0, depth=0.0, flipHoriz=False, flipVert=False, font='Arial', fontFiles=[], height=0.05, italic=False, languageStyle='LTR', name='RInstr', opacity=1, ori=0, pos=array([0., 0.]), rgb=UNKNOWN, text=str(...), units='height', win=Window(...), wrapWidth=1)
4.6293 	EXP 	Created image_5 = ImageStim(__class__=<class 'psychopy.visual.image.ImageStim'>, autoLog=True, color=array([1, 1, 1]), colorSpace='rgb', contrast=1.0, depth=-1.0, flipHoriz=False, flipVert=False, image='sin', interpolate=False, mask=None, maskParams=None, name='image_5', opacity=1, ori=0.0, pos=array([0., 0.]), size=array([0.4, 0.4]), texRes=512, units='height', win=Window(...))
4.6383 	INFO 	Mouse: using default window
4.6383 	EXP 	window1: mouseVisible = True
4.6422 	EXP 	Created slider = Slider(__class__=<class 'psychopy.visual.slider.Slider'>, autoDraw=False, autoLog=True, borderColor=None, color=None, colorSpace='rgb', depth=-2, fillColor=None, flip=False, font='HelveticaBold', granularity=0, labelHeight=0.05, labelWrapWidth=None, labels=None, name='slider', opacity=None, pos=(0, -0.28), readOnly=False, self=UNKNOWN, size=(1.0, 0.025), style=method-wrapper(...), styleTweaks=method-wrapper(...), ticks=ndarray(...), units='height', win=Window(...))
4.6635 	EXP 	Created NextBu = ImageStim(__class__=<class 'psychopy.visual.image.ImageStim'>, autoLog=True, color=array([1, 1, 1]), colorSpace='rgb', contrast=1.0, depth=-3.0, flipHoriz=False, flipVert=False, image='Picture1.png', interpolate=False, mask=None, maskParams=None, name='NextBu', opacity=1, ori=0.0, pos=array([0., 0.]), size=array([0.2, 0.1]), texRes=512, units='height', win=Window(...))
4.6636 	EXP 	window1: mouseVisible = True
4.6690 	EXP 	Created text_4 = TextStim(__class__=<class 'psychopy.visual.text.TextStim'>, alignHoriz=method-wrapper(...), alignText='center', alignVert=method-wrapper(...), anchorHoriz='center', anchorVert='center', antialias=True, autoLog=True, bold=False, color=array([-1, -1, -1]), colorSpace='rgb', contrast=1.0, depth=-5.0, flipHoriz=False, flipVert=False, font='Arial', fontFiles=[], height=0.03, italic=False, languageStyle='LTR', name='text_4', opacity=1, ori=0, pos=array([-0.5 , -0.32]), rgb=UNKNOWN, text='Not Dominant at all', units='height', win=Window(...), wrapWidth=1)
4.6725 	EXP 	Created text_5 = TextStim(__class__=<class 'psychopy.visual.text.TextStim'>, alignHoriz=method-wrapper(...), alignText='center', alignVert=method-wrapper(...), anchorHoriz='center', anchorVert='center', antialias=True, autoLog=True, bold=False, color=array([-1, -1, -1]), colorSpace='rgb', contrast=1.0, depth=-6.0, flipHoriz=False, flipVert=False, font='Arial', fontFiles=[], height=0.03, italic=False, languageStyle='LTR', name='text_5', opacity=1, ori=0, pos=array([ 0.5 , -0.32]), rgb=UNKNOWN, text='Very Dominant', units='height', win=Window(...), wrapWidth=1)
4.6730 	EXP 	Created text = TextStim(__class__=<class 'psychopy.visual.text.TextStim'>, alignHoriz=method-wrapper(...), alignText='center', alignVert=method-wrapper(...), anchorHoriz='center', anchorVert='center', antialias=True, autoLog=True, bold=False, color=array([1, 1, 1]), colorSpace='rgb', contrast=1.0, depth=-1.0, flipHoriz=False, flipVert=False, font='Arial', fontFiles=[], height=0.1, italic=False, languageStyle='LTR', name='text', opacity=1, ori=0, pos=array([0., 0.]), rgb=UNKNOWN, text='', units='height', win=Window(...), wrapWidth=1)
4.6851 	EXP 	Created EndText = TextStim(__class__=<class 'psychopy.visual.text.TextStim'>, alignHoriz=method-wrapper(...), alignText='center', alignVert=method-wrapper(...), anchorHoriz='center', anchorVert='center', antialias=True, autoLog=True, bold=False, color=array([-1, -1, -1]), colorSpace='rgb', contrast=1.0, depth=0.0, flipHoriz=False, flipVert=False, font='Arial', fontFiles=[], height=0.05, italic=False, languageStyle='LTR', name='EndText', opacity=1, ori=0, pos=array([0., 0.]), rgb=UNKNOWN, text=str(...), units='height', win=Window(...), wrapWidth=1)
4.6929 	EXP 	slider: autoLog = True
4.6929 	EXP 	slider: markerPos = None
4.6929 	EXP 	slider: rating = None
4.6929 	EXP 	slider: markerPos = None
4.6929 	EXP 	slider: contrast = 1.0
4.6929 	EXP 	slider: autoLog = True
4.6929 	EXP 	slider: styleTweaks = []
4.6929 	EXP 	slider: style = ['rating']
4.6929 	EXP 	slider: styleTweaks = ['triangleMarker']
4.6929 	EXP 	RInstr: autoDraw = True
5.8257 	DATA 	Keypress: space
5.8388 	DEBUG 	Read csv file with pandas: Rating_BlockOrder.csv
5.8416 	DEBUG 	Clearing unnamed columns from Rating_BlockOrder.csv
5.8420 	EXP 	Imported Rating_BlockOrder.csv as conditions, 3 conditions, 1 params
5.8425 	EXP 	Created sequence: random, trialTypes=3, nReps=1, seed=None
5.8428 	EXP 	New trial (rep=0, index=0): OrderedDict([('RatingBlock', 'TrialCondition_C.csv')])
5.8456 	DEBUG 	Read csv file with pandas: TrialCondition_C.csv
5.8464 	DEBUG 	Clearing unnamed columns from TrialCondition_C.csv
5.8473 	EXP 	Imported TrialCondition_C.csv as conditions, 24 conditions, 4 params
5.8476 	EXP 	Created sequence: random, trialTypes=24, nReps=1, seed=None
5.8478 	EXP 	New trial (rep=0, index=0): OrderedDict([('Image', 'Images/S_C_I2_01.png'), ('Race', 'Caucasian'), ('Trait', 'Submissive'), ('Type', 'normal')])
5.8604 	EXP 	RInstr: autoDraw = False
5.8604 	EXP 	image_5: image = 'Images/S_C_I2_01.png'
5.8604 	EXP 	slider: markerPos = None
5.8604 	EXP 	slider: markerPos = None
5.8604 	EXP 	slider: rating = None
5.8604 	EXP 	image_5: autoDraw = True
6.1456 	EXP 	slider: autoDraw = True
6.1456 	EXP 	NextBu: autoDraw = True
6.1456 	EXP 	NextBu: pos = array([ 0. , -0.9])
6.1456 	EXP 	text_4: autoDraw = True
6.1456 	EXP 	text_5: autoDraw = True
6.1633 	EXP 	NextBu: pos = array([ 0. , -0.9])
6.1804 	EXP 	NextBu: pos = array([ 0. , -0.9])
6.1972 	EXP 	NextBu: pos = array([ 0. , -0.9])
6.2136 	EXP 	NextBu: pos = array([ 0. , -0.9])
6.2293 	EXP 	NextBu: pos = array([ 0. , -0.9])
6.2461 	EXP 	NextBu: pos = array([ 0. , -0.9])
6.2642 	EXP 	NextBu: pos = array([ 0. , -0.9])
6.2799 	EXP 	NextBu: pos = array([ 0. , -0.9])
6.2983 	EXP 	NextBu: pos = array([ 0. , -0.9])
6.3130 	EXP 	NextBu: pos = array([ 0. , -0.9])
6.3317 	EXP 	NextBu: pos = array([ 0. , -0.9])
6.3463 	EXP 	NextBu: pos = array([ 0. , -0.9])
6.3630 	EXP 	NextBu: pos = array([ 0. , -0.9])
6.3804 	EXP 	NextBu: pos = array([ 0. , -0.9])
6.3981 	EXP 	NextBu: pos = array([ 0. , -0.9])
6.4131 	EXP 	NextBu: pos = array([ 0. , -0.9])
6.4297 	EXP 	NextBu: pos = array([ 0. , -0.9])
6.4465 	EXP 	NextBu: pos = array([ 0. , -0.9])
6.4639 	EXP 	NextBu: pos = array([ 0. , -0.9])
6.4794 	EXP 	NextBu: pos = array([ 0. , -0.9])
6.4968 	EXP 	NextBu: pos = array([ 0. , -0.9])
6.5130 	EXP 	NextBu: pos = array([ 0. , -0.9])
6.5300 	EXP 	NextBu: pos = array([ 0. , -0.9])
6.5461 	EXP 	NextBu: pos = array([ 0. , -0.9])
6.5639 	EXP 	NextBu: pos = array([ 0. , -0.9])
6.5797 	EXP 	NextBu: pos = array([ 0. , -0.9])
6.5972 	EXP 	NextBu: pos = array([ 0. , -0.9])
6.6129 	EXP 	NextBu: pos = array([ 0. , -0.9])
6.6305 	EXP 	NextBu: pos = array([ 0. , -0.9])
6.6464 	EXP 	NextBu: pos = array([ 0. , -0.9])
6.6641 	EXP 	NextBu: pos = array([ 0. , -0.9])
6.6800 	EXP 	NextBu: pos = array([ 0. , -0.9])
6.6967 	EXP 	NextBu: pos = array([ 0. , -0.9])
6.7131 	EXP 	NextBu: pos = array([ 0. , -0.9])
6.7302 	EXP 	NextBu: pos = array([ 0. , -0.9])
6.7459 	EXP 	NextBu: pos = array([ 0. , -0.9])
6.7637 	EXP 	NextBu: pos = array([ 0. , -0.9])
6.7794 	EXP 	NextBu: pos = array([ 0. , -0.9])
6.7970 	EXP 	NextBu: pos = array([ 0. , -0.9])
6.8129 	EXP 	NextBu: pos = array([ 0. , -0.9])
6.8308 	EXP 	NextBu: pos = array([ 0. , -0.9])
6.8464 	EXP 	NextBu: pos = array([ 0. , -0.9])
6.8629 	EXP 	NextBu: pos = array([ 0. , -0.9])
6.8799 	EXP 	NextBu: pos = array([ 0. , -0.9])
6.8967 	EXP 	NextBu: pos = array([ 0. , -0.9])
6.9131 	EXP 	NextBu: pos = array([ 0. , -0.9])
6.9291 	EXP 	NextBu: pos = array([ 0. , -0.9])
6.9457 	EXP 	NextBu: pos = array([ 0. , -0.9])
6.9634 	EXP 	NextBu: pos = array([ 0. , -0.9])
6.9795 	EXP 	NextBu: pos = array([ 0. , -0.9])
6.9968 	EXP 	NextBu: pos = array([ 0. , -0.9])
7.0128 	EXP 	NextBu: pos = array([ 0. , -0.9])
7.0301 	EXP 	NextBu: pos = array([ 0. , -0.9])
7.0466 	EXP 	NextBu: pos = array([ 0. , -0.9])
7.0638 	EXP 	NextBu: pos = array([ 0. , -0.9])
7.0798 	EXP 	NextBu: pos = array([ 0. , -0.9])
7.0975 	EXP 	NextBu: pos = array([ 0. , -0.9])
7.1123 	EXP 	NextBu: pos = array([ 0. , -0.9])
7.1306 	EXP 	NextBu: pos = array([ 0. , -0.9])
7.1462 	EXP 	NextBu: pos = array([ 0. , -0.9])
7.1629 	EXP 	NextBu: pos = array([ 0. , -0.9])
7.1796 	EXP 	NextBu: pos = array([ 0. , -0.9])
7.1974 	EXP 	NextBu: pos = array([ 0. , -0.9])
7.2131 	EXP 	NextBu: pos = array([ 0. , -0.9])
7.2304 	EXP 	NextBu: pos = array([ 0. , -0.9])
7.2463 	EXP 	NextBu: pos = array([ 0. , -0.9])
7.2639 	EXP 	NextBu: pos = array([ 0. , -0.9])
7.2800 	EXP 	NextBu: pos = array([ 0. , -0.9])
7.2979 	EXP 	NextBu: pos = array([ 0. , -0.9])
7.3130 	EXP 	NextBu: pos = array([ 0. , -0.9])
7.3307 	EXP 	NextBu: pos = array([ 0. , -0.9])
7.3467 	EXP 	NextBu: pos = array([ 0. , -0.9])
7.3629 	EXP 	NextBu: pos = array([ 0. , -0.9])
7.3797 	EXP 	NextBu: pos = array([ 0. , -0.9])
7.3968 	EXP 	NextBu: pos = array([ 0. , -0.9])
7.4128 	EXP 	NextBu: pos = array([ 0. , -0.9])
7.4304 	EXP 	NextBu: pos = array([ 0. , -0.9])
7.4465 	EXP 	NextBu: pos = array([ 0. , -0.9])
7.4638 	EXP 	NextBu: pos = array([ 0. , -0.9])
7.4799 	EXP 	NextBu: pos = array([ 0. , -0.9])
7.4975 	EXP 	NextBu: pos = array([ 0. , -0.9])
7.5123 	EXP 	NextBu: pos = array([ 0. , -0.9])
7.5301 	EXP 	NextBu: pos = array([ 0. , -0.9])
7.5463 	EXP 	NextBu: pos = array([ 0. , -0.9])
7.5470 	DATA 	Mouse: Left button down, pos=(703,234)
7.5605 	EXP 	window1: mouseVisible = True
7.5615 	DEBUG 	Saving data for FatFaceOnline ExperimentHandler
7.5620 	INFO 	saved data to /Users/vivianfang/Desktop/Ratings/data/_FatFaceOnline_2021_Oct_05_1012.psydat
7.5624 	INFO 	saved data to '/Users/vivianfang/Desktop/Ratings/data/_FatFaceOnline_2021_Oct_05_1012.csv'
