0.7041 	WARNING 	We strongly recommend you activate the PTB sound engine in PsychoPy prefs as the preferred audio engine. Its timing is vastly superior. Your prefs are currently set to use ['sounddevice', 'PTB', 'pyo', 'pygame'] (in that order).
4.2304 	INFO 	Loaded monitor calibration from ['2021_08_31 22:24']
4.2474 	WARNING 	User requested fullscreen with size [1920 1080], but screen is actually [1440, 900]. Using actual size
4.9150 	EXP 	Created window1 = Window(allowGUI=False, allowStencil=False, autoLog=True, backendConf=UNKNOWN, bitsMode=UNKNOWN, blendMode='avg', bpc=(8, 8, 8), color=array([1, 1, 1]), colorSpace='rgb', depthBits=8, fullscr=<method-wrapper '__getattribute__' of attributeSetter object at 0x7ffaea364b38>, gamma=None, gammaErrorPolicy='raise', lms=UNKNOWN, monitor=<psychopy.monitors.calibTools.Monitor object at 0x7ffae9d819e8>, multiSample=False, name='window1', numSamples=2, pos=[360.0, 225.0], screen=0, size=array([2880, 1800]), stencilBits=0, stereo=False, units='height', useFBO=True, useRetina=True, viewOri=0.0, viewPos=None, viewScale=None, waitBlanking=True, winType='pyglet')
4.9151 	EXP 	window1: mouseVisible = True
4.9152 	EXP 	window1: recordFrameIntervals = False
5.0809 	EXP 	window1: recordFrameIntervals = True
5.2654 	DEBUG 	Screen (0) actual frame rate measured at 59.60
5.2654 	EXP 	window1: recordFrameIntervals = False
7.3084 	INFO 	keyboard.Keyboard is using ptb backend.
7.3475 	EXP 	Created RInstr = TextStim(__class__=<class 'psychopy.visual.text.TextStim'>, alignHoriz=method-wrapper(...), alignText='center', alignVert=method-wrapper(...), anchorHoriz='center', anchorVert='center', antialias=True, autoLog=True, bold=False, color=array([-1., -1., -1.]), colorSpace='rgb', contrast=1.0, depth=0.0, flipHoriz=False, flipVert=False, font='Arial', fontFiles=[], height=0.05, italic=False, languageStyle='LTR', name='RInstr', opacity=1, ori=0, pos=array([0., 0.]), rgb=UNKNOWN, text=str(...), units='height', win=Window(...), wrapWidth=1)
7.8685 	INFO 	keyboard.Keyboard is using ptb backend.
7.8711 	EXP 	Created image_5 = ImageStim(__class__=<class 'psychopy.visual.image.ImageStim'>, autoLog=True, color=array([1., 1., 1.]), colorSpace='rgb', contrast=1.0, depth=-1.0, flipHoriz=False, flipVert=False, image='sin', interpolate=False, mask=None, maskParams=None, name='image_5', opacity=1, ori=0.0, pos=array([0., 0.]), size=array([0.4, 0.4]), texRes=512, units='height', win=Window(...))
7.8835 	INFO 	Mouse: using default window
7.8836 	EXP 	window1: mouseVisible = True
7.8923 	EXP 	Created slider = Slider(__class__=<class 'psychopy.visual.slider.Slider'>, autoDraw=False, autoLog=True, borderColor=None, color=None, colorSpace='rgb', depth=-2, fillColor=None, flip=False, font='HelveticaBold', granularity=0, labelHeight=0.05, labelWrapWidth=None, labels=None, name='slider', opacity=None, pos=(0, -0.28), readOnly=False, self=UNKNOWN, size=(1.0, 0.025), startValue=None, style=method-wrapper(...), styleTweaks=method-wrapper(...), ticks=ndarray(...), units='height', win=Window(...))
7.9157 	EXP 	Created NextBu = ImageStim(__class__=<class 'psychopy.visual.image.ImageStim'>, autoLog=True, color=array([1., 1., 1.]), colorSpace='rgb', contrast=1.0, depth=-3.0, flipHoriz=False, flipVert=False, image='Picture1.png', interpolate=False, mask=None, maskParams=None, name='NextBu', opacity=1, ori=0.0, pos=array([0., 0.]), size=array([0.2, 0.1]), texRes=512, units='height', win=Window(...))
7.9157 	EXP 	window1: mouseVisible = True
7.9222 	EXP 	Created text_4 = TextStim(__class__=<class 'psychopy.visual.text.TextStim'>, alignHoriz=method-wrapper(...), alignText='center', alignVert=method-wrapper(...), anchorHoriz='center', anchorVert='center', antialias=True, autoLog=True, bold=False, color=array([-1., -1., -1.]), colorSpace='rgb', contrast=1.0, depth=-5.0, flipHoriz=False, flipVert=False, font='Arial', fontFiles=[], height=0.03, italic=False, languageStyle='LTR', name='text_4', opacity=1, ori=0, pos=array([-0.5 , -0.32]), rgb=UNKNOWN, text='Not Attractive at all', units='height', win=Window(...), wrapWidth=1)
7.9252 	EXP 	Created text_5 = TextStim(__class__=<class 'psychopy.visual.text.TextStim'>, alignHoriz=method-wrapper(...), alignText='center', alignVert=method-wrapper(...), anchorHoriz='center', anchorVert='center', antialias=True, autoLog=True, bold=False, color=array([-1., -1., -1.]), colorSpace='rgb', contrast=1.0, depth=-6.0, flipHoriz=False, flipVert=False, font='Arial', fontFiles=[], height=0.03, italic=False, languageStyle='LTR', name='text_5', opacity=1, ori=0, pos=array([ 0.5 , -0.32]), rgb=UNKNOWN, text='Very Attractive', units='height', win=Window(...), wrapWidth=1)
7.9262 	EXP 	Created text = TextStim(__class__=<class 'psychopy.visual.text.TextStim'>, alignHoriz=method-wrapper(...), alignText='center', alignVert=method-wrapper(...), anchorHoriz='center', anchorVert='center', antialias=True, autoLog=True, bold=False, color=array([1., 1., 1.]), colorSpace='rgb', contrast=1.0, depth=-1.0, flipHoriz=False, flipVert=False, font='Arial', fontFiles=[], height=0.1, italic=False, languageStyle='LTR', name='text', opacity=1, ori=0, pos=array([0., 0.]), rgb=UNKNOWN, text='', units='height', win=Window(...), wrapWidth=1)
7.9368 	EXP 	Created EndText = TextStim(__class__=<class 'psychopy.visual.text.TextStim'>, alignHoriz=method-wrapper(...), alignText='center', alignVert=method-wrapper(...), anchorHoriz='center', anchorVert='center', antialias=True, autoLog=True, bold=False, color=array([-1., -1., -1.]), colorSpace='rgb', contrast=1.0, depth=0.0, flipHoriz=False, flipVert=False, font='Arial', fontFiles=[], height=0.05, italic=False, languageStyle='LTR', name='EndText', opacity=1, ori=0, pos=array([0., 0.]), rgb=UNKNOWN, text=str(...), units='height', win=Window(...), wrapWidth=1)
7.9469 	EXP 	slider: autoLog = True
7.9469 	EXP 	slider: markerPos = None
7.9469 	EXP 	slider: rating = None
7.9469 	EXP 	slider: markerPos = None
7.9469 	EXP 	slider: contrast = 1.0
7.9469 	EXP 	slider: autoLog = True
7.9469 	EXP 	slider: styleTweaks = []
7.9469 	EXP 	slider: style = ['rating']
7.9469 	EXP 	slider: styleTweaks = ['triangleMarker']
7.9469 	EXP 	RInstr: autoDraw = True
8.7415 	DEBUG 	Read excel file with openpyxl: Rating_BlockOrder.xlsx
8.7417 	EXP 	Imported Rating_BlockOrder.xlsx as conditions, 2 conditions, 1 params
8.7428 	EXP 	Created sequence: random, trialTypes=2, nReps=1, seed=None
8.7432 	EXP 	New trial (rep=0, index=0): {'RatingBlock': 'TrialCondition_B.xslx'}
8.7495 	DEBUG 	Read excel file with openpyxl: TrialCondition_A.xlsx
8.7514 	EXP 	Imported TrialCondition_A.xlsx as conditions, 20 conditions, 3 params
8.7518 	EXP 	Created sequence: random, trialTypes=20, nReps=1, seed=None
8.7520 	EXP 	New trial (rep=0, index=0): {'Image': 'images/sA-M-ver4.jpg', 'Gender': 'M', 'AgeGroup': 'senioradult'}
8.9398 	DATA 	Keypress: space
8.9448 	EXP 	RInstr: autoDraw = False
8.9448 	EXP 	image_5: image = 'images/sA-M-ver4.jpg'
8.9448 	EXP 	slider: markerPos = None
8.9448 	EXP 	slider: markerPos = None
8.9448 	EXP 	slider: rating = None
8.9448 	EXP 	image_5: autoDraw = True
9.0833 	EXP 	slider: autoDraw = True
9.0833 	EXP 	NextBu: autoDraw = True
9.0833 	EXP 	text_4: autoDraw = True
9.0833 	EXP 	text_5: autoDraw = True
18.1482 	DATA 	Mouse: Left button down, pos=(730,198)
18.1653 	EXP 	slider: markerPos = 51.11111111111111
18.1811 	EXP 	slider: markerPos = 51.11111111111111
18.1977 	EXP 	slider: markerPos = 51.11111111111111
18.2143 	EXP 	slider: markerPos = 51.11111111111111
18.2312 	EXP 	slider: markerPos = 51.11111111111111
18.2476 	EXP 	slider: markerPos = 51.11111111111111
18.2649 	EXP 	slider: markerPos = 51.11111111111111
18.2807 	EXP 	slider: markerPos = 51.11111111111111
18.2813 	DATA 	Mouse:  Left button up, pos=(730,198)
18.2978 	EXP 	slider: markerPos = 51.11111111111111
18.2978 	EXP 	slider: rating = 51.11111111111111
18.9987 	DATA 	Mouse: Left button down, pos=(760,67)
19.0146 	EXP 	image_5: autoDraw = False
19.0146 	EXP 	slider: autoDraw = False
19.0146 	EXP 	NextBu: autoDraw = False
19.0146 	EXP 	text_4: autoDraw = False
19.0146 	EXP 	text_5: autoDraw = False
19.0146 	EXP 	text: text = 1.4070837818924313
19.0146 	EXP 	text: autoDraw = True
19.0986 	DATA 	Mouse:  Left button up, pos=(760,67)
20.4156 	EXP 	New trial (rep=0, index=1): {'Image': 'images/sA-F-ver7.jpg', 'Gender': 'F', 'AgeGroup': 'senioradult'}
20.4551 	EXP 	text: autoDraw = False
20.4551 	EXP 	text: autoDraw = False
20.4551 	EXP 	image_5: image = 'images/sA-F-ver7.jpg'
20.4551 	EXP 	slider: markerPos = None
20.4551 	EXP 	slider: markerPos = None
20.4551 	EXP 	slider: rating = None
20.4551 	EXP 	image_5: autoDraw = True
20.7481 	EXP 	slider: autoDraw = True
20.7481 	EXP 	NextBu: autoDraw = True
20.7481 	EXP 	text_4: autoDraw = True
20.7481 	EXP 	text_5: autoDraw = True
21.6979 	DATA 	Mouse: Left button down, pos=(717,194)
21.7144 	EXP 	slider: markerPos = 49.666666666666664
21.7308 	EXP 	slider: markerPos = 49.666666666666664
21.7477 	EXP 	slider: markerPos = 49.666666666666664
21.7643 	EXP 	slider: markerPos = 49.666666666666664
21.7811 	EXP 	slider: markerPos = 49.666666666666664
21.7977 	EXP 	slider: markerPos = 49.666666666666664
21.8137 	EXP 	slider: markerPos = 49.666666666666664
21.8143 	DATA 	Mouse:  Left button up, pos=(717,194)
21.8311 	EXP 	slider: markerPos = 49.666666666666664
21.8311 	EXP 	slider: rating = 49.666666666666664
22.3511 	DATA 	Mouse: Left button down, pos=(721,99)
22.3810 	EXP 	image_5: autoDraw = False
22.3810 	EXP 	slider: autoDraw = False
22.3810 	EXP 	NextBu: autoDraw = False
22.3810 	EXP 	text_4: autoDraw = False
22.3810 	EXP 	text_5: autoDraw = False
22.3810 	EXP 	text: text = 0.7548111425688656
22.3810 	EXP 	text: autoDraw = True
22.4817 	DATA 	Mouse:  Left button up, pos=(722,98)
23.1324 	EXP 	New trial (rep=0, index=2): {'Image': 'images/yA-M-ver7.jpg', 'Gender': 'M', 'AgeGroup': 'youngadult'}
23.1510 	EXP 	text: autoDraw = False
23.1510 	EXP 	text: autoDraw = False
23.1510 	EXP 	image_5: image = 'images/yA-M-ver7.jpg'
23.1510 	EXP 	slider: markerPos = None
23.1510 	EXP 	slider: markerPos = None
23.1510 	EXP 	slider: rating = None
23.1510 	EXP 	image_5: autoDraw = True
23.4480 	EXP 	slider: autoDraw = True
23.4480 	EXP 	NextBu: autoDraw = True
23.4480 	EXP 	text_4: autoDraw = True
23.4480 	EXP 	text_5: autoDraw = True
24.0975 	DATA 	Mouse: Left button down, pos=(709,193)
24.1143 	EXP 	slider: markerPos = 48.77777777777778
24.1306 	EXP 	slider: markerPos = 48.77777777777778
24.1475 	EXP 	slider: markerPos = 48.77777777777778
24.1642 	EXP 	slider: markerPos = 48.77777777777778
24.1808 	EXP 	slider: markerPos = 48.77777777777778
24.1978 	EXP 	slider: markerPos = 48.77777777777778
24.2143 	EXP 	slider: markerPos = 48.77777777777778
24.2148 	DATA 	Mouse:  Left button up, pos=(709,193)
24.2311 	EXP 	slider: markerPos = 48.77777777777778
24.2311 	EXP 	slider: rating = 48.77777777777778
26.1485 	DATA 	Mouse: Left button down, pos=(714,102)
26.1652 	EXP 	image_5: autoDraw = False
26.1652 	EXP 	slider: autoDraw = False
26.1652 	EXP 	NextBu: autoDraw = False
26.1652 	EXP 	text_4: autoDraw = False
26.1652 	EXP 	text_5: autoDraw = False
26.1652 	EXP 	text: text = 1.3627555204850559
26.1652 	EXP 	text: autoDraw = True
26.2992 	DATA 	Mouse:  Left button up, pos=(714,102)
27.5156 	EXP 	New trial (rep=0, index=3): {'Image': 'images/yA-F-ver5.jpg', 'Gender': 'F', 'AgeGroup': 'youngadult'}
27.5362 	EXP 	text: autoDraw = False
27.5362 	EXP 	text: autoDraw = False
27.5362 	EXP 	image_5: image = 'images/yA-F-ver5.jpg'
27.5362 	EXP 	slider: markerPos = None
27.5362 	EXP 	slider: markerPos = None
27.5362 	EXP 	slider: rating = None
27.5362 	EXP 	image_5: autoDraw = True
27.8316 	EXP 	slider: autoDraw = True
27.8316 	EXP 	NextBu: autoDraw = True
27.8316 	EXP 	text_4: autoDraw = True
27.8316 	EXP 	text_5: autoDraw = True
28.5147 	DATA 	Mouse: Left button down, pos=(547,204)
28.5313 	EXP 	slider: markerPos = 30.777777777777782
28.5481 	EXP 	slider: markerPos = 30.777777777777782
28.5646 	EXP 	slider: markerPos = 30.777777777777782
28.5812 	EXP 	slider: markerPos = 30.777777777777782
28.5980 	EXP 	slider: markerPos = 30.777777777777782
28.6145 	EXP 	slider: markerPos = 30.777777777777782
28.6150 	DATA 	Mouse:  Left button up, pos=(547,204)
28.6311 	EXP 	slider: markerPos = 30.777777777777782
28.6311 	EXP 	slider: rating = 30.777777777777782
29.2649 	DATA 	Mouse: Left button down, pos=(707,77)
29.2808 	EXP 	image_5: autoDraw = False
29.2808 	EXP 	slider: autoDraw = False
29.2808 	EXP 	NextBu: autoDraw = False
29.2808 	EXP 	text_4: autoDraw = False
29.2808 	EXP 	text_5: autoDraw = False
29.2808 	EXP 	text: text = 1.0393395936062686
29.2808 	EXP 	text: autoDraw = True
29.3661 	DATA 	Mouse:  Left button up, pos=(707,77)
30.3153 	EXP 	New trial (rep=0, index=4): {'Image': 'images/adl-F-ver8.jpg', 'Gender': 'F', 'AgeGroup': 'adolescent'}
30.3321 	EXP 	text: autoDraw = False
30.3321 	EXP 	text: autoDraw = False
30.3321 	EXP 	image_5: image = 'images/adl-F-ver8.jpg'
30.3321 	EXP 	slider: markerPos = None
30.3321 	EXP 	slider: markerPos = None
30.3321 	EXP 	slider: rating = None
30.3321 	EXP 	image_5: autoDraw = True
30.6313 	EXP 	slider: autoDraw = True
30.6313 	EXP 	NextBu: autoDraw = True
30.6313 	EXP 	text_4: autoDraw = True
30.6313 	EXP 	text_5: autoDraw = True
31.5650 	DATA 	Mouse: Left button down, pos=(903,193)
31.5811 	EXP 	slider: markerPos = 70.33333333333334
31.5981 	EXP 	slider: markerPos = 70.33333333333334
31.6145 	EXP 	slider: markerPos = 70.33333333333334
31.6311 	EXP 	slider: markerPos = 70.33333333333334
31.6478 	EXP 	slider: markerPos = 70.33333333333334
31.6646 	EXP 	slider: markerPos = 70.33333333333334
31.6808 	EXP 	slider: markerPos = 70.33333333333334
31.6813 	DATA 	Mouse:  Left button up, pos=(903,193)
31.6977 	EXP 	slider: markerPos = 70.33333333333334
31.6977 	EXP 	slider: rating = 70.33333333333334
32.5483 	DATA 	Mouse: Left button down, pos=(753,99)
32.5643 	EXP 	image_5: autoDraw = False
32.5643 	EXP 	slider: autoDraw = False
32.5643 	EXP 	NextBu: autoDraw = False
32.5643 	EXP 	text_4: autoDraw = False
32.5643 	EXP 	text_5: autoDraw = False
32.5643 	EXP 	text: text = 0.6268023446587904
32.5643 	EXP 	text: autoDraw = True
32.6832 	DATA 	Mouse:  Left button up, pos=(753,99)
33.1821 	EXP 	New trial (rep=0, index=5): {'Image': 'images/chld-F-ver2.jpg', 'Gender': 'F', 'AgeGroup': 'child'}
33.2052 	EXP 	text: autoDraw = False
33.2052 	EXP 	text: autoDraw = False
33.2052 	EXP 	image_5: image = 'images/chld-F-ver2.jpg'
33.2052 	EXP 	slider: markerPos = None
33.2052 	EXP 	slider: markerPos = None
33.2052 	EXP 	slider: rating = None
33.2052 	EXP 	image_5: autoDraw = True
33.4981 	EXP 	slider: autoDraw = True
33.4981 	EXP 	NextBu: autoDraw = True
33.4981 	EXP 	text_4: autoDraw = True
33.4981 	EXP 	text_5: autoDraw = True
34.2822 	DATA 	Mouse: Left button down, pos=(724,200)
34.2985 	EXP 	slider: markerPos = 50.44444444444445
34.3143 	EXP 	slider: markerPos = 50.44444444444445
34.3307 	EXP 	slider: markerPos = 50.44444444444445
34.3483 	EXP 	slider: markerPos = 50.44444444444445
34.3645 	EXP 	slider: markerPos = 50.44444444444445
34.3812 	EXP 	slider: markerPos = 50.44444444444445
34.3974 	EXP 	slider: markerPos = 50.44444444444445
34.3980 	DATA 	Mouse:  Left button up, pos=(724,200)
34.4146 	EXP 	slider: markerPos = 50.44444444444445
34.4146 	EXP 	slider: rating = 50.44444444444445
35.1980 	DATA 	Mouse: Left button down, pos=(718,102)
35.2004 	DATA 	Mouse:  Left button up, pos=(718,102)
35.2143 	EXP 	image_5: autoDraw = False
35.2143 	EXP 	slider: autoDraw = False
35.2143 	EXP 	NextBu: autoDraw = False
35.2143 	EXP 	text_4: autoDraw = False
35.2143 	EXP 	text_5: autoDraw = False
35.2143 	EXP 	text: text = 1.1048550648751583
35.2143 	EXP 	text: autoDraw = True
36.3155 	EXP 	New trial (rep=0, index=6): {'Image': 'images/yA-F-ver2.jpg', 'Gender': 'F', 'AgeGroup': 'youngadult'}
36.3340 	EXP 	text: autoDraw = False
36.3340 	EXP 	text: autoDraw = False
36.3340 	EXP 	image_5: image = 'images/yA-F-ver2.jpg'
36.3340 	EXP 	slider: markerPos = None
36.3340 	EXP 	slider: markerPos = None
36.3340 	EXP 	slider: rating = None
36.3340 	EXP 	image_5: autoDraw = True
36.6308 	EXP 	slider: autoDraw = True
36.6308 	EXP 	NextBu: autoDraw = True
36.6308 	EXP 	text_4: autoDraw = True
36.6308 	EXP 	text_5: autoDraw = True
37.1983 	DATA 	Mouse: Left button down, pos=(611,210)
37.2143 	EXP 	slider: markerPos = 37.888888888888886
37.2309 	EXP 	slider: markerPos = 37.888888888888886
37.2480 	EXP 	slider: markerPos = 37.888888888888886
37.2643 	EXP 	slider: markerPos = 37.888888888888886
37.2809 	EXP 	slider: markerPos = 37.888888888888886
37.2976 	EXP 	slider: markerPos = 37.888888888888886
37.3146 	EXP 	slider: markerPos = 37.888888888888886
37.3192 	DATA 	Mouse:  Left button up, pos=(611,210)
37.3313 	EXP 	slider: markerPos = 37.888888888888886
37.3477 	EXP 	slider: markerPos = 37.888888888888886
37.3477 	EXP 	slider: rating = 37.888888888888886
37.8815 	DATA 	Mouse: Left button down, pos=(698,110)
37.8974 	EXP 	image_5: autoDraw = False
37.8974 	EXP 	slider: autoDraw = False
37.8974 	EXP 	NextBu: autoDraw = False
37.8974 	EXP 	text_4: autoDraw = False
37.8974 	EXP 	text_5: autoDraw = False
37.8974 	EXP 	text: text = 0.680816195214454
37.8974 	EXP 	text: autoDraw = True
37.9822 	DATA 	Mouse:  Left button up, pos=(699,110)
38.5653 	EXP 	New trial (rep=0, index=7): {'Image': 'images/midA-F-ver2.jpg', 'Gender': 'F', 'AgeGroup': 'midadult'}
38.5949 	EXP 	text: autoDraw = False
38.5949 	EXP 	text: autoDraw = False
38.5949 	EXP 	image_5: image = 'images/midA-F-ver2.jpg'
38.5949 	EXP 	slider: markerPos = None
38.5949 	EXP 	slider: markerPos = None
38.5949 	EXP 	slider: rating = None
38.5949 	EXP 	image_5: autoDraw = True
38.8811 	EXP 	slider: autoDraw = True
38.8811 	EXP 	NextBu: autoDraw = True
38.8811 	EXP 	text_4: autoDraw = True
38.8811 	EXP 	text_5: autoDraw = True
39.4653 	DATA 	Mouse: Left button down, pos=(1105,204)
39.4813 	EXP 	slider: markerPos = 92.77777777777779
39.4978 	EXP 	slider: markerPos = 92.77777777777779
39.5148 	EXP 	slider: markerPos = 92.77777777777779
39.5309 	EXP 	slider: markerPos = 92.77777777777779
39.5484 	EXP 	slider: markerPos = 92.77777777777779
39.5645 	EXP 	slider: markerPos = 92.77777777777779
39.5690 	DATA 	Mouse:  Left button up, pos=(1105,203)
39.5805 	EXP 	slider: markerPos = 92.77777777777779
39.5979 	EXP 	slider: markerPos = 92.77777777777779
39.5979 	EXP 	slider: rating = 92.77777777777779
40.1650 	DATA 	Mouse: Left button down, pos=(756,109)
40.1813 	EXP 	image_5: autoDraw = False
40.1813 	EXP 	slider: autoDraw = False
40.1813 	EXP 	NextBu: autoDraw = False
40.1813 	EXP 	text_4: autoDraw = False
40.1813 	EXP 	text_5: autoDraw = False
40.1813 	EXP 	text: text = 1.254602754533483
40.1813 	EXP 	text: autoDraw = True
40.2657 	DATA 	Mouse:  Left button up, pos=(756,108)
41.4325 	EXP 	New trial (rep=0, index=8): {'Image': 'images/midA-F-ver3.jpg', 'Gender': 'F', 'AgeGroup': 'midadult'}
41.4653 	EXP 	text: autoDraw = False
41.4653 	EXP 	text: autoDraw = False
41.4653 	EXP 	image_5: image = 'images/midA-F-ver3.jpg'
41.4653 	EXP 	slider: markerPos = None
41.4653 	EXP 	slider: markerPos = None
41.4653 	EXP 	slider: rating = None
41.4653 	EXP 	image_5: autoDraw = True
41.7650 	EXP 	slider: autoDraw = True
41.7650 	EXP 	NextBu: autoDraw = True
41.7650 	EXP 	text_4: autoDraw = True
41.7650 	EXP 	text_5: autoDraw = True
42.4485 	DATA 	Mouse: Left button down, pos=(862,199)
42.4649 	EXP 	slider: markerPos = 65.77777777777779
42.4812 	EXP 	slider: markerPos = 65.77777777777779
42.4980 	EXP 	slider: markerPos = 65.77777777777779
42.5150 	EXP 	slider: markerPos = 65.77777777777779
42.5155 	DATA 	Mouse:  Left button up, pos=(862,199)
42.5314 	EXP 	slider: markerPos = 65.77777777777779
42.5314 	EXP 	slider: rating = 65.77777777777779
43.0978 	DATA 	Mouse: Left button down, pos=(782,111)
43.1147 	EXP 	image_5: autoDraw = False
43.1147 	EXP 	slider: autoDraw = False
43.1147 	EXP 	NextBu: autoDraw = False
43.1147 	EXP 	text_4: autoDraw = False
43.1147 	EXP 	text_5: autoDraw = False
43.1147 	EXP 	text: text = 0.7447179245403635
43.1147 	EXP 	text: autoDraw = True
43.1994 	DATA 	Mouse:  Left button up, pos=(783,111)
43.8494 	EXP 	New trial (rep=0, index=9): {'Image': 'images/midA-M-ver5.jpg', 'Gender': 'M', 'AgeGroup': 'midadult'}
43.8836 	EXP 	text: autoDraw = False
43.8836 	EXP 	text: autoDraw = False
43.8836 	EXP 	image_5: image = 'images/midA-M-ver5.jpg'
43.8836 	EXP 	slider: markerPos = None
43.8836 	EXP 	slider: markerPos = None
43.8836 	EXP 	slider: rating = None
43.8836 	EXP 	image_5: autoDraw = True
44.1812 	EXP 	slider: autoDraw = True
44.1812 	EXP 	NextBu: autoDraw = True
44.1812 	EXP 	text_4: autoDraw = True
44.1812 	EXP 	text_5: autoDraw = True
44.7325 	DATA 	Mouse: Left button down, pos=(704,197)
44.7481 	EXP 	slider: markerPos = 48.22222222222222
44.7647 	EXP 	slider: markerPos = 48.22222222222222
44.7811 	EXP 	slider: markerPos = 48.22222222222222
44.7979 	EXP 	slider: markerPos = 48.22222222222222
44.8145 	EXP 	slider: markerPos = 48.22222222222222
44.8314 	EXP 	slider: markerPos = 48.22222222222222
44.8319 	DATA 	Mouse:  Left button up, pos=(704,196)
44.8478 	EXP 	slider: markerPos = 48.22222222222222
44.8478 	EXP 	slider: rating = 48.22222222222222
45.2984 	DATA 	Mouse: Left button down, pos=(705,112)
45.3140 	EXP 	image_5: autoDraw = False
45.3140 	EXP 	slider: autoDraw = False
45.3140 	EXP 	NextBu: autoDraw = False
45.3140 	EXP 	text_4: autoDraw = False
45.3140 	EXP 	text_5: autoDraw = False
45.3140 	EXP 	text: text = 0.6874075317120598
45.3140 	EXP 	text: autoDraw = True
45.4160 	DATA 	Mouse:  Left button up, pos=(705,112)
45.9987 	EXP 	New trial (rep=0, index=10): {'Image': 'images/adl-F-ver5.jpg', 'Gender': 'F', 'AgeGroup': 'adolescent'}
46.0154 	EXP 	text: autoDraw = False
46.0154 	EXP 	text: autoDraw = False
46.0154 	EXP 	image_5: image = 'images/adl-F-ver5.jpg'
46.0154 	EXP 	slider: markerPos = None
46.0154 	EXP 	slider: markerPos = None
46.0154 	EXP 	slider: rating = None
46.0154 	EXP 	image_5: autoDraw = True
46.3150 	EXP 	slider: autoDraw = True
46.3150 	EXP 	NextBu: autoDraw = True
46.3150 	EXP 	text_4: autoDraw = True
46.3150 	EXP 	text_5: autoDraw = True
47.3984 	DATA 	Mouse: Left button down, pos=(606,194)
47.4140 	EXP 	slider: markerPos = 37.33333333333333
47.4305 	EXP 	slider: markerPos = 37.33333333333333
47.4480 	EXP 	slider: markerPos = 37.33333333333333
47.4646 	EXP 	slider: markerPos = 37.33333333333333
47.4811 	EXP 	slider: markerPos = 37.33333333333333
47.4976 	EXP 	slider: markerPos = 37.33333333333333
47.5151 	EXP 	slider: markerPos = 37.33333333333333
47.5313 	EXP 	slider: markerPos = 37.33333333333333
47.5480 	EXP 	slider: markerPos = 37.33333333333333
47.5485 	DATA 	Mouse:  Left button up, pos=(606,194)
47.5642 	EXP 	slider: markerPos = 37.33333333333333
47.5642 	EXP 	slider: rating = 37.33333333333333
48.1652 	DATA 	Mouse: Left button down, pos=(724,107)
48.1812 	EXP 	image_5: autoDraw = False
48.1812 	EXP 	slider: autoDraw = False
48.1812 	EXP 	NextBu: autoDraw = False
48.1812 	EXP 	text_4: autoDraw = False
48.1812 	EXP 	text_5: autoDraw = False
48.1812 	EXP 	text: text = 0.691263388409011
48.1812 	EXP 	text: autoDraw = True
48.2994 	DATA 	Mouse:  Left button up, pos=(724,107)
48.8651 	EXP 	New trial (rep=0, index=11): {'Image': 'images/adl-M-ver2.jpg', 'Gender': 'M', 'AgeGroup': 'adolescent'}
48.8814 	EXP 	text: autoDraw = False
48.8814 	EXP 	text: autoDraw = False
48.8814 	EXP 	image_5: image = 'images/adl-M-ver2.jpg'
48.8814 	EXP 	slider: markerPos = None
48.8814 	EXP 	slider: markerPos = None
48.8814 	EXP 	slider: rating = None
48.8814 	EXP 	image_5: autoDraw = True
49.1654 	EXP 	slider: autoDraw = True
49.1654 	EXP 	NextBu: autoDraw = True
49.1654 	EXP 	text_4: autoDraw = True
49.1654 	EXP 	text_5: autoDraw = True
49.8315 	DATA 	Mouse: Left button down, pos=(851,197)
49.8478 	EXP 	slider: markerPos = 64.55555555555556
49.8642 	EXP 	slider: markerPos = 64.55555555555556
49.8813 	EXP 	slider: markerPos = 64.55555555555556
49.8981 	EXP 	slider: markerPos = 64.55555555555556
49.9145 	EXP 	slider: markerPos = 64.55555555555556
49.9150 	DATA 	Mouse:  Left button up, pos=(851,197)
49.9310 	EXP 	slider: markerPos = 64.55555555555556
49.9310 	EXP 	slider: rating = 64.55555555555556
50.4650 	DATA 	Mouse: Left button down, pos=(720,88)
50.4817 	EXP 	image_5: autoDraw = False
50.4817 	EXP 	slider: autoDraw = False
50.4817 	EXP 	NextBu: autoDraw = False
50.4817 	EXP 	text_4: autoDraw = False
50.4817 	EXP 	text_5: autoDraw = False
50.4817 	EXP 	text: text = 1.0124760496146636
50.4817 	EXP 	text: autoDraw = True
50.5658 	DATA 	Mouse:  Left button up, pos=(720,87)
51.4824 	EXP 	New trial (rep=0, index=12): {'Image': 'images/chld-F-ver3.jpg', 'Gender': 'F', 'AgeGroup': 'child'}
51.5058 	EXP 	text: autoDraw = False
51.5058 	EXP 	text: autoDraw = False
51.5058 	EXP 	image_5: image = 'images/chld-F-ver3.jpg'
51.5058 	EXP 	slider: markerPos = None
51.5058 	EXP 	slider: markerPos = None
51.5058 	EXP 	slider: rating = None
51.5058 	EXP 	image_5: autoDraw = True
51.7979 	EXP 	slider: autoDraw = True
51.7979 	EXP 	NextBu: autoDraw = True
51.7979 	EXP 	text_4: autoDraw = True
51.7979 	EXP 	text_5: autoDraw = True
52.3658 	DATA 	Mouse: Left button down, pos=(1003,196)
52.3808 	EXP 	slider: markerPos = 81.44444444444446
52.3980 	EXP 	slider: markerPos = 81.44444444444446
52.4145 	EXP 	slider: markerPos = 81.44444444444446
52.4312 	EXP 	slider: markerPos = 81.44444444444446
52.4482 	EXP 	slider: markerPos = 81.44444444444446
52.4646 	EXP 	slider: markerPos = 81.44444444444446
52.4690 	DATA 	Mouse:  Left button up, pos=(1003,195)
52.4815 	EXP 	slider: markerPos = 81.44444444444446
52.4978 	EXP 	slider: markerPos = 81.44444444444446
52.4978 	EXP 	slider: rating = 81.44444444444446
53.0484 	DATA 	Mouse: Left button down, pos=(711,79)
53.0638 	EXP 	image_5: autoDraw = False
53.0638 	EXP 	slider: autoDraw = False
53.0638 	EXP 	NextBu: autoDraw = False
53.0638 	EXP 	text_4: autoDraw = False
53.0638 	EXP 	text_5: autoDraw = False
53.0638 	EXP 	text: text = 1.2461527802445707
53.0638 	EXP 	text: autoDraw = True
53.1493 	DATA 	Mouse:  Left button up, pos=(711,79)
54.2995 	EXP 	New trial (rep=0, index=13): {'Image': 'images/sA-M-ver7.jpg', 'Gender': 'M', 'AgeGroup': 'senioradult'}
54.3341 	EXP 	text: autoDraw = False
54.3341 	EXP 	text: autoDraw = False
54.3341 	EXP 	image_5: image = 'images/sA-M-ver7.jpg'
54.3341 	EXP 	slider: markerPos = None
54.3341 	EXP 	slider: markerPos = None
54.3341 	EXP 	slider: rating = None
54.3341 	EXP 	image_5: autoDraw = True
54.6316 	EXP 	slider: autoDraw = True
54.6316 	EXP 	NextBu: autoDraw = True
54.6316 	EXP 	text_4: autoDraw = True
54.6316 	EXP 	text_5: autoDraw = True
60.5677 	DATA 	Mouse: Left button down, pos=(491,187)
60.5980 	EXP 	slider: markerPos = 24.555555555555557
60.6148 	EXP 	slider: markerPos = 24.555555555555557
60.6312 	EXP 	slider: markerPos = 24.555555555555557
60.6479 	EXP 	slider: markerPos = 24.555555555555557
60.6647 	EXP 	slider: markerPos = 24.555555555555557
60.6811 	EXP 	slider: markerPos = 24.555555555555557
60.6977 	EXP 	slider: markerPos = 24.555555555555557
60.7146 	EXP 	slider: markerPos = 24.555555555555557
60.7313 	EXP 	slider: markerPos = 24.555555555555557
60.7479 	EXP 	slider: markerPos = 24.555555555555557
60.7647 	EXP 	slider: markerPos = 24.555555555555557
60.7813 	EXP 	slider: markerPos = 24.555555555555557
60.7856 	DATA 	Mouse:  Left button up, pos=(491,187)
60.7985 	EXP 	slider: markerPos = 24.555555555555557
60.8145 	EXP 	slider: markerPos = 24.555555555555557
60.8145 	EXP 	slider: rating = 24.555555555555557
62.2818 	DATA 	Mouse: Left button down, pos=(695,100)
62.2982 	EXP 	image_5: autoDraw = False
62.2982 	EXP 	slider: autoDraw = False
62.2982 	EXP 	NextBu: autoDraw = False
62.2982 	EXP 	text_4: autoDraw = False
62.2982 	EXP 	text_5: autoDraw = False
62.2982 	EXP 	text: text = 1.3583121868400074
62.2982 	EXP 	text: autoDraw = True
62.5496 	DATA 	Mouse:  Left button up, pos=(695,100)
63.6492 	EXP 	New trial (rep=0, index=14): {'Image': 'images/adl-M-ver3.jpg', 'Gender': 'M', 'AgeGroup': 'adolescent'}
63.6653 	EXP 	text: autoDraw = False
63.6653 	EXP 	text: autoDraw = False
63.6653 	EXP 	image_5: image = 'images/adl-M-ver3.jpg'
63.6653 	EXP 	slider: markerPos = None
63.6653 	EXP 	slider: markerPos = None
63.6653 	EXP 	slider: rating = None
63.6653 	EXP 	image_5: autoDraw = True
63.9656 	EXP 	slider: autoDraw = True
63.9656 	EXP 	NextBu: autoDraw = True
63.9656 	EXP 	text_4: autoDraw = True
63.9656 	EXP 	text_5: autoDraw = True
64.9157 	DATA 	Mouse: Left button down, pos=(787,194)
64.9205 	DATA 	Mouse:  Left button up, pos=(787,194)
64.9315 	EXP 	slider: markerPos = 57.44444444444444
64.9479 	EXP 	slider: markerPos = 57.44444444444444
64.9479 	EXP 	slider: rating = 57.44444444444444
69.5824 	DATA 	Mouse: Left button down, pos=(714,103)
69.5986 	DATA 	Mouse:  Left button up, pos=(714,103)
70.2987 	DATA 	Mouse: Left button down, pos=(724,84)
70.3146 	EXP 	image_5: autoDraw = False
70.3146 	EXP 	slider: autoDraw = False
70.3146 	EXP 	NextBu: autoDraw = False
70.3146 	EXP 	text_4: autoDraw = False
70.3146 	EXP 	text_5: autoDraw = False
70.3146 	EXP 	text: text = 0.5223316646825527
70.3146 	EXP 	text: autoDraw = True
70.4161 	DATA 	Mouse:  Left button up, pos=(724,84)
70.8322 	EXP 	New trial (rep=0, index=15): {'Image': 'images/chld-M-ver3.jpg', 'Gender': 'M', 'AgeGroup': 'child'}
70.8529 	EXP 	text: autoDraw = False
70.8529 	EXP 	text: autoDraw = False
70.8529 	EXP 	image_5: image = 'images/chld-M-ver3.jpg'
70.8529 	EXP 	slider: markerPos = None
70.8529 	EXP 	slider: markerPos = None
70.8529 	EXP 	slider: rating = None
70.8529 	EXP 	image_5: autoDraw = True
71.1486 	EXP 	slider: autoDraw = True
71.1486 	EXP 	NextBu: autoDraw = True
71.1486 	EXP 	text_4: autoDraw = True
71.1486 	EXP 	text_5: autoDraw = True
71.9489 	DATA 	Mouse: Left button down, pos=(811,194)
71.9649 	EXP 	slider: markerPos = 60.111111111111114
71.9816 	EXP 	slider: markerPos = 60.111111111111114
71.9982 	EXP 	slider: markerPos = 60.111111111111114
72.0147 	EXP 	slider: markerPos = 60.111111111111114
72.0313 	EXP 	slider: markerPos = 60.111111111111114
72.0481 	EXP 	slider: markerPos = 60.111111111111114
72.0646 	EXP 	slider: markerPos = 60.111111111111114
72.0817 	EXP 	slider: markerPos = 60.111111111111114
72.0977 	EXP 	slider: markerPos = 60.111111111111114
72.1148 	EXP 	slider: markerPos = 60.111111111111114
72.1153 	DATA 	Mouse:  Left button up, pos=(811,194)
72.1319 	EXP 	slider: markerPos = 60.111111111111114
72.1319 	EXP 	slider: rating = 60.111111111111114
72.7990 	DATA 	Mouse: Left button down, pos=(749,96)
72.8149 	EXP 	image_5: autoDraw = False
72.8149 	EXP 	slider: autoDraw = False
72.8149 	EXP 	NextBu: autoDraw = False
72.8149 	EXP 	text_4: autoDraw = False
72.8149 	EXP 	text_5: autoDraw = False
72.8149 	EXP 	text: text = 1.4006857660915788
72.8149 	EXP 	text: autoDraw = True
72.9328 	DATA 	Mouse:  Left button up, pos=(749,96)
74.1996 	EXP 	New trial (rep=0, index=16): {'Image': 'images/sA-F-ver1.jpg', 'Gender': 'F', 'AgeGroup': 'senioradult'}
74.2350 	EXP 	text: autoDraw = False
74.2350 	EXP 	text: autoDraw = False
74.2350 	EXP 	image_5: image = 'images/sA-F-ver1.jpg'
74.2350 	EXP 	slider: markerPos = None
74.2350 	EXP 	slider: markerPos = None
74.2350 	EXP 	slider: rating = None
74.2350 	EXP 	image_5: autoDraw = True
74.5321 	EXP 	slider: autoDraw = True
74.5321 	EXP 	NextBu: autoDraw = True
74.5321 	EXP 	text_4: autoDraw = True
74.5321 	EXP 	text_5: autoDraw = True
75.7823 	DATA 	Mouse: Left button down, pos=(712,194)
75.7980 	EXP 	slider: markerPos = 49.111111111111114
75.7985 	DATA 	Mouse:  Left button up, pos=(712,194)
75.8142 	EXP 	slider: markerPos = 49.111111111111114
75.8142 	EXP 	slider: rating = 49.111111111111114
84.9991 	DATA 	Mouse: Left button down, pos=(758,79)
85.0048 	DATA 	Mouse:  Left button up, pos=(758,79)
85.0149 	EXP 	image_5: autoDraw = False
85.0149 	EXP 	slider: autoDraw = False
85.0149 	EXP 	NextBu: autoDraw = False
85.0149 	EXP 	text_4: autoDraw = False
85.0149 	EXP 	text_5: autoDraw = False
85.0149 	EXP 	text: text = 0.5571507385014752
85.0149 	EXP 	text: autoDraw = True
85.5659 	EXP 	New trial (rep=0, index=17): {'Image': 'images/chld-M-ver2.jpg', 'Gender': 'M', 'AgeGroup': 'child'}
85.5876 	EXP 	text: autoDraw = False
85.5876 	EXP 	text: autoDraw = False
85.5876 	EXP 	image_5: image = 'images/chld-M-ver2.jpg'
85.5876 	EXP 	slider: markerPos = None
85.5876 	EXP 	slider: markerPos = None
85.5876 	EXP 	slider: rating = None
85.5876 	EXP 	image_5: autoDraw = True
85.8650 	EXP 	slider: autoDraw = True
85.8650 	EXP 	NextBu: autoDraw = True
85.8650 	EXP 	text_4: autoDraw = True
85.8650 	EXP 	text_5: autoDraw = True
86.8661 	DATA 	Mouse: Left button down, pos=(772,172)
86.8690 	DATA 	Mouse:  Left button up, pos=(772,172)
87.6660 	DATA 	Mouse: Left button down, pos=(768,188)
87.6819 	EXP 	slider: markerPos = 55.333333333333336
87.6983 	EXP 	slider: markerPos = 55.333333333333336
87.7149 	EXP 	slider: markerPos = 55.333333333333336
87.7315 	EXP 	slider: markerPos = 55.333333333333336
87.7483 	EXP 	slider: markerPos = 55.333333333333336
87.7649 	EXP 	slider: markerPos = 55.333333333333336
87.7816 	EXP 	slider: markerPos = 55.333333333333336
87.7983 	EXP 	slider: markerPos = 55.333333333333336
87.8027 	DATA 	Mouse:  Left button up, pos=(768,188)
87.8151 	EXP 	slider: markerPos = 55.333333333333336
87.8314 	EXP 	slider: markerPos = 55.333333333333336
87.8314 	EXP 	slider: rating = 55.333333333333336
88.5156 	DATA 	Mouse: Left button down, pos=(756,60)
88.5316 	EXP 	image_5: autoDraw = False
88.5316 	EXP 	slider: autoDraw = False
88.5316 	EXP 	NextBu: autoDraw = False
88.5316 	EXP 	text_4: autoDraw = False
88.5316 	EXP 	text_5: autoDraw = False
88.5316 	EXP 	text: text = 1.3614818772804826
88.5316 	EXP 	text: autoDraw = True
88.6497 	DATA 	Mouse:  Left button up, pos=(756,60)
89.8829 	EXP 	New trial (rep=0, index=18): {'Image': 'images/midA-M-ver6.jpg', 'Gender': 'M', 'AgeGroup': 'midadult'}
89.9128 	EXP 	text: autoDraw = False
89.9128 	EXP 	text: autoDraw = False
89.9128 	EXP 	image_5: image = 'images/midA-M-ver6.jpg'
89.9128 	EXP 	slider: markerPos = None
89.9128 	EXP 	slider: markerPos = None
89.9128 	EXP 	slider: rating = None
89.9128 	EXP 	image_5: autoDraw = True
90.1987 	EXP 	slider: autoDraw = True
90.1987 	EXP 	NextBu: autoDraw = True
90.1987 	EXP 	text_4: autoDraw = True
90.1987 	EXP 	text_5: autoDraw = True
91.0157 	DATA 	Mouse: Left button down, pos=(1027,195)
91.0317 	EXP 	slider: markerPos = 84.11111111111111
91.0483 	EXP 	slider: markerPos = 84.11111111111111
91.0650 	EXP 	slider: markerPos = 84.11111111111111
91.0814 	EXP 	slider: markerPos = 84.11111111111111
91.0858 	DATA 	Mouse:  Left button up, pos=(1027,195)
91.0985 	EXP 	slider: markerPos = 84.11111111111111
91.1150 	EXP 	slider: markerPos = 84.11111111111111
91.1150 	EXP 	slider: rating = 84.11111111111111
92.3666 	DATA 	Mouse: Left button down, pos=(739,75)
92.3669 	DATA 	Mouse:  Left button up, pos=(739,75)
93.0998 	DATA 	Mouse: Left button down, pos=(739,75)
93.1152 	EXP 	image_5: autoDraw = False
93.1152 	EXP 	slider: autoDraw = False
93.1152 	EXP 	NextBu: autoDraw = False
93.1152 	EXP 	text_4: autoDraw = False
93.1152 	EXP 	text_5: autoDraw = False
93.1152 	EXP 	text: text = 1.3424408584270338
93.1152 	EXP 	text: autoDraw = True
93.2330 	DATA 	Mouse:  Left button up, pos=(739,75)
94.4498 	EXP 	New trial (rep=0, index=19): {'Image': 'images/yA-M-ver5.jpg', 'Gender': 'M', 'AgeGroup': 'youngadult'}
94.4704 	EXP 	text: autoDraw = False
94.4704 	EXP 	text: autoDraw = False
94.4704 	EXP 	image_5: image = 'images/yA-M-ver5.jpg'
94.4704 	EXP 	slider: markerPos = None
94.4704 	EXP 	slider: markerPos = None
94.4704 	EXP 	slider: rating = None
94.4704 	EXP 	image_5: autoDraw = True
94.7656 	EXP 	slider: autoDraw = True
94.7656 	EXP 	NextBu: autoDraw = True
94.7656 	EXP 	text_4: autoDraw = True
94.7656 	EXP 	text_5: autoDraw = True
95.6014 	DATA 	Mouse: Left button down, pos=(711,212)
95.7816 	DATA 	Mouse:  Left button up, pos=(711,212)
96.7989 	DATA 	Mouse: Left button down, pos=(719,203)
96.8148 	EXP 	slider: markerPos = 49.888888888888886
96.8315 	EXP 	slider: markerPos = 49.888888888888886
96.8484 	EXP 	slider: markerPos = 49.888888888888886
96.8653 	EXP 	slider: markerPos = 49.888888888888886
96.8830 	EXP 	slider: markerPos = 49.888888888888886
96.8835 	DATA 	Mouse:  Left button up, pos=(719,203)
96.8979 	EXP 	slider: markerPos = 49.888888888888886
96.8979 	EXP 	slider: rating = 49.888888888888886
97.6992 	DATA 	Mouse: Left button down, pos=(723,116)
97.7050 	DATA 	Mouse:  Left button up, pos=(723,116)
97.7157 	EXP 	image_5: autoDraw = False
97.7157 	EXP 	slider: autoDraw = False
97.7157 	EXP 	NextBu: autoDraw = False
97.7157 	EXP 	text_4: autoDraw = False
97.7157 	EXP 	text_5: autoDraw = False
97.7157 	EXP 	text: text = 1.1755011527478738
97.7157 	EXP 	text: autoDraw = True
98.8831 	EXP 	New trial (rep=0, index=1): {'RatingBlock': 'TrialCondition_A.xslx'}
98.8901 	DEBUG 	Read excel file with openpyxl: TrialCondition_A.xlsx
98.8920 	EXP 	Imported TrialCondition_A.xlsx as conditions, 20 conditions, 3 params
98.8925 	EXP 	Created sequence: random, trialTypes=20, nReps=1, seed=None
98.8928 	EXP 	New trial (rep=0, index=0): {'Image': 'images/sA-F-ver7.jpg', 'Gender': 'F', 'AgeGroup': 'senioradult'}
98.9214 	EXP 	text: autoDraw = False
98.9214 	EXP 	text: autoDraw = False
98.9214 	EXP 	image_5: image = 'images/sA-F-ver7.jpg'
98.9214 	EXP 	slider: markerPos = None
98.9214 	EXP 	slider: markerPos = None
98.9214 	EXP 	slider: rating = None
98.9214 	EXP 	image_5: autoDraw = True
99.2148 	EXP 	slider: autoDraw = True
99.2148 	EXP 	NextBu: autoDraw = True
99.2148 	EXP 	text_4: autoDraw = True
99.2148 	EXP 	text_5: autoDraw = True
99.6823 	DATA 	Mouse: Left button down, pos=(633,200)
99.6985 	EXP 	slider: markerPos = 40.33333333333333
99.7150 	EXP 	slider: markerPos = 40.33333333333333
99.7317 	EXP 	slider: markerPos = 40.33333333333333
99.7492 	EXP 	slider: markerPos = 40.33333333333333
99.7652 	EXP 	slider: markerPos = 40.33333333333333
99.7820 	EXP 	slider: markerPos = 40.33333333333333
99.7987 	EXP 	slider: markerPos = 40.33333333333333
99.8153 	EXP 	slider: markerPos = 40.33333333333333
99.8323 	EXP 	slider: markerPos = 40.33333333333333
99.8328 	DATA 	Mouse:  Left button up, pos=(633,200)
99.8484 	EXP 	slider: markerPos = 40.33333333333333
99.8484 	EXP 	slider: rating = 40.33333333333333
100.4155 	DATA 	Mouse: Left button down, pos=(679,117)
100.4318 	EXP 	image_5: autoDraw = False
100.4318 	EXP 	slider: autoDraw = False
100.4318 	EXP 	NextBu: autoDraw = False
100.4318 	EXP 	text_4: autoDraw = False
100.4318 	EXP 	text_5: autoDraw = False
100.4318 	EXP 	text: text = 1.2709090684705144
100.4318 	EXP 	text: autoDraw = True
100.5331 	DATA 	Mouse:  Left button up, pos=(679,117)
101.6994 	EXP 	New trial (rep=0, index=1): {'Image': 'images/chld-F-ver2.jpg', 'Gender': 'F', 'AgeGroup': 'child'}
101.7251 	EXP 	text: autoDraw = False
101.7251 	EXP 	text: autoDraw = False
101.7251 	EXP 	image_5: image = 'images/chld-F-ver2.jpg'
101.7251 	EXP 	slider: markerPos = None
101.7251 	EXP 	slider: markerPos = None
101.7251 	EXP 	slider: rating = None
101.7251 	EXP 	image_5: autoDraw = True
102.0164 	EXP 	slider: autoDraw = True
102.0164 	EXP 	NextBu: autoDraw = True
102.0164 	EXP 	text_4: autoDraw = True
102.0164 	EXP 	text_5: autoDraw = True
102.4330 	DATA 	Mouse: Left button down, pos=(769,202)
102.4491 	EXP 	slider: markerPos = 55.44444444444444
102.4650 	EXP 	slider: markerPos = 55.44444444444444
102.4816 	EXP 	slider: markerPos = 55.44444444444444
102.4980 	EXP 	slider: markerPos = 55.44444444444444
102.5155 	EXP 	slider: markerPos = 55.44444444444444
102.5317 	EXP 	slider: markerPos = 55.44444444444444
102.5491 	EXP 	slider: markerPos = 55.44444444444444
102.5648 	EXP 	slider: markerPos = 55.44444444444444
102.5653 	DATA 	Mouse:  Left button up, pos=(769,202)
102.5817 	EXP 	slider: markerPos = 55.44444444444444
102.5817 	EXP 	slider: rating = 55.44444444444444
103.0991 	DATA 	Mouse: Left button down, pos=(717,110)
103.1146 	EXP 	image_5: autoDraw = False
103.1146 	EXP 	slider: autoDraw = False
103.1146 	EXP 	NextBu: autoDraw = False
103.1146 	EXP 	text_4: autoDraw = False
103.1146 	EXP 	text_5: autoDraw = False
103.1146 	EXP 	text: text = 1.1725544800610335
103.1146 	EXP 	text: autoDraw = True
103.2332 	DATA 	Mouse:  Left button up, pos=(717,110)
104.2828 	EXP 	New trial (rep=0, index=2): {'Image': 'images/chld-M-ver2.jpg', 'Gender': 'M', 'AgeGroup': 'child'}
104.3033 	EXP 	text: autoDraw = False
104.3033 	EXP 	text: autoDraw = False
104.3033 	EXP 	image_5: image = 'images/chld-M-ver2.jpg'
104.3033 	EXP 	slider: markerPos = None
104.3033 	EXP 	slider: markerPos = None
104.3033 	EXP 	slider: rating = None
104.3033 	EXP 	image_5: autoDraw = True
104.5990 	EXP 	slider: autoDraw = True
104.5990 	EXP 	NextBu: autoDraw = True
104.5990 	EXP 	text_4: autoDraw = True
104.5990 	EXP 	text_5: autoDraw = True
105.1491 	DATA 	Mouse: Left button down, pos=(1051,230)
105.2679 	DATA 	Mouse:  Left button up, pos=(1051,230)
105.6656 	DATA 	Mouse: Left button down, pos=(1041,207)
105.6819 	EXP 	slider: markerPos = 85.66666666666667
105.6983 	EXP 	slider: markerPos = 85.66666666666667
105.7151 	EXP 	slider: markerPos = 85.66666666666667
105.7319 	EXP 	slider: markerPos = 85.66666666666667
105.7482 	EXP 	slider: markerPos = 85.66666666666667
105.7651 	EXP 	slider: markerPos = 85.66666666666667
105.7823 	EXP 	slider: markerPos = 85.66666666666667
105.7828 	DATA 	Mouse:  Left button up, pos=(1041,207)
105.7989 	EXP 	slider: markerPos = 85.66666666666667
105.7989 	EXP 	slider: rating = 85.66666666666667
107.0346 	DATA 	Mouse: Left button down, pos=(776,92)
107.0491 	DATA 	Mouse:  Left button up, pos=(776,92)
108.2489 	DATA 	Mouse: Left button down, pos=(737,79)
108.2514 	DATA 	Mouse:  Left button up, pos=(737,79)
108.2653 	EXP 	image_5: autoDraw = False
108.2653 	EXP 	slider: autoDraw = False
108.2653 	EXP 	NextBu: autoDraw = False
108.2653 	EXP 	text_4: autoDraw = False
108.2653 	EXP 	text_5: autoDraw = False
108.2653 	EXP 	text: text = 0.5987065547657987
108.2653 	EXP 	text: autoDraw = True
108.8544 	EXP 	New trial (rep=0, index=3): {'Image': 'images/adl-F-ver8.jpg', 'Gender': 'F', 'AgeGroup': 'adolescent'}
108.8685 	EXP 	text: autoDraw = False
108.8685 	EXP 	text: autoDraw = False
108.8685 	EXP 	image_5: image = 'images/adl-F-ver8.jpg'
108.8685 	EXP 	slider: markerPos = None
108.8685 	EXP 	slider: markerPos = None
108.8685 	EXP 	slider: rating = None
108.8685 	EXP 	image_5: autoDraw = True
109.1661 	EXP 	slider: autoDraw = True
109.1661 	EXP 	NextBu: autoDraw = True
109.1661 	EXP 	text_4: autoDraw = True
109.1661 	EXP 	text_5: autoDraw = True
109.9326 	DATA 	Mouse: Left button down, pos=(529,200)
109.9486 	EXP 	slider: markerPos = 28.77777777777778
109.9651 	EXP 	slider: markerPos = 28.77777777777778
109.9816 	EXP 	slider: markerPos = 28.77777777777778
109.9985 	EXP 	slider: markerPos = 28.77777777777778
110.0159 	EXP 	slider: markerPos = 28.77777777777778
110.0319 	EXP 	slider: markerPos = 28.77777777777778
110.0490 	EXP 	slider: markerPos = 28.77777777777778
110.0495 	DATA 	Mouse:  Left button up, pos=(529,200)
110.0653 	EXP 	slider: markerPos = 28.77777777777778
110.0653 	EXP 	slider: rating = 28.77777777777778
110.9495 	DATA 	Mouse: Left button down, pos=(695,87)
110.9498 	DATA 	Mouse:  Left button up, pos=(695,87)
111.4832 	DATA 	Mouse: Left button down, pos=(695,87)
111.4985 	EXP 	image_5: autoDraw = False
111.4985 	EXP 	slider: autoDraw = False
111.4985 	EXP 	NextBu: autoDraw = False
111.4985 	EXP 	text_4: autoDraw = False
111.4985 	EXP 	text_5: autoDraw = False
111.4985 	EXP 	text: text = 0.9401194078262296
111.4985 	EXP 	text: autoDraw = True
111.6337 	DATA 	Mouse:  Left button up, pos=(695,87)
112.4335 	EXP 	New trial (rep=0, index=4): {'Image': 'images/midA-M-ver6.jpg', 'Gender': 'M', 'AgeGroup': 'midadult'}
112.4643 	EXP 	text: autoDraw = False
112.4643 	EXP 	text: autoDraw = False
112.4643 	EXP 	image_5: image = 'images/midA-M-ver6.jpg'
112.4643 	EXP 	slider: markerPos = None
112.4643 	EXP 	slider: markerPos = None
112.4643 	EXP 	slider: rating = None
112.4643 	EXP 	image_5: autoDraw = True
112.7655 	EXP 	slider: autoDraw = True
112.7655 	EXP 	NextBu: autoDraw = True
112.7655 	EXP 	text_4: autoDraw = True
112.7655 	EXP 	text_5: autoDraw = True
113.6325 	DATA 	Mouse: Left button down, pos=(688,197)
113.6488 	EXP 	slider: markerPos = 46.44444444444444
113.6650 	EXP 	slider: markerPos = 46.44444444444444
113.6818 	EXP 	slider: markerPos = 46.44444444444444
113.6987 	EXP 	slider: markerPos = 46.44444444444444
113.7150 	EXP 	slider: markerPos = 46.44444444444444
113.7317 	EXP 	slider: markerPos = 46.44444444444444
113.7484 	EXP 	slider: markerPos = 46.44444444444444
113.7489 	DATA 	Mouse:  Left button up, pos=(688,197)
113.7650 	EXP 	slider: markerPos = 46.44444444444444
113.7650 	EXP 	slider: rating = 46.44444444444444
114.4992 	DATA 	Mouse: Left button down, pos=(718,97)
114.5050 	DATA 	Mouse:  Left button up, pos=(718,97)
114.5155 	EXP 	image_5: autoDraw = False
114.5155 	EXP 	slider: autoDraw = False
114.5155 	EXP 	NextBu: autoDraw = False
114.5155 	EXP 	text_4: autoDraw = False
114.5155 	EXP 	text_5: autoDraw = False
114.5155 	EXP 	text: text = 0.7893174075621009
114.5155 	EXP 	text: autoDraw = True
115.2993 	EXP 	New trial (rep=0, index=5): {'Image': 'images/yA-F-ver5.jpg', 'Gender': 'F', 'AgeGroup': 'youngadult'}
115.3174 	EXP 	text: autoDraw = False
115.3174 	EXP 	text: autoDraw = False
115.3174 	EXP 	image_5: image = 'images/yA-F-ver5.jpg'
115.3174 	EXP 	slider: markerPos = None
115.3174 	EXP 	slider: markerPos = None
115.3174 	EXP 	slider: rating = None
115.3174 	EXP 	image_5: autoDraw = True
115.6185 	EXP 	slider: autoDraw = True
115.6185 	EXP 	NextBu: autoDraw = True
115.6185 	EXP 	text_4: autoDraw = True
115.6185 	EXP 	text_5: autoDraw = True
115.8848 	DATA 	Mouse: Left button down, pos=(819,172)
116.0492 	DATA 	Mouse:  Left button up, pos=(820,172)
116.4658 	DATA 	Mouse: Left button down, pos=(821,187)
116.4820 	EXP 	slider: markerPos = 61.22222222222222
116.4985 	EXP 	slider: markerPos = 61.22222222222222
116.5152 	EXP 	slider: markerPos = 61.22222222222222
116.5314 	EXP 	slider: markerPos = 61.22222222222222
116.5487 	EXP 	slider: markerPos = 61.22222222222222
116.5653 	EXP 	slider: markerPos = 61.22222222222222
116.5819 	EXP 	slider: markerPos = 61.22222222222222
116.5985 	EXP 	slider: markerPos = 61.22222222222222
116.5990 	DATA 	Mouse:  Left button up, pos=(821,187)
116.6152 	EXP 	slider: markerPos = 61.22222222222222
116.6152 	EXP 	slider: rating = 61.22222222222222
117.1660 	DATA 	Mouse: Left button down, pos=(782,106)
117.1822 	EXP 	image_5: autoDraw = False
117.1822 	EXP 	slider: autoDraw = False
117.1822 	EXP 	NextBu: autoDraw = False
117.1822 	EXP 	text_4: autoDraw = False
117.1822 	EXP 	text_5: autoDraw = False
117.1822 	EXP 	text: text = 0.5781833372807331
117.1822 	EXP 	text: autoDraw = True
117.2669 	DATA 	Mouse:  Left button up, pos=(782,106)
117.7500 	EXP 	New trial (rep=0, index=6): {'Image': 'images/chld-M-ver3.jpg', 'Gender': 'M', 'AgeGroup': 'child'}
117.7699 	EXP 	text: autoDraw = False
117.7699 	EXP 	text: autoDraw = False
117.7699 	EXP 	image_5: image = 'images/chld-M-ver3.jpg'
117.7699 	EXP 	slider: markerPos = None
117.7699 	EXP 	slider: markerPos = None
117.7699 	EXP 	slider: rating = None
117.7699 	EXP 	image_5: autoDraw = True
118.0648 	EXP 	slider: autoDraw = True
118.0648 	EXP 	NextBu: autoDraw = True
118.0648 	EXP 	text_4: autoDraw = True
118.0648 	EXP 	text_5: autoDraw = True
118.4665 	DATA 	Mouse: Left button down, pos=(757,201)
118.4820 	EXP 	slider: markerPos = 54.11111111111111
118.4985 	EXP 	slider: markerPos = 54.11111111111111
118.5152 	EXP 	slider: markerPos = 54.11111111111111
118.5324 	EXP 	slider: markerPos = 54.11111111111111
118.5493 	EXP 	slider: markerPos = 54.11111111111111
118.5645 	EXP 	slider: markerPos = 54.11111111111111
118.5817 	EXP 	slider: markerPos = 54.11111111111111
118.5823 	DATA 	Mouse:  Left button up, pos=(757,201)
118.5980 	EXP 	slider: markerPos = 54.11111111111111
118.5980 	EXP 	slider: rating = 54.11111111111111
119.0328 	DATA 	Mouse: Left button down, pos=(748,103)
119.0651 	EXP 	image_5: autoDraw = False
119.0651 	EXP 	slider: autoDraw = False
119.0651 	EXP 	NextBu: autoDraw = False
119.0651 	EXP 	text_4: autoDraw = False
119.0651 	EXP 	text_5: autoDraw = False
119.0651 	EXP 	text: text = 1.4986215234286249
119.0651 	EXP 	text: autoDraw = True
119.1171 	DATA 	Mouse:  Left button up, pos=(748,103)
120.5500 	EXP 	New trial (rep=0, index=7): {'Image': 'images/yA-F-ver2.jpg', 'Gender': 'F', 'AgeGroup': 'youngadult'}
120.5693 	EXP 	text: autoDraw = False
120.5693 	EXP 	text: autoDraw = False
120.5693 	EXP 	image_5: image = 'images/yA-F-ver2.jpg'
120.5693 	EXP 	slider: markerPos = None
120.5693 	EXP 	slider: markerPos = None
120.5693 	EXP 	slider: rating = None
120.5693 	EXP 	image_5: autoDraw = True
120.8661 	EXP 	slider: autoDraw = True
120.8661 	EXP 	NextBu: autoDraw = True
120.8661 	EXP 	text_4: autoDraw = True
120.8661 	EXP 	text_5: autoDraw = True
121.5323 	DATA 	Mouse: Left button down, pos=(711,198)
121.5488 	EXP 	slider: markerPos = 49.0
121.5653 	EXP 	slider: markerPos = 49.0
121.5819 	EXP 	slider: markerPos = 49.0
121.5986 	EXP 	slider: markerPos = 49.0
121.6154 	EXP 	slider: markerPos = 49.0
121.6320 	EXP 	slider: markerPos = 49.0
121.6491 	EXP 	slider: markerPos = 49.0
121.6651 	EXP 	slider: markerPos = 49.0
121.6656 	DATA 	Mouse:  Left button up, pos=(711,198)
121.6818 	EXP 	slider: markerPos = 49.0
121.6818 	EXP 	slider: rating = 49.0
122.0998 	DATA 	Mouse: Left button down, pos=(715,115)
122.1321 	EXP 	image_5: autoDraw = False
122.1321 	EXP 	slider: autoDraw = False
122.1321 	EXP 	NextBu: autoDraw = False
122.1321 	EXP 	text_4: autoDraw = False
122.1321 	EXP 	text_5: autoDraw = False
122.1321 	EXP 	text: text = 1.2037435754869135
122.1321 	EXP 	text: autoDraw = True
122.2333 	DATA 	Mouse:  Left button up, pos=(716,114)
123.3339 	EXP 	New trial (rep=0, index=8): {'Image': 'images/sA-M-ver4.jpg', 'Gender': 'M', 'AgeGroup': 'senioradult'}
123.3691 	EXP 	text: autoDraw = False
123.3691 	EXP 	text: autoDraw = False
123.3691 	EXP 	image_5: image = 'images/sA-M-ver4.jpg'
123.3691 	EXP 	slider: markerPos = None
123.3691 	EXP 	slider: markerPos = None
123.3691 	EXP 	slider: rating = None
123.3691 	EXP 	image_5: autoDraw = True
123.6652 	EXP 	slider: autoDraw = True
123.6652 	EXP 	NextBu: autoDraw = True
123.6652 	EXP 	text_4: autoDraw = True
123.6652 	EXP 	text_5: autoDraw = True
123.9831 	DATA 	Mouse: Left button down, pos=(633,224)
124.1656 	DATA 	Mouse:  Left button up, pos=(633,224)
124.5998 	DATA 	Mouse: Left button down, pos=(635,209)
124.6157 	EXP 	slider: markerPos = 40.55555555555556
124.6319 	EXP 	slider: markerPos = 40.55555555555556
124.6488 	EXP 	slider: markerPos = 40.55555555555556
124.6652 	EXP 	slider: markerPos = 40.55555555555556
124.6821 	EXP 	slider: markerPos = 40.55555555555556
124.6985 	EXP 	slider: markerPos = 40.55555555555556
124.6990 	DATA 	Mouse:  Left button up, pos=(635,209)
124.7156 	EXP 	slider: markerPos = 40.55555555555556
124.7156 	EXP 	slider: rating = 40.55555555555556
125.5826 	DATA 	Mouse: Left button down, pos=(702,102)
125.5989 	EXP 	image_5: autoDraw = False
125.5989 	EXP 	slider: autoDraw = False
125.5989 	EXP 	NextBu: autoDraw = False
125.5989 	EXP 	text_4: autoDraw = False
125.5989 	EXP 	text_5: autoDraw = False
125.5989 	EXP 	text: text = 1.0869023213082347
125.5989 	EXP 	text: autoDraw = True
125.8668 	DATA 	Mouse:  Left button up, pos=(702,102)
126.6828 	EXP 	New trial (rep=0, index=9): {'Image': 'images/midA-F-ver3.jpg', 'Gender': 'F', 'AgeGroup': 'midadult'}
126.7186 	EXP 	text: autoDraw = False
126.7186 	EXP 	text: autoDraw = False
126.7186 	EXP 	image_5: image = 'images/midA-F-ver3.jpg'
126.7186 	EXP 	slider: markerPos = None
126.7186 	EXP 	slider: markerPos = None
126.7186 	EXP 	slider: rating = None
126.7186 	EXP 	image_5: autoDraw = True
127.0158 	EXP 	slider: autoDraw = True
127.0158 	EXP 	NextBu: autoDraw = True
127.0158 	EXP 	text_4: autoDraw = True
127.0158 	EXP 	text_5: autoDraw = True
128.0168 	DATA 	Mouse: Left button down, pos=(494,199)
128.0327 	EXP 	slider: markerPos = 24.88888888888889
128.0490 	EXP 	slider: markerPos = 24.88888888888889
128.0656 	EXP 	slider: markerPos = 24.88888888888889
128.0823 	EXP 	slider: markerPos = 24.88888888888889
128.0988 	EXP 	slider: markerPos = 24.88888888888889
128.1154 	EXP 	slider: markerPos = 24.88888888888889
128.1327 	EXP 	slider: markerPos = 24.88888888888889
128.1332 	DATA 	Mouse:  Left button up, pos=(494,199)
128.1489 	EXP 	slider: markerPos = 24.88888888888889
128.1489 	EXP 	slider: rating = 24.88888888888889
128.6516 	DATA 	Mouse: Left button down, pos=(699,76)
128.6821 	EXP 	image_5: autoDraw = False
128.6821 	EXP 	slider: autoDraw = False
128.6821 	EXP 	NextBu: autoDraw = False
128.6821 	EXP 	text_4: autoDraw = False
128.6821 	EXP 	text_5: autoDraw = False
128.6821 	EXP 	text: text = 0.6381849872832621
128.6821 	EXP 	text: autoDraw = True
128.7833 	DATA 	Mouse:  Left button up, pos=(699,76)
129.3164 	EXP 	New trial (rep=0, index=10): {'Image': 'images/adl-M-ver2.jpg', 'Gender': 'M', 'AgeGroup': 'adolescent'}
129.3318 	EXP 	text: autoDraw = False
129.3318 	EXP 	text: autoDraw = False
129.3318 	EXP 	image_5: image = 'images/adl-M-ver2.jpg'
129.3318 	EXP 	slider: markerPos = None
129.3318 	EXP 	slider: markerPos = None
129.3318 	EXP 	slider: rating = None
129.3318 	EXP 	image_5: autoDraw = True
129.6326 	EXP 	slider: autoDraw = True
129.6326 	EXP 	NextBu: autoDraw = True
129.6326 	EXP 	text_4: autoDraw = True
129.6326 	EXP 	text_5: autoDraw = True
130.6005 	DATA 	Mouse: Left button down, pos=(772,205)
130.6153 	EXP 	slider: markerPos = 55.77777777777778
130.6322 	EXP 	slider: markerPos = 55.77777777777778
130.6487 	EXP 	slider: markerPos = 55.77777777777778
130.6656 	EXP 	slider: markerPos = 55.77777777777778
130.6823 	EXP 	slider: markerPos = 55.77777777777778
130.6982 	EXP 	slider: markerPos = 55.77777777777778
130.7153 	EXP 	slider: markerPos = 55.77777777777778
130.7320 	EXP 	slider: markerPos = 55.77777777777778
130.7485 	EXP 	slider: markerPos = 55.77777777777778
130.7657 	EXP 	slider: markerPos = 55.77777777777778
130.7663 	DATA 	Mouse:  Left button up, pos=(772,205)
130.7820 	EXP 	slider: markerPos = 55.77777777777778
130.7820 	EXP 	slider: rating = 55.77777777777778
131.3994 	DATA 	Mouse: Left button down, pos=(756,107)
131.4151 	EXP 	image_5: autoDraw = False
131.4151 	EXP 	slider: autoDraw = False
131.4151 	EXP 	NextBu: autoDraw = False
131.4151 	EXP 	text_4: autoDraw = False
131.4151 	EXP 	text_5: autoDraw = False
131.4151 	EXP 	text: text = 1.2721044280171325
131.4151 	EXP 	text: autoDraw = True
131.5506 	DATA 	Mouse:  Left button up, pos=(756,107)
132.6821 	EXP 	New trial (rep=0, index=11): {'Image': 'images/yA-M-ver5.jpg', 'Gender': 'M', 'AgeGroup': 'youngadult'}
132.6997 	EXP 	text: autoDraw = False
132.6997 	EXP 	text: autoDraw = False
132.6997 	EXP 	image_5: image = 'images/yA-M-ver5.jpg'
132.6997 	EXP 	slider: markerPos = None
132.6997 	EXP 	slider: markerPos = None
132.6997 	EXP 	slider: rating = None
132.6997 	EXP 	image_5: autoDraw = True
132.9991 	EXP 	slider: autoDraw = True
132.9991 	EXP 	NextBu: autoDraw = True
132.9991 	EXP 	text_4: autoDraw = True
132.9991 	EXP 	text_5: autoDraw = True
133.5326 	DATA 	Mouse: Left button down, pos=(797,199)
133.5494 	EXP 	slider: markerPos = 58.55555555555556
133.5655 	EXP 	slider: markerPos = 58.55555555555556
133.5827 	EXP 	slider: markerPos = 58.55555555555556
133.5987 	EXP 	slider: markerPos = 58.55555555555556
133.6157 	EXP 	slider: markerPos = 58.55555555555556
133.6323 	EXP 	slider: markerPos = 58.55555555555556
133.6328 	DATA 	Mouse:  Left button up, pos=(797,199)
133.6486 	EXP 	slider: markerPos = 58.55555555555556
133.6486 	EXP 	slider: rating = 58.55555555555556
134.1161 	DATA 	Mouse: Left button down, pos=(720,107)
134.1321 	EXP 	image_5: autoDraw = False
134.1321 	EXP 	slider: autoDraw = False
134.1321 	EXP 	NextBu: autoDraw = False
134.1321 	EXP 	text_4: autoDraw = False
134.1321 	EXP 	text_5: autoDraw = False
134.1321 	EXP 	text: text = 1.267333226997956
134.1321 	EXP 	text: autoDraw = True
134.2336 	DATA 	Mouse:  Left button up, pos=(720,107)
135.3832 	EXP 	New trial (rep=0, index=12): {'Image': 'images/midA-M-ver5.jpg', 'Gender': 'M', 'AgeGroup': 'midadult'}
135.4171 	EXP 	text: autoDraw = False
135.4171 	EXP 	text: autoDraw = False
135.4171 	EXP 	image_5: image = 'images/midA-M-ver5.jpg'
135.4171 	EXP 	slider: markerPos = None
135.4171 	EXP 	slider: markerPos = None
135.4171 	EXP 	slider: rating = None
135.4171 	EXP 	image_5: autoDraw = True
135.7160 	EXP 	slider: autoDraw = True
135.7160 	EXP 	NextBu: autoDraw = True
135.7160 	EXP 	text_4: autoDraw = True
135.7160 	EXP 	text_5: autoDraw = True
135.8498 	DATA 	Mouse: Left button down, pos=(802,234)
136.0321 	DATA 	Mouse:  Left button up, pos=(802,233)
136.3994 	DATA 	Mouse: Left button down, pos=(803,200)
136.4155 	EXP 	slider: markerPos = 59.22222222222222
136.4320 	EXP 	slider: markerPos = 59.22222222222222
136.4492 	EXP 	slider: markerPos = 59.22222222222222
136.4657 	EXP 	slider: markerPos = 59.22222222222222
136.4822 	EXP 	slider: markerPos = 59.22222222222222
136.4828 	DATA 	Mouse:  Left button up, pos=(803,200)
136.4988 	EXP 	slider: markerPos = 59.22222222222222
136.4988 	EXP 	slider: rating = 59.22222222222222
136.9340 	DATA 	Mouse: Left button down, pos=(751,118)
136.9490 	EXP 	image_5: autoDraw = False
136.9490 	EXP 	slider: autoDraw = False
136.9490 	EXP 	NextBu: autoDraw = False
136.9490 	EXP 	text_4: autoDraw = False
136.9490 	EXP 	text_5: autoDraw = False
136.9490 	EXP 	text: text = 1.3213127634820705
136.9490 	EXP 	text: autoDraw = True
137.0503 	DATA 	Mouse:  Left button up, pos=(751,117)
138.2663 	EXP 	New trial (rep=0, index=13): {'Image': 'images/adl-F-ver5.jpg', 'Gender': 'F', 'AgeGroup': 'adolescent'}
138.2828 	EXP 	text: autoDraw = False
138.2828 	EXP 	text: autoDraw = False
138.2828 	EXP 	image_5: image = 'images/adl-F-ver5.jpg'
138.2828 	EXP 	slider: markerPos = None
138.2828 	EXP 	slider: markerPos = None
138.2828 	EXP 	slider: rating = None
138.2828 	EXP 	image_5: autoDraw = True
138.5824 	EXP 	slider: autoDraw = True
138.5824 	EXP 	NextBu: autoDraw = True
138.5824 	EXP 	text_4: autoDraw = True
138.5824 	EXP 	text_5: autoDraw = True
138.8661 	DATA 	Mouse: Left button down, pos=(723,192)
138.8816 	EXP 	slider: markerPos = 50.33333333333333
138.8989 	EXP 	slider: markerPos = 50.33333333333333
138.9154 	EXP 	slider: markerPos = 50.33333333333333
138.9321 	EXP 	slider: markerPos = 50.33333333333333
138.9488 	EXP 	slider: markerPos = 50.33333333333333
138.9652 	EXP 	slider: markerPos = 50.33333333333333
138.9819 	EXP 	slider: markerPos = 50.33333333333333
138.9979 	EXP 	slider: markerPos = 50.33333333333333
139.0153 	EXP 	slider: markerPos = 50.33333333333333
139.0318 	EXP 	slider: markerPos = 50.33333333333333
139.0486 	EXP 	slider: markerPos = 50.33333333333333
139.0651 	EXP 	slider: markerPos = 50.33333333333333
139.0825 	EXP 	slider: markerPos = 50.33333333333333
139.0993 	EXP 	slider: markerPos = 50.33333333333333
139.0998 	DATA 	Mouse:  Left button up, pos=(723,192)
139.1157 	EXP 	slider: markerPos = 50.33333333333333
139.1157 	EXP 	slider: rating = 50.33333333333333
139.5002 	DATA 	Mouse: Left button down, pos=(728,117)
139.5158 	EXP 	image_5: autoDraw = False
139.5158 	EXP 	slider: autoDraw = False
139.5158 	EXP 	NextBu: autoDraw = False
139.5158 	EXP 	text_4: autoDraw = False
139.5158 	EXP 	text_5: autoDraw = False
139.5158 	EXP 	text: text = 0.6812055546919082
139.5158 	EXP 	text: autoDraw = True
139.6333 	DATA 	Mouse:  Left button up, pos=(728,117)
140.1835 	EXP 	New trial (rep=0, index=14): {'Image': 'images/sA-M-ver7.jpg', 'Gender': 'M', 'AgeGroup': 'senioradult'}
140.2191 	EXP 	text: autoDraw = False
140.2191 	EXP 	text: autoDraw = False
140.2191 	EXP 	image_5: image = 'images/sA-M-ver7.jpg'
140.2191 	EXP 	slider: markerPos = None
140.2191 	EXP 	slider: markerPos = None
140.2191 	EXP 	slider: rating = None
140.2191 	EXP 	image_5: autoDraw = True
140.5158 	EXP 	slider: autoDraw = True
140.5158 	EXP 	NextBu: autoDraw = True
140.5158 	EXP 	text_4: autoDraw = True
140.5158 	EXP 	text_5: autoDraw = True
140.8327 	DATA 	Mouse: Left button down, pos=(730,192)
140.8484 	EXP 	slider: markerPos = 51.11111111111111
140.8657 	EXP 	slider: markerPos = 51.11111111111111
140.8820 	EXP 	slider: markerPos = 51.11111111111111
140.8987 	EXP 	slider: markerPos = 51.11111111111111
140.9151 	EXP 	slider: markerPos = 51.11111111111111
140.9323 	EXP 	slider: markerPos = 51.11111111111111
140.9495 	EXP 	slider: markerPos = 51.11111111111111
140.9657 	EXP 	slider: markerPos = 51.11111111111111
140.9824 	EXP 	slider: markerPos = 51.11111111111111
140.9997 	EXP 	slider: markerPos = 51.11111111111111
141.0160 	EXP 	slider: markerPos = 51.11111111111111
141.0165 	DATA 	Mouse:  Left button up, pos=(730,191)
141.0322 	EXP 	slider: markerPos = 51.11111111111111
141.0322 	EXP 	slider: rating = 51.11111111111111
141.5828 	DATA 	Mouse: Left button down, pos=(748,62)
141.5990 	EXP 	image_5: autoDraw = False
141.5990 	EXP 	slider: autoDraw = False
141.5990 	EXP 	NextBu: autoDraw = False
141.5990 	EXP 	text_4: autoDraw = False
141.5990 	EXP 	text_5: autoDraw = False
141.5990 	EXP 	text: text = 1.2809277569371018
141.5990 	EXP 	text: autoDraw = True
141.7001 	DATA 	Mouse:  Left button up, pos=(748,62)
142.8665 	EXP 	New trial (rep=0, index=15): {'Image': 'images/chld-F-ver3.jpg', 'Gender': 'F', 'AgeGroup': 'child'}
142.8903 	EXP 	text: autoDraw = False
142.8903 	EXP 	text: autoDraw = False
142.8903 	EXP 	image_5: image = 'images/chld-F-ver3.jpg'
142.8903 	EXP 	slider: markerPos = None
142.8903 	EXP 	slider: markerPos = None
142.8903 	EXP 	slider: rating = None
142.8903 	EXP 	image_5: autoDraw = True
143.1828 	EXP 	slider: autoDraw = True
143.1828 	EXP 	NextBu: autoDraw = True
143.1828 	EXP 	text_4: autoDraw = True
143.1828 	EXP 	text_5: autoDraw = True
143.7825 	DATA 	Mouse: Left button down, pos=(935,192)
143.7990 	EXP 	slider: markerPos = 73.88888888888889
143.8154 	EXP 	slider: markerPos = 73.88888888888889
143.8324 	EXP 	slider: markerPos = 73.88888888888889
143.8490 	EXP 	slider: markerPos = 73.88888888888889
143.8661 	EXP 	slider: markerPos = 73.88888888888889
143.8822 	EXP 	slider: markerPos = 73.88888888888889
143.8995 	EXP 	slider: markerPos = 73.88888888888889
143.9156 	EXP 	slider: markerPos = 73.88888888888889
143.9323 	EXP 	slider: markerPos = 73.88888888888889
143.9369 	DATA 	Mouse:  Left button up, pos=(935,192)
143.9489 	EXP 	slider: markerPos = 73.88888888888889
143.9653 	EXP 	slider: markerPos = 73.88888888888889
143.9653 	EXP 	slider: rating = 73.88888888888889
144.4192 	DATA 	Mouse: Left button down, pos=(779,109)
144.4480 	EXP 	image_5: autoDraw = False
144.4480 	EXP 	slider: autoDraw = False
144.4480 	EXP 	NextBu: autoDraw = False
144.4480 	EXP 	text_4: autoDraw = False
144.4480 	EXP 	text_5: autoDraw = False
144.4480 	EXP 	text: text = 1.0175809331285257
144.4480 	EXP 	text: autoDraw = True
144.5501 	DATA 	Mouse:  Left button up, pos=(779,109)
145.4499 	EXP 	New trial (rep=0, index=16): {'Image': 'images/midA-F-ver2.jpg', 'Gender': 'F', 'AgeGroup': 'midadult'}
145.4814 	EXP 	text: autoDraw = False
145.4814 	EXP 	text: autoDraw = False
145.4814 	EXP 	image_5: image = 'images/midA-F-ver2.jpg'
145.4814 	EXP 	slider: markerPos = None
145.4814 	EXP 	slider: markerPos = None
145.4814 	EXP 	slider: rating = None
145.4814 	EXP 	image_5: autoDraw = True
145.7830 	EXP 	slider: autoDraw = True
145.7830 	EXP 	NextBu: autoDraw = True
145.7830 	EXP 	text_4: autoDraw = True
145.7830 	EXP 	text_5: autoDraw = True
146.5330 	DATA 	Mouse: Left button down, pos=(967,188)
146.5491 	EXP 	slider: markerPos = 77.44444444444444
146.5655 	EXP 	slider: markerPos = 77.44444444444444
146.5818 	EXP 	slider: markerPos = 77.44444444444444
146.5981 	EXP 	slider: markerPos = 77.44444444444444
146.6155 	EXP 	slider: markerPos = 77.44444444444444
146.6326 	EXP 	slider: markerPos = 77.44444444444444
146.6372 	DATA 	Mouse:  Left button up, pos=(967,188)
146.6489 	EXP 	slider: markerPos = 77.44444444444444
146.6655 	EXP 	slider: markerPos = 77.44444444444444
146.6655 	EXP 	slider: rating = 77.44444444444444
147.1498 	DATA 	Mouse: Left button down, pos=(744,107)
147.1657 	EXP 	image_5: autoDraw = False
147.1657 	EXP 	slider: autoDraw = False
147.1657 	EXP 	NextBu: autoDraw = False
147.1657 	EXP 	text_4: autoDraw = False
147.1657 	EXP 	text_5: autoDraw = False
147.1657 	EXP 	text: text = 1.207956738892403
147.1657 	EXP 	text: autoDraw = True
147.2500 	DATA 	Mouse:  Left button up, pos=(744,107)
148.3669 	EXP 	New trial (rep=0, index=17): {'Image': 'images/adl-M-ver3.jpg', 'Gender': 'M', 'AgeGroup': 'adolescent'}
148.3827 	EXP 	text: autoDraw = False
148.3827 	EXP 	text: autoDraw = False
148.3827 	EXP 	image_5: image = 'images/adl-M-ver3.jpg'
148.3827 	EXP 	slider: markerPos = None
148.3827 	EXP 	slider: markerPos = None
148.3827 	EXP 	slider: rating = None
148.3827 	EXP 	image_5: autoDraw = True
148.6827 	EXP 	slider: autoDraw = True
148.6827 	EXP 	NextBu: autoDraw = True
148.6827 	EXP 	text_4: autoDraw = True
148.6827 	EXP 	text_5: autoDraw = True
149.0488 	DATA 	Mouse: Left button down, pos=(872,210)
149.0657 	EXP 	slider: markerPos = 66.88888888888889
149.0823 	EXP 	slider: markerPos = 66.88888888888889
149.0989 	EXP 	slider: markerPos = 66.88888888888889
149.1154 	EXP 	slider: markerPos = 66.88888888888889
149.1321 	EXP 	slider: markerPos = 66.88888888888889
149.1491 	EXP 	slider: markerPos = 66.88888888888889
149.1656 	EXP 	slider: markerPos = 66.88888888888889
149.1824 	EXP 	slider: markerPos = 66.88888888888889
149.1988 	EXP 	slider: markerPos = 66.88888888888889
149.2164 	EXP 	slider: markerPos = 66.88888888888889
149.2169 	DATA 	Mouse:  Left button up, pos=(872,210)
149.2322 	EXP 	slider: markerPos = 66.88888888888889
149.2322 	EXP 	slider: rating = 66.88888888888889
149.6830 	DATA 	Mouse: Left button down, pos=(761,100)
149.6990 	EXP 	image_5: autoDraw = False
149.6990 	EXP 	slider: autoDraw = False
149.6990 	EXP 	NextBu: autoDraw = False
149.6990 	EXP 	text_4: autoDraw = False
149.6990 	EXP 	text_5: autoDraw = False
149.6990 	EXP 	text: text = 1.2770337179064999
149.6990 	EXP 	text: autoDraw = True
149.8004 	DATA 	Mouse:  Left button up, pos=(761,100)
150.9670 	EXP 	New trial (rep=0, index=18): {'Image': 'images/sA-F-ver1.jpg', 'Gender': 'F', 'AgeGroup': 'senioradult'}
151.0028 	EXP 	text: autoDraw = False
151.0028 	EXP 	text: autoDraw = False
151.0028 	EXP 	image_5: image = 'images/sA-F-ver1.jpg'
151.0028 	EXP 	slider: markerPos = None
151.0028 	EXP 	slider: markerPos = None
151.0028 	EXP 	slider: rating = None
151.0028 	EXP 	image_5: autoDraw = True
151.2995 	EXP 	slider: autoDraw = True
151.2995 	EXP 	NextBu: autoDraw = True
151.2995 	EXP 	text_4: autoDraw = True
151.2995 	EXP 	text_5: autoDraw = True
152.1161 	DATA 	Mouse: Left button down, pos=(1049,203)
152.1322 	EXP 	slider: markerPos = 86.55555555555556
152.1484 	EXP 	slider: markerPos = 86.55555555555556
152.1657 	EXP 	slider: markerPos = 86.55555555555556
152.1822 	EXP 	slider: markerPos = 86.55555555555556
152.1989 	EXP 	slider: markerPos = 86.55555555555556
152.2154 	EXP 	slider: markerPos = 86.55555555555556
152.2324 	EXP 	slider: markerPos = 86.55555555555556
152.2485 	EXP 	slider: markerPos = 86.55555555555556
152.2491 	DATA 	Mouse:  Left button up, pos=(1049,203)
152.2657 	EXP 	slider: markerPos = 86.55555555555556
152.2657 	EXP 	slider: rating = 86.55555555555556
153.2995 	DATA 	Mouse: Left button down, pos=(760,69)
153.3020 	DATA 	Mouse:  Left button up, pos=(760,69)
153.3160 	EXP 	image_5: autoDraw = False
153.3160 	EXP 	slider: autoDraw = False
153.3160 	EXP 	NextBu: autoDraw = False
153.3160 	EXP 	text_4: autoDraw = False
153.3160 	EXP 	text_5: autoDraw = False
153.3160 	EXP 	text: text = 1.256127887669687
153.3160 	EXP 	text: autoDraw = True
154.5665 	EXP 	New trial (rep=0, index=19): {'Image': 'images/yA-M-ver7.jpg', 'Gender': 'M', 'AgeGroup': 'youngadult'}
154.5888 	EXP 	text: autoDraw = False
154.5888 	EXP 	text: autoDraw = False
154.5888 	EXP 	image_5: image = 'images/yA-M-ver7.jpg'
154.5888 	EXP 	slider: markerPos = None
154.5888 	EXP 	slider: markerPos = None
154.5888 	EXP 	slider: rating = None
154.5888 	EXP 	image_5: autoDraw = True
154.8827 	EXP 	slider: autoDraw = True
154.8827 	EXP 	NextBu: autoDraw = True
154.8827 	EXP 	text_4: autoDraw = True
154.8827 	EXP 	text_5: autoDraw = True
156.0169 	DATA 	Mouse: Left button down, pos=(515,193)
156.0324 	EXP 	slider: markerPos = 27.222222222222225
156.0492 	EXP 	slider: markerPos = 27.222222222222225
156.0658 	EXP 	slider: markerPos = 27.222222222222225
156.0825 	EXP 	slider: markerPos = 27.222222222222225
156.0989 	EXP 	slider: markerPos = 27.222222222222225
156.1163 	EXP 	slider: markerPos = 27.222222222222225
156.1331 	EXP 	slider: markerPos = 27.222222222222225
156.1336 	DATA 	Mouse:  Left button up, pos=(515,193)
156.1498 	EXP 	slider: markerPos = 27.222222222222225
156.1498 	EXP 	slider: rating = 27.222222222222225
156.9330 	DATA 	Mouse: Left button down, pos=(770,94)
156.9498 	EXP 	image_5: autoDraw = False
156.9498 	EXP 	slider: autoDraw = False
156.9498 	EXP 	NextBu: autoDraw = False
156.9498 	EXP 	text_4: autoDraw = False
156.9498 	EXP 	text_5: autoDraw = False
156.9498 	EXP 	text: text = 0.9492760873689008
156.9498 	EXP 	text: autoDraw = True
157.0502 	DATA 	Mouse:  Left button up, pos=(770,93)
157.8993 	EXP 	text: autoDraw = False
157.8993 	EXP 	text: autoDraw = False
157.8993 	EXP 	EndText: autoDraw = True
159.4512 	DATA 	Mouse: Left button down, pos=(748,210)
159.4518 	DATA 	Mouse:  Left button up, pos=(748,210)
160.3865 	DATA 	Keypress: space
160.8997 	EXP 	EndText: autoDraw = False
160.9076 	INFO 	saved data to '/Users/kelsielau/Ratings/data/_FatFaceOnline_2021_Oct_12_1938.csv'
160.9109 	INFO 	saved data to /Users/kelsielau/Ratings/data/_FatFaceOnline_2021_Oct_12_1938.psydat
160.9407 	EXP 	window1: mouseVisible = True
160.9411 	DEBUG 	Saving data for FatFaceOnline ExperimentHandler
