1.3395 	WARNING 	We strongly recommend you activate the PTB sound engine in PsychoPy prefs as the preferred audio engine. Its timing is vastly superior. Your prefs are currently set to use ['sounddevice', 'PTB', 'pyo', 'pygame'] (in that order).
7.1122 	INFO 	Loaded monitor calibration from ['2021_08_16 12:45']
7.1278 	WARNING 	User requested fullscreen with size [1920 1080], but screen is actually [1440, 900]. Using actual size
8.2459 	EXP 	Created window1 = Window(allowGUI=False, allowStencil=False, autoLog=True, backendConf=UNKNOWN, bitsMode=UNKNOWN, blendMode='avg', bpc=(8, 8, 8), color=array([1, 1, 1]), colorSpace='rgb', depthBits=8, fullscr=<method-wrapper '__getattribute__' of attributeSetter object at 0x7f95b5d23e10>, gamma=None, gammaErrorPolicy='raise', lms=UNKNOWN, monitor=<psychopy.monitors.calibTools.Monitor object at 0x7f95d2a96cc0>, multiSample=False, name='window1', numSamples=2, pos=[360.0, 225.0], screen=0, size=array([2880, 1800]), stencilBits=0, stereo=False, units='height', useFBO=True, useRetina=True, viewOri=0.0, viewPos=None, viewScale=None, waitBlanking=True, winType='pyglet')
8.2463 	EXP 	window1: mouseVisible = True
8.2464 	EXP 	window1: recordFrameIntervals = False
8.4116 	EXP 	window1: recordFrameIntervals = True
8.5951 	DEBUG 	Screen (0) actual frame rate measured at 60.02
8.5952 	EXP 	window1: recordFrameIntervals = False
10.1704 	INFO 	keyboard.Keyboard is using ptb backend.
10.2593 	EXP 	Created RInstr = TextStim(__class__=<class 'psychopy.visual.text.TextStim'>, alignHoriz=method-wrapper(...), alignText='center', alignVert=method-wrapper(...), anchorHoriz='center', anchorVert='center', antialias=True, autoLog=True, bold=False, color=array([-1., -1., -1.]), colorSpace='rgb', contrast=1.0, depth=0.0, flipHoriz=False, flipVert=False, font='Arial', fontFiles=[], height=0.05, italic=False, languageStyle='LTR', name='RInstr', opacity=1, ori=0, pos=array([0., 0.]), rgb=UNKNOWN, text=str(...), units='height', win=Window(...), wrapWidth=1)
10.6233 	INFO 	keyboard.Keyboard is using ptb backend.
10.6269 	EXP 	Created image_5 = ImageStim(__class__=<class 'psychopy.visual.image.ImageStim'>, autoLog=True, color=array([1., 1., 1.]), colorSpace='rgb', contrast=1.0, depth=-1.0, flipHoriz=False, flipVert=False, image='sin', interpolate=False, mask=None, maskParams=None, name='image_5', opacity=1, ori=0.0, pos=array([0., 0.]), size=array([0.4, 0.4]), texRes=512, units='height', win=Window(...))
10.6533 	INFO 	Mouse: using default window
10.6535 	EXP 	window1: mouseVisible = True
10.6651 	EXP 	Created slider = Slider(__class__=<class 'psychopy.visual.slider.Slider'>, autoDraw=False, autoLog=True, borderColor=None, color=None, colorSpace='rgb', depth=-2, fillColor=None, flip=False, font='HelveticaBold', granularity=0, labelHeight=0.05, labelWrapWidth=None, labels=None, name='slider', opacity=None, pos=(0, -0.28), readOnly=False, self=UNKNOWN, size=(1.0, 0.025), startValue=None, style=method-wrapper(...), styleTweaks=method-wrapper(...), ticks=ndarray(...), units='height', win=Window(...))
10.7164 	EXP 	Created NextBu = ImageStim(__class__=<class 'psychopy.visual.image.ImageStim'>, autoLog=True, color=array([1., 1., 1.]), colorSpace='rgb', contrast=1.0, depth=-3.0, flipHoriz=False, flipVert=False, image='Picture1.png', interpolate=False, mask=None, maskParams=None, name='NextBu', opacity=1, ori=0.0, pos=array([0., 0.]), size=array([0.2, 0.1]), texRes=512, units='height', win=Window(...))
10.7166 	EXP 	window1: mouseVisible = True
10.7305 	EXP 	Created text_4 = TextStim(__class__=<class 'psychopy.visual.text.TextStim'>, alignHoriz=method-wrapper(...), alignText='center', alignVert=method-wrapper(...), anchorHoriz='center', anchorVert='center', antialias=True, autoLog=True, bold=False, color=array([-1., -1., -1.]), colorSpace='rgb', contrast=1.0, depth=-5.0, flipHoriz=False, flipVert=False, font='Arial', fontFiles=[], height=0.03, italic=False, languageStyle='LTR', name='text_4', opacity=1, ori=0, pos=array([-0.5 , -0.32]), rgb=UNKNOWN, text='Not Attractive at all', units='height', win=Window(...), wrapWidth=1)
10.7365 	EXP 	Created text_5 = TextStim(__class__=<class 'psychopy.visual.text.TextStim'>, alignHoriz=method-wrapper(...), alignText='center', alignVert=method-wrapper(...), anchorHoriz='center', anchorVert='center', antialias=True, autoLog=True, bold=False, color=array([-1., -1., -1.]), colorSpace='rgb', contrast=1.0, depth=-6.0, flipHoriz=False, flipVert=False, font='Arial', fontFiles=[], height=0.03, italic=False, languageStyle='LTR', name='text_5', opacity=1, ori=0, pos=array([ 0.5 , -0.32]), rgb=UNKNOWN, text='Very Attractive', units='height', win=Window(...), wrapWidth=1)
10.7384 	EXP 	Created text = TextStim(__class__=<class 'psychopy.visual.text.TextStim'>, alignHoriz=method-wrapper(...), alignText='center', alignVert=method-wrapper(...), anchorHoriz='center', anchorVert='center', antialias=True, autoLog=True, bold=False, color=array([1., 1., 1.]), colorSpace='rgb', contrast=1.0, depth=-1.0, flipHoriz=False, flipVert=False, font='Arial', fontFiles=[], height=0.1, italic=False, languageStyle='LTR', name='text', opacity=1, ori=0, pos=array([0., 0.]), rgb=UNKNOWN, text='', units='height', win=Window(...), wrapWidth=1)
10.7598 	EXP 	Created EndText = TextStim(__class__=<class 'psychopy.visual.text.TextStim'>, alignHoriz=method-wrapper(...), alignText='center', alignVert=method-wrapper(...), anchorHoriz='center', anchorVert='center', antialias=True, autoLog=True, bold=False, color=array([-1., -1., -1.]), colorSpace='rgb', contrast=1.0, depth=0.0, flipHoriz=False, flipVert=False, font='Arial', fontFiles=[], height=0.05, italic=False, languageStyle='LTR', name='EndText', opacity=1, ori=0, pos=array([0., 0.]), rgb=UNKNOWN, text=str(...), units='height', win=Window(...), wrapWidth=1)
10.7823 	EXP 	slider: autoLog = True
10.7823 	EXP 	slider: markerPos = None
10.7823 	EXP 	slider: rating = None
10.7823 	EXP 	slider: markerPos = None
10.7823 	EXP 	slider: contrast = 1.0
10.7823 	EXP 	slider: autoLog = True
10.7823 	EXP 	slider: styleTweaks = []
10.7823 	EXP 	slider: style = ['rating']
10.7823 	EXP 	slider: styleTweaks = ['triangleMarker']
10.7823 	EXP 	RInstr: autoDraw = True
12.2435 	DEBUG 	Read excel file with openpyxl: Rating_BlockOrder.xlsx
12.2440 	EXP 	Imported Rating_BlockOrder.xlsx as conditions, 8 conditions, 1 params
12.2449 	EXP 	Created sequence: random, trialTypes=8, nReps=1, seed=None
12.2453 	EXP 	New trial (rep=0, index=0): {'RatingBlock': 'TrialCondition_C.xlsx'}
12.2551 	DEBUG 	Read excel file with openpyxl: TrialCondition_C.xlsx
12.2558 	EXP 	Imported TrialCondition_C.xlsx as conditions, 4 conditions, 3 params
12.2564 	EXP 	Created sequence: random, trialTypes=4, nReps=1, seed=None
12.2567 	EXP 	New trial (rep=0, index=0): {'Image': 'Images/yA-M-ver5.jpg', 'Gender': 'M', 'AgeGroup': 'youngadult'}
12.2994 	DATA 	Keypress: space
12.3107 	EXP 	RInstr: autoDraw = False
12.3107 	EXP 	image_5: image = 'Images/yA-M-ver5.jpg'
12.3107 	EXP 	slider: markerPos = None
12.3107 	EXP 	slider: markerPos = None
12.3107 	EXP 	slider: rating = None
12.3107 	EXP 	image_5: autoDraw = True
12.5984 	EXP 	slider: autoDraw = True
12.5984 	EXP 	NextBu: autoDraw = True
12.5984 	EXP 	text_4: autoDraw = True
12.5984 	EXP 	text_5: autoDraw = True
13.2634 	DATA 	Mouse: Left button down, pos=(726,211)
13.3658 	DATA 	Mouse:  Left button up, pos=(726,211)
13.7418 	DATA 	Mouse: Left button down, pos=(726,193)
13.7684 	EXP 	slider: markerPos = 50.55555555555556
13.7911 	EXP 	slider: markerPos = 50.55555555555556
13.8133 	EXP 	slider: markerPos = 50.55555555555556
13.8260 	DATA 	Mouse:  Left button up, pos=(725,193)
13.8370 	EXP 	slider: markerPos = 50.55555555555556
13.8617 	EXP 	slider: markerPos = 50.55555555555556
13.8617 	EXP 	slider: rating = 50.55555555555556
14.1921 	DATA 	Mouse: Left button down, pos=(724,138)
14.2876 	DATA 	Mouse:  Left button up, pos=(724,138)
14.6298 	DATA 	Mouse: Left button down, pos=(724,127)
14.6687 	EXP 	image_5: autoDraw = False
14.6687 	EXP 	slider: autoDraw = False
14.6687 	EXP 	NextBu: autoDraw = False
14.6687 	EXP 	text_4: autoDraw = False
14.6687 	EXP 	text_5: autoDraw = False
14.6687 	EXP 	text: text = 0.5607849721813828
14.6687 	EXP 	text: autoDraw = True
14.7130 	DATA 	Mouse:  Left button up, pos=(724,127)
15.2154 	EXP 	New trial (rep=0, index=1): {'Image': 'Images/yA-F-ver2.jpg', 'Gender': 'F', 'AgeGroup': 'youngadult'}
15.2506 	EXP 	text: autoDraw = False
15.2506 	EXP 	text: autoDraw = False
15.2506 	EXP 	image_5: image = 'Images/yA-F-ver2.jpg'
15.2506 	EXP 	slider: markerPos = None
15.2506 	EXP 	slider: markerPos = None
15.2506 	EXP 	slider: rating = None
15.2506 	EXP 	image_5: autoDraw = True
15.5523 	EXP 	slider: autoDraw = True
15.5523 	EXP 	NextBu: autoDraw = True
15.5523 	EXP 	text_4: autoDraw = True
15.5523 	EXP 	text_5: autoDraw = True
16.1804 	DATA 	Mouse: Left button down, pos=(721,199)
16.2015 	EXP 	slider: markerPos = 50.11111111111111
16.2242 	EXP 	slider: markerPos = 50.11111111111111
16.2474 	EXP 	slider: markerPos = 50.11111111111111
16.2634 	DATA 	Mouse:  Left button up, pos=(721,199)
16.2743 	EXP 	slider: markerPos = 50.11111111111111
16.2992 	EXP 	slider: markerPos = 50.11111111111111
16.2992 	EXP 	slider: rating = 50.11111111111111
16.7126 	DATA 	Mouse: Left button down, pos=(725,104)
16.7495 	EXP 	image_5: autoDraw = False
16.7495 	EXP 	slider: autoDraw = False
16.7495 	EXP 	NextBu: autoDraw = False
16.7495 	EXP 	text_4: autoDraw = False
16.7495 	EXP 	text_5: autoDraw = False
16.7495 	EXP 	text: text = 1.2968064584633265
16.7495 	EXP 	text: autoDraw = True
16.8075 	DATA 	Mouse:  Left button up, pos=(725,104)
18.0304 	EXP 	New trial (rep=0, index=2): {'Image': 'Images/yA-M-ver7.jpg', 'Gender': 'M', 'AgeGroup': 'youngadult'}
18.0640 	EXP 	text: autoDraw = False
18.0640 	EXP 	text: autoDraw = False
18.0640 	EXP 	image_5: image = 'Images/yA-M-ver7.jpg'
18.0640 	EXP 	slider: markerPos = None
18.0640 	EXP 	slider: markerPos = None
18.0640 	EXP 	slider: rating = None
18.0640 	EXP 	image_5: autoDraw = True
18.3516 	EXP 	slider: autoDraw = True
18.3516 	EXP 	NextBu: autoDraw = True
18.3516 	EXP 	text_4: autoDraw = True
18.3516 	EXP 	text_5: autoDraw = True
18.6172 	DATA 	Mouse: Left button down, pos=(720,199)
18.6409 	EXP 	slider: markerPos = 50.0
18.6640 	EXP 	slider: markerPos = 50.0
18.6877 	EXP 	slider: markerPos = 50.0
18.7100 	EXP 	slider: markerPos = 50.0
18.7143 	DATA 	Mouse:  Left button up, pos=(720,199)
18.7390 	EXP 	slider: markerPos = 50.0
18.7390 	EXP 	slider: rating = 50.0
19.0652 	DATA 	Mouse: Left button down, pos=(720,88)
19.0877 	EXP 	image_5: autoDraw = False
19.0877 	EXP 	slider: autoDraw = False
19.0877 	EXP 	NextBu: autoDraw = False
19.0877 	EXP 	text_4: autoDraw = False
19.0877 	EXP 	text_5: autoDraw = False
19.0877 	EXP 	text: text = 0.8458215621143356
19.0877 	EXP 	text: autoDraw = True
19.1725 	DATA 	Mouse:  Left button up, pos=(720,88)
19.9303 	EXP 	New trial (rep=0, index=3): {'Image': 'Images/yA-F-ver5.jpg', 'Gender': 'F', 'AgeGroup': 'youngadult'}
19.9656 	EXP 	text: autoDraw = False
19.9656 	EXP 	text: autoDraw = False
19.9656 	EXP 	image_5: image = 'Images/yA-F-ver5.jpg'
19.9656 	EXP 	slider: markerPos = None
19.9656 	EXP 	slider: markerPos = None
19.9656 	EXP 	slider: rating = None
19.9656 	EXP 	image_5: autoDraw = True
20.2663 	EXP 	slider: autoDraw = True
20.2663 	EXP 	NextBu: autoDraw = True
20.2663 	EXP 	text_4: autoDraw = True
20.2663 	EXP 	text_5: autoDraw = True
20.9419 	DATA 	Mouse: Left button down, pos=(717,187)
20.9623 	EXP 	slider: markerPos = 49.666666666666664
20.9877 	EXP 	slider: markerPos = 49.666666666666664
21.0107 	EXP 	slider: markerPos = 49.666666666666664
21.0345 	EXP 	slider: markerPos = 49.666666666666664
21.0487 	DATA 	Mouse:  Left button up, pos=(717,187)
21.0595 	EXP 	slider: markerPos = 49.666666666666664
21.0846 	EXP 	slider: markerPos = 49.666666666666664
21.0846 	EXP 	slider: rating = 49.666666666666664
21.5552 	DATA 	Mouse: Left button down, pos=(724,103)
21.5809 	EXP 	image_5: autoDraw = False
21.5809 	EXP 	slider: autoDraw = False
21.5809 	EXP 	NextBu: autoDraw = False
21.5809 	EXP 	text_4: autoDraw = False
21.5809 	EXP 	text_5: autoDraw = False
21.5809 	EXP 	text: text = 1.2377692454645963
21.5809 	EXP 	text: autoDraw = True
21.6729 	DATA 	Mouse:  Left button up, pos=(724,103)
22.8136 	EXP 	New trial (rep=0, index=1): {'RatingBlock': 'TrialCondition_F.xlsx'}
22.8311 	DEBUG 	Read excel file with openpyxl: TrialCondition_F.xlsx
22.8346 	EXP 	Imported TrialCondition_F.xlsx as conditions, 24 conditions, 3 params
22.8354 	EXP 	Created sequence: random, trialTypes=24, nReps=1, seed=None
22.8358 	EXP 	New trial (rep=0, index=0): {'Image': 'Images/M-C-A-ver3.jpg', 'Gender': 'M', 'AgeGroup': 'Adult '}
22.8613 	EXP 	text: autoDraw = False
22.8613 	EXP 	text: autoDraw = False
22.8613 	EXP 	image_5: image = 'Images/M-C-A-ver3.jpg'
22.8613 	EXP 	slider: markerPos = None
22.8613 	EXP 	slider: markerPos = None
22.8613 	EXP 	slider: rating = None
22.8613 	EXP 	image_5: autoDraw = True
23.1515 	EXP 	slider: autoDraw = True
23.1515 	EXP 	NextBu: autoDraw = True
23.1515 	EXP 	text_4: autoDraw = True
23.1515 	EXP 	text_5: autoDraw = True
24.4043 	DATA 	Mouse: Left button down, pos=(724,190)
24.4250 	EXP 	slider: markerPos = 50.44444444444445
24.4490 	EXP 	slider: markerPos = 50.44444444444445
24.4749 	EXP 	slider: markerPos = 50.44444444444445
24.4985 	EXP 	slider: markerPos = 50.44444444444445
24.5129 	DATA 	Mouse:  Left button up, pos=(724,190)
24.5246 	EXP 	slider: markerPos = 50.44444444444445
24.5506 	EXP 	slider: markerPos = 50.44444444444445
24.5506 	EXP 	slider: rating = 50.44444444444445
25.0206 	DATA 	Mouse: Left button down, pos=(723,110)
25.0499 	EXP 	image_5: autoDraw = False
25.0499 	EXP 	slider: autoDraw = False
25.0499 	EXP 	NextBu: autoDraw = False
25.0499 	EXP 	text_4: autoDraw = False
25.0499 	EXP 	text_5: autoDraw = False
25.0499 	EXP 	text: text = 0.5540571883654036
25.0499 	EXP 	text: autoDraw = True
25.1329 	DATA 	Mouse:  Left button up, pos=(723,110)
25.5973 	EXP 	New trial (rep=0, index=1): {'Image': 'Images/F-C-A-ver2.jpg', 'Gender': 'F', 'AgeGroup': 'Adult '}
25.6294 	EXP 	text: autoDraw = False
25.6294 	EXP 	text: autoDraw = False
25.6294 	EXP 	image_5: image = 'Images/F-C-A-ver2.jpg'
25.6294 	EXP 	slider: markerPos = None
25.6294 	EXP 	slider: markerPos = None
25.6294 	EXP 	slider: rating = None
25.6294 	EXP 	image_5: autoDraw = True
25.9185 	EXP 	slider: autoDraw = True
25.9185 	EXP 	NextBu: autoDraw = True
25.9185 	EXP 	text_4: autoDraw = True
25.9185 	EXP 	text_5: autoDraw = True
26.9527 	DATA 	Mouse: Left button down, pos=(717,206)
26.9764 	EXP 	slider: markerPos = 49.666666666666664
27.0020 	EXP 	slider: markerPos = 49.666666666666664
27.0285 	EXP 	slider: markerPos = 49.666666666666664
27.0313 	DATA 	Mouse:  Left button up, pos=(717,206)
27.0594 	EXP 	slider: markerPos = 49.666666666666664
27.0594 	EXP 	slider: rating = 49.666666666666664
27.5468 	DATA 	Mouse: Left button down, pos=(729,122)
27.5699 	EXP 	image_5: autoDraw = False
27.5699 	EXP 	slider: autoDraw = False
27.5699 	EXP 	NextBu: autoDraw = False
27.5699 	EXP 	text_4: autoDraw = False
27.5699 	EXP 	text_5: autoDraw = False
27.5699 	EXP 	text: text = 1.0204676207061678
27.5699 	EXP 	text: autoDraw = True
27.6409 	DATA 	Mouse:  Left button up, pos=(729,122)
28.5804 	EXP 	New trial (rep=0, index=2): {'Image': 'Images/M-A-A-ver3.jpg', 'Gender': 'M', 'AgeGroup': 'Adult '}
28.6104 	EXP 	text: autoDraw = False
28.6104 	EXP 	text: autoDraw = False
28.6104 	EXP 	image_5: image = 'Images/M-A-A-ver3.jpg'
28.6104 	EXP 	slider: markerPos = None
28.6104 	EXP 	slider: markerPos = None
28.6104 	EXP 	slider: rating = None
28.6104 	EXP 	image_5: autoDraw = True
28.9019 	EXP 	slider: autoDraw = True
28.9019 	EXP 	NextBu: autoDraw = True
28.9019 	EXP 	text_4: autoDraw = True
28.9019 	EXP 	text_5: autoDraw = True
30.6169 	DATA 	Mouse: Left button down, pos=(718,193)
30.6406 	EXP 	slider: markerPos = 49.77777777777778
30.6636 	EXP 	slider: markerPos = 49.77777777777778
30.6862 	EXP 	slider: markerPos = 49.77777777777778
30.7101 	EXP 	slider: markerPos = 49.77777777777778
30.7238 	DATA 	Mouse:  Left button up, pos=(718,193)
30.7346 	EXP 	slider: markerPos = 49.77777777777778
30.7608 	EXP 	slider: markerPos = 49.77777777777778
30.7608 	EXP 	slider: rating = 49.77777777777778
31.1333 	DATA 	Mouse: Left button down, pos=(729,110)
31.1702 	EXP 	image_5: autoDraw = False
31.1702 	EXP 	slider: autoDraw = False
31.1702 	EXP 	NextBu: autoDraw = False
31.1702 	EXP 	text_4: autoDraw = False
31.1702 	EXP 	text_5: autoDraw = False
31.1702 	EXP 	text: text = 1.1023702337578676
31.1702 	EXP 	text: autoDraw = True
31.2400 	DATA 	Mouse:  Left button up, pos=(729,110)
32.2640 	EXP 	New trial (rep=0, index=3): {'Image': 'Images/M-A-A-ver1.jpg', 'Gender': 'M', 'AgeGroup': 'Adult '}
32.2950 	EXP 	text: autoDraw = False
32.2950 	EXP 	text: autoDraw = False
32.2950 	EXP 	image_5: image = 'Images/M-A-A-ver1.jpg'
32.2950 	EXP 	slider: markerPos = None
32.2950 	EXP 	slider: markerPos = None
32.2950 	EXP 	slider: rating = None
32.2950 	EXP 	image_5: autoDraw = True
32.5847 	EXP 	slider: autoDraw = True
32.5847 	EXP 	NextBu: autoDraw = True
32.5847 	EXP 	text_4: autoDraw = True
32.5847 	EXP 	text_5: autoDraw = True
33.8508 	DATA 	Mouse: Left button down, pos=(720,207)
33.8732 	EXP 	slider: markerPos = 50.0
33.8951 	EXP 	slider: markerPos = 50.0
33.9194 	EXP 	slider: markerPos = 50.0
33.9423 	EXP 	slider: markerPos = 50.0
33.9559 	DATA 	Mouse:  Left button up, pos=(720,207)
33.9662 	EXP 	slider: markerPos = 50.0
33.9916 	EXP 	slider: markerPos = 50.0
33.9916 	EXP 	slider: rating = 50.0
34.3088 	DATA 	Mouse: Left button down, pos=(724,103)
34.3332 	EXP 	image_5: autoDraw = False
34.3332 	EXP 	slider: autoDraw = False
34.3332 	EXP 	NextBu: autoDraw = False
34.3332 	EXP 	text_4: autoDraw = False
34.3332 	EXP 	text_5: autoDraw = False
34.3332 	EXP 	text: text = 0.5155456507495594
34.3332 	EXP 	text: autoDraw = True
34.4223 	DATA 	Mouse:  Left button up, pos=(724,103)
34.8344 	EXP 	New trial (rep=0, index=4): {'Image': 'Images/F-C-C-ver3.jpg', 'Gender': 'F', 'AgeGroup': 'Adult '}
34.8670 	EXP 	text: autoDraw = False
34.8670 	EXP 	text: autoDraw = False
34.8670 	EXP 	image_5: image = 'Images/F-C-C-ver3.jpg'
34.8670 	EXP 	slider: markerPos = None
34.8670 	EXP 	slider: markerPos = None
34.8670 	EXP 	slider: rating = None
34.8670 	EXP 	image_5: autoDraw = True
35.1569 	EXP 	slider: autoDraw = True
35.1569 	EXP 	NextBu: autoDraw = True
35.1569 	EXP 	text_4: autoDraw = True
35.1569 	EXP 	text_5: autoDraw = True
36.0291 	DATA 	Mouse: Left button down, pos=(719,202)
36.0631 	EXP 	slider: markerPos = 49.888888888888886
36.0861 	EXP 	slider: markerPos = 49.888888888888886
36.1089 	EXP 	slider: markerPos = 49.888888888888886
36.1306 	EXP 	slider: markerPos = 49.888888888888886
36.1449 	DATA 	Mouse:  Left button up, pos=(719,202)
36.1548 	EXP 	slider: markerPos = 49.888888888888886
36.1788 	EXP 	slider: markerPos = 49.888888888888886
36.1788 	EXP 	slider: rating = 49.888888888888886
37.6147 	DATA 	Mouse: Left button down, pos=(720,96)
37.6586 	EXP 	image_5: autoDraw = False
37.6586 	EXP 	slider: autoDraw = False
37.6586 	EXP 	NextBu: autoDraw = False
37.6586 	EXP 	text_4: autoDraw = False
37.6586 	EXP 	text_5: autoDraw = False
37.6586 	EXP 	text: text = 0.6986501104099058
37.6586 	EXP 	text: autoDraw = True
37.7255 	DATA 	Mouse:  Left button up, pos=(720,96)
38.3467 	EXP 	New trial (rep=0, index=5): {'Image': 'Images/M-A-C-ver2.jpg', 'Gender': 'M', 'AgeGroup': 'Adult '}
38.3763 	EXP 	text: autoDraw = False
38.3763 	EXP 	text: autoDraw = False
38.3763 	EXP 	image_5: image = 'Images/M-A-C-ver2.jpg'
38.3763 	EXP 	slider: markerPos = None
38.3763 	EXP 	slider: markerPos = None
38.3763 	EXP 	slider: rating = None
38.3763 	EXP 	image_5: autoDraw = True
38.6681 	EXP 	slider: autoDraw = True
38.6681 	EXP 	NextBu: autoDraw = True
38.6681 	EXP 	text_4: autoDraw = True
38.6681 	EXP 	text_5: autoDraw = True
39.6139 	DATA 	Mouse: Left button down, pos=(721,192)
39.6342 	EXP 	slider: markerPos = 50.11111111111111
39.6569 	EXP 	slider: markerPos = 50.11111111111111
39.6797 	EXP 	slider: markerPos = 50.11111111111111
39.7053 	EXP 	slider: markerPos = 50.11111111111111
39.7092 	DATA 	Mouse:  Left button up, pos=(721,192)
39.7313 	EXP 	slider: markerPos = 50.11111111111111
39.7313 	EXP 	slider: rating = 50.11111111111111
40.0628 	DATA 	Mouse: Left button down, pos=(721,113)
40.0865 	EXP 	image_5: autoDraw = False
40.0865 	EXP 	slider: autoDraw = False
40.0865 	EXP 	NextBu: autoDraw = False
40.0865 	EXP 	text_4: autoDraw = False
40.0865 	EXP 	text_5: autoDraw = False
40.0865 	EXP 	text: text = 0.8869580069207713
40.0865 	EXP 	text: autoDraw = True
40.1755 	DATA 	Mouse:  Left button up, pos=(721,113)
40.9649 	EXP 	New trial (rep=0, index=6): {'Image': 'Images/M-C-C-ver2.jpg', 'Gender': 'M', 'AgeGroup': 'Adult '}
40.9945 	EXP 	text: autoDraw = False
40.9945 	EXP 	text: autoDraw = False
40.9945 	EXP 	image_5: image = 'Images/M-C-C-ver2.jpg'
40.9945 	EXP 	slider: markerPos = None
40.9945 	EXP 	slider: markerPos = None
40.9945 	EXP 	slider: rating = None
40.9945 	EXP 	image_5: autoDraw = True
41.2843 	EXP 	slider: autoDraw = True
41.2843 	EXP 	NextBu: autoDraw = True
41.2843 	EXP 	text_4: autoDraw = True
41.2843 	EXP 	text_5: autoDraw = True
41.5185 	DATA 	Mouse: Left button down, pos=(717,203)
41.5550 	EXP 	slider: markerPos = 49.666666666666664
41.5796 	EXP 	slider: markerPos = 49.666666666666664
41.6044 	EXP 	slider: markerPos = 49.666666666666664
41.6267 	EXP 	slider: markerPos = 49.666666666666664
41.6310 	DATA 	Mouse:  Left button up, pos=(717,203)
41.6531 	EXP 	slider: markerPos = 49.666666666666664
41.6531 	EXP 	slider: rating = 49.666666666666664
42.0640 	DATA 	Mouse: Left button down, pos=(717,68)
42.1108 	EXP 	image_5: autoDraw = False
42.1108 	EXP 	slider: autoDraw = False
42.1108 	EXP 	NextBu: autoDraw = False
42.1108 	EXP 	text_4: autoDraw = False
42.1108 	EXP 	text_5: autoDraw = False
42.1108 	EXP 	text: text = 1.2775409549940466
42.1108 	EXP 	text: autoDraw = True
42.1805 	DATA 	Mouse:  Left button up, pos=(717,68)
43.3800 	EXP 	New trial (rep=0, index=7): {'Image': 'Images/F-A-A-ver1.jpg', 'Gender': 'F', 'AgeGroup': 'Adult '}
43.4093 	EXP 	text: autoDraw = False
43.4093 	EXP 	text: autoDraw = False
43.4093 	EXP 	image_5: image = 'Images/F-A-A-ver1.jpg'
43.4093 	EXP 	slider: markerPos = None
43.4093 	EXP 	slider: markerPos = None
43.4093 	EXP 	slider: rating = None
43.4093 	EXP 	image_5: autoDraw = True
43.6977 	EXP 	slider: autoDraw = True
43.6977 	EXP 	NextBu: autoDraw = True
43.6977 	EXP 	text_4: autoDraw = True
43.6977 	EXP 	text_5: autoDraw = True
44.1758 	DATA 	Mouse: Left button down, pos=(719,205)
44.2097 	EXP 	slider: markerPos = 49.888888888888886
44.2331 	EXP 	slider: markerPos = 49.888888888888886
44.2584 	EXP 	slider: markerPos = 49.888888888888886
44.2810 	EXP 	slider: markerPos = 49.888888888888886
44.2842 	DATA 	Mouse:  Left button up, pos=(719,205)
44.3089 	EXP 	slider: markerPos = 49.888888888888886
44.3089 	EXP 	slider: rating = 49.888888888888886
44.7427 	DATA 	Mouse: Left button down, pos=(721,92)
44.7658 	EXP 	image_5: autoDraw = False
44.7658 	EXP 	slider: autoDraw = False
44.7658 	EXP 	NextBu: autoDraw = False
44.7658 	EXP 	text_4: autoDraw = False
44.7658 	EXP 	text_5: autoDraw = False
44.7658 	EXP 	text: text = 0.992268495419764
44.7658 	EXP 	text: autoDraw = True
44.8716 	DATA 	Mouse:  Left button up, pos=(721,92)
45.7459 	EXP 	New trial (rep=0, index=8): {'Image': 'Images/M-A-A-ver2.jpg', 'Gender': 'M', 'AgeGroup': 'Adult '}
45.7760 	EXP 	text: autoDraw = False
45.7760 	EXP 	text: autoDraw = False
45.7760 	EXP 	image_5: image = 'Images/M-A-A-ver2.jpg'
45.7760 	EXP 	slider: markerPos = None
45.7760 	EXP 	slider: markerPos = None
45.7760 	EXP 	slider: rating = None
45.7760 	EXP 	image_5: autoDraw = True
46.0664 	EXP 	slider: autoDraw = True
46.0664 	EXP 	NextBu: autoDraw = True
46.0664 	EXP 	text_4: autoDraw = True
46.0664 	EXP 	text_5: autoDraw = True
46.5056 	DATA 	Mouse: Left button down, pos=(721,195)
46.5410 	EXP 	slider: markerPos = 50.11111111111111
46.5647 	EXP 	slider: markerPos = 50.11111111111111
46.5872 	EXP 	slider: markerPos = 50.11111111111111
46.6119 	EXP 	slider: markerPos = 50.11111111111111
46.6263 	DATA 	Mouse:  Left button up, pos=(721,195)
46.6371 	EXP 	slider: markerPos = 50.11111111111111
46.6626 	EXP 	slider: markerPos = 50.11111111111111
46.6626 	EXP 	slider: rating = 50.11111111111111
47.1192 	DATA 	Mouse: Left button down, pos=(729,91)
47.1470 	EXP 	image_5: autoDraw = False
47.1470 	EXP 	slider: autoDraw = False
47.1470 	EXP 	NextBu: autoDraw = False
47.1470 	EXP 	text_4: autoDraw = False
47.1470 	EXP 	text_5: autoDraw = False
47.1470 	EXP 	text: text = 1.2226502828429504
47.1470 	EXP 	text: autoDraw = True
47.2431 	DATA 	Mouse:  Left button up, pos=(730,90)
48.3680 	EXP 	New trial (rep=0, index=9): {'Image': 'Images/F-C-A-ver3.jpg', 'Gender': 'F', 'AgeGroup': 'Adult '}
48.4007 	EXP 	text: autoDraw = False
48.4007 	EXP 	text: autoDraw = False
48.4007 	EXP 	image_5: image = 'Images/F-C-A-ver3.jpg'
48.4007 	EXP 	slider: markerPos = None
48.4007 	EXP 	slider: markerPos = None
48.4007 	EXP 	slider: rating = None
48.4007 	EXP 	image_5: autoDraw = True
48.6972 	EXP 	slider: autoDraw = True
48.6972 	EXP 	NextBu: autoDraw = True
48.6972 	EXP 	text_4: autoDraw = True
48.6972 	EXP 	text_5: autoDraw = True
49.3539 	DATA 	Mouse: Left button down, pos=(722,197)
49.3794 	EXP 	slider: markerPos = 50.22222222222222
49.4053 	EXP 	slider: markerPos = 50.22222222222222
49.4308 	EXP 	slider: markerPos = 50.22222222222222
49.4571 	EXP 	slider: markerPos = 50.22222222222222
49.4615 	DATA 	Mouse:  Left button up, pos=(722,197)
49.4842 	EXP 	slider: markerPos = 50.22222222222222
49.4842 	EXP 	slider: rating = 50.22222222222222
54.6132 	DATA 	Mouse: Left button down, pos=(729,122)
54.6561 	EXP 	image_5: autoDraw = False
54.6561 	EXP 	slider: autoDraw = False
54.6561 	EXP 	NextBu: autoDraw = False
54.6561 	EXP 	text_4: autoDraw = False
54.6561 	EXP 	text_5: autoDraw = False
54.6561 	EXP 	text: text = 1.2970145917615112
54.6561 	EXP 	text: autoDraw = True
54.7747 	DATA 	Mouse:  Left button up, pos=(729,122)
55.9472 	EXP 	New trial (rep=0, index=10): {'Image': 'Images/M-C-A-ver2.jpg', 'Gender': 'M', 'AgeGroup': 'Adult '}
55.9772 	EXP 	text: autoDraw = False
55.9772 	EXP 	text: autoDraw = False
55.9772 	EXP 	image_5: image = 'Images/M-C-A-ver2.jpg'
55.9772 	EXP 	slider: markerPos = None
55.9772 	EXP 	slider: markerPos = None
55.9772 	EXP 	slider: rating = None
55.9772 	EXP 	image_5: autoDraw = True
56.2672 	EXP 	slider: autoDraw = True
56.2672 	EXP 	NextBu: autoDraw = True
56.2672 	EXP 	text_4: autoDraw = True
56.2672 	EXP 	text_5: autoDraw = True
57.1745 	DATA 	Mouse: Left button down, pos=(721,198)
57.1955 	EXP 	slider: markerPos = 50.11111111111111
57.2185 	EXP 	slider: markerPos = 50.11111111111111
57.2424 	EXP 	slider: markerPos = 50.11111111111111
57.2645 	EXP 	slider: markerPos = 50.11111111111111
57.2881 	EXP 	slider: markerPos = 50.11111111111111
57.2921 	DATA 	Mouse:  Left button up, pos=(721,198)
57.3145 	EXP 	slider: markerPos = 50.11111111111111
57.3145 	EXP 	slider: rating = 50.11111111111111
57.6585 	DATA 	Mouse: Left button down, pos=(730,102)
57.6813 	EXP 	image_5: autoDraw = False
57.6813 	EXP 	slider: autoDraw = False
57.6813 	EXP 	NextBu: autoDraw = False
57.6813 	EXP 	text_4: autoDraw = False
57.6813 	EXP 	text_5: autoDraw = False
57.6813 	EXP 	text: text = 1.101303216667508
57.6813 	EXP 	text: autoDraw = True
57.7848 	DATA 	Mouse:  Left button up, pos=(730,102)
58.7800 	EXP 	New trial (rep=0, index=11): {'Image': 'Images/M-C-A-ver1.jpg', 'Gender': 'M', 'AgeGroup': 'Adult '}
58.8092 	EXP 	text: autoDraw = False
58.8092 	EXP 	text: autoDraw = False
58.8092 	EXP 	image_5: image = 'Images/M-C-A-ver1.jpg'
58.8092 	EXP 	slider: markerPos = None
58.8092 	EXP 	slider: markerPos = None
58.8092 	EXP 	slider: rating = None
58.8092 	EXP 	image_5: autoDraw = True
59.1032 	EXP 	slider: autoDraw = True
59.1032 	EXP 	NextBu: autoDraw = True
59.1032 	EXP 	text_4: autoDraw = True
59.1032 	EXP 	text_5: autoDraw = True
59.6808 	DATA 	Mouse: Left button down, pos=(722,198)
59.7027 	EXP 	slider: markerPos = 50.22222222222222
59.7267 	EXP 	slider: markerPos = 50.22222222222222
59.7494 	EXP 	slider: markerPos = 50.22222222222222
59.7721 	EXP 	slider: markerPos = 50.22222222222222
59.7944 	EXP 	slider: markerPos = 50.22222222222222
59.8086 	DATA 	Mouse:  Left button up, pos=(722,198)
59.8189 	EXP 	slider: markerPos = 50.22222222222222
59.8442 	EXP 	slider: markerPos = 50.22222222222222
59.8442 	EXP 	slider: rating = 50.22222222222222
60.1734 	DATA 	Mouse: Left button down, pos=(726,67)
60.1966 	EXP 	image_5: autoDraw = False
60.1966 	EXP 	slider: autoDraw = False
60.1966 	EXP 	NextBu: autoDraw = False
60.1966 	EXP 	text_4: autoDraw = False
60.1966 	EXP 	text_5: autoDraw = False
60.1966 	EXP 	text: text = 1.3154603969161556
60.1966 	EXP 	text: autoDraw = True
60.2898 	DATA 	Mouse:  Left button up, pos=(726,67)
61.5130 	EXP 	New trial (rep=0, index=12): {'Image': 'Images/F-A-A-ver2.jpg', 'Gender': 'F', 'AgeGroup': 'Adult '}
61.5432 	EXP 	text: autoDraw = False
61.5432 	EXP 	text: autoDraw = False
61.5432 	EXP 	image_5: image = 'Images/F-A-A-ver2.jpg'
61.5432 	EXP 	slider: markerPos = None
61.5432 	EXP 	slider: markerPos = None
61.5432 	EXP 	slider: rating = None
61.5432 	EXP 	image_5: autoDraw = True
61.8357 	EXP 	slider: autoDraw = True
61.8357 	EXP 	NextBu: autoDraw = True
61.8357 	EXP 	text_4: autoDraw = True
61.8357 	EXP 	text_5: autoDraw = True
62.2483 	DATA 	Mouse: Left button down, pos=(720,201)
62.2828 	EXP 	slider: markerPos = 50.0
62.3089 	EXP 	slider: markerPos = 50.0
62.3323 	EXP 	slider: markerPos = 50.0
62.3360 	DATA 	Mouse:  Left button up, pos=(720,201)
62.3607 	EXP 	slider: markerPos = 50.0
62.3607 	EXP 	slider: rating = 50.0
62.7125 	DATA 	Mouse: Left button down, pos=(738,109)
62.7592 	EXP 	image_5: autoDraw = False
62.7592 	EXP 	slider: autoDraw = False
62.7592 	EXP 	NextBu: autoDraw = False
62.7592 	EXP 	text_4: autoDraw = False
62.7592 	EXP 	text_5: autoDraw = False
62.7592 	EXP 	text: text = 0.6568079625333473
62.7592 	EXP 	text: autoDraw = True
62.8455 	DATA 	Mouse:  Left button up, pos=(738,109)
63.4111 	EXP 	New trial (rep=0, index=13): {'Image': 'Images/M-C-C-ver1.jpg', 'Gender': 'M', 'AgeGroup': 'Adult '}
63.4439 	EXP 	text: autoDraw = False
63.4439 	EXP 	text: autoDraw = False
63.4439 	EXP 	image_5: image = 'Images/M-C-C-ver1.jpg'
63.4439 	EXP 	slider: markerPos = None
63.4439 	EXP 	slider: markerPos = None
63.4439 	EXP 	slider: rating = None
63.4439 	EXP 	image_5: autoDraw = True
63.7335 	EXP 	slider: autoDraw = True
63.7335 	EXP 	NextBu: autoDraw = True
63.7335 	EXP 	text_4: autoDraw = True
63.7335 	EXP 	text_5: autoDraw = True
65.0696 	DATA 	Mouse: Left button down, pos=(722,197)
65.0927 	EXP 	slider: markerPos = 50.22222222222222
65.1162 	EXP 	slider: markerPos = 50.22222222222222
65.1400 	EXP 	slider: markerPos = 50.22222222222222
65.1639 	EXP 	slider: markerPos = 50.22222222222222
65.1785 	DATA 	Mouse:  Left button up, pos=(722,197)
65.1902 	EXP 	slider: markerPos = 50.22222222222222
65.2169 	EXP 	slider: markerPos = 50.22222222222222
65.2169 	EXP 	slider: rating = 50.22222222222222
65.6821 	DATA 	Mouse: Left button down, pos=(721,107)
65.7264 	EXP 	image_5: autoDraw = False
65.7264 	EXP 	slider: autoDraw = False
65.7264 	EXP 	NextBu: autoDraw = False
65.7264 	EXP 	text_4: autoDraw = False
65.7264 	EXP 	text_5: autoDraw = False
65.7264 	EXP 	text: text = 1.1030046421060886
65.7264 	EXP 	text: autoDraw = True
65.7817 	DATA 	Mouse:  Left button up, pos=(721,107)
66.8283 	EXP 	New trial (rep=0, index=14): {'Image': 'Images/F-A-C-ver2.jpg', 'Gender': 'F', 'AgeGroup': 'Adult '}
66.8578 	EXP 	text: autoDraw = False
66.8578 	EXP 	text: autoDraw = False
66.8578 	EXP 	image_5: image = 'Images/F-A-C-ver2.jpg'
66.8578 	EXP 	slider: markerPos = None
66.8578 	EXP 	slider: markerPos = None
66.8578 	EXP 	slider: rating = None
66.8578 	EXP 	image_5: autoDraw = True
67.1565 	EXP 	slider: autoDraw = True
67.1565 	EXP 	NextBu: autoDraw = True
67.1565 	EXP 	text_4: autoDraw = True
67.1565 	EXP 	text_5: autoDraw = True
67.6417 	DATA 	Mouse: Left button down, pos=(719,219)
67.7392 	DATA 	Mouse:  Left button up, pos=(719,219)
68.0245 	DATA 	Mouse: Left button down, pos=(719,204)
68.0582 	EXP 	slider: markerPos = 49.888888888888886
68.0816 	EXP 	slider: markerPos = 49.888888888888886
68.1048 	EXP 	slider: markerPos = 49.888888888888886
68.1274 	EXP 	slider: markerPos = 49.888888888888886
68.1413 	DATA 	Mouse:  Left button up, pos=(719,204)
68.1519 	EXP 	slider: markerPos = 49.888888888888886
68.1794 	EXP 	slider: markerPos = 49.888888888888886
68.1794 	EXP 	slider: rating = 49.888888888888886
68.5436 	DATA 	Mouse: Left button down, pos=(720,98)
68.5677 	EXP 	image_5: autoDraw = False
68.5677 	EXP 	slider: autoDraw = False
68.5677 	EXP 	NextBu: autoDraw = False
68.5677 	EXP 	text_4: autoDraw = False
68.5677 	EXP 	text_5: autoDraw = False
68.5677 	EXP 	text: text = 1.249680436165296
68.5677 	EXP 	text: autoDraw = True
68.6558 	DATA 	Mouse:  Left button up, pos=(720,98)
69.8121 	EXP 	New trial (rep=0, index=15): {'Image': 'Images/F-C-A-ver1.jpg', 'Gender': 'F', 'AgeGroup': 'Adult '}
69.8411 	EXP 	text: autoDraw = False
69.8411 	EXP 	text: autoDraw = False
69.8411 	EXP 	image_5: image = 'Images/F-C-A-ver1.jpg'
69.8411 	EXP 	slider: markerPos = None
69.8411 	EXP 	slider: markerPos = None
69.8411 	EXP 	slider: rating = None
69.8411 	EXP 	image_5: autoDraw = True
70.1363 	EXP 	slider: autoDraw = True
70.1363 	EXP 	NextBu: autoDraw = True
70.1363 	EXP 	text_4: autoDraw = True
70.1363 	EXP 	text_5: autoDraw = True
70.3896 	DATA 	Mouse: Left button down, pos=(722,181)
70.4958 	DATA 	Mouse:  Left button up, pos=(722,181)
70.8278 	DATA 	Mouse: Left button down, pos=(722,190)
70.8472 	EXP 	slider: markerPos = 50.22222222222222
70.8704 	EXP 	slider: markerPos = 50.22222222222222
70.8927 	EXP 	slider: markerPos = 50.22222222222222
70.9153 	EXP 	slider: markerPos = 50.22222222222222
70.9376 	EXP 	slider: markerPos = 50.22222222222222
70.9416 	DATA 	Mouse:  Left button up, pos=(722,190)
70.9629 	EXP 	slider: markerPos = 50.22222222222222
70.9629 	EXP 	slider: rating = 50.22222222222222
71.4115 	DATA 	Mouse: Left button down, pos=(735,104)
71.4566 	EXP 	image_5: autoDraw = False
71.4566 	EXP 	slider: autoDraw = False
71.4566 	EXP 	NextBu: autoDraw = False
71.4566 	EXP 	text_4: autoDraw = False
71.4566 	EXP 	text_5: autoDraw = False
71.4566 	EXP 	text: text = 1.2469279036627188
71.4566 	EXP 	text: autoDraw = True
71.5401 	DATA 	Mouse:  Left button up, pos=(735,104)
72.6967 	EXP 	New trial (rep=0, index=16): {'Image': 'Images/F-C-C-ver1.jpg', 'Gender': 'F', 'AgeGroup': 'Adult '}
72.7260 	EXP 	text: autoDraw = False
72.7260 	EXP 	text: autoDraw = False
72.7260 	EXP 	image_5: image = 'Images/F-C-C-ver1.jpg'
72.7260 	EXP 	slider: markerPos = None
72.7260 	EXP 	slider: markerPos = None
72.7260 	EXP 	slider: rating = None
72.7260 	EXP 	image_5: autoDraw = True
73.0167 	EXP 	slider: autoDraw = True
73.0167 	EXP 	NextBu: autoDraw = True
73.0167 	EXP 	text_4: autoDraw = True
73.0167 	EXP 	text_5: autoDraw = True
73.4632 	DATA 	Mouse: Left button down, pos=(724,202)
73.4853 	EXP 	slider: markerPos = 50.44444444444445
73.5096 	EXP 	slider: markerPos = 50.44444444444445
73.5334 	EXP 	slider: markerPos = 50.44444444444445
73.5569 	EXP 	slider: markerPos = 50.44444444444445
73.5816 	EXP 	slider: markerPos = 50.44444444444445
73.5842 	DATA 	Mouse:  Left button up, pos=(724,202)
73.6078 	EXP 	slider: markerPos = 50.44444444444445
73.6078 	EXP 	slider: rating = 50.44444444444445
74.0351 	DATA 	Mouse: Left button down, pos=(745,105)
74.0767 	EXP 	image_5: autoDraw = False
74.0767 	EXP 	slider: autoDraw = False
74.0767 	EXP 	NextBu: autoDraw = False
74.0767 	EXP 	text_4: autoDraw = False
74.0767 	EXP 	text_5: autoDraw = False
74.0767 	EXP 	text: text = 0.8965907289514656
74.0767 	EXP 	text: autoDraw = True
74.1734 	DATA 	Mouse:  Left button up, pos=(745,105)
74.9623 	EXP 	New trial (rep=0, index=17): {'Image': 'Images/F-A-C-ver1.jpg', 'Gender': 'F', 'AgeGroup': 'Adult '}
74.9925 	EXP 	text: autoDraw = False
74.9925 	EXP 	text: autoDraw = False
74.9925 	EXP 	image_5: image = 'Images/F-A-C-ver1.jpg'
74.9925 	EXP 	slider: markerPos = None
74.9925 	EXP 	slider: markerPos = None
74.9925 	EXP 	slider: rating = None
74.9925 	EXP 	image_5: autoDraw = True
75.2835 	EXP 	slider: autoDraw = True
75.2835 	EXP 	NextBu: autoDraw = True
75.2835 	EXP 	text_4: autoDraw = True
75.2835 	EXP 	text_5: autoDraw = True
75.7802 	DATA 	Mouse: Left button down, pos=(724,196)
75.8010 	EXP 	slider: markerPos = 50.44444444444445
75.8243 	EXP 	slider: markerPos = 50.44444444444445
75.8470 	EXP 	slider: markerPos = 50.44444444444445
75.8704 	EXP 	slider: markerPos = 50.44444444444445
75.8926 	EXP 	slider: markerPos = 50.44444444444445
75.9193 	EXP 	slider: markerPos = 50.44444444444445
75.9239 	DATA 	Mouse:  Left button up, pos=(724,196)
75.9494 	EXP 	slider: markerPos = 50.44444444444445
75.9494 	EXP 	slider: rating = 50.44444444444445
76.3474 	DATA 	Mouse: Left button down, pos=(729,88)
76.3699 	EXP 	image_5: autoDraw = False
76.3699 	EXP 	slider: autoDraw = False
76.3699 	EXP 	NextBu: autoDraw = False
76.3699 	EXP 	text_4: autoDraw = False
76.3699 	EXP 	text_5: autoDraw = False
76.3699 	EXP 	text: text = 0.8066812589357425
76.3699 	EXP 	text: autoDraw = True
76.4550 	DATA 	Mouse:  Left button up, pos=(729,88)
77.1782 	EXP 	New trial (rep=0, index=18): {'Image': 'Images/F-A-A-ver3.jpg', 'Gender': 'F', 'AgeGroup': 'Adult '}
77.2090 	EXP 	text: autoDraw = False
77.2090 	EXP 	text: autoDraw = False
77.2090 	EXP 	image_5: image = 'Images/F-A-A-ver3.jpg'
77.2090 	EXP 	slider: markerPos = None
77.2090 	EXP 	slider: markerPos = None
77.2090 	EXP 	slider: rating = None
77.2090 	EXP 	image_5: autoDraw = True
77.5026 	EXP 	slider: autoDraw = True
77.5026 	EXP 	NextBu: autoDraw = True
77.5026 	EXP 	text_4: autoDraw = True
77.5026 	EXP 	text_5: autoDraw = True
77.8268 	DATA 	Mouse: Left button down, pos=(722,194)
77.8477 	EXP 	slider: markerPos = 50.22222222222222
77.8711 	EXP 	slider: markerPos = 50.22222222222222
77.8940 	EXP 	slider: markerPos = 50.22222222222222
77.9179 	EXP 	slider: markerPos = 50.22222222222222
77.9428 	EXP 	slider: markerPos = 50.22222222222222
77.9563 	DATA 	Mouse:  Left button up, pos=(722,194)
77.9667 	EXP 	slider: markerPos = 50.22222222222222
77.9926 	EXP 	slider: markerPos = 50.22222222222222
77.9926 	EXP 	slider: rating = 50.22222222222222
78.3257 	DATA 	Mouse: Left button down, pos=(730,85)
78.3686 	EXP 	image_5: autoDraw = False
78.3686 	EXP 	slider: autoDraw = False
78.3686 	EXP 	NextBu: autoDraw = False
78.3686 	EXP 	text_4: autoDraw = False
78.3686 	EXP 	text_5: autoDraw = False
78.3686 	EXP 	text: text = 0.6613395180104552
78.3686 	EXP 	text: autoDraw = True
78.4513 	DATA 	Mouse:  Left button up, pos=(730,85)
79.0170 	EXP 	New trial (rep=0, index=19): {'Image': 'Images/F-C-C-ver2.jpg', 'Gender': 'F', 'AgeGroup': 'Adult '}
79.0460 	EXP 	text: autoDraw = False
79.0460 	EXP 	text: autoDraw = False
79.0460 	EXP 	image_5: image = 'Images/F-C-C-ver2.jpg'
79.0460 	EXP 	slider: markerPos = None
79.0460 	EXP 	slider: markerPos = None
79.0460 	EXP 	slider: rating = None
79.0460 	EXP 	image_5: autoDraw = True
79.3372 	EXP 	slider: autoDraw = True
79.3372 	EXP 	NextBu: autoDraw = True
79.3372 	EXP 	text_4: autoDraw = True
79.3372 	EXP 	text_5: autoDraw = True
79.8034 	DATA 	Mouse: Left button down, pos=(721,201)
79.8389 	EXP 	slider: markerPos = 50.11111111111111
79.8617 	EXP 	slider: markerPos = 50.11111111111111
79.8853 	EXP 	slider: markerPos = 50.11111111111111
79.8985 	DATA 	Mouse:  Left button up, pos=(721,201)
79.9095 	EXP 	slider: markerPos = 50.11111111111111
79.9337 	EXP 	slider: markerPos = 50.11111111111111
79.9337 	EXP 	slider: rating = 50.11111111111111
80.3882 	DATA 	Mouse: Left button down, pos=(747,93)
80.4122 	EXP 	image_5: autoDraw = False
80.4122 	EXP 	slider: autoDraw = False
80.4122 	EXP 	NextBu: autoDraw = False
80.4122 	EXP 	text_4: autoDraw = False
80.4122 	EXP 	text_5: autoDraw = False
80.4122 	EXP 	text: text = 0.6837041435451193
80.4122 	EXP 	text: autoDraw = True
80.4987 	DATA 	Mouse:  Left button up, pos=(747,93)
81.0862 	EXP 	New trial (rep=0, index=20): {'Image': 'Images/M-A-C-ver3.jpg', 'Gender': 'M', 'AgeGroup': 'Adult '}
81.1152 	EXP 	text: autoDraw = False
81.1152 	EXP 	text: autoDraw = False
81.1152 	EXP 	image_5: image = 'Images/M-A-C-ver3.jpg'
81.1152 	EXP 	slider: markerPos = None
81.1152 	EXP 	slider: markerPos = None
81.1152 	EXP 	slider: rating = None
81.1152 	EXP 	image_5: autoDraw = True
81.3999 	EXP 	slider: autoDraw = True
81.3999 	EXP 	NextBu: autoDraw = True
81.3999 	EXP 	text_4: autoDraw = True
81.3999 	EXP 	text_5: autoDraw = True
82.3140 	DATA 	Mouse: Left button down, pos=(718,199)
82.3374 	EXP 	slider: markerPos = 49.77777777777778
82.3611 	EXP 	slider: markerPos = 49.77777777777778
82.3849 	EXP 	slider: markerPos = 49.77777777777778
82.4090 	EXP 	slider: markerPos = 49.77777777777778
82.4227 	DATA 	Mouse:  Left button up, pos=(718,199)
82.4340 	EXP 	slider: markerPos = 49.77777777777778
82.4615 	EXP 	slider: markerPos = 49.77777777777778
82.4615 	EXP 	slider: rating = 49.77777777777778
82.8617 	DATA 	Mouse: Left button down, pos=(746,98)
82.8874 	EXP 	image_5: autoDraw = False
82.8874 	EXP 	slider: autoDraw = False
82.8874 	EXP 	NextBu: autoDraw = False
82.8874 	EXP 	text_4: autoDraw = False
82.8874 	EXP 	text_5: autoDraw = False
82.8874 	EXP 	text: text = 0.7636129585278353
82.8874 	EXP 	text: autoDraw = True
82.9618 	DATA 	Mouse:  Left button up, pos=(746,98)
83.6445 	EXP 	New trial (rep=0, index=21): {'Image': 'Images/M-A-C-ver1.jpg', 'Gender': 'M', 'AgeGroup': 'Adult '}
83.6740 	EXP 	text: autoDraw = False
83.6740 	EXP 	text: autoDraw = False
83.6740 	EXP 	image_5: image = 'Images/M-A-C-ver1.jpg'
83.6740 	EXP 	slider: markerPos = None
83.6740 	EXP 	slider: markerPos = None
83.6740 	EXP 	slider: rating = None
83.6740 	EXP 	image_5: autoDraw = True
83.9671 	EXP 	slider: autoDraw = True
83.9671 	EXP 	NextBu: autoDraw = True
83.9671 	EXP 	text_4: autoDraw = True
83.9671 	EXP 	text_5: autoDraw = True
84.9112 	DATA 	Mouse: Left button down, pos=(725,204)
84.9504 	EXP 	slider: markerPos = 50.55555555555556
84.9770 	EXP 	slider: markerPos = 50.55555555555556
85.0015 	EXP 	slider: markerPos = 50.55555555555556
85.0262 	EXP 	slider: markerPos = 50.55555555555556
85.0511 	EXP 	slider: markerPos = 50.55555555555556
85.0765 	EXP 	slider: markerPos = 50.55555555555556
85.1006 	EXP 	slider: markerPos = 50.55555555555556
85.1152 	DATA 	Mouse:  Left button up, pos=(725,204)
85.1272 	EXP 	slider: markerPos = 50.55555555555556
85.1524 	EXP 	slider: markerPos = 50.55555555555556
85.1524 	EXP 	slider: rating = 50.55555555555556
85.9680 	DATA 	Mouse: Left button down, pos=(721,73)
86.0157 	EXP 	image_5: autoDraw = False
86.0157 	EXP 	slider: autoDraw = False
86.0157 	EXP 	NextBu: autoDraw = False
86.0157 	EXP 	text_4: autoDraw = False
86.0157 	EXP 	text_5: autoDraw = False
86.0157 	EXP 	text: text = 1.4325202410033784
86.0157 	EXP 	text: autoDraw = True
86.1259 	DATA 	Mouse:  Left button up, pos=(721,73)
87.4337 	EXP 	New trial (rep=0, index=22): {'Image': 'Images/F-A-C-ver3.jpg', 'Gender': 'F', 'AgeGroup': 'Adult '}
87.4682 	EXP 	text: autoDraw = False
87.4682 	EXP 	text: autoDraw = False
87.4682 	EXP 	image_5: image = 'Images/F-A-C-ver3.jpg'
87.4682 	EXP 	slider: markerPos = None
87.4682 	EXP 	slider: markerPos = None
87.4682 	EXP 	slider: rating = None
87.4682 	EXP 	image_5: autoDraw = True
87.7678 	EXP 	slider: autoDraw = True
87.7678 	EXP 	NextBu: autoDraw = True
87.7678 	EXP 	text_4: autoDraw = True
87.7678 	EXP 	text_5: autoDraw = True
88.2937 	DATA 	Mouse: Left button down, pos=(722,189)
88.3129 	EXP 	slider: markerPos = 50.22222222222222
88.3369 	EXP 	slider: markerPos = 50.22222222222222
88.3617 	EXP 	slider: markerPos = 50.22222222222222
88.3854 	EXP 	slider: markerPos = 50.22222222222222
88.4087 	EXP 	slider: markerPos = 50.22222222222222
88.4128 	DATA 	Mouse:  Left button up, pos=(722,189)
88.4342 	EXP 	slider: markerPos = 50.22222222222222
88.4342 	EXP 	slider: rating = 50.22222222222222
88.9681 	DATA 	Mouse: Left button down, pos=(726,72)
88.9944 	EXP 	image_5: autoDraw = False
88.9944 	EXP 	slider: autoDraw = False
88.9944 	EXP 	NextBu: autoDraw = False
88.9944 	EXP 	text_4: autoDraw = False
88.9944 	EXP 	text_5: autoDraw = False
88.9944 	EXP 	text: text = 1.0995530997809306
88.9944 	EXP 	text: autoDraw = True
89.0853 	DATA 	Mouse:  Left button up, pos=(726,72)
90.0954 	EXP 	New trial (rep=0, index=23): {'Image': 'Images/M-C-C-ver3.jpg', 'Gender': 'M', 'AgeGroup': 'Adult '}
90.1251 	EXP 	text: autoDraw = False
90.1251 	EXP 	text: autoDraw = False
90.1251 	EXP 	image_5: image = 'Images/M-C-C-ver3.jpg'
90.1251 	EXP 	slider: markerPos = None
90.1251 	EXP 	slider: markerPos = None
90.1251 	EXP 	slider: rating = None
90.1251 	EXP 	image_5: autoDraw = True
90.4156 	EXP 	slider: autoDraw = True
90.4156 	EXP 	NextBu: autoDraw = True
90.4156 	EXP 	text_4: autoDraw = True
90.4156 	EXP 	text_5: autoDraw = True
91.0559 	DATA 	Mouse: Left button down, pos=(726,203)
91.0921 	EXP 	slider: markerPos = 50.66666666666667
91.1149 	EXP 	slider: markerPos = 50.66666666666667
91.1394 	EXP 	slider: markerPos = 50.66666666666667
91.1446 	DATA 	Mouse:  Left button up, pos=(726,203)
91.1655 	EXP 	slider: markerPos = 50.66666666666667
91.1655 	EXP 	slider: rating = 50.66666666666667
91.7245 	DATA 	Mouse: Left button down, pos=(721,109)
91.7716 	EXP 	image_5: autoDraw = False
91.7716 	EXP 	slider: autoDraw = False
91.7716 	EXP 	NextBu: autoDraw = False
91.7716 	EXP 	text_4: autoDraw = False
91.7716 	EXP 	text_5: autoDraw = False
91.7716 	EXP 	text: text = 1.0625265985088461
91.7716 	EXP 	text: autoDraw = True
91.8429 	DATA 	Mouse:  Left button up, pos=(721,109)
92.8297 	EXP 	New trial (rep=0, index=2): {'RatingBlock': 'TrialCondition_E.xlsx'}
92.8434 	DEBUG 	Read excel file with openpyxl: TrialCondition_E.xlsx
92.8442 	EXP 	Imported TrialCondition_E.xlsx as conditions, 4 conditions, 3 params
92.8449 	EXP 	Created sequence: random, trialTypes=4, nReps=1, seed=None
92.8453 	EXP 	New trial (rep=0, index=0): {'Image': 'Images/sA-F-ver7.jpg', 'Gender': 'F', 'AgeGroup': 'senioradult'}
92.9132 	EXP 	text: autoDraw = False
92.9132 	EXP 	text: autoDraw = False
92.9132 	EXP 	image_5: image = 'Images/sA-F-ver7.jpg'
92.9132 	EXP 	slider: markerPos = None
92.9132 	EXP 	slider: markerPos = None
92.9132 	EXP 	slider: rating = None
92.9132 	EXP 	image_5: autoDraw = True
93.1987 	EXP 	slider: autoDraw = True
93.1987 	EXP 	NextBu: autoDraw = True
93.1987 	EXP 	text_4: autoDraw = True
93.1987 	EXP 	text_5: autoDraw = True
94.4725 	DATA 	Keypress: escape
95.1496 	EXP 	window1: mouseVisible = True
95.1498 	DEBUG 	Saving data for FatFaceOnline ExperimentHandler
95.1542 	INFO 	saved data to /Users/uzhmanagani/Desktop/4D09/Thesis/PsychoPy/Face Attractiveness Rating/data/_FatFaceOnline_2021_Nov_15_1732.psydat
95.1636 	INFO 	saved data to '/Users/uzhmanagani/Desktop/4D09/Thesis/PsychoPy/Face Attractiveness Rating/data/_FatFaceOnline_2021_Nov_15_1732.csv'
