0.2146 	WARNING 	We strongly recommend you activate the PTB sound engine in PsychoPy prefs as the preferred audio engine. Its timing is vastly superior. Your prefs are currently set to use ['sounddevice', 'PTB', 'pyo', 'pygame'] (in that order).
3.2011 	INFO 	Loaded monitor calibration from ['2021_03_12 13:58']
3.7911 	EXP 	Created window1 = Window(allowGUI=False, allowStencil=False, autoLog=True, backendConf=UNKNOWN, bitsMode=UNKNOWN, blendMode='avg', bpc=(8, 8, 8), color=array([1, 1, 1]), colorSpace='rgb', depthBits=8, fullscr=<method-wrapper '__getattribute__' of attributeSetter object at 0x7fd79349dac8>, gamma=None, gammaErrorPolicy='raise', lms=UNKNOWN, monitor=<psychopy.monitors.calibTools.Monitor object at 0x7fd7933d79b0>, multiSample=False, name='window1', numSamples=2, pos=[480.0, 270.0], screen=0, size=array([3840, 2160]), stencilBits=0, stereo=False, units='height', useFBO=True, useRetina=True, viewOri=0.0, viewPos=None, viewScale=None, waitBlanking=True, winType='pyglet')
3.7914 	EXP 	window1: mouseVisible = True
3.7914 	EXP 	window1: recordFrameIntervals = False
3.9567 	EXP 	window1: recordFrameIntervals = True
4.1403 	DEBUG 	Screen (0) actual frame rate measured at 59.70
4.1404 	EXP 	window1: recordFrameIntervals = False
4.2854 	EXP 	Created RInstr = TextStim(__class__=<class 'psychopy.visual.text.TextStim'>, alignHoriz=method-wrapper(...), alignText='center', alignVert=method-wrapper(...), anchorHoriz='center', anchorVert='center', antialias=True, autoLog=True, bold=False, color=array([-1, -1, -1]), colorSpace='rgb', contrast=1.0, depth=0.0, flipHoriz=False, flipVert=False, font='Arial', fontFiles=[], height=0.05, italic=False, languageStyle='LTR', name='RInstr', opacity=1, ori=0, pos=array([0., 0.]), rgb=UNKNOWN, text=str(...), units='height', win=Window(...), wrapWidth=1)
4.3576 	EXP 	Created image_5 = ImageStim(__class__=<class 'psychopy.visual.image.ImageStim'>, autoLog=True, color=array([1, 1, 1]), colorSpace='rgb', contrast=1.0, depth=-1.0, flipHoriz=False, flipVert=False, image='sin', interpolate=False, mask=None, maskParams=None, name='image_5', opacity=1, ori=0.0, pos=array([0., 0.]), size=array([0.4, 0.4]), texRes=512, units='height', win=Window(...))
4.3665 	INFO 	Mouse: using default window
4.3666 	EXP 	window1: mouseVisible = True
4.3704 	EXP 	Created slider = Slider(__class__=<class 'psychopy.visual.slider.Slider'>, autoDraw=False, autoLog=True, borderColor=None, color=None, colorSpace='rgb', depth=-2, fillColor=None, flip=False, font='HelveticaBold', granularity=0, labelHeight=0.05, labelWrapWidth=None, labels=None, name='slider', opacity=None, pos=(0, -0.28), readOnly=False, self=UNKNOWN, size=(1.0, 0.025), style=method-wrapper(...), styleTweaks=method-wrapper(...), ticks=ndarray(...), units='height', win=Window(...))
4.3901 	EXP 	Created next = ImageStim(__class__=<class 'psychopy.visual.image.ImageStim'>, autoLog=True, color=array([1, 1, 1]), colorSpace='rgb', contrast=1.0, depth=-3.0, flipHoriz=False, flipVert=False, image='Picture1.png', interpolate=False, mask=None, maskParams=None, name='next', opacity=1, ori=0.0, pos=array([0., 0.]), size=array([0.2, 0.1]), texRes=512, units='height', win=Window(...))
4.3902 	EXP 	window1: mouseVisible = True
4.3956 	EXP 	Created text_4 = TextStim(__class__=<class 'psychopy.visual.text.TextStim'>, alignHoriz=method-wrapper(...), alignText='center', alignVert=method-wrapper(...), anchorHoriz='center', anchorVert='center', antialias=True, autoLog=True, bold=False, color=array([-1, -1, -1]), colorSpace='rgb', contrast=1.0, depth=-5.0, flipHoriz=False, flipVert=False, font='Arial', fontFiles=[], height=0.03, italic=False, languageStyle='LTR', name='text_4', opacity=1, ori=0, pos=array([-0.5 , -0.32]), rgb=UNKNOWN, text='Not Dominant at all', units='height', win=Window(...), wrapWidth=1)
4.3993 	EXP 	Created text_5 = TextStim(__class__=<class 'psychopy.visual.text.TextStim'>, alignHoriz=method-wrapper(...), alignText='center', alignVert=method-wrapper(...), anchorHoriz='center', anchorVert='center', antialias=True, autoLog=True, bold=False, color=array([-1, -1, -1]), colorSpace='rgb', contrast=1.0, depth=-6.0, flipHoriz=False, flipVert=False, font='Arial', fontFiles=[], height=0.03, italic=False, languageStyle='LTR', name='text_5', opacity=1, ori=0, pos=array([ 0.5 , -0.32]), rgb=UNKNOWN, text='Very Dominant', units='height', win=Window(...), wrapWidth=1)
4.3998 	EXP 	Created text = TextStim(__class__=<class 'psychopy.visual.text.TextStim'>, alignHoriz=method-wrapper(...), alignText='center', alignVert=method-wrapper(...), anchorHoriz='center', anchorVert='center', antialias=True, autoLog=True, bold=False, color=array([1, 1, 1]), colorSpace='rgb', contrast=1.0, depth=-1.0, flipHoriz=False, flipVert=False, font='Arial', fontFiles=[], height=0.1, italic=False, languageStyle='LTR', name='text', opacity=1, ori=0, pos=array([0., 0.]), rgb=UNKNOWN, text='', units='height', win=Window(...), wrapWidth=1)
4.4112 	EXP 	Created EndText = TextStim(__class__=<class 'psychopy.visual.text.TextStim'>, alignHoriz=method-wrapper(...), alignText='center', alignVert=method-wrapper(...), anchorHoriz='center', anchorVert='center', antialias=True, autoLog=True, bold=False, color=array([-1, -1, -1]), colorSpace='rgb', contrast=1.0, depth=0.0, flipHoriz=False, flipVert=False, font='Arial', fontFiles=[], height=0.05, italic=False, languageStyle='LTR', name='EndText', opacity=1, ori=0, pos=array([0., 0.]), rgb=UNKNOWN, text=str(...), units='height', win=Window(...), wrapWidth=1)
4.4190 	EXP 	slider: autoLog = True
4.4190 	EXP 	slider: markerPos = None
4.4190 	EXP 	slider: rating = None
4.4190 	EXP 	slider: markerPos = None
4.4190 	EXP 	slider: contrast = 1.0
4.4190 	EXP 	slider: autoLog = True
4.4190 	EXP 	slider: styleTweaks = []
4.4190 	EXP 	slider: styleTweaks = ['t', 'r', 'i', 'a', 'n', 'g', 'l', 'e', 'M', 'a', 'r', 'k', 'e', 'r']
4.4190 	EXP 	slider: style = ['triangleMarker']
4.4190 	EXP 	slider: styleTweaks = ['t', 'r', 'i', 'a', 'n', 'g', 'l', 'e', 'M', 'a', 'r', 'k', 'e', 'r']
4.4190 	EXP 	RInstr: autoDraw = True
6.3313 	DEBUG 	Read csv file with pandas: Rating_BlockOrder.csv
6.3346 	DEBUG 	Clearing unnamed columns from Rating_BlockOrder.csv
6.3351 	EXP 	Imported Rating_BlockOrder.csv as conditions, 3 conditions, 1 params
6.3357 	EXP 	Created sequence: random, trialTypes=3, nReps=1, seed=None
6.3361 	EXP 	New trial (rep=0, index=0): OrderedDict([('RatingBlock', 'TrialCondition_C.csv')])
6.3403 	DEBUG 	Read csv file with pandas: TrialCondition_C.csv
6.3414 	DEBUG 	Clearing unnamed columns from TrialCondition_C.csv
6.3426 	EXP 	Imported TrialCondition_C.csv as conditions, 24 conditions, 4 params
6.3429 	EXP 	Created sequence: random, trialTypes=24, nReps=1, seed=None
6.3432 	EXP 	New trial (rep=0, index=0): OrderedDict([('Image', 'Images/S_C_I4_01.png'), ('Race', 'Caucasian'), ('Trait', 'Submissive'), ('Type', 'normal')])
6.3610 	DATA 	Keypress: space
6.3675 	EXP 	RInstr: autoDraw = False
6.3675 	EXP 	image_5: image = 'Images/S_C_I4_01.png'
6.3675 	EXP 	slider: markerPos = None
6.3675 	EXP 	slider: markerPos = None
6.3675 	EXP 	slider: rating = None
6.3675 	EXP 	image_5: autoDraw = True
6.6566 	EXP 	slider: autoDraw = True
6.6566 	EXP 	next: autoDraw = True
6.6566 	EXP 	next: pos = array([ 0. , -0.9])
6.6566 	EXP 	text_4: autoDraw = True
6.6566 	EXP 	text_5: autoDraw = True
6.6740 	EXP 	next: pos = array([ 0. , -0.9])
6.6889 	EXP 	next: pos = array([ 0. , -0.9])
6.7073 	EXP 	next: pos = array([ 0. , -0.9])
6.7229 	EXP 	next: pos = array([ 0. , -0.9])
6.7403 	EXP 	next: pos = array([ 0. , -0.9])
6.7563 	EXP 	next: pos = array([ 0. , -0.9])
6.7735 	EXP 	next: pos = array([ 0. , -0.9])
6.7897 	EXP 	next: pos = array([ 0. , -0.9])
6.8070 	EXP 	next: pos = array([ 0. , -0.9])
6.8230 	EXP 	next: pos = array([ 0. , -0.9])
6.8402 	EXP 	next: pos = array([ 0. , -0.9])
6.8562 	EXP 	next: pos = array([ 0. , -0.9])
6.8728 	EXP 	next: pos = array([ 0. , -0.9])
6.8894 	EXP 	next: pos = array([ 0. , -0.9])
6.9064 	EXP 	next: pos = array([ 0. , -0.9])
6.9231 	EXP 	next: pos = array([ 0. , -0.9])
6.9405 	EXP 	next: pos = array([ 0. , -0.9])
6.9557 	EXP 	next: pos = array([ 0. , -0.9])
6.9741 	EXP 	next: pos = array([ 0. , -0.9])
6.9901 	EXP 	next: pos = array([ 0. , -0.9])
7.0073 	EXP 	next: pos = array([ 0. , -0.9])
7.0234 	EXP 	next: pos = array([ 0. , -0.9])
7.0402 	EXP 	next: pos = array([ 0. , -0.9])
7.0560 	EXP 	next: pos = array([ 0. , -0.9])
7.0735 	EXP 	next: pos = array([ 0. , -0.9])
7.0893 	EXP 	next: pos = array([ 0. , -0.9])
7.1060 	EXP 	next: pos = array([ 0. , -0.9])
7.1231 	EXP 	next: pos = array([ 0. , -0.9])
7.1401 	EXP 	next: pos = array([ 0. , -0.9])
7.1565 	EXP 	next: pos = array([ 0. , -0.9])
7.1736 	EXP 	next: pos = array([ 0. , -0.9])
7.1898 	EXP 	next: pos = array([ 0. , -0.9])
7.2069 	EXP 	next: pos = array([ 0. , -0.9])
7.2227 	EXP 	next: pos = array([ 0. , -0.9])
7.2397 	EXP 	next: pos = array([ 0. , -0.9])
7.2559 	EXP 	next: pos = array([ 0. , -0.9])
7.2731 	EXP 	next: pos = array([ 0. , -0.9])
7.2896 	EXP 	next: pos = array([ 0. , -0.9])
7.3066 	EXP 	next: pos = array([ 0. , -0.9])
7.3226 	EXP 	next: pos = array([ 0. , -0.9])
7.3396 	EXP 	next: pos = array([ 0. , -0.9])
7.3565 	EXP 	next: pos = array([ 0. , -0.9])
7.3730 	EXP 	next: pos = array([ 0. , -0.9])
7.3895 	EXP 	next: pos = array([ 0. , -0.9])
7.4066 	EXP 	next: pos = array([ 0. , -0.9])
7.4229 	EXP 	next: pos = array([ 0. , -0.9])
7.4401 	EXP 	next: pos = array([ 0. , -0.9])
7.4559 	EXP 	next: pos = array([ 0. , -0.9])
7.4734 	EXP 	next: pos = array([ 0. , -0.9])
7.4887 	EXP 	next: pos = array([ 0. , -0.9])
7.5069 	EXP 	next: pos = array([ 0. , -0.9])
7.5219 	EXP 	next: pos = array([ 0. , -0.9])
7.5389 	EXP 	next: pos = array([ 0. , -0.9])
7.5560 	EXP 	next: pos = array([ 0. , -0.9])
7.5735 	EXP 	next: pos = array([ 0. , -0.9])
7.5894 	EXP 	next: pos = array([ 0. , -0.9])
7.6061 	EXP 	next: pos = array([ 0. , -0.9])
7.6229 	EXP 	next: pos = array([ 0. , -0.9])
7.6396 	EXP 	next: pos = array([ 0. , -0.9])
7.6560 	EXP 	next: pos = array([ 0. , -0.9])
7.6730 	EXP 	next: pos = array([ 0. , -0.9])
7.6889 	EXP 	next: pos = array([ 0. , -0.9])
7.7066 	EXP 	next: pos = array([ 0. , -0.9])
7.7225 	EXP 	next: pos = array([ 0. , -0.9])
7.7403 	EXP 	next: pos = array([ 0. , -0.9])
7.7562 	EXP 	next: pos = array([ 0. , -0.9])
7.7725 	EXP 	next: pos = array([ 0. , -0.9])
7.7895 	EXP 	next: pos = array([ 0. , -0.9])
7.8061 	EXP 	next: pos = array([ 0. , -0.9])
7.8219 	EXP 	next: pos = array([ 0. , -0.9])
7.8397 	EXP 	next: pos = array([ 0. , -0.9])
7.8560 	EXP 	next: pos = array([ 0. , -0.9])
7.8728 	EXP 	next: pos = array([ 0. , -0.9])
7.8894 	EXP 	next: pos = array([ 0. , -0.9])
7.9063 	EXP 	next: pos = array([ 0. , -0.9])
7.9228 	EXP 	next: pos = array([ 0. , -0.9])
7.9398 	EXP 	next: pos = array([ 0. , -0.9])
7.9560 	EXP 	next: pos = array([ 0. , -0.9])
7.9736 	EXP 	next: pos = array([ 0. , -0.9])
7.9893 	EXP 	next: pos = array([ 0. , -0.9])
8.0066 	EXP 	next: pos = array([ 0. , -0.9])
8.0225 	EXP 	next: pos = array([ 0. , -0.9])
8.0398 	EXP 	next: pos = array([ 0. , -0.9])
8.0560 	EXP 	next: pos = array([ 0. , -0.9])
8.0733 	EXP 	next: pos = array([ 0. , -0.9])
8.0895 	EXP 	next: pos = array([ 0. , -0.9])
8.1063 	EXP 	next: pos = array([ 0. , -0.9])
8.1229 	EXP 	next: pos = array([ 0. , -0.9])
8.1402 	EXP 	next: pos = array([ 0. , -0.9])
8.1564 	EXP 	next: pos = array([ 0. , -0.9])
8.1735 	EXP 	next: pos = array([ 0. , -0.9])
8.1894 	EXP 	next: pos = array([ 0. , -0.9])
8.2058 	EXP 	next: pos = array([ 0. , -0.9])
8.2228 	EXP 	next: pos = array([ 0. , -0.9])
8.2396 	EXP 	next: pos = array([ 0. , -0.9])
8.2562 	EXP 	next: pos = array([ 0. , -0.9])
8.2729 	EXP 	next: pos = array([ 0. , -0.9])
8.2895 	EXP 	next: pos = array([ 0. , -0.9])
8.3061 	EXP 	next: pos = array([ 0. , -0.9])
8.3223 	EXP 	next: pos = array([ 0. , -0.9])
8.3397 	EXP 	next: pos = array([ 0. , -0.9])
8.3554 	EXP 	next: pos = array([ 0. , -0.9])
8.3731 	EXP 	next: pos = array([ 0. , -0.9])
8.3892 	EXP 	next: pos = array([ 0. , -0.9])
8.4063 	EXP 	next: pos = array([ 0. , -0.9])
8.4224 	EXP 	next: pos = array([ 0. , -0.9])
8.4398 	EXP 	next: pos = array([ 0. , -0.9])
8.4559 	EXP 	next: pos = array([ 0. , -0.9])
8.4731 	EXP 	next: pos = array([ 0. , -0.9])
8.4892 	EXP 	next: pos = array([ 0. , -0.9])
8.5063 	EXP 	next: pos = array([ 0. , -0.9])
8.5228 	EXP 	next: pos = array([ 0. , -0.9])
8.5401 	EXP 	next: pos = array([ 0. , -0.9])
8.5560 	EXP 	next: pos = array([ 0. , -0.9])
8.5733 	EXP 	next: pos = array([ 0. , -0.9])
8.5893 	EXP 	next: pos = array([ 0. , -0.9])
8.6065 	EXP 	next: pos = array([ 0. , -0.9])
8.6227 	EXP 	next: pos = array([ 0. , -0.9])
8.6402 	EXP 	next: pos = array([ 0. , -0.9])
8.6561 	EXP 	next: pos = array([ 0. , -0.9])
8.6737 	EXP 	next: pos = array([ 0. , -0.9])
8.6896 	EXP 	next: pos = array([ 0. , -0.9])
8.7072 	EXP 	next: pos = array([ 0. , -0.9])
8.7232 	EXP 	next: pos = array([ 0. , -0.9])
8.7408 	EXP 	next: pos = array([ 0. , -0.9])
8.7564 	EXP 	next: pos = array([ 0. , -0.9])
8.7735 	EXP 	next: pos = array([ 0. , -0.9])
8.7904 	EXP 	next: pos = array([ 0. , -0.9])
8.8072 	EXP 	next: pos = array([ 0. , -0.9])
8.8232 	EXP 	next: pos = array([ 0. , -0.9])
8.8409 	EXP 	next: pos = array([ 0. , -0.9])
8.8553 	EXP 	next: pos = array([ 0. , -0.9])
8.8732 	EXP 	next: pos = array([ 0. , -0.9])
8.8897 	EXP 	next: pos = array([ 0. , -0.9])
8.9066 	EXP 	next: pos = array([ 0. , -0.9])
8.9228 	EXP 	next: pos = array([ 0. , -0.9])
8.9405 	EXP 	next: pos = array([ 0. , -0.9])
8.9561 	EXP 	next: pos = array([ 0. , -0.9])
8.9740 	EXP 	next: pos = array([ 0. , -0.9])
8.9898 	EXP 	next: pos = array([ 0. , -0.9])
9.0069 	EXP 	next: pos = array([ 0. , -0.9])
9.0231 	EXP 	next: pos = array([ 0. , -0.9])
9.0410 	EXP 	next: pos = array([ 0. , -0.9])
9.0566 	EXP 	next: pos = array([ 0. , -0.9])
9.0728 	EXP 	next: pos = array([ 0. , -0.9])
9.0897 	EXP 	next: pos = array([ 0. , -0.9])
9.1066 	EXP 	next: pos = array([ 0. , -0.9])
9.1227 	EXP 	next: pos = array([ 0. , -0.9])
9.1401 	EXP 	next: pos = array([ 0. , -0.9])
9.1563 	EXP 	next: pos = array([ 0. , -0.9])
9.1733 	EXP 	next: pos = array([ 0. , -0.9])
9.1893 	EXP 	next: pos = array([ 0. , -0.9])
9.2064 	EXP 	next: pos = array([ 0. , -0.9])
9.2226 	EXP 	next: pos = array([ 0. , -0.9])
9.2401 	EXP 	next: pos = array([ 0. , -0.9])
9.2561 	EXP 	next: pos = array([ 0. , -0.9])
9.2732 	EXP 	next: pos = array([ 0. , -0.9])
9.2894 	EXP 	next: pos = array([ 0. , -0.9])
9.3068 	EXP 	next: pos = array([ 0. , -0.9])
9.3229 	EXP 	next: pos = array([ 0. , -0.9])
9.3399 	EXP 	next: pos = array([ 0. , -0.9])
9.3561 	EXP 	next: pos = array([ 0. , -0.9])
9.3732 	EXP 	next: pos = array([ 0. , -0.9])
9.3894 	EXP 	next: pos = array([ 0. , -0.9])
9.4070 	EXP 	next: pos = array([ 0. , -0.9])
9.4228 	EXP 	next: pos = array([ 0. , -0.9])
9.4401 	EXP 	next: pos = array([ 0. , -0.9])
9.4563 	EXP 	next: pos = array([ 0. , -0.9])
9.4734 	EXP 	next: pos = array([ 0. , -0.9])
9.4894 	EXP 	next: pos = array([ 0. , -0.9])
9.5070 	EXP 	next: pos = array([ 0. , -0.9])
9.5227 	EXP 	next: pos = array([ 0. , -0.9])
9.5401 	EXP 	next: pos = array([ 0. , -0.9])
9.5563 	EXP 	next: pos = array([ 0. , -0.9])
9.5740 	EXP 	next: pos = array([ 0. , -0.9])
9.5901 	EXP 	next: pos = array([ 0. , -0.9])
9.6068 	EXP 	next: pos = array([ 0. , -0.9])
9.6230 	EXP 	next: pos = array([ 0. , -0.9])
9.6401 	EXP 	next: pos = array([ 0. , -0.9])
9.6564 	EXP 	next: pos = array([ 0. , -0.9])
9.6736 	EXP 	next: pos = array([ 0. , -0.9])
9.6900 	EXP 	next: pos = array([ 0. , -0.9])
9.7059 	EXP 	next: pos = array([ 0. , -0.9])
9.7226 	EXP 	next: pos = array([ 0. , -0.9])
9.7398 	EXP 	next: pos = array([ 0. , -0.9])
9.7563 	EXP 	next: pos = array([ 0. , -0.9])
9.7732 	EXP 	next: pos = array([ 0. , -0.9])
9.7895 	EXP 	next: pos = array([ 0. , -0.9])
9.8066 	EXP 	next: pos = array([ 0. , -0.9])
9.8228 	EXP 	next: pos = array([ 0. , -0.9])
9.8410 	EXP 	next: pos = array([ 0. , -0.9])
9.8559 	EXP 	next: pos = array([ 0. , -0.9])
9.8734 	EXP 	next: pos = array([ 0. , -0.9])
9.8895 	EXP 	next: pos = array([ 0. , -0.9])
9.9068 	EXP 	next: pos = array([ 0. , -0.9])
9.9228 	EXP 	next: pos = array([ 0. , -0.9])
9.9397 	EXP 	next: pos = array([ 0. , -0.9])
9.9561 	EXP 	next: pos = array([ 0. , -0.9])
9.9731 	EXP 	next: pos = array([ 0. , -0.9])
9.9892 	EXP 	next: pos = array([ 0. , -0.9])
10.0065 	EXP 	next: pos = array([ 0. , -0.9])
10.0228 	EXP 	next: pos = array([ 0. , -0.9])
10.0399 	EXP 	next: pos = array([ 0. , -0.9])
10.0561 	EXP 	next: pos = array([ 0. , -0.9])
10.0734 	EXP 	next: pos = array([ 0. , -0.9])
10.0893 	EXP 	next: pos = array([ 0. , -0.9])
10.1070 	EXP 	next: pos = array([ 0. , -0.9])
10.1229 	EXP 	next: pos = array([ 0. , -0.9])
10.1401 	EXP 	next: pos = array([ 0. , -0.9])
10.1562 	EXP 	next: pos = array([ 0. , -0.9])
10.1734 	EXP 	next: pos = array([ 0. , -0.9])
10.1896 	EXP 	next: pos = array([ 0. , -0.9])
10.2070 	EXP 	next: pos = array([ 0. , -0.9])
10.2228 	EXP 	next: pos = array([ 0. , -0.9])
10.2392 	EXP 	next: pos = array([ 0. , -0.9])
10.2566 	EXP 	next: pos = array([ 0. , -0.9])
10.2727 	EXP 	next: pos = array([ 0. , -0.9])
10.2898 	EXP 	next: pos = array([ 0. , -0.9])
10.3055 	EXP 	next: pos = array([ 0. , -0.9])
10.3220 	EXP 	next: pos = array([ 0. , -0.9])
10.3394 	EXP 	next: pos = array([ 0. , -0.9])
10.3555 	EXP 	next: pos = array([ 0. , -0.9])
10.3721 	EXP 	next: pos = array([ 0. , -0.9])
10.3890 	EXP 	next: pos = array([ 0. , -0.9])
10.4060 	EXP 	next: pos = array([ 0. , -0.9])
10.4226 	EXP 	next: pos = array([ 0. , -0.9])
10.4393 	EXP 	next: pos = array([ 0. , -0.9])
10.4561 	EXP 	next: pos = array([ 0. , -0.9])
10.4726 	EXP 	next: pos = array([ 0. , -0.9])
10.4899 	EXP 	next: pos = array([ 0. , -0.9])
10.5066 	EXP 	next: pos = array([ 0. , -0.9])
10.5230 	EXP 	next: pos = array([ 0. , -0.9])
10.5392 	EXP 	next: pos = array([ 0. , -0.9])
10.5561 	EXP 	next: pos = array([ 0. , -0.9])
10.5728 	EXP 	next: pos = array([ 0. , -0.9])
10.5896 	EXP 	next: pos = array([ 0. , -0.9])
10.6064 	EXP 	next: pos = array([ 0. , -0.9])
10.6228 	EXP 	next: pos = array([ 0. , -0.9])
10.6401 	EXP 	next: pos = array([ 0. , -0.9])
10.6558 	EXP 	next: pos = array([ 0. , -0.9])
10.6732 	EXP 	next: pos = array([ 0. , -0.9])
10.6887 	EXP 	next: pos = array([ 0. , -0.9])
10.7054 	EXP 	next: pos = array([ 0. , -0.9])
10.7223 	EXP 	next: pos = array([ 0. , -0.9])
10.7402 	EXP 	next: pos = array([ 0. , -0.9])
10.7561 	EXP 	next: pos = array([ 0. , -0.9])
10.7735 	EXP 	next: pos = array([ 0. , -0.9])
10.7894 	EXP 	next: pos = array([ 0. , -0.9])
10.8070 	EXP 	next: pos = array([ 0. , -0.9])
10.8222 	EXP 	next: pos = array([ 0. , -0.9])
10.8390 	EXP 	next: pos = array([ 0. , -0.9])
10.8561 	EXP 	next: pos = array([ 0. , -0.9])
10.8727 	EXP 	next: pos = array([ 0. , -0.9])
10.8895 	EXP 	next: pos = array([ 0. , -0.9])
10.9063 	EXP 	next: pos = array([ 0. , -0.9])
10.9070 	DATA 	Mouse: Left button down, pos=(675,182)
10.9191 	EXP 	window1: mouseVisible = True
10.9209 	DEBUG 	Saving data for FatFaceOnline ExperimentHandler
10.9215 	INFO 	saved data to /Users/vivianfang/Desktop/Ratings/data/_FatFaceOnline_2021_Oct_05_0959.psydat
10.9217 	INFO 	saved data to '/Users/vivianfang/Desktop/Ratings/data/_FatFaceOnline_2021_Oct_05_0959.csv'
