0.9959 	WARNING 	We strongly recommend you activate the PTB sound engine in PsychoPy prefs as the preferred audio engine. Its timing is vastly superior. Your prefs are currently set to use ['sounddevice', 'PTB', 'pyo', 'pygame'] (in that order).
6.7557 	INFO 	Loaded monitor calibration from ['2021_08_16 12:45']
6.7711 	WARNING 	User requested fullscreen with size [1920 1080], but screen is actually [1440, 900]. Using actual size
7.5967 	EXP 	Created window1 = Window(allowGUI=False, allowStencil=False, autoLog=True, backendConf=UNKNOWN, bitsMode=UNKNOWN, blendMode='avg', bpc=(8, 8, 8), color=array([1, 1, 1]), colorSpace='rgb', depthBits=8, fullscr=<method-wrapper '__getattribute__' of attributeSetter object at 0x7fcd52a64be0>, gamma=None, gammaErrorPolicy='raise', lms=UNKNOWN, monitor=<psychopy.monitors.calibTools.Monitor object at 0x7fcd5105ce10>, multiSample=False, name='window1', numSamples=2, pos=[360.0, 225.0], screen=0, size=array([2880, 1800]), stencilBits=0, stereo=False, units='height', useFBO=True, useRetina=True, viewOri=0.0, viewPos=None, viewScale=None, waitBlanking=True, winType='pyglet')
7.5970 	EXP 	window1: mouseVisible = True
7.5971 	EXP 	window1: recordFrameIntervals = False
7.7679 	EXP 	window1: recordFrameIntervals = True
7.9785 	DEBUG 	Screen (0) actual frame rate measured at 61.80
7.9786 	EXP 	window1: recordFrameIntervals = False
9.5965 	INFO 	keyboard.Keyboard is using ptb backend.
9.6776 	EXP 	Created RInstr = TextStim(__class__=<class 'psychopy.visual.text.TextStim'>, alignHoriz=method-wrapper(...), alignText='center', alignVert=method-wrapper(...), anchorHoriz='center', anchorVert='center', antialias=True, autoLog=True, bold=False, color=array([-1., -1., -1.]), colorSpace='rgb', contrast=1.0, depth=0.0, flipHoriz=False, flipVert=False, font='Arial', fontFiles=[], height=0.05, italic=False, languageStyle='LTR', name='RInstr', opacity=1, ori=0, pos=array([0., 0.]), rgb=UNKNOWN, text=str(...), units='height', win=Window(...), wrapWidth=1)
9.9949 	INFO 	keyboard.Keyboard is using ptb backend.
9.9989 	EXP 	Created image_5 = ImageStim(__class__=<class 'psychopy.visual.image.ImageStim'>, autoLog=True, color=array([1., 1., 1.]), colorSpace='rgb', contrast=1.0, depth=-1.0, flipHoriz=False, flipVert=False, image='sin', interpolate=False, mask=None, maskParams=None, name='image_5', opacity=1, ori=0.0, pos=array([0., 0.]), size=array([0.4, 0.4]), texRes=512, units='height', win=Window(...))
10.0227 	INFO 	Mouse: using default window
10.0228 	EXP 	window1: mouseVisible = True
10.0347 	EXP 	Created slider = Slider(__class__=<class 'psychopy.visual.slider.Slider'>, autoDraw=False, autoLog=True, borderColor=None, color=None, colorSpace='rgb', depth=-2, fillColor=None, flip=False, font='HelveticaBold', granularity=0, labelHeight=0.05, labelWrapWidth=None, labels=None, name='slider', opacity=None, pos=(0, -0.28), readOnly=False, self=UNKNOWN, size=(1.0, 0.025), startValue=None, style=method-wrapper(...), styleTweaks=method-wrapper(...), ticks=ndarray(...), units='height', win=Window(...))
10.0874 	EXP 	Created NextBu = ImageStim(__class__=<class 'psychopy.visual.image.ImageStim'>, autoLog=True, color=array([1., 1., 1.]), colorSpace='rgb', contrast=1.0, depth=-3.0, flipHoriz=False, flipVert=False, image='Picture1.png', interpolate=False, mask=None, maskParams=None, name='NextBu', opacity=1, ori=0.0, pos=array([0., 0.]), size=array([0.2, 0.1]), texRes=512, units='height', win=Window(...))
10.0876 	EXP 	window1: mouseVisible = True
10.0986 	EXP 	Created text_4 = TextStim(__class__=<class 'psychopy.visual.text.TextStim'>, alignHoriz=method-wrapper(...), alignText='center', alignVert=method-wrapper(...), anchorHoriz='center', anchorVert='center', antialias=True, autoLog=True, bold=False, color=array([-1., -1., -1.]), colorSpace='rgb', contrast=1.0, depth=-5.0, flipHoriz=False, flipVert=False, font='Arial', fontFiles=[], height=0.03, italic=False, languageStyle='LTR', name='text_4', opacity=1, ori=0, pos=array([-0.5 , -0.32]), rgb=UNKNOWN, text='Not Attractive at all', units='height', win=Window(...), wrapWidth=1)
10.1049 	EXP 	Created text_5 = TextStim(__class__=<class 'psychopy.visual.text.TextStim'>, alignHoriz=method-wrapper(...), alignText='center', alignVert=method-wrapper(...), anchorHoriz='center', anchorVert='center', antialias=True, autoLog=True, bold=False, color=array([-1., -1., -1.]), colorSpace='rgb', contrast=1.0, depth=-6.0, flipHoriz=False, flipVert=False, font='Arial', fontFiles=[], height=0.03, italic=False, languageStyle='LTR', name='text_5', opacity=1, ori=0, pos=array([ 0.5 , -0.32]), rgb=UNKNOWN, text='Very Attractive', units='height', win=Window(...), wrapWidth=1)
10.1068 	EXP 	Created text = TextStim(__class__=<class 'psychopy.visual.text.TextStim'>, alignHoriz=method-wrapper(...), alignText='center', alignVert=method-wrapper(...), anchorHoriz='center', anchorVert='center', antialias=True, autoLog=True, bold=False, color=array([1., 1., 1.]), colorSpace='rgb', contrast=1.0, depth=-1.0, flipHoriz=False, flipVert=False, font='Arial', fontFiles=[], height=0.1, italic=False, languageStyle='LTR', name='text', opacity=1, ori=0, pos=array([0., 0.]), rgb=UNKNOWN, text='', units='height', win=Window(...), wrapWidth=1)
10.1289 	EXP 	Created EndText = TextStim(__class__=<class 'psychopy.visual.text.TextStim'>, alignHoriz=method-wrapper(...), alignText='center', alignVert=method-wrapper(...), anchorHoriz='center', anchorVert='center', antialias=True, autoLog=True, bold=False, color=array([-1., -1., -1.]), colorSpace='rgb', contrast=1.0, depth=0.0, flipHoriz=False, flipVert=False, font='Arial', fontFiles=[], height=0.05, italic=False, languageStyle='LTR', name='EndText', opacity=1, ori=0, pos=array([0., 0.]), rgb=UNKNOWN, text=str(...), units='height', win=Window(...), wrapWidth=1)
10.1469 	EXP 	slider: autoLog = True
10.1469 	EXP 	slider: markerPos = None
10.1469 	EXP 	slider: rating = None
10.1469 	EXP 	slider: markerPos = None
10.1469 	EXP 	slider: contrast = 1.0
10.1469 	EXP 	slider: autoLog = True
10.1469 	EXP 	slider: styleTweaks = []
10.1469 	EXP 	slider: style = ['rating']
10.1469 	EXP 	slider: styleTweaks = ['triangleMarker']
10.1469 	EXP 	RInstr: autoDraw = True
10.8499 	DEBUG 	Read excel file with openpyxl: Rating_BlockOrder.xlsx
10.8504 	EXP 	Imported Rating_BlockOrder.xlsx as conditions, 8 conditions, 1 params
10.8513 	EXP 	Created sequence: random, trialTypes=8, nReps=1, seed=None
10.8517 	EXP 	New trial (rep=0, index=0): {'RatingBlock': 'TrialCondition_D.xlsx'}
10.8615 	DEBUG 	Read excel file with openpyxl: TrialCondition_D.xlsx
10.8622 	EXP 	Imported TrialCondition_D.xlsx as conditions, 4 conditions, 3 params
10.8628 	EXP 	Created sequence: random, trialTypes=4, nReps=1, seed=None
10.8632 	EXP 	New trial (rep=0, index=0): {'Image': 'Images/midA-F-ver3.jpg', 'Gender': 'F', 'AgeGroup': 'midadult'}
10.9293 	DATA 	Keypress: space
10.9459 	EXP 	RInstr: autoDraw = False
10.9459 	EXP 	image_5: image = 'Images/midA-F-ver3.jpg'
10.9459 	EXP 	slider: markerPos = None
10.9459 	EXP 	slider: markerPos = None
10.9459 	EXP 	slider: rating = None
10.9459 	EXP 	image_5: autoDraw = True
11.2344 	EXP 	slider: autoDraw = True
11.2344 	EXP 	NextBu: autoDraw = True
11.2344 	EXP 	text_4: autoDraw = True
11.2344 	EXP 	text_5: autoDraw = True
11.9154 	DATA 	Mouse: Left button down, pos=(721,202)
11.9559 	EXP 	slider: markerPos = 50.11111111111111
11.9780 	EXP 	slider: markerPos = 50.11111111111111
12.0007 	EXP 	slider: markerPos = 50.11111111111111
12.0242 	EXP 	slider: markerPos = 50.11111111111111
12.0378 	DATA 	Mouse:  Left button up, pos=(721,202)
12.0506 	EXP 	slider: markerPos = 50.11111111111111
12.0797 	EXP 	slider: markerPos = 50.11111111111111
12.0797 	EXP 	slider: rating = 50.11111111111111
12.4982 	DATA 	Mouse: Left button down, pos=(721,92)
12.5355 	EXP 	image_5: autoDraw = False
12.5355 	EXP 	slider: autoDraw = False
12.5355 	EXP 	NextBu: autoDraw = False
12.5355 	EXP 	text_4: autoDraw = False
12.5355 	EXP 	text_5: autoDraw = False
12.5355 	EXP 	text: text = 0.5485693264620387
12.5355 	EXP 	text: autoDraw = True
12.5944 	DATA 	Mouse:  Left button up, pos=(721,92)
13.0812 	EXP 	New trial (rep=0, index=1): {'Image': 'Images/midA-M-ver5.jpg', 'Gender': 'M', 'AgeGroup': 'midadult'}
13.1572 	EXP 	text: autoDraw = False
13.1572 	EXP 	text: autoDraw = False
13.1572 	EXP 	image_5: image = 'Images/midA-M-ver5.jpg'
13.1572 	EXP 	slider: markerPos = None
13.1572 	EXP 	slider: markerPos = None
13.1572 	EXP 	slider: rating = None
13.1572 	EXP 	image_5: autoDraw = True
13.4497 	EXP 	slider: autoDraw = True
13.4497 	EXP 	NextBu: autoDraw = True
13.4497 	EXP 	text_4: autoDraw = True
13.4497 	EXP 	text_5: autoDraw = True
13.7950 	DATA 	Mouse: Left button down, pos=(723,188)
13.8165 	EXP 	slider: markerPos = 50.33333333333333
13.8399 	EXP 	slider: markerPos = 50.33333333333333
13.8616 	EXP 	slider: markerPos = 50.33333333333333
13.8851 	EXP 	slider: markerPos = 50.33333333333333
13.8994 	DATA 	Mouse:  Left button up, pos=(723,188)
13.9117 	EXP 	slider: markerPos = 50.33333333333333
13.9374 	EXP 	slider: markerPos = 50.33333333333333
13.9374 	EXP 	slider: rating = 50.33333333333333
14.2105 	DATA 	Mouse: Left button down, pos=(723,70)
14.2497 	EXP 	image_5: autoDraw = False
14.2497 	EXP 	slider: autoDraw = False
14.2497 	EXP 	NextBu: autoDraw = False
14.2497 	EXP 	text_4: autoDraw = False
14.2497 	EXP 	text_5: autoDraw = False
14.2497 	EXP 	text: text = 0.6805662888716951
14.2497 	EXP 	text: autoDraw = True
14.3077 	DATA 	Mouse:  Left button up, pos=(723,70)
14.9172 	EXP 	New trial (rep=0, index=2): {'Image': 'Images/midA-M-ver6.jpg', 'Gender': 'M', 'AgeGroup': 'midadult'}
14.9800 	EXP 	text: autoDraw = False
14.9800 	EXP 	text: autoDraw = False
14.9800 	EXP 	image_5: image = 'Images/midA-M-ver6.jpg'
14.9800 	EXP 	slider: markerPos = None
14.9800 	EXP 	slider: markerPos = None
14.9800 	EXP 	slider: rating = None
14.9800 	EXP 	image_5: autoDraw = True
15.2671 	EXP 	slider: autoDraw = True
15.2671 	EXP 	NextBu: autoDraw = True
15.2671 	EXP 	text_4: autoDraw = True
15.2671 	EXP 	text_5: autoDraw = True
15.7671 	DATA 	Mouse: Left button down, pos=(726,206)
15.7919 	EXP 	slider: markerPos = 50.66666666666667
15.8143 	EXP 	slider: markerPos = 50.66666666666667
15.8369 	EXP 	slider: markerPos = 50.66666666666667
15.8591 	EXP 	slider: markerPos = 50.66666666666667
15.8718 	DATA 	Mouse:  Left button up, pos=(726,206)
15.8819 	EXP 	slider: markerPos = 50.66666666666667
15.9071 	EXP 	slider: markerPos = 50.66666666666667
15.9071 	EXP 	slider: rating = 50.66666666666667
16.1653 	DATA 	Mouse: Left button down, pos=(726,78)
16.1886 	EXP 	image_5: autoDraw = False
16.1886 	EXP 	slider: autoDraw = False
16.1886 	EXP 	NextBu: autoDraw = False
16.1886 	EXP 	text_4: autoDraw = False
16.1886 	EXP 	text_5: autoDraw = False
16.1886 	EXP 	text: text = 0.7025313997680042
16.1886 	EXP 	text: autoDraw = True
16.2730 	DATA 	Mouse:  Left button up, pos=(726,78)
16.8797 	EXP 	New trial (rep=0, index=3): {'Image': 'Images/midA-F-ver2.jpg', 'Gender': 'F', 'AgeGroup': 'midadult'}
16.9438 	EXP 	text: autoDraw = False
16.9438 	EXP 	text: autoDraw = False
16.9438 	EXP 	image_5: image = 'Images/midA-F-ver2.jpg'
16.9438 	EXP 	slider: markerPos = None
16.9438 	EXP 	slider: markerPos = None
16.9438 	EXP 	slider: rating = None
16.9438 	EXP 	image_5: autoDraw = True
17.2328 	EXP 	slider: autoDraw = True
17.2328 	EXP 	NextBu: autoDraw = True
17.2328 	EXP 	text_4: autoDraw = True
17.2328 	EXP 	text_5: autoDraw = True
17.4536 	DATA 	Mouse: Left button down, pos=(723,209)
17.4769 	EXP 	slider: markerPos = 50.33333333333333
17.4988 	EXP 	slider: markerPos = 50.33333333333333
17.5218 	EXP 	slider: markerPos = 50.33333333333333
17.5438 	EXP 	slider: markerPos = 50.33333333333333
17.5657 	EXP 	slider: markerPos = 50.33333333333333
17.5685 	DATA 	Mouse:  Left button up, pos=(723,209)
17.5909 	EXP 	slider: markerPos = 50.33333333333333
17.5909 	EXP 	slider: rating = 50.33333333333333
17.8420 	DATA 	Mouse: Left button down, pos=(723,95)
17.8646 	EXP 	image_5: autoDraw = False
17.8646 	EXP 	slider: autoDraw = False
17.8646 	EXP 	NextBu: autoDraw = False
17.8646 	EXP 	text_4: autoDraw = False
17.8646 	EXP 	text_5: autoDraw = False
17.8646 	EXP 	text: text = 1.2543681164168996
17.8646 	EXP 	text: autoDraw = True
17.9497 	DATA 	Mouse:  Left button up, pos=(723,95)
19.1136 	EXP 	New trial (rep=0, index=1): {'RatingBlock': 'TrialCondition_C.xlsx'}
19.1300 	DEBUG 	Read excel file with openpyxl: TrialCondition_C.xlsx
19.1308 	EXP 	Imported TrialCondition_C.xlsx as conditions, 4 conditions, 3 params
19.1314 	EXP 	Created sequence: random, trialTypes=4, nReps=1, seed=None
19.1318 	EXP 	New trial (rep=0, index=0): {'Image': 'Images/yA-F-ver2.jpg', 'Gender': 'F', 'AgeGroup': 'youngadult'}
19.1680 	EXP 	text: autoDraw = False
19.1680 	EXP 	text: autoDraw = False
19.1680 	EXP 	image_5: image = 'Images/yA-F-ver2.jpg'
19.1680 	EXP 	slider: markerPos = None
19.1680 	EXP 	slider: markerPos = None
19.1680 	EXP 	slider: rating = None
19.1680 	EXP 	image_5: autoDraw = True
19.4678 	EXP 	slider: autoDraw = True
19.4678 	EXP 	NextBu: autoDraw = True
19.4678 	EXP 	text_4: autoDraw = True
19.4678 	EXP 	text_5: autoDraw = True
19.9968 	DATA 	Mouse: Left button down, pos=(721,203)
20.0175 	EXP 	slider: markerPos = 50.11111111111111
20.0395 	EXP 	slider: markerPos = 50.11111111111111
20.0613 	EXP 	slider: markerPos = 50.11111111111111
20.0861 	EXP 	slider: markerPos = 50.11111111111111
20.1002 	DATA 	Mouse:  Left button up, pos=(721,203)
20.1115 	EXP 	slider: markerPos = 50.11111111111111
20.1375 	EXP 	slider: markerPos = 50.11111111111111
20.1375 	EXP 	slider: rating = 50.11111111111111
20.5143 	DATA 	Mouse: Left button down, pos=(722,117)
20.5560 	EXP 	image_5: autoDraw = False
20.5560 	EXP 	slider: autoDraw = False
20.5560 	EXP 	NextBu: autoDraw = False
20.5560 	EXP 	text_4: autoDraw = False
20.5560 	EXP 	text_5: autoDraw = False
20.5560 	EXP 	text: text = 0.9910828719669926
20.5560 	EXP 	text: autoDraw = True
20.6312 	DATA 	Mouse:  Left button up, pos=(723,117)
21.5465 	EXP 	New trial (rep=0, index=1): {'Image': 'Images/yA-M-ver5.jpg', 'Gender': 'M', 'AgeGroup': 'youngadult'}
21.5830 	EXP 	text: autoDraw = False
21.5830 	EXP 	text: autoDraw = False
21.5830 	EXP 	image_5: image = 'Images/yA-M-ver5.jpg'
21.5830 	EXP 	slider: markerPos = None
21.5830 	EXP 	slider: markerPos = None
21.5830 	EXP 	slider: rating = None
21.5830 	EXP 	image_5: autoDraw = True
21.8754 	EXP 	slider: autoDraw = True
21.8754 	EXP 	NextBu: autoDraw = True
21.8754 	EXP 	text_4: autoDraw = True
21.8754 	EXP 	text_5: autoDraw = True
27.2319 	DATA 	Mouse: Left button down, pos=(721,196)
27.2535 	EXP 	slider: markerPos = 50.11111111111111
27.2774 	EXP 	slider: markerPos = 50.11111111111111
27.3005 	EXP 	slider: markerPos = 50.11111111111111
27.3246 	EXP 	slider: markerPos = 50.11111111111111
27.3284 	DATA 	Mouse:  Left button up, pos=(721,196)
27.3516 	EXP 	slider: markerPos = 50.11111111111111
27.3516 	EXP 	slider: rating = 50.11111111111111
27.7779 	DATA 	Mouse: Left button down, pos=(728,112)
27.8032 	EXP 	image_5: autoDraw = False
27.8032 	EXP 	slider: autoDraw = False
27.8032 	EXP 	NextBu: autoDraw = False
27.8032 	EXP 	text_4: autoDraw = False
27.8032 	EXP 	text_5: autoDraw = False
27.8032 	EXP 	text: text = 0.9250931684312697
27.8032 	EXP 	text: autoDraw = True
27.9057 	DATA 	Mouse:  Left button up, pos=(728,112)
28.7294 	EXP 	New trial (rep=0, index=2): {'Image': 'Images/yA-M-ver7.jpg', 'Gender': 'M', 'AgeGroup': 'youngadult'}
28.7634 	EXP 	text: autoDraw = False
28.7634 	EXP 	text: autoDraw = False
28.7634 	EXP 	image_5: image = 'Images/yA-M-ver7.jpg'
28.7634 	EXP 	slider: markerPos = None
28.7634 	EXP 	slider: markerPos = None
28.7634 	EXP 	slider: rating = None
28.7634 	EXP 	image_5: autoDraw = True
29.0514 	EXP 	slider: autoDraw = True
29.0514 	EXP 	NextBu: autoDraw = True
29.0514 	EXP 	text_4: autoDraw = True
29.0514 	EXP 	text_5: autoDraw = True
29.4752 	DATA 	Mouse: Left button down, pos=(715,194)
29.5108 	EXP 	slider: markerPos = 49.44444444444444
29.5341 	EXP 	slider: markerPos = 49.44444444444444
29.5586 	EXP 	slider: markerPos = 49.44444444444444
29.5720 	DATA 	Mouse:  Left button up, pos=(715,195)
29.5845 	EXP 	slider: markerPos = 49.44444444444444
29.6128 	EXP 	slider: markerPos = 49.44444444444444
29.6128 	EXP 	slider: rating = 49.44444444444444
30.0881 	DATA 	Mouse: Left button down, pos=(742,98)
30.1136 	EXP 	image_5: autoDraw = False
30.1136 	EXP 	slider: autoDraw = False
30.1136 	EXP 	NextBu: autoDraw = False
30.1136 	EXP 	text_4: autoDraw = False
30.1136 	EXP 	text_5: autoDraw = False
30.1136 	EXP 	text: text = 1.0129723902715417
30.1136 	EXP 	text: autoDraw = True
30.1646 	DATA 	Mouse:  Left button up, pos=(742,98)
31.1139 	EXP 	New trial (rep=0, index=3): {'Image': 'Images/yA-F-ver5.jpg', 'Gender': 'F', 'AgeGroup': 'youngadult'}
31.1489 	EXP 	text: autoDraw = False
31.1489 	EXP 	text: autoDraw = False
31.1489 	EXP 	image_5: image = 'Images/yA-F-ver5.jpg'
31.1489 	EXP 	slider: markerPos = None
31.1489 	EXP 	slider: markerPos = None
31.1489 	EXP 	slider: rating = None
31.1489 	EXP 	image_5: autoDraw = True
31.4342 	EXP 	slider: autoDraw = True
31.4342 	EXP 	NextBu: autoDraw = True
31.4342 	EXP 	text_4: autoDraw = True
31.4342 	EXP 	text_5: autoDraw = True
32.4315 	DATA 	Mouse: Left button down, pos=(721,199)
32.4561 	EXP 	slider: markerPos = 50.11111111111111
32.4819 	EXP 	slider: markerPos = 50.11111111111111
32.5087 	EXP 	slider: markerPos = 50.11111111111111
32.5245 	DATA 	Mouse:  Left button up, pos=(721,199)
32.5362 	EXP 	slider: markerPos = 50.11111111111111
32.5632 	EXP 	slider: markerPos = 50.11111111111111
32.5632 	EXP 	slider: rating = 50.11111111111111
33.0184 	DATA 	Mouse: Left button down, pos=(728,94)
33.0464 	EXP 	image_5: autoDraw = False
33.0464 	EXP 	slider: autoDraw = False
33.0464 	EXP 	NextBu: autoDraw = False
33.0464 	EXP 	text_4: autoDraw = False
33.0464 	EXP 	text_5: autoDraw = False
33.0464 	EXP 	text: text = 0.6207042522044808
33.0464 	EXP 	text: autoDraw = True
33.1144 	DATA 	Mouse:  Left button up, pos=(728,94)
33.6646 	EXP 	New trial (rep=0, index=2): {'RatingBlock': 'TrialCondition_B.xlsx'}
33.6788 	DEBUG 	Read excel file with openpyxl: TrialCondition_B.xlsx
33.6796 	EXP 	Imported TrialCondition_B.xlsx as conditions, 3 conditions, 3 params
33.6803 	EXP 	Created sequence: random, trialTypes=3, nReps=1, seed=None
33.6807 	EXP 	New trial (rep=0, index=0): {'Image': None, 'Gender': None, 'AgeGroup': None}
33.6997 	EXP 	text: autoDraw = False
33.6997 	EXP 	text: autoDraw = False
33.6997 	EXP 	image_5: image = None
33.6997 	EXP 	slider: markerPos = None
33.6997 	EXP 	slider: markerPos = None
33.6997 	EXP 	slider: rating = None
33.6997 	EXP 	image_5: autoDraw = True
33.9995 	EXP 	slider: autoDraw = True
33.9995 	EXP 	NextBu: autoDraw = True
33.9995 	EXP 	text_4: autoDraw = True
33.9995 	EXP 	text_5: autoDraw = True
34.3761 	DATA 	Mouse: Left button down, pos=(722,202)
34.4091 	EXP 	slider: markerPos = 50.22222222222222
34.4317 	EXP 	slider: markerPos = 50.22222222222222
34.4531 	EXP 	slider: markerPos = 50.22222222222222
34.4754 	EXP 	slider: markerPos = 50.22222222222222
34.4882 	DATA 	Mouse:  Left button up, pos=(722,202)
34.4987 	EXP 	slider: markerPos = 50.22222222222222
34.5272 	EXP 	slider: markerPos = 50.22222222222222
34.5272 	EXP 	slider: rating = 50.22222222222222
34.8962 	DATA 	Mouse: Left button down, pos=(723,91)
34.9365 	EXP 	image_5: autoDraw = False
34.9365 	EXP 	slider: autoDraw = False
34.9365 	EXP 	NextBu: autoDraw = False
34.9365 	EXP 	text_4: autoDraw = False
34.9365 	EXP 	text_5: autoDraw = False
34.9365 	EXP 	text: text = 0.7912007328948147
34.9365 	EXP 	text: autoDraw = True
35.0417 	DATA 	Mouse:  Left button up, pos=(723,91)
35.7143 	EXP 	New trial (rep=0, index=1): {'Image': None, 'Gender': None, 'AgeGroup': None}
35.7359 	EXP 	text: autoDraw = False
35.7359 	EXP 	text: autoDraw = False
35.7359 	EXP 	image_5: image = None
35.7359 	EXP 	slider: markerPos = None
35.7359 	EXP 	slider: markerPos = None
35.7359 	EXP 	slider: rating = None
35.7359 	EXP 	image_5: autoDraw = True
36.0328 	EXP 	slider: autoDraw = True
36.0328 	EXP 	NextBu: autoDraw = True
36.0328 	EXP 	text_4: autoDraw = True
36.0328 	EXP 	text_5: autoDraw = True
36.3931 	DATA 	Mouse: Left button down, pos=(722,193)
36.4252 	EXP 	slider: markerPos = 50.22222222222222
36.4461 	EXP 	slider: markerPos = 50.22222222222222
36.4679 	EXP 	slider: markerPos = 50.22222222222222
36.4814 	DATA 	Mouse:  Left button up, pos=(722,193)
36.4913 	EXP 	slider: markerPos = 50.22222222222222
36.5155 	EXP 	slider: markerPos = 50.22222222222222
36.5155 	EXP 	slider: rating = 50.22222222222222
36.9323 	DATA 	Mouse: Left button down, pos=(722,93)
36.9563 	EXP 	image_5: autoDraw = False
36.9563 	EXP 	slider: autoDraw = False
36.9563 	EXP 	NextBu: autoDraw = False
36.9563 	EXP 	text_4: autoDraw = False
36.9563 	EXP 	text_5: autoDraw = False
36.9563 	EXP 	text: text = 1.2358097180178929
36.9563 	EXP 	text: autoDraw = True
37.0550 	DATA 	Mouse:  Left button up, pos=(722,93)
38.1820 	EXP 	New trial (rep=0, index=2): {'Image': None, 'Gender': None, 'AgeGroup': None}
38.2034 	EXP 	text: autoDraw = False
38.2034 	EXP 	text: autoDraw = False
38.2034 	EXP 	image_5: image = None
38.2034 	EXP 	slider: markerPos = None
38.2034 	EXP 	slider: markerPos = None
38.2034 	EXP 	slider: rating = None
38.2034 	EXP 	image_5: autoDraw = True
38.5006 	EXP 	slider: autoDraw = True
38.5006 	EXP 	NextBu: autoDraw = True
38.5006 	EXP 	text_4: autoDraw = True
38.5006 	EXP 	text_5: autoDraw = True
38.9309 	DATA 	Mouse: Left button down, pos=(723,204)
38.9518 	EXP 	slider: markerPos = 50.33333333333333
38.9749 	EXP 	slider: markerPos = 50.33333333333333
38.9964 	EXP 	slider: markerPos = 50.33333333333333
39.0183 	EXP 	slider: markerPos = 50.33333333333333
39.0392 	EXP 	slider: markerPos = 50.33333333333333
39.0430 	DATA 	Mouse:  Left button up, pos=(723,204)
39.0644 	EXP 	slider: markerPos = 50.33333333333333
39.0644 	EXP 	slider: rating = 50.33333333333333
39.3429 	DATA 	Mouse: Left button down, pos=(725,93)
39.3819 	EXP 	image_5: autoDraw = False
39.3819 	EXP 	slider: autoDraw = False
39.3819 	EXP 	NextBu: autoDraw = False
39.3819 	EXP 	text_4: autoDraw = False
39.3819 	EXP 	text_5: autoDraw = False
39.3819 	EXP 	text: text = 1.2010561282324002
39.3819 	EXP 	text: autoDraw = True
39.4405 	DATA 	Mouse:  Left button up, pos=(725,93)
40.5795 	EXP 	New trial (rep=0, index=3): {'RatingBlock': 'TrialCondition_E.xlsx'}
40.5946 	DEBUG 	Read excel file with openpyxl: TrialCondition_E.xlsx
40.5954 	EXP 	Imported TrialCondition_E.xlsx as conditions, 4 conditions, 3 params
40.5961 	EXP 	Created sequence: random, trialTypes=4, nReps=1, seed=None
40.5965 	EXP 	New trial (rep=0, index=0): {'Image': 'Images/sA-M-ver7.jpg', 'Gender': 'M', 'AgeGroup': 'senioradult'}
40.6618 	EXP 	text: autoDraw = False
40.6618 	EXP 	text: autoDraw = False
40.6618 	EXP 	image_5: image = 'Images/sA-M-ver7.jpg'
40.6618 	EXP 	slider: markerPos = None
40.6618 	EXP 	slider: markerPos = None
40.6618 	EXP 	slider: rating = None
40.6618 	EXP 	image_5: autoDraw = True
40.9567 	EXP 	slider: autoDraw = True
40.9567 	EXP 	NextBu: autoDraw = True
40.9567 	EXP 	text_4: autoDraw = True
40.9567 	EXP 	text_5: autoDraw = True
41.3194 	DATA 	Mouse: Left button down, pos=(712,208)
41.3441 	EXP 	slider: markerPos = 49.111111111111114
41.3668 	EXP 	slider: markerPos = 49.111111111111114
41.3896 	EXP 	slider: markerPos = 49.111111111111114
41.4125 	EXP 	slider: markerPos = 49.111111111111114
41.4159 	DATA 	Mouse:  Left button up, pos=(712,208)
41.4395 	EXP 	slider: markerPos = 49.111111111111114
41.4395 	EXP 	slider: rating = 49.111111111111114
41.7732 	DATA 	Mouse: Left button down, pos=(725,116)
41.8006 	EXP 	image_5: autoDraw = False
41.8006 	EXP 	slider: autoDraw = False
41.8006 	EXP 	NextBu: autoDraw = False
41.8006 	EXP 	text_4: autoDraw = False
41.8006 	EXP 	text_5: autoDraw = False
41.8006 	EXP 	text: text = 1.157238306559612
41.8006 	EXP 	text: autoDraw = True
41.8729 	DATA 	Mouse:  Left button up, pos=(725,116)
42.9469 	EXP 	New trial (rep=0, index=1): {'Image': 'Images/sA-F-ver7.jpg', 'Gender': 'F', 'AgeGroup': 'senioradult'}
43.0124 	EXP 	text: autoDraw = False
43.0124 	EXP 	text: autoDraw = False
43.0124 	EXP 	image_5: image = 'Images/sA-F-ver7.jpg'
43.0124 	EXP 	slider: markerPos = None
43.0124 	EXP 	slider: markerPos = None
43.0124 	EXP 	slider: rating = None
43.0124 	EXP 	image_5: autoDraw = True
43.3010 	EXP 	slider: autoDraw = True
43.3010 	EXP 	NextBu: autoDraw = True
43.3010 	EXP 	text_4: autoDraw = True
43.3010 	EXP 	text_5: autoDraw = True
43.7028 	DATA 	Mouse: Left button down, pos=(722,185)
43.8139 	DATA 	Mouse:  Left button up, pos=(722,185)
44.3309 	DATA 	Mouse: Left button down, pos=(718,203)
44.3519 	EXP 	slider: markerPos = 49.77777777777778
44.3767 	EXP 	slider: markerPos = 49.77777777777778
44.4011 	EXP 	slider: markerPos = 49.77777777777778
44.4155 	DATA 	Mouse:  Left button up, pos=(718,203)
44.4274 	EXP 	slider: markerPos = 49.77777777777778
44.4539 	EXP 	slider: markerPos = 49.77777777777778
44.4539 	EXP 	slider: rating = 49.77777777777778
44.7760 	DATA 	Mouse: Left button down, pos=(724,70)
44.8005 	EXP 	image_5: autoDraw = False
44.8005 	EXP 	slider: autoDraw = False
44.8005 	EXP 	NextBu: autoDraw = False
44.8005 	EXP 	text_4: autoDraw = False
44.8005 	EXP 	text_5: autoDraw = False
44.8005 	EXP 	text: text = 1.1656699164626372
44.8005 	EXP 	text: autoDraw = True
44.8754 	DATA 	Mouse:  Left button up, pos=(724,70)
45.9623 	EXP 	New trial (rep=0, index=2): {'Image': 'Images/sA-F-ver1.jpg', 'Gender': 'F', 'AgeGroup': 'senioradult'}
46.0345 	EXP 	text: autoDraw = False
46.0345 	EXP 	text: autoDraw = False
46.0345 	EXP 	image_5: image = 'Images/sA-F-ver1.jpg'
46.0345 	EXP 	slider: markerPos = None
46.0345 	EXP 	slider: markerPos = None
46.0345 	EXP 	slider: rating = None
46.0345 	EXP 	image_5: autoDraw = True
46.3342 	EXP 	slider: autoDraw = True
46.3342 	EXP 	NextBu: autoDraw = True
46.3342 	EXP 	text_4: autoDraw = True
46.3342 	EXP 	text_5: autoDraw = True
46.8125 	DATA 	Mouse: Left button down, pos=(720,193)
46.8341 	EXP 	slider: markerPos = 50.0
46.8572 	EXP 	slider: markerPos = 50.0
46.8810 	EXP 	slider: markerPos = 50.0
46.9053 	EXP 	slider: markerPos = 50.0
46.9095 	DATA 	Mouse:  Left button up, pos=(720,193)
46.9341 	EXP 	slider: markerPos = 50.0
46.9341 	EXP 	slider: rating = 50.0
47.4121 	DATA 	Mouse: Left button down, pos=(722,73)
47.4391 	EXP 	image_5: autoDraw = False
47.4391 	EXP 	slider: autoDraw = False
47.4391 	EXP 	NextBu: autoDraw = False
47.4391 	EXP 	text_4: autoDraw = False
47.4391 	EXP 	text_5: autoDraw = False
47.4391 	EXP 	text: text = 0.7097894509879468
47.4391 	EXP 	text: autoDraw = True
47.5016 	DATA 	Mouse:  Left button up, pos=(722,73)
48.1482 	EXP 	New trial (rep=0, index=3): {'Image': 'Images/sA-M-ver4.jpg', 'Gender': 'M', 'AgeGroup': 'senioradult'}
48.2232 	EXP 	text: autoDraw = False
48.2232 	EXP 	text: autoDraw = False
48.2232 	EXP 	image_5: image = 'Images/sA-M-ver4.jpg'
48.2232 	EXP 	slider: markerPos = None
48.2232 	EXP 	slider: markerPos = None
48.2232 	EXP 	slider: rating = None
48.2232 	EXP 	image_5: autoDraw = True
48.5155 	EXP 	slider: autoDraw = True
48.5155 	EXP 	NextBu: autoDraw = True
48.5155 	EXP 	text_4: autoDraw = True
48.5155 	EXP 	text_5: autoDraw = True
48.8978 	DATA 	Mouse: Left button down, pos=(720,193)
48.9327 	EXP 	slider: markerPos = 50.0
48.9553 	EXP 	slider: markerPos = 50.0
48.9769 	EXP 	slider: markerPos = 50.0
48.9927 	DATA 	Mouse:  Left button up, pos=(720,193)
49.0028 	EXP 	slider: markerPos = 50.0
49.0287 	EXP 	slider: markerPos = 50.0
49.0287 	EXP 	slider: rating = 50.0
49.5378 	DATA 	Mouse: Left button down, pos=(716,97)
49.5644 	EXP 	image_5: autoDraw = False
49.5644 	EXP 	slider: autoDraw = False
49.5644 	EXP 	NextBu: autoDraw = False
49.5644 	EXP 	text_4: autoDraw = False
49.5644 	EXP 	text_5: autoDraw = False
49.5644 	EXP 	text: text = 1.1732663915963506
49.5644 	EXP 	text: autoDraw = True
49.6251 	DATA 	Mouse:  Left button up, pos=(716,97)
50.7298 	EXP 	New trial (rep=0, index=4): {'RatingBlock': 'TrialCondition_F.xlsx'}
50.7435 	DEBUG 	Read excel file with openpyxl: TrialCondition_F.xlsx
50.7450 	EXP 	Imported TrialCondition_F.xlsx as conditions, 8 conditions, 3 params
50.7456 	EXP 	Created sequence: random, trialTypes=8, nReps=1, seed=None
50.7461 	EXP 	New trial (rep=0, index=0): {'Image': 'Images/M-A-C.jpg', 'Gender': 'M', 'AgeGroup': 'Adult '}
50.7766 	EXP 	text: autoDraw = False
50.7766 	EXP 	text: autoDraw = False
50.7766 	EXP 	image_5: image = 'Images/M-A-C.jpg'
50.7766 	EXP 	slider: markerPos = None
50.7766 	EXP 	slider: markerPos = None
50.7766 	EXP 	slider: rating = None
50.7766 	EXP 	image_5: autoDraw = True
51.0687 	EXP 	slider: autoDraw = True
51.0687 	EXP 	NextBu: autoDraw = True
51.0687 	EXP 	text_4: autoDraw = True
51.0687 	EXP 	text_5: autoDraw = True
51.5289 	DATA 	Mouse: Left button down, pos=(725,195)
51.5488 	EXP 	slider: markerPos = 50.55555555555556
51.5723 	EXP 	slider: markerPos = 50.55555555555556
51.5942 	EXP 	slider: markerPos = 50.55555555555556
51.6202 	EXP 	slider: markerPos = 50.55555555555556
51.6362 	DATA 	Mouse:  Left button up, pos=(725,195)
51.6484 	EXP 	slider: markerPos = 50.55555555555556
51.6778 	EXP 	slider: markerPos = 50.55555555555556
51.6778 	EXP 	slider: rating = 50.55555555555556
52.0250 	DATA 	Mouse: Left button down, pos=(719,113)
52.0500 	EXP 	image_5: autoDraw = False
52.0500 	EXP 	slider: autoDraw = False
52.0500 	EXP 	NextBu: autoDraw = False
52.0500 	EXP 	text_4: autoDraw = False
52.0500 	EXP 	text_5: autoDraw = False
52.0500 	EXP 	text: text = 1.0753989840565679
52.0500 	EXP 	text: autoDraw = True
52.1232 	DATA 	Mouse:  Left button up, pos=(719,113)
53.1121 	EXP 	New trial (rep=0, index=1): {'Image': 'Images/F-C-C.jpg', 'Gender': 'F', 'AgeGroup': 'Adult '}
53.1447 	EXP 	text: autoDraw = False
53.1447 	EXP 	text: autoDraw = False
53.1447 	EXP 	image_5: image = 'Images/F-C-C.jpg'
53.1447 	EXP 	slider: markerPos = None
53.1447 	EXP 	slider: markerPos = None
53.1447 	EXP 	slider: rating = None
53.1447 	EXP 	image_5: autoDraw = True
53.4364 	EXP 	slider: autoDraw = True
53.4364 	EXP 	NextBu: autoDraw = True
53.4364 	EXP 	text_4: autoDraw = True
53.4364 	EXP 	text_5: autoDraw = True
54.1657 	DATA 	Mouse: Left button down, pos=(719,190)
54.1856 	EXP 	slider: markerPos = 49.888888888888886
54.2089 	EXP 	slider: markerPos = 49.888888888888886
54.2314 	EXP 	slider: markerPos = 49.888888888888886
54.2566 	EXP 	slider: markerPos = 49.888888888888886
54.2800 	EXP 	slider: markerPos = 49.888888888888886
54.2835 	DATA 	Mouse:  Left button up, pos=(719,190)
54.3111 	EXP 	slider: markerPos = 49.888888888888886
54.3111 	EXP 	slider: rating = 49.888888888888886
54.9211 	DATA 	Mouse: Left button down, pos=(723,102)
54.9646 	EXP 	image_5: autoDraw = False
54.9646 	EXP 	slider: autoDraw = False
54.9646 	EXP 	NextBu: autoDraw = False
54.9646 	EXP 	text_4: autoDraw = False
54.9646 	EXP 	text_5: autoDraw = False
54.9646 	EXP 	text: text = 0.8953311533390085
54.9646 	EXP 	text: autoDraw = True
55.0436 	DATA 	Mouse:  Left button up, pos=(723,102)
55.8482 	EXP 	New trial (rep=0, index=2): {'Image': 'Images/F-A-C.jpg', 'Gender': 'F', 'AgeGroup': 'Adult '}
55.8796 	EXP 	text: autoDraw = False
55.8796 	EXP 	text: autoDraw = False
55.8796 	EXP 	image_5: image = 'Images/F-A-C.jpg'
55.8796 	EXP 	slider: markerPos = None
55.8796 	EXP 	slider: markerPos = None
55.8796 	EXP 	slider: rating = None
55.8796 	EXP 	image_5: autoDraw = True
56.1726 	EXP 	slider: autoDraw = True
56.1726 	EXP 	NextBu: autoDraw = True
56.1726 	EXP 	text_4: autoDraw = True
56.1726 	EXP 	text_5: autoDraw = True
56.6471 	DATA 	Mouse: Left button down, pos=(720,195)
56.6803 	EXP 	slider: markerPos = 50.0
56.7031 	EXP 	slider: markerPos = 50.0
56.7266 	EXP 	slider: markerPos = 50.0
56.7491 	EXP 	slider: markerPos = 50.0
56.7552 	DATA 	Mouse:  Left button up, pos=(720,195)
56.7783 	EXP 	slider: markerPos = 50.0
56.7783 	EXP 	slider: rating = 50.0
57.0446 	DATA 	Mouse: Left button down, pos=(720,127)
57.0678 	EXP 	image_5: autoDraw = False
57.0678 	EXP 	slider: autoDraw = False
57.0678 	EXP 	NextBu: autoDraw = False
57.0678 	EXP 	text_4: autoDraw = False
57.0678 	EXP 	text_5: autoDraw = False
57.0678 	EXP 	text: text = 0.8966139110139515
57.0678 	EXP 	text: autoDraw = True
57.1532 	DATA 	Mouse:  Left button up, pos=(720,127)
57.9640 	EXP 	New trial (rep=0, index=3): {'Image': 'Images/F-C-A.jpg', 'Gender': 'F', 'AgeGroup': 'Adult '}
57.9968 	EXP 	text: autoDraw = False
57.9968 	EXP 	text: autoDraw = False
57.9968 	EXP 	image_5: image = 'Images/F-C-A.jpg'
57.9968 	EXP 	slider: markerPos = None
57.9968 	EXP 	slider: markerPos = None
57.9968 	EXP 	slider: rating = None
57.9968 	EXP 	image_5: autoDraw = True
58.2833 	EXP 	slider: autoDraw = True
58.2833 	EXP 	NextBu: autoDraw = True
58.2833 	EXP 	text_4: autoDraw = True
58.2833 	EXP 	text_5: autoDraw = True
58.4961 	DATA 	Mouse: Left button down, pos=(727,201)
58.5314 	EXP 	slider: markerPos = 50.77777777777778
58.5550 	EXP 	slider: markerPos = 50.77777777777778
58.5777 	EXP 	slider: markerPos = 50.77777777777778
58.6015 	EXP 	slider: markerPos = 50.77777777777778
58.6045 	DATA 	Mouse:  Left button up, pos=(727,201)
58.6283 	EXP 	slider: markerPos = 50.77777777777778
58.6283 	EXP 	slider: rating = 50.77777777777778
59.0980 	DATA 	Mouse: Left button down, pos=(725,106)
59.1414 	EXP 	image_5: autoDraw = False
59.1414 	EXP 	slider: autoDraw = False
59.1414 	EXP 	NextBu: autoDraw = False
59.1414 	EXP 	text_4: autoDraw = False
59.1414 	EXP 	text_5: autoDraw = False
59.1414 	EXP 	text: text = 1.1070745387307777
59.1414 	EXP 	text: autoDraw = True
59.2023 	DATA 	Mouse:  Left button up, pos=(725,106)
60.2455 	EXP 	New trial (rep=0, index=4): {'Image': 'Images/M-C-C.jpg', 'Gender': 'M', 'AgeGroup': 'Adult '}
60.2765 	EXP 	text: autoDraw = False
60.2765 	EXP 	text: autoDraw = False
60.2765 	EXP 	image_5: image = 'Images/M-C-C.jpg'
60.2765 	EXP 	slider: markerPos = None
60.2765 	EXP 	slider: markerPos = None
60.2765 	EXP 	slider: rating = None
60.2765 	EXP 	image_5: autoDraw = True
60.5496 	DATA 	Mouse: Left button down, pos=(731,217)
60.5670 	EXP 	slider: autoDraw = True
60.5670 	EXP 	NextBu: autoDraw = True
60.5670 	EXP 	text_4: autoDraw = True
60.5670 	EXP 	text_5: autoDraw = True
60.6569 	DATA 	Mouse:  Left button up, pos=(731,217)
61.0211 	DATA 	Mouse: Left button down, pos=(731,194)
61.0428 	EXP 	slider: markerPos = 51.22222222222222
61.0648 	EXP 	slider: markerPos = 51.22222222222222
61.0876 	EXP 	slider: markerPos = 51.22222222222222
61.1102 	EXP 	slider: markerPos = 51.22222222222222
61.1131 	DATA 	Mouse:  Left button up, pos=(731,194)
61.1366 	EXP 	slider: markerPos = 51.22222222222222
61.1366 	EXP 	slider: rating = 51.22222222222222
61.4116 	DATA 	Mouse: Left button down, pos=(731,109)
61.4332 	EXP 	image_5: autoDraw = False
61.4332 	EXP 	slider: autoDraw = False
61.4332 	EXP 	NextBu: autoDraw = False
61.4332 	EXP 	text_4: autoDraw = False
61.4332 	EXP 	text_5: autoDraw = False
61.4332 	EXP 	text: text = 1.168403633877589
61.4332 	EXP 	text: autoDraw = True
61.5022 	DATA 	Mouse:  Left button up, pos=(731,109)
62.5958 	EXP 	New trial (rep=0, index=5): {'Image': 'Images/F-A-A.jpg', 'Gender': 'F', 'AgeGroup': 'Adult '}
62.6277 	EXP 	text: autoDraw = False
62.6277 	EXP 	text: autoDraw = False
62.6277 	EXP 	image_5: image = 'Images/F-A-A.jpg'
62.6277 	EXP 	slider: markerPos = None
62.6277 	EXP 	slider: markerPos = None
62.6277 	EXP 	slider: rating = None
62.6277 	EXP 	image_5: autoDraw = True
62.9146 	EXP 	slider: autoDraw = True
62.9146 	EXP 	NextBu: autoDraw = True
62.9146 	EXP 	text_4: autoDraw = True
62.9146 	EXP 	text_5: autoDraw = True
64.4590 	DATA 	Mouse: Left button down, pos=(714,185)
64.5639 	DATA 	Mouse:  Left button up, pos=(714,185)
64.8186 	DATA 	Mouse: Left button down, pos=(726,198)
64.8417 	EXP 	slider: markerPos = 50.66666666666667
64.8667 	EXP 	slider: markerPos = 50.66666666666667
64.8915 	EXP 	slider: markerPos = 50.66666666666667
64.9146 	EXP 	slider: markerPos = 50.66666666666667
64.9174 	DATA 	Mouse:  Left button up, pos=(726,198)
64.9417 	EXP 	slider: markerPos = 50.66666666666667
64.9417 	EXP 	slider: rating = 50.66666666666667
65.2082 	DATA 	Mouse: Left button down, pos=(725,74)
65.2358 	EXP 	image_5: autoDraw = False
65.2358 	EXP 	slider: autoDraw = False
65.2358 	EXP 	NextBu: autoDraw = False
65.2358 	EXP 	text_4: autoDraw = False
65.2358 	EXP 	text_5: autoDraw = False
65.2358 	EXP 	text: text = 0.8711800864569407
65.2358 	EXP 	text: autoDraw = True
65.2796 	DATA 	Mouse:  Left button up, pos=(725,74)
66.0962 	EXP 	New trial (rep=0, index=6): {'Image': 'Images/M-A-A.jpg', 'Gender': 'M', 'AgeGroup': 'Adult '}
66.1266 	EXP 	text: autoDraw = False
66.1266 	EXP 	text: autoDraw = False
66.1266 	EXP 	image_5: image = 'Images/M-A-A.jpg'
66.1266 	EXP 	slider: markerPos = None
66.1266 	EXP 	slider: markerPos = None
66.1266 	EXP 	slider: rating = None
66.1266 	EXP 	image_5: autoDraw = True
66.4197 	EXP 	slider: autoDraw = True
66.4197 	EXP 	NextBu: autoDraw = True
66.4197 	EXP 	text_4: autoDraw = True
66.4197 	EXP 	text_5: autoDraw = True
66.6281 	DATA 	Mouse: Left button down, pos=(723,190)
66.6501 	EXP 	slider: markerPos = 50.33333333333333
66.6733 	EXP 	slider: markerPos = 50.33333333333333
66.6956 	EXP 	slider: markerPos = 50.33333333333333
66.7207 	EXP 	slider: markerPos = 50.33333333333333
66.7246 	DATA 	Mouse:  Left button up, pos=(723,190)
66.7473 	EXP 	slider: markerPos = 50.33333333333333
66.7473 	EXP 	slider: rating = 50.33333333333333
67.2594 	DATA 	Mouse: Left button down, pos=(724,113)
67.3014 	EXP 	image_5: autoDraw = False
67.3014 	EXP 	slider: autoDraw = False
67.3014 	EXP 	NextBu: autoDraw = False
67.3014 	EXP 	text_4: autoDraw = False
67.3014 	EXP 	text_5: autoDraw = False
67.3014 	EXP 	text: text = 0.57276668318396
67.3014 	EXP 	text: autoDraw = True
67.3562 	DATA 	Mouse:  Left button up, pos=(724,113)
67.8629 	EXP 	New trial (rep=0, index=7): {'Image': 'Images/M-C-A.jpg', 'Gender': 'M', 'AgeGroup': 'Adult '}
67.8929 	EXP 	text: autoDraw = False
67.8929 	EXP 	text: autoDraw = False
67.8929 	EXP 	image_5: image = 'Images/M-C-A.jpg'
67.8929 	EXP 	slider: markerPos = None
67.8929 	EXP 	slider: markerPos = None
67.8929 	EXP 	slider: rating = None
67.8929 	EXP 	image_5: autoDraw = True
68.1867 	EXP 	slider: autoDraw = True
68.1867 	EXP 	NextBu: autoDraw = True
68.1867 	EXP 	text_4: autoDraw = True
68.1867 	EXP 	text_5: autoDraw = True
68.5287 	DATA 	Mouse: Left button down, pos=(722,208)
68.5637 	EXP 	slider: markerPos = 50.22222222222222
68.5860 	EXP 	slider: markerPos = 50.22222222222222
68.6082 	EXP 	slider: markerPos = 50.22222222222222
68.6220 	DATA 	Mouse:  Left button up, pos=(722,208)
68.6336 	EXP 	slider: markerPos = 50.22222222222222
68.6613 	EXP 	slider: markerPos = 50.22222222222222
68.6613 	EXP 	slider: rating = 50.22222222222222
68.9301 	DATA 	Mouse: Left button down, pos=(729,81)
68.9764 	EXP 	image_5: autoDraw = False
68.9764 	EXP 	slider: autoDraw = False
68.9764 	EXP 	NextBu: autoDraw = False
68.9764 	EXP 	text_4: autoDraw = False
68.9764 	EXP 	text_5: autoDraw = False
68.9764 	EXP 	text: text = 1.2055234052786268
68.9764 	EXP 	text: autoDraw = True
69.0320 	DATA 	Mouse:  Left button up, pos=(729,81)
70.1784 	EXP 	New trial (rep=0, index=5): {'RatingBlock': None}
70.1794 	EXP 	Created sequence: random, trialTypes=1, nReps=1, seed=None
70.1799 	EXP 	New trial (rep=0, index=0): None
70.2065 	EXP 	text: autoDraw = False
70.2065 	EXP 	text: autoDraw = False
70.2065 	EXP 	image_5: image = 'Images/M-C-A.jpg'
70.2065 	EXP 	slider: markerPos = None
70.2065 	EXP 	slider: markerPos = None
70.2065 	EXP 	slider: rating = None
70.2065 	EXP 	image_5: autoDraw = True
70.5030 	EXP 	slider: autoDraw = True
70.5030 	EXP 	NextBu: autoDraw = True
70.5030 	EXP 	text_4: autoDraw = True
70.5030 	EXP 	text_5: autoDraw = True
71.8130 	DATA 	Mouse: Left button down, pos=(721,195)
71.8323 	EXP 	slider: markerPos = 50.11111111111111
71.8556 	EXP 	slider: markerPos = 50.11111111111111
71.8785 	EXP 	slider: markerPos = 50.11111111111111
71.9028 	EXP 	slider: markerPos = 50.11111111111111
71.9268 	EXP 	slider: markerPos = 50.11111111111111
71.9305 	DATA 	Mouse:  Left button up, pos=(721,195)
71.9532 	EXP 	slider: markerPos = 50.11111111111111
71.9532 	EXP 	slider: rating = 50.11111111111111
73.1155 	DATA 	Mouse: Left button down, pos=(712,102)
73.1437 	EXP 	image_5: autoDraw = False
73.1437 	EXP 	slider: autoDraw = False
73.1437 	EXP 	NextBu: autoDraw = False
73.1437 	EXP 	text_4: autoDraw = False
73.1437 	EXP 	text_5: autoDraw = False
73.1437 	EXP 	text: text = 0.9093550824531225
73.1437 	EXP 	text: autoDraw = True
73.2211 	DATA 	Mouse:  Left button up, pos=(712,102)
74.0464 	EXP 	New trial (rep=0, index=6): {'RatingBlock': 'TrialCondition_A.xlsx'}
74.0614 	DEBUG 	Read excel file with openpyxl: TrialCondition_A.xlsx
74.0635 	EXP 	Imported TrialCondition_A.xlsx as conditions, 15 conditions, 3 params
74.0643 	EXP 	Created sequence: random, trialTypes=15, nReps=1, seed=None
74.0649 	EXP 	New trial (rep=0, index=0): {'Image': None, 'Gender': None, 'AgeGroup': None}
74.0831 	EXP 	text: autoDraw = False
74.0831 	EXP 	text: autoDraw = False
74.0831 	EXP 	image_5: image = None
74.0831 	EXP 	slider: markerPos = None
74.0831 	EXP 	slider: markerPos = None
74.0831 	EXP 	slider: rating = None
74.0831 	EXP 	image_5: autoDraw = True
74.3847 	EXP 	slider: autoDraw = True
74.3847 	EXP 	NextBu: autoDraw = True
74.3847 	EXP 	text_4: autoDraw = True
74.3847 	EXP 	text_5: autoDraw = True
75.9114 	DATA 	Mouse: Left button down, pos=(722,186)
75.9342 	EXP 	slider: markerPos = 50.22222222222222
75.9610 	EXP 	slider: markerPos = 50.22222222222222
75.9888 	EXP 	slider: markerPos = 50.22222222222222
76.0040 	DATA 	Mouse:  Left button up, pos=(722,186)
76.0169 	EXP 	slider: markerPos = 50.22222222222222
76.0473 	EXP 	slider: markerPos = 50.22222222222222
76.0473 	EXP 	slider: rating = 50.22222222222222
76.3465 	DATA 	Mouse: Left button down, pos=(722,109)
76.3769 	EXP 	image_5: autoDraw = False
76.3769 	EXP 	slider: autoDraw = False
76.3769 	EXP 	NextBu: autoDraw = False
76.3769 	EXP 	text_4: autoDraw = False
76.3769 	EXP 	text_5: autoDraw = False
76.3769 	EXP 	text: text = 1.224017308060478
76.3769 	EXP 	text: autoDraw = True
76.4258 	DATA 	Mouse:  Left button up, pos=(722,109)
77.5954 	EXP 	New trial (rep=0, index=1): {'Image': 'Images/chld-M-ver2.jpg', 'Gender': 'M', 'AgeGroup': 'child'}
77.6347 	EXP 	text: autoDraw = False
77.6347 	EXP 	text: autoDraw = False
77.6347 	EXP 	image_5: image = 'Images/chld-M-ver2.jpg'
77.6347 	EXP 	slider: markerPos = None
77.6347 	EXP 	slider: markerPos = None
77.6347 	EXP 	slider: rating = None
77.6347 	EXP 	image_5: autoDraw = True
77.9348 	EXP 	slider: autoDraw = True
77.9348 	EXP 	NextBu: autoDraw = True
77.9348 	EXP 	text_4: autoDraw = True
77.9348 	EXP 	text_5: autoDraw = True
79.3232 	DATA 	Mouse: Left button down, pos=(723,202)
79.3610 	EXP 	slider: markerPos = 50.33333333333333
79.3853 	EXP 	slider: markerPos = 50.33333333333333
79.4095 	EXP 	slider: markerPos = 50.33333333333333
79.4325 	EXP 	slider: markerPos = 50.33333333333333
79.4354 	DATA 	Mouse:  Left button up, pos=(723,202)
79.4602 	EXP 	slider: markerPos = 50.33333333333333
79.4602 	EXP 	slider: rating = 50.33333333333333
79.7087 	DATA 	Mouse: Left button down, pos=(723,125)
79.7528 	EXP 	image_5: autoDraw = False
79.7528 	EXP 	slider: autoDraw = False
79.7528 	EXP 	NextBu: autoDraw = False
79.7528 	EXP 	text_4: autoDraw = False
79.7528 	EXP 	text_5: autoDraw = False
79.7528 	EXP 	text: text = 1.423392621191232
79.7528 	EXP 	text: autoDraw = True
79.8236 	DATA 	Mouse:  Left button up, pos=(723,125)
81.1628 	EXP 	New trial (rep=0, index=2): {'Image': 'Images/chld-M-ver3.jpg', 'Gender': 'M', 'AgeGroup': 'child'}
81.2090 	EXP 	text: autoDraw = False
81.2090 	EXP 	text: autoDraw = False
81.2090 	EXP 	image_5: image = 'Images/chld-M-ver3.jpg'
81.2090 	EXP 	slider: markerPos = None
81.2090 	EXP 	slider: markerPos = None
81.2090 	EXP 	slider: rating = None
81.2090 	EXP 	image_5: autoDraw = True
81.5012 	EXP 	slider: autoDraw = True
81.5012 	EXP 	NextBu: autoDraw = True
81.5012 	EXP 	text_4: autoDraw = True
81.5012 	EXP 	text_5: autoDraw = True
81.9209 	DATA 	Mouse: Left button down, pos=(719,194)
81.9436 	EXP 	slider: markerPos = 49.888888888888886
81.9664 	EXP 	slider: markerPos = 49.888888888888886
81.9896 	EXP 	slider: markerPos = 49.888888888888886
82.0126 	EXP 	slider: markerPos = 49.888888888888886
82.0293 	DATA 	Mouse:  Left button up, pos=(719,194)
82.0409 	EXP 	slider: markerPos = 49.888888888888886
82.0695 	EXP 	slider: markerPos = 49.888888888888886
82.0695 	EXP 	slider: rating = 49.888888888888886
82.3471 	DATA 	Mouse: Left button down, pos=(723,128)
82.3884 	EXP 	image_5: autoDraw = False
82.3884 	EXP 	slider: autoDraw = False
82.3884 	EXP 	NextBu: autoDraw = False
82.3884 	EXP 	text_4: autoDraw = False
82.3884 	EXP 	text_5: autoDraw = False
82.3884 	EXP 	text: text = 0.6461057996743178
82.3884 	EXP 	text: autoDraw = True
82.4655 	DATA 	Mouse:  Left button up, pos=(723,128)
83.0293 	EXP 	New trial (rep=0, index=3): {'Image': 'Images/chld-F-ver3.jpg', 'Gender': 'F', 'AgeGroup': 'child'}
83.0787 	EXP 	text: autoDraw = False
83.0787 	EXP 	text: autoDraw = False
83.0787 	EXP 	image_5: image = 'Images/chld-F-ver3.jpg'
83.0787 	EXP 	slider: markerPos = None
83.0787 	EXP 	slider: markerPos = None
83.0787 	EXP 	slider: rating = None
83.0787 	EXP 	image_5: autoDraw = True
83.3671 	EXP 	slider: autoDraw = True
83.3671 	EXP 	NextBu: autoDraw = True
83.3671 	EXP 	text_4: autoDraw = True
83.3671 	EXP 	text_5: autoDraw = True
83.5920 	DATA 	Mouse: Left button down, pos=(728,208)
83.6125 	EXP 	slider: markerPos = 50.888888888888886
83.6350 	EXP 	slider: markerPos = 50.888888888888886
83.6574 	EXP 	slider: markerPos = 50.888888888888886
83.6789 	EXP 	slider: markerPos = 50.888888888888886
83.6955 	DATA 	Mouse:  Left button up, pos=(728,208)
83.7058 	EXP 	slider: markerPos = 50.888888888888886
83.7308 	EXP 	slider: markerPos = 50.888888888888886
83.7308 	EXP 	slider: rating = 50.888888888888886
84.0448 	DATA 	Mouse: Left button down, pos=(728,112)
84.0671 	EXP 	image_5: autoDraw = False
84.0671 	EXP 	slider: autoDraw = False
84.0671 	EXP 	NextBu: autoDraw = False
84.0671 	EXP 	text_4: autoDraw = False
84.0671 	EXP 	text_5: autoDraw = False
84.0671 	EXP 	text: text = 0.7948224852901686
84.0671 	EXP 	text: autoDraw = True
84.1413 	DATA 	Mouse:  Left button up, pos=(728,112)
84.8464 	EXP 	New trial (rep=0, index=4): {'Image': None, 'Gender': None, 'AgeGroup': None}
84.8697 	EXP 	text: autoDraw = False
84.8697 	EXP 	text: autoDraw = False
84.8697 	EXP 	image_5: image = None
84.8697 	EXP 	slider: markerPos = None
84.8697 	EXP 	slider: markerPos = None
84.8697 	EXP 	slider: rating = None
84.8697 	EXP 	image_5: autoDraw = True
85.1682 	EXP 	slider: autoDraw = True
85.1682 	EXP 	NextBu: autoDraw = True
85.1682 	EXP 	text_4: autoDraw = True
85.1682 	EXP 	text_5: autoDraw = True
85.6605 	DATA 	Mouse: Left button down, pos=(723,200)
85.6827 	EXP 	slider: markerPos = 50.33333333333333
85.7070 	EXP 	slider: markerPos = 50.33333333333333
85.7295 	EXP 	slider: markerPos = 50.33333333333333
85.7560 	EXP 	slider: markerPos = 50.33333333333333
85.7819 	EXP 	slider: markerPos = 50.33333333333333
85.7845 	DATA 	Mouse:  Left button up, pos=(723,200)
85.8088 	EXP 	slider: markerPos = 50.33333333333333
85.8088 	EXP 	slider: rating = 50.33333333333333
86.2635 	DATA 	Mouse: Left button down, pos=(725,112)
86.3065 	EXP 	image_5: autoDraw = False
86.3065 	EXP 	slider: autoDraw = False
86.3065 	EXP 	NextBu: autoDraw = False
86.3065 	EXP 	text_4: autoDraw = False
86.3065 	EXP 	text_5: autoDraw = False
86.3065 	EXP 	text: text = 1.0619234361661398
86.3065 	EXP 	text: autoDraw = True
86.3856 	DATA 	Mouse:  Left button up, pos=(725,112)
87.3636 	EXP 	New trial (rep=0, index=5): {'Image': None, 'Gender': None, 'AgeGroup': None}
87.3864 	EXP 	text: autoDraw = False
87.3864 	EXP 	text: autoDraw = False
87.3864 	EXP 	image_5: image = None
87.3864 	EXP 	slider: markerPos = None
87.3864 	EXP 	slider: markerPos = None
87.3864 	EXP 	slider: rating = None
87.3864 	EXP 	image_5: autoDraw = True
87.6829 	EXP 	slider: autoDraw = True
87.6829 	EXP 	NextBu: autoDraw = True
87.6829 	EXP 	text_4: autoDraw = True
87.6829 	EXP 	text_5: autoDraw = True
89.0854 	DATA 	Mouse: Left button down, pos=(723,191)
89.1211 	EXP 	slider: markerPos = 50.33333333333333
89.1441 	EXP 	slider: markerPos = 50.33333333333333
89.1702 	EXP 	slider: markerPos = 50.33333333333333
89.1938 	EXP 	slider: markerPos = 50.33333333333333
89.2071 	DATA 	Mouse:  Left button up, pos=(723,191)
89.2203 	EXP 	slider: markerPos = 50.33333333333333
89.2476 	EXP 	slider: markerPos = 50.33333333333333
89.2476 	EXP 	slider: rating = 50.33333333333333
89.6625 	DATA 	Mouse: Left button down, pos=(716,78)
89.6907 	EXP 	image_5: autoDraw = False
89.6907 	EXP 	slider: autoDraw = False
89.6907 	EXP 	NextBu: autoDraw = False
89.6907 	EXP 	text_4: autoDraw = False
89.6907 	EXP 	text_5: autoDraw = False
89.6907 	EXP 	text: text = 1.3044864435140524
89.6907 	EXP 	text: autoDraw = True
89.7748 	DATA 	Mouse:  Left button up, pos=(716,78)
90.9938 	EXP 	New trial (rep=0, index=6): {'Image': None, 'Gender': None, 'AgeGroup': None}
91.0150 	EXP 	text: autoDraw = False
91.0150 	EXP 	text: autoDraw = False
91.0150 	EXP 	image_5: image = None
91.0150 	EXP 	slider: markerPos = None
91.0150 	EXP 	slider: markerPos = None
91.0150 	EXP 	slider: rating = None
91.0150 	EXP 	image_5: autoDraw = True
91.3189 	EXP 	slider: autoDraw = True
91.3189 	EXP 	NextBu: autoDraw = True
91.3189 	EXP 	text_4: autoDraw = True
91.3189 	EXP 	text_5: autoDraw = True
91.6991 	DATA 	Mouse: Left button down, pos=(717,194)
91.7320 	EXP 	slider: markerPos = 49.77777777777778
91.7543 	EXP 	slider: markerPos = 49.77777777777778
91.7761 	EXP 	slider: markerPos = 49.77777777777778
91.7981 	EXP 	slider: markerPos = 49.77777777777778
91.8134 	DATA 	Mouse:  Left button up, pos=(718,194)
91.8235 	EXP 	slider: markerPos = 49.77777777777778
91.8480 	EXP 	slider: markerPos = 49.77777777777778
91.8480 	EXP 	slider: rating = 49.77777777777778
92.4699 	DATA 	Mouse: Left button down, pos=(732,107)
92.4951 	EXP 	image_5: autoDraw = False
92.4951 	EXP 	slider: autoDraw = False
92.4951 	EXP 	NextBu: autoDraw = False
92.4951 	EXP 	text_4: autoDraw = False
92.4951 	EXP 	text_5: autoDraw = False
92.4951 	EXP 	text: text = 1.4659307992974622
92.4951 	EXP 	text: autoDraw = True
92.5812 	DATA 	Mouse:  Left button up, pos=(732,107)
93.9500 	EXP 	New trial (rep=0, index=7): {'Image': None, 'Gender': None, 'AgeGroup': None}
93.9734 	EXP 	text: autoDraw = False
93.9734 	EXP 	text: autoDraw = False
93.9734 	EXP 	image_5: image = None
93.9734 	EXP 	slider: markerPos = None
93.9734 	EXP 	slider: markerPos = None
93.9734 	EXP 	slider: rating = None
93.9734 	EXP 	image_5: autoDraw = True
94.2823 	EXP 	slider: autoDraw = True
94.2823 	EXP 	NextBu: autoDraw = True
94.2823 	EXP 	text_4: autoDraw = True
94.2823 	EXP 	text_5: autoDraw = True
94.7594 	DATA 	Mouse: Left button down, pos=(724,204)
94.7783 	EXP 	slider: markerPos = 50.44444444444445
94.7999 	EXP 	slider: markerPos = 50.44444444444445
94.8224 	EXP 	slider: markerPos = 50.44444444444445
94.8463 	EXP 	slider: markerPos = 50.44444444444445
94.8596 	DATA 	Mouse:  Left button up, pos=(724,204)
94.8719 	EXP 	slider: markerPos = 50.44444444444445
94.8953 	EXP 	slider: markerPos = 50.44444444444445
94.8953 	EXP 	slider: rating = 50.44444444444445
95.1372 	DATA 	Mouse: Left button down, pos=(724,82)
95.1622 	EXP 	image_5: autoDraw = False
95.1622 	EXP 	slider: autoDraw = False
95.1622 	EXP 	NextBu: autoDraw = False
95.1622 	EXP 	text_4: autoDraw = False
95.1622 	EXP 	text_5: autoDraw = False
95.1622 	EXP 	text: text = 1.24583310001186
95.1622 	EXP 	text: autoDraw = True
95.2338 	DATA 	Mouse:  Left button up, pos=(724,82)
96.3948 	EXP 	New trial (rep=0, index=8): {'Image': None, 'Gender': None, 'AgeGroup': None}
96.4176 	EXP 	text: autoDraw = False
96.4176 	EXP 	text: autoDraw = False
96.4176 	EXP 	image_5: image = None
96.4176 	EXP 	slider: markerPos = None
96.4176 	EXP 	slider: markerPos = None
96.4176 	EXP 	slider: rating = None
96.4176 	EXP 	image_5: autoDraw = True
96.7179 	EXP 	slider: autoDraw = True
96.7179 	EXP 	NextBu: autoDraw = True
96.7179 	EXP 	text_4: autoDraw = True
96.7179 	EXP 	text_5: autoDraw = True
97.0265 	DATA 	Mouse: Left button down, pos=(719,207)
97.0480 	EXP 	slider: markerPos = 49.888888888888886
97.0707 	EXP 	slider: markerPos = 49.888888888888886
97.0927 	EXP 	slider: markerPos = 49.888888888888886
97.1150 	EXP 	slider: markerPos = 49.888888888888886
97.1186 	DATA 	Mouse:  Left button up, pos=(719,207)
97.1435 	EXP 	slider: markerPos = 49.888888888888886
97.1435 	EXP 	slider: rating = 49.888888888888886
97.6070 	DATA 	Mouse: Left button down, pos=(724,94)
97.6316 	EXP 	image_5: autoDraw = False
97.6316 	EXP 	slider: autoDraw = False
97.6316 	EXP 	NextBu: autoDraw = False
97.6316 	EXP 	text_4: autoDraw = False
97.6316 	EXP 	text_5: autoDraw = False
97.6316 	EXP 	text: text = 0.5405109845553913
97.6316 	EXP 	text: autoDraw = True
97.7055 	DATA 	Mouse:  Left button up, pos=(724,94)
98.1629 	EXP 	New trial (rep=0, index=9): {'Image': 'Images/chld-F-ver2.jpg', 'Gender': 'F', 'AgeGroup': 'child'}
98.2124 	EXP 	text: autoDraw = False
98.2124 	EXP 	text: autoDraw = False
98.2124 	EXP 	image_5: image = 'Images/chld-F-ver2.jpg'
98.2124 	EXP 	slider: markerPos = None
98.2124 	EXP 	slider: markerPos = None
98.2124 	EXP 	slider: rating = None
98.2124 	EXP 	image_5: autoDraw = True
98.5002 	EXP 	slider: autoDraw = True
98.5002 	EXP 	NextBu: autoDraw = True
98.5002 	EXP 	text_4: autoDraw = True
98.5002 	EXP 	text_5: autoDraw = True
99.0160 	DATA 	Mouse: Left button down, pos=(720,203)
99.0385 	EXP 	slider: markerPos = 50.0
99.0618 	EXP 	slider: markerPos = 50.0
99.0855 	EXP 	slider: markerPos = 50.0
99.1016 	DATA 	Mouse:  Left button up, pos=(720,203)
99.1138 	EXP 	slider: markerPos = 50.0
99.1400 	EXP 	slider: markerPos = 50.0
99.1400 	EXP 	slider: rating = 50.0
99.5114 	DATA 	Mouse: Left button down, pos=(720,89)
99.5523 	EXP 	image_5: autoDraw = False
99.5523 	EXP 	slider: autoDraw = False
99.5523 	EXP 	NextBu: autoDraw = False
99.5523 	EXP 	text_4: autoDraw = False
99.5523 	EXP 	text_5: autoDraw = False
99.5523 	EXP 	text: text = 0.8795828963316403
99.5523 	EXP 	text: autoDraw = True
99.6264 	DATA 	Mouse:  Left button up, pos=(720,89)
100.4193 	EXP 	New trial (rep=0, index=10): {'Image': None, 'Gender': None, 'AgeGroup': None}
100.4434 	EXP 	text: autoDraw = False
100.4434 	EXP 	text: autoDraw = False
100.4434 	EXP 	image_5: image = None
100.4434 	EXP 	slider: markerPos = None
100.4434 	EXP 	slider: markerPos = None
100.4434 	EXP 	slider: rating = None
100.4434 	EXP 	image_5: autoDraw = True
100.7487 	EXP 	slider: autoDraw = True
100.7487 	EXP 	NextBu: autoDraw = True
100.7487 	EXP 	text_4: autoDraw = True
100.7487 	EXP 	text_5: autoDraw = True
101.1205 	DATA 	Mouse: Left button down, pos=(722,194)
101.1445 	EXP 	slider: markerPos = 50.22222222222222
101.1674 	EXP 	slider: markerPos = 50.22222222222222
101.1900 	EXP 	slider: markerPos = 50.22222222222222
101.2122 	EXP 	slider: markerPos = 50.22222222222222
101.2156 	DATA 	Mouse:  Left button up, pos=(722,194)
101.2384 	EXP 	slider: markerPos = 50.22222222222222
101.2384 	EXP 	slider: rating = 50.22222222222222
101.5593 	DATA 	Mouse: Left button down, pos=(722,117)
101.5860 	EXP 	image_5: autoDraw = False
101.5860 	EXP 	slider: autoDraw = False
101.5860 	EXP 	NextBu: autoDraw = False
101.5860 	EXP 	text_4: autoDraw = False
101.5860 	EXP 	text_5: autoDraw = False
101.5860 	EXP 	text: text = 0.6027093510645845
101.5860 	EXP 	text: autoDraw = True
101.6444 	DATA 	Mouse:  Left button up, pos=(722,117)
102.1780 	EXP 	New trial (rep=0, index=11): {'Image': None, 'Gender': None, 'AgeGroup': None}
102.1997 	EXP 	text: autoDraw = False
102.1997 	EXP 	text: autoDraw = False
102.1997 	EXP 	image_5: image = None
102.1997 	EXP 	slider: markerPos = None
102.1997 	EXP 	slider: markerPos = None
102.1997 	EXP 	slider: rating = None
102.1997 	EXP 	image_5: autoDraw = True
102.5005 	EXP 	slider: autoDraw = True
102.5005 	EXP 	NextBu: autoDraw = True
102.5005 	EXP 	text_4: autoDraw = True
102.5005 	EXP 	text_5: autoDraw = True
102.8689 	DATA 	Mouse: Left button down, pos=(724,183)
102.9375 	DATA 	Mouse:  Left button up, pos=(724,183)
103.2829 	DATA 	Mouse: Left button down, pos=(724,189)
103.3049 	EXP 	slider: markerPos = 50.44444444444445
103.3270 	EXP 	slider: markerPos = 50.44444444444445
103.3500 	EXP 	slider: markerPos = 50.44444444444445
103.3744 	EXP 	slider: markerPos = 50.44444444444445
103.3786 	DATA 	Mouse:  Left button up, pos=(724,189)
103.4018 	EXP 	slider: markerPos = 50.44444444444445
103.4018 	EXP 	slider: rating = 50.44444444444445
103.8585 	DATA 	Mouse: Left button down, pos=(725,71)
103.8850 	EXP 	image_5: autoDraw = False
103.8850 	EXP 	slider: autoDraw = False
103.8850 	EXP 	NextBu: autoDraw = False
103.8850 	EXP 	text_4: autoDraw = False
103.8850 	EXP 	text_5: autoDraw = False
103.8850 	EXP 	text: text = 0.5764317334547421
103.8850 	EXP 	text: autoDraw = True
103.9609 	DATA 	Mouse:  Left button up, pos=(725,71)
104.4474 	EXP 	New trial (rep=0, index=12): {'Image': None, 'Gender': None, 'AgeGroup': None}
104.4711 	EXP 	text: autoDraw = False
104.4711 	EXP 	text: autoDraw = False
104.4711 	EXP 	image_5: image = None
104.4711 	EXP 	slider: markerPos = None
104.4711 	EXP 	slider: markerPos = None
104.4711 	EXP 	slider: rating = None
104.4711 	EXP 	image_5: autoDraw = True
104.7665 	EXP 	slider: autoDraw = True
104.7665 	EXP 	NextBu: autoDraw = True
104.7665 	EXP 	text_4: autoDraw = True
104.7665 	EXP 	text_5: autoDraw = True
105.3290 	DATA 	Mouse: Left button down, pos=(722,196)
105.3500 	EXP 	slider: markerPos = 50.22222222222222
105.3726 	EXP 	slider: markerPos = 50.22222222222222
105.3953 	EXP 	slider: markerPos = 50.22222222222222
105.4108 	DATA 	Mouse:  Left button up, pos=(722,196)
105.4219 	EXP 	slider: markerPos = 50.22222222222222
105.4473 	EXP 	slider: markerPos = 50.22222222222222
105.4473 	EXP 	slider: rating = 50.22222222222222
105.9118 	DATA 	Mouse: Left button down, pos=(723,91)
105.9553 	EXP 	image_5: autoDraw = False
105.9553 	EXP 	slider: autoDraw = False
105.9553 	EXP 	NextBu: autoDraw = False
105.9553 	EXP 	text_4: autoDraw = False
105.9553 	EXP 	text_5: autoDraw = False
105.9553 	EXP 	text: text = 1.3587292800331685
105.9553 	EXP 	text: autoDraw = True
105.9985 	DATA 	Mouse:  Left button up, pos=(724,91)
107.3135 	EXP 	New trial (rep=0, index=13): {'Image': None, 'Gender': None, 'AgeGroup': None}
107.3349 	EXP 	text: autoDraw = False
107.3349 	EXP 	text: autoDraw = False
107.3349 	EXP 	image_5: image = None
107.3349 	EXP 	slider: markerPos = None
107.3349 	EXP 	slider: markerPos = None
107.3349 	EXP 	slider: rating = None
107.3349 	EXP 	image_5: autoDraw = True
107.6337 	EXP 	slider: autoDraw = True
107.6337 	EXP 	NextBu: autoDraw = True
107.6337 	EXP 	text_4: autoDraw = True
107.6337 	EXP 	text_5: autoDraw = True
109.9149 	DATA 	Mouse: Left button down, pos=(721,195)
109.9376 	EXP 	slider: markerPos = 50.11111111111111
109.9607 	EXP 	slider: markerPos = 50.11111111111111
109.9849 	EXP 	slider: markerPos = 50.11111111111111
110.0003 	DATA 	Mouse:  Left button up, pos=(721,195)
110.0125 	EXP 	slider: markerPos = 50.11111111111111
110.0428 	EXP 	slider: markerPos = 50.11111111111111
110.0428 	EXP 	slider: rating = 50.11111111111111
110.4820 	DATA 	Mouse: Left button down, pos=(719,115)
110.5088 	EXP 	image_5: autoDraw = False
110.5088 	EXP 	slider: autoDraw = False
110.5088 	EXP 	NextBu: autoDraw = False
110.5088 	EXP 	text_4: autoDraw = False
110.5088 	EXP 	text_5: autoDraw = False
110.5088 	EXP 	text: text = 1.2785019571101133
110.5088 	EXP 	text: autoDraw = True
110.5925 	DATA 	Mouse:  Left button up, pos=(719,115)
111.7803 	EXP 	New trial (rep=0, index=14): {'Image': None, 'Gender': None, 'AgeGroup': None}
111.8048 	EXP 	text: autoDraw = False
111.8048 	EXP 	text: autoDraw = False
111.8048 	EXP 	image_5: image = None
111.8048 	EXP 	slider: markerPos = None
111.8048 	EXP 	slider: markerPos = None
111.8048 	EXP 	slider: rating = None
111.8048 	EXP 	image_5: autoDraw = True
112.0992 	EXP 	slider: autoDraw = True
112.0992 	EXP 	NextBu: autoDraw = True
112.0992 	EXP 	text_4: autoDraw = True
112.0992 	EXP 	text_5: autoDraw = True
112.4627 	DATA 	Mouse: Left button down, pos=(716,189)
112.4838 	EXP 	slider: markerPos = 49.55555555555556
112.5100 	EXP 	slider: markerPos = 49.55555555555556
112.5404 	EXP 	slider: markerPos = 49.55555555555556
112.5455 	DATA 	Mouse:  Left button up, pos=(716,189)
112.5738 	EXP 	slider: markerPos = 49.55555555555556
112.5738 	EXP 	slider: rating = 49.55555555555556
112.9121 	DATA 	Mouse: Left button down, pos=(730,93)
112.9489 	EXP 	image_5: autoDraw = False
112.9489 	EXP 	slider: autoDraw = False
112.9489 	EXP 	NextBu: autoDraw = False
112.9489 	EXP 	text_4: autoDraw = False
112.9489 	EXP 	text_5: autoDraw = False
112.9489 	EXP 	text: text = 0.7758725903386359
112.9489 	EXP 	text: autoDraw = True
113.0052 	DATA 	Mouse:  Left button up, pos=(730,93)
113.7131 	EXP 	New trial (rep=0, index=7): {'RatingBlock': None}
113.7141 	EXP 	Created sequence: random, trialTypes=1, nReps=1, seed=None
113.7146 	EXP 	New trial (rep=0, index=0): None
113.7358 	EXP 	text: autoDraw = False
113.7358 	EXP 	text: autoDraw = False
113.7358 	EXP 	image_5: image = None
113.7358 	EXP 	slider: markerPos = None
113.7358 	EXP 	slider: markerPos = None
113.7358 	EXP 	slider: rating = None
113.7358 	EXP 	image_5: autoDraw = True
114.0336 	EXP 	slider: autoDraw = True
114.0336 	EXP 	NextBu: autoDraw = True
114.0336 	EXP 	text_4: autoDraw = True
114.0336 	EXP 	text_5: autoDraw = True
115.7438 	DATA 	Mouse: Left button down, pos=(732,201)
115.7836 	EXP 	slider: markerPos = 51.33333333333333
115.8070 	EXP 	slider: markerPos = 51.33333333333333
115.8306 	EXP 	slider: markerPos = 51.33333333333333
115.8552 	EXP 	slider: markerPos = 51.33333333333333
115.8593 	DATA 	Mouse:  Left button up, pos=(732,201)
115.8834 	EXP 	slider: markerPos = 51.33333333333333
115.8834 	EXP 	slider: rating = 51.33333333333333
116.3347 	DATA 	Mouse: Left button down, pos=(720,103)
116.3806 	EXP 	image_5: autoDraw = False
116.3806 	EXP 	slider: autoDraw = False
116.3806 	EXP 	NextBu: autoDraw = False
116.3806 	EXP 	text_4: autoDraw = False
116.3806 	EXP 	text_5: autoDraw = False
116.3806 	EXP 	text: text = 0.6020964130198038
116.3806 	EXP 	text: autoDraw = True
116.4522 	DATA 	Mouse:  Left button up, pos=(720,103)
116.9961 	EXP 	text: autoDraw = False
116.9961 	EXP 	text: autoDraw = False
116.9961 	EXP 	EndText: autoDraw = True
118.9385 	DATA 	Keypress: space
119.8481 	DATA 	Keypress: escape
120.4691 	EXP 	window1: mouseVisible = True
120.4692 	DEBUG 	Saving data for FatFaceOnline ExperimentHandler
120.4766 	INFO 	saved data to /Users/uzhmanagani/Desktop/4D09/Thesis/PsychoPy/Face Attractiveness Rating/data/_FatFaceOnline_2021_Nov_12_1517.psydat
120.4866 	INFO 	saved data to '/Users/uzhmanagani/Desktop/4D09/Thesis/PsychoPy/Face Attractiveness Rating/data/_FatFaceOnline_2021_Nov_12_1517.csv'
