0.7006 	WARNING 	We strongly recommend you activate the PTB sound engine in PsychoPy prefs as the preferred audio engine. Its timing is vastly superior. Your prefs are currently set to use ['sounddevice', 'PTB', 'pyo', 'pygame'] (in that order).
4.7335 	INFO 	Loaded monitor calibration from ['2021_08_31 22:24']
4.7490 	WARNING 	User requested fullscreen with size [1920 1080], but screen is actually [1440, 900]. Using actual size
5.4794 	EXP 	Created window1 = Window(allowGUI=False, allowStencil=False, autoLog=True, backendConf=UNKNOWN, bitsMode=UNKNOWN, blendMode='avg', bpc=(8, 8, 8), color=array([1, 1, 1]), colorSpace='rgb', depthBits=8, fullscr=<method-wrapper '__getattribute__' of attributeSetter object at 0x7fc01e97ba90>, gamma=None, gammaErrorPolicy='raise', lms=UNKNOWN, monitor=<psychopy.monitors.calibTools.Monitor object at 0x7fc01e29a828>, multiSample=False, name='window1', numSamples=2, pos=[360.0, 225.0], screen=0, size=array([2880, 1800]), stencilBits=0, stereo=False, units='height', useFBO=True, useRetina=True, viewOri=0.0, viewPos=None, viewScale=None, waitBlanking=True, winType='pyglet')
5.4795 	EXP 	window1: mouseVisible = True
5.4796 	EXP 	window1: recordFrameIntervals = False
5.6458 	EXP 	window1: recordFrameIntervals = True
5.8293 	DEBUG 	Screen (0) actual frame rate measured at 60.01
5.8293 	EXP 	window1: recordFrameIntervals = False
7.9174 	INFO 	keyboard.Keyboard is using ptb backend.
7.9569 	EXP 	Created RInstr = TextStim(__class__=<class 'psychopy.visual.text.TextStim'>, alignHoriz=method-wrapper(...), alignText='center', alignVert=method-wrapper(...), anchorHoriz='center', anchorVert='center', antialias=True, autoLog=True, bold=False, color=array([-1., -1., -1.]), colorSpace='rgb', contrast=1.0, depth=0.0, flipHoriz=False, flipVert=False, font='Arial', fontFiles=[], height=0.05, italic=False, languageStyle='LTR', name='RInstr', opacity=1, ori=0, pos=array([0., 0.]), rgb=UNKNOWN, text=str(...), units='height', win=Window(...), wrapWidth=1)
8.4882 	INFO 	keyboard.Keyboard is using ptb backend.
8.4909 	EXP 	Created image_5 = ImageStim(__class__=<class 'psychopy.visual.image.ImageStim'>, autoLog=True, color=array([1., 1., 1.]), colorSpace='rgb', contrast=1.0, depth=-1.0, flipHoriz=False, flipVert=False, image='sin', interpolate=False, mask=None, maskParams=None, name='image_5', opacity=1, ori=0.0, pos=array([0., 0.]), size=array([0.4, 0.4]), texRes=512, units='height', win=Window(...))
8.5034 	INFO 	Mouse: using default window
8.5035 	EXP 	window1: mouseVisible = True
8.5184 	EXP 	Created slider = Slider(__class__=<class 'psychopy.visual.slider.Slider'>, autoDraw=False, autoLog=True, borderColor=None, color=None, colorSpace='rgb', depth=-2, fillColor=None, flip=False, font='HelveticaBold', granularity=0, labelHeight=0.05, labelWrapWidth=None, labels=None, name='slider', opacity=None, pos=(0, -0.28), readOnly=False, self=UNKNOWN, size=(1.0, 0.025), startValue=None, style=method-wrapper(...), styleTweaks=method-wrapper(...), ticks=ndarray(...), units='height', win=Window(...))
8.5443 	EXP 	Created NextBu = ImageStim(__class__=<class 'psychopy.visual.image.ImageStim'>, autoLog=True, color=array([1., 1., 1.]), colorSpace='rgb', contrast=1.0, depth=-3.0, flipHoriz=False, flipVert=False, image='Picture1.png', interpolate=False, mask=None, maskParams=None, name='NextBu', opacity=1, ori=0.0, pos=array([0., 0.]), size=array([0.2, 0.1]), texRes=512, units='height', win=Window(...))
8.5444 	EXP 	window1: mouseVisible = True
8.5502 	EXP 	Created text_4 = TextStim(__class__=<class 'psychopy.visual.text.TextStim'>, alignHoriz=method-wrapper(...), alignText='center', alignVert=method-wrapper(...), anchorHoriz='center', anchorVert='center', antialias=True, autoLog=True, bold=False, color=array([-1., -1., -1.]), colorSpace='rgb', contrast=1.0, depth=-5.0, flipHoriz=False, flipVert=False, font='Arial', fontFiles=[], height=0.03, italic=False, languageStyle='LTR', name='text_4', opacity=1, ori=0, pos=array([-0.5 , -0.32]), rgb=UNKNOWN, text='Not Dominant at all', units='height', win=Window(...), wrapWidth=1)
8.5535 	EXP 	Created text_5 = TextStim(__class__=<class 'psychopy.visual.text.TextStim'>, alignHoriz=method-wrapper(...), alignText='center', alignVert=method-wrapper(...), anchorHoriz='center', anchorVert='center', antialias=True, autoLog=True, bold=False, color=array([-1., -1., -1.]), colorSpace='rgb', contrast=1.0, depth=-6.0, flipHoriz=False, flipVert=False, font='Arial', fontFiles=[], height=0.03, italic=False, languageStyle='LTR', name='text_5', opacity=1, ori=0, pos=array([ 0.5 , -0.32]), rgb=UNKNOWN, text='Very Dominant', units='height', win=Window(...), wrapWidth=1)
8.5545 	EXP 	Created text = TextStim(__class__=<class 'psychopy.visual.text.TextStim'>, alignHoriz=method-wrapper(...), alignText='center', alignVert=method-wrapper(...), anchorHoriz='center', anchorVert='center', antialias=True, autoLog=True, bold=False, color=array([1., 1., 1.]), colorSpace='rgb', contrast=1.0, depth=-1.0, flipHoriz=False, flipVert=False, font='Arial', fontFiles=[], height=0.1, italic=False, languageStyle='LTR', name='text', opacity=1, ori=0, pos=array([0., 0.]), rgb=UNKNOWN, text='', units='height', win=Window(...), wrapWidth=1)
8.5652 	EXP 	Created EndText = TextStim(__class__=<class 'psychopy.visual.text.TextStim'>, alignHoriz=method-wrapper(...), alignText='center', alignVert=method-wrapper(...), anchorHoriz='center', anchorVert='center', antialias=True, autoLog=True, bold=False, color=array([-1., -1., -1.]), colorSpace='rgb', contrast=1.0, depth=0.0, flipHoriz=False, flipVert=False, font='Arial', fontFiles=[], height=0.05, italic=False, languageStyle='LTR', name='EndText', opacity=1, ori=0, pos=array([0., 0.]), rgb=UNKNOWN, text=str(...), units='height', win=Window(...), wrapWidth=1)
8.5805 	EXP 	slider: autoLog = True
8.5805 	EXP 	slider: markerPos = None
8.5805 	EXP 	slider: rating = None
8.5805 	EXP 	slider: markerPos = None
8.5805 	EXP 	slider: contrast = 1.0
8.5805 	EXP 	slider: autoLog = True
8.5805 	EXP 	slider: styleTweaks = []
8.5805 	EXP 	slider: style = ['rating']
8.5805 	EXP 	slider: styleTweaks = ['triangleMarker']
8.5805 	EXP 	RInstr: autoDraw = True
10.1641 	DEBUG 	Read csv file with pandas: Rating_BlockOrder.csv
10.1715 	DEBUG 	Clearing unnamed columns from Rating_BlockOrder.csv
10.1720 	EXP 	Imported Rating_BlockOrder.csv as conditions, 3 conditions, 1 params
10.1728 	EXP 	Created sequence: random, trialTypes=3, nReps=1, seed=None
10.1732 	EXP 	New trial (rep=0, index=0): OrderedDict([('RatingBlock', 'TrialCondition_A.csv')])
10.1763 	DEBUG 	Read csv file with pandas: TrialCondition_A.csv
10.1774 	DEBUG 	Clearing unnamed columns from TrialCondition_A.csv
10.1785 	EXP 	Imported TrialCondition_A.csv as conditions, 24 conditions, 4 params
10.1789 	EXP 	Created sequence: random, trialTypes=24, nReps=1, seed=None
10.1791 	EXP 	New trial (rep=0, index=0): OrderedDict([('Image', 'Images/S_A_I1_04.png'), ('Race', 'Asian'), ('Trait', 'Dominant'), ('Type', 'normal')])
10.2125 	DATA 	Keypress: space
10.2175 	EXP 	RInstr: autoDraw = False
10.2175 	EXP 	image_5: image = 'Images/S_A_I1_04.png'
10.2175 	EXP 	slider: markerPos = None
10.2175 	EXP 	slider: markerPos = None
10.2175 	EXP 	slider: rating = None
10.2175 	EXP 	image_5: autoDraw = True
10.5007 	EXP 	slider: autoDraw = True
10.5007 	EXP 	NextBu: autoDraw = True
10.5007 	EXP 	text_4: autoDraw = True
10.5007 	EXP 	text_5: autoDraw = True
12.7297 	DATA 	Mouse: Left button down, pos=(896,202)
12.7464 	EXP 	slider: markerPos = 69.55555555555556
12.7620 	EXP 	slider: markerPos = 69.55555555555556
12.7785 	EXP 	slider: markerPos = 69.55555555555556
12.7951 	EXP 	slider: markerPos = 69.55555555555556
12.8121 	EXP 	slider: markerPos = 69.55555555555556
12.8283 	EXP 	slider: markerPos = 69.55555555555556
12.8454 	EXP 	slider: markerPos = 69.55555555555556
12.8622 	EXP 	slider: markerPos = 69.55555555555556
12.8789 	EXP 	slider: markerPos = 69.55555555555556
12.8955 	EXP 	slider: markerPos = 69.55555555555556
12.9120 	EXP 	slider: markerPos = 69.55555555555556
12.9125 	DATA 	Mouse:  Left button up, pos=(896,202)
12.9287 	EXP 	slider: markerPos = 69.55555555555556
12.9287 	EXP 	slider: rating = 69.55555555555556
13.8292 	DATA 	Mouse: Left button down, pos=(770,96)
13.8457 	EXP 	image_5: autoDraw = False
13.8457 	EXP 	slider: autoDraw = False
13.8457 	EXP 	NextBu: autoDraw = False
13.8457 	EXP 	text_4: autoDraw = False
13.8457 	EXP 	text_5: autoDraw = False
13.8457 	EXP 	text: text = 1.3230972681476887
13.8457 	EXP 	text: autoDraw = True
13.9464 	DATA 	Mouse:  Left button up, pos=(771,96)
15.1634 	EXP 	New trial (rep=0, index=1): OrderedDict([('Image', 'Images/S_A_I3_04.png'), ('Race', 'Asian'), ('Trait', 'Dominant'), ('Type', 'normal')])
15.1806 	EXP 	text: autoDraw = False
15.1806 	EXP 	text: autoDraw = False
15.1806 	EXP 	image_5: image = 'Images/S_A_I3_04.png'
15.1806 	EXP 	slider: markerPos = None
15.1806 	EXP 	slider: markerPos = None
15.1806 	EXP 	slider: rating = None
15.1806 	EXP 	image_5: autoDraw = True
15.4787 	EXP 	slider: autoDraw = True
15.4787 	EXP 	NextBu: autoDraw = True
15.4787 	EXP 	text_4: autoDraw = True
15.4787 	EXP 	text_5: autoDraw = True
18.1467 	DATA 	Mouse: Left button down, pos=(455,196)
18.1620 	EXP 	slider: markerPos = 20.555555555555554
18.1787 	EXP 	slider: markerPos = 20.555555555555554
18.1951 	EXP 	slider: markerPos = 20.555555555555554
18.2118 	EXP 	slider: markerPos = 20.555555555555554
18.2287 	EXP 	slider: markerPos = 20.555555555555554
18.2457 	EXP 	slider: markerPos = 20.555555555555554
18.2625 	EXP 	slider: markerPos = 20.555555555555554
18.2789 	EXP 	slider: markerPos = 20.555555555555554
18.2955 	EXP 	slider: markerPos = 20.555555555555554
18.2960 	DATA 	Mouse:  Left button up, pos=(455,196)
18.3122 	EXP 	slider: markerPos = 20.555555555555554
18.3122 	EXP 	slider: rating = 20.555555555555554
18.9627 	DATA 	Mouse: Left button down, pos=(687,90)
18.9787 	EXP 	image_5: autoDraw = False
18.9787 	EXP 	slider: autoDraw = False
18.9787 	EXP 	NextBu: autoDraw = False
18.9787 	EXP 	text_4: autoDraw = False
18.9787 	EXP 	text_5: autoDraw = False
18.9787 	EXP 	text: text = 1.2942444180837156
18.9787 	EXP 	text: autoDraw = True
19.0801 	DATA 	Mouse:  Left button up, pos=(687,90)
20.2631 	EXP 	New trial (rep=0, index=2): OrderedDict([('Image', 'Images/S_A_I4_03.png'), ('Race', 'Asian'), ('Trait', 'Dominant'), ('Type', 'normal')])
20.2803 	EXP 	text: autoDraw = False
20.2803 	EXP 	text: autoDraw = False
20.2803 	EXP 	image_5: image = 'Images/S_A_I4_03.png'
20.2803 	EXP 	slider: markerPos = None
20.2803 	EXP 	slider: markerPos = None
20.2803 	EXP 	slider: rating = None
20.2803 	EXP 	image_5: autoDraw = True
20.5790 	EXP 	slider: autoDraw = True
20.5790 	EXP 	NextBu: autoDraw = True
20.5790 	EXP 	text_4: autoDraw = True
20.5790 	EXP 	text_5: autoDraw = True
21.4298 	DATA 	Mouse: Left button down, pos=(987,194)
21.4451 	EXP 	slider: markerPos = 79.66666666666666
21.4616 	EXP 	slider: markerPos = 79.66666666666666
21.4785 	EXP 	slider: markerPos = 79.66666666666666
21.4952 	EXP 	slider: markerPos = 79.66666666666666
21.5122 	EXP 	slider: markerPos = 79.66666666666666
21.5292 	EXP 	slider: markerPos = 79.66666666666666
21.5296 	DATA 	Mouse:  Left button up, pos=(987,194)
21.5459 	EXP 	slider: markerPos = 79.66666666666666
21.5459 	EXP 	slider: rating = 79.66666666666666
23.3461 	DATA 	Mouse: Left button down, pos=(791,96)
23.3464 	DATA 	Mouse:  Left button up, pos=(791,96)
32.5144 	DATA 	Mouse: Left button down, pos=(787,79)
32.5297 	EXP 	image_5: autoDraw = False
32.5297 	EXP 	slider: autoDraw = False
32.5297 	EXP 	NextBu: autoDraw = False
32.5297 	EXP 	text_4: autoDraw = False
32.5297 	EXP 	text_5: autoDraw = False
32.5297 	EXP 	text: text = 1.4445492736495327
32.5297 	EXP 	text: autoDraw = True
32.6818 	DATA 	Mouse:  Left button up, pos=(787,79)
33.9633 	EXP 	New trial (rep=0, index=3): OrderedDict([('Image', 'Images/S_A_I3_03.png'), ('Race', 'Asian'), ('Trait', 'Dominant'), ('Type', 'normal')])
33.9834 	EXP 	text: autoDraw = False
33.9834 	EXP 	text: autoDraw = False
33.9834 	EXP 	image_5: image = 'Images/S_A_I3_03.png'
33.9834 	EXP 	slider: markerPos = None
33.9834 	EXP 	slider: markerPos = None
33.9834 	EXP 	slider: rating = None
33.9834 	EXP 	image_5: autoDraw = True
34.0852 	DATA 	Keypress: escape
34.2788 	EXP 	slider: autoDraw = True
34.2788 	EXP 	NextBu: autoDraw = True
34.2788 	EXP 	text_4: autoDraw = True
34.2788 	EXP 	text_5: autoDraw = True
34.3533 	EXP 	window1: mouseVisible = True
34.3534 	DEBUG 	Saving data for FatFaceOnline ExperimentHandler
34.3594 	INFO 	saved data to /Users/kelsielau/Downloads/Ratings/data/_FatFaceOnline_2021_Oct_11_1933.psydat
34.3603 	INFO 	saved data to '/Users/kelsielau/Downloads/Ratings/data/_FatFaceOnline_2021_Oct_11_1933.csv'
