0.2164 	WARNING 	We strongly recommend you activate the PTB sound engine in PsychoPy prefs as the preferred audio engine. Its timing is vastly superior. Your prefs are currently set to use ['sounddevice', 'PTB', 'pyo', 'pygame'] (in that order).
3.2157 	INFO 	Loaded monitor calibration from ['2021_03_12 13:58']
3.7742 	EXP 	Created window1 = Window(allowGUI=False, allowStencil=False, autoLog=True, backendConf=UNKNOWN, bitsMode=UNKNOWN, blendMode='avg', bpc=(8, 8, 8), color=array([1, 1, 1]), colorSpace='rgb', depthBits=8, fullscr=<method-wrapper '__getattribute__' of attributeSetter object at 0x7fd5fb715b00>, gamma=None, gammaErrorPolicy='raise', lms=UNKNOWN, monitor=<psychopy.monitors.calibTools.Monitor object at 0x7fd5fb6006d8>, multiSample=False, name='window1', numSamples=2, pos=[480.0, 270.0], screen=0, size=array([3840, 2160]), stencilBits=0, stereo=False, units='height', useFBO=True, useRetina=True, viewOri=0.0, viewPos=None, viewScale=None, waitBlanking=True, winType='pyglet')
3.7744 	EXP 	window1: mouseVisible = True
3.7745 	EXP 	window1: recordFrameIntervals = False
3.9407 	EXP 	window1: recordFrameIntervals = True
4.1566 	DEBUG 	Screen (0) actual frame rate measured at 59.80
4.1567 	EXP 	window1: recordFrameIntervals = False
4.2923 	EXP 	Created RInstr = TextStim(__class__=<class 'psychopy.visual.text.TextStim'>, alignHoriz=method-wrapper(...), alignText='center', alignVert=method-wrapper(...), anchorHoriz='center', anchorVert='center', antialias=True, autoLog=True, bold=False, color=array([-1, -1, -1]), colorSpace='rgb', contrast=1.0, depth=0.0, flipHoriz=False, flipVert=False, font='Arial', fontFiles=[], height=0.05, italic=False, languageStyle='LTR', name='RInstr', opacity=1, ori=0, pos=array([0., 0.]), rgb=UNKNOWN, text=str(...), units='height', win=Window(...), wrapWidth=1)
4.3657 	EXP 	Created image_5 = ImageStim(__class__=<class 'psychopy.visual.image.ImageStim'>, autoLog=True, color=array([1, 1, 1]), colorSpace='rgb', contrast=1.0, depth=-1.0, flipHoriz=False, flipVert=False, image='sin', interpolate=False, mask=None, maskParams=None, name='image_5', opacity=1, ori=0.0, pos=array([0., 0.]), size=array([0.4, 0.4]), texRes=512, units='height', win=Window(...))
4.3732 	INFO 	Mouse: using default window
4.3733 	EXP 	window1: mouseVisible = True
4.3769 	EXP 	Created slider = Slider(__class__=<class 'psychopy.visual.slider.Slider'>, autoDraw=False, autoLog=True, borderColor=None, color=None, colorSpace='rgb', depth=-2, fillColor=None, flip=False, font='HelveticaBold', granularity=0, labelHeight=0.05, labelWrapWidth=None, labels=None, name='slider', opacity=None, pos=(0, -0.28), readOnly=False, self=UNKNOWN, size=(1.0, 0.025), style=method-wrapper(...), styleTweaks=method-wrapper(...), ticks=ndarray(...), units='height', win=Window(...))
4.3959 	EXP 	Created NextBu = ImageStim(__class__=<class 'psychopy.visual.image.ImageStim'>, autoLog=True, color=array([1, 1, 1]), colorSpace='rgb', contrast=1.0, depth=-3.0, flipHoriz=False, flipVert=False, image='Picture1.png', interpolate=False, mask=None, maskParams=None, name='NextBu', opacity=1, ori=0.0, pos=array([0., 0.]), size=array([0.2, 0.1]), texRes=512, units='height', win=Window(...))
4.3960 	EXP 	window1: mouseVisible = True
4.4012 	EXP 	Created text_4 = TextStim(__class__=<class 'psychopy.visual.text.TextStim'>, alignHoriz=method-wrapper(...), alignText='center', alignVert=method-wrapper(...), anchorHoriz='center', anchorVert='center', antialias=True, autoLog=True, bold=False, color=array([-1, -1, -1]), colorSpace='rgb', contrast=1.0, depth=-5.0, flipHoriz=False, flipVert=False, font='Arial', fontFiles=[], height=0.03, italic=False, languageStyle='LTR', name='text_4', opacity=1, ori=0, pos=array([-0.5 , -0.32]), rgb=UNKNOWN, text='Not Dominant at all', units='height', win=Window(...), wrapWidth=1)
4.4047 	EXP 	Created text_5 = TextStim(__class__=<class 'psychopy.visual.text.TextStim'>, alignHoriz=method-wrapper(...), alignText='center', alignVert=method-wrapper(...), anchorHoriz='center', anchorVert='center', antialias=True, autoLog=True, bold=False, color=array([-1, -1, -1]), colorSpace='rgb', contrast=1.0, depth=-6.0, flipHoriz=False, flipVert=False, font='Arial', fontFiles=[], height=0.03, italic=False, languageStyle='LTR', name='text_5', opacity=1, ori=0, pos=array([ 0.5 , -0.32]), rgb=UNKNOWN, text='Very Dominant', units='height', win=Window(...), wrapWidth=1)
4.4052 	EXP 	Created text = TextStim(__class__=<class 'psychopy.visual.text.TextStim'>, alignHoriz=method-wrapper(...), alignText='center', alignVert=method-wrapper(...), anchorHoriz='center', anchorVert='center', antialias=True, autoLog=True, bold=False, color=array([1, 1, 1]), colorSpace='rgb', contrast=1.0, depth=-1.0, flipHoriz=False, flipVert=False, font='Arial', fontFiles=[], height=0.1, italic=False, languageStyle='LTR', name='text', opacity=1, ori=0, pos=array([0., 0.]), rgb=UNKNOWN, text='', units='height', win=Window(...), wrapWidth=1)
4.4168 	EXP 	Created EndText = TextStim(__class__=<class 'psychopy.visual.text.TextStim'>, alignHoriz=method-wrapper(...), alignText='center', alignVert=method-wrapper(...), anchorHoriz='center', anchorVert='center', antialias=True, autoLog=True, bold=False, color=array([-1, -1, -1]), colorSpace='rgb', contrast=1.0, depth=0.0, flipHoriz=False, flipVert=False, font='Arial', fontFiles=[], height=0.05, italic=False, languageStyle='LTR', name='EndText', opacity=1, ori=0, pos=array([0., 0.]), rgb=UNKNOWN, text=str(...), units='height', win=Window(...), wrapWidth=1)
4.4243 	EXP 	slider: autoLog = True
4.4243 	EXP 	slider: markerPos = None
4.4243 	EXP 	slider: rating = None
4.4243 	EXP 	slider: markerPos = None
4.4243 	EXP 	slider: contrast = 1.0
4.4243 	EXP 	slider: autoLog = True
4.4243 	EXP 	slider: styleTweaks = []
4.4243 	EXP 	slider: style = ['rating']
4.4243 	EXP 	slider: styleTweaks = ['triangleMarker']
4.4243 	EXP 	RInstr: autoDraw = True
4.9796 	DEBUG 	Read csv file with pandas: Rating_BlockOrder.csv
4.9821 	DEBUG 	Clearing unnamed columns from Rating_BlockOrder.csv
4.9825 	EXP 	Imported Rating_BlockOrder.csv as conditions, 3 conditions, 1 params
4.9829 	EXP 	Created sequence: random, trialTypes=3, nReps=1, seed=None
4.9834 	EXP 	New trial (rep=0, index=0): OrderedDict([('RatingBlock', 'TrialCondition_C.csv')])
4.9869 	DEBUG 	Read csv file with pandas: TrialCondition_C.csv
4.9878 	DEBUG 	Clearing unnamed columns from TrialCondition_C.csv
4.9888 	EXP 	Imported TrialCondition_C.csv as conditions, 24 conditions, 4 params
4.9890 	EXP 	Created sequence: random, trialTypes=24, nReps=1, seed=None
4.9893 	EXP 	New trial (rep=0, index=0): OrderedDict([('Image', 'Images/S_C_I1_03.png'), ('Race', 'Caucasian'), ('Trait', 'Dominant'), ('Type', 'normal')])
5.0021 	DATA 	Keypress: space
5.0087 	EXP 	RInstr: autoDraw = False
5.0087 	EXP 	image_5: image = 'Images/S_C_I1_03.png'
5.0087 	EXP 	slider: markerPos = None
5.0087 	EXP 	slider: markerPos = None
5.0087 	EXP 	slider: rating = None
5.0087 	EXP 	image_5: autoDraw = True
5.2894 	EXP 	slider: autoDraw = True
5.2894 	EXP 	NextBu: autoDraw = True
5.2894 	EXP 	NextBu: pos = array([ 0. , -0.9])
5.2894 	EXP 	text_4: autoDraw = True
5.2894 	EXP 	text_5: autoDraw = True
5.3064 	EXP 	NextBu: pos = array([ 0. , -0.9])
5.3220 	EXP 	NextBu: pos = array([ 0. , -0.9])
5.3398 	EXP 	NextBu: pos = array([ 0. , -0.9])
5.3556 	EXP 	NextBu: pos = array([ 0. , -0.9])
5.3736 	EXP 	NextBu: pos = array([ 0. , -0.9])
5.3894 	EXP 	NextBu: pos = array([ 0. , -0.9])
5.4070 	EXP 	NextBu: pos = array([ 0. , -0.9])
5.4223 	EXP 	NextBu: pos = array([ 0. , -0.9])
5.4402 	EXP 	NextBu: pos = array([ 0. , -0.9])
5.4565 	EXP 	NextBu: pos = array([ 0. , -0.9])
5.4741 	EXP 	NextBu: pos = array([ 0. , -0.9])
5.4898 	EXP 	NextBu: pos = array([ 0. , -0.9])
5.5069 	EXP 	NextBu: pos = array([ 0. , -0.9])
5.5228 	EXP 	NextBu: pos = array([ 0. , -0.9])
5.5393 	EXP 	NextBu: pos = array([ 0. , -0.9])
5.5561 	EXP 	NextBu: pos = array([ 0. , -0.9])
5.5721 	EXP 	NextBu: pos = array([ 0. , -0.9])
5.5896 	EXP 	NextBu: pos = array([ 0. , -0.9])
5.6063 	EXP 	NextBu: pos = array([ 0. , -0.9])
5.6223 	EXP 	NextBu: pos = array([ 0. , -0.9])
5.6403 	EXP 	NextBu: pos = array([ 0. , -0.9])
5.6559 	EXP 	NextBu: pos = array([ 0. , -0.9])
5.6734 	EXP 	NextBu: pos = array([ 0. , -0.9])
5.6890 	EXP 	NextBu: pos = array([ 0. , -0.9])
5.7066 	EXP 	NextBu: pos = array([ 0. , -0.9])
5.7225 	EXP 	NextBu: pos = array([ 0. , -0.9])
5.7398 	EXP 	NextBu: pos = array([ 0. , -0.9])
5.7560 	EXP 	NextBu: pos = array([ 0. , -0.9])
5.7731 	EXP 	NextBu: pos = array([ 0. , -0.9])
5.7893 	EXP 	NextBu: pos = array([ 0. , -0.9])
5.8067 	EXP 	NextBu: pos = array([ 0. , -0.9])
5.8227 	EXP 	NextBu: pos = array([ 0. , -0.9])
5.8398 	EXP 	NextBu: pos = array([ 0. , -0.9])
5.8560 	EXP 	NextBu: pos = array([ 0. , -0.9])
5.8731 	EXP 	NextBu: pos = array([ 0. , -0.9])
5.8894 	EXP 	NextBu: pos = array([ 0. , -0.9])
5.9067 	EXP 	NextBu: pos = array([ 0. , -0.9])
5.9227 	EXP 	NextBu: pos = array([ 0. , -0.9])
5.9398 	EXP 	NextBu: pos = array([ 0. , -0.9])
5.9560 	EXP 	NextBu: pos = array([ 0. , -0.9])
5.9732 	EXP 	NextBu: pos = array([ 0. , -0.9])
5.9739 	DATA 	Mouse: Left button down, pos=(942,238)
5.9889 	EXP 	NextBu: pos = array([ 0. , -0.9])
5.9889 	EXP 	slider: markerPos = 48.333333333333336
6.0070 	EXP 	NextBu: pos = array([ 0. , -0.9])
6.0070 	EXP 	slider: markerPos = 48.333333333333336
6.0223 	EXP 	NextBu: pos = array([ 0. , -0.9])
6.0223 	EXP 	slider: markerPos = 48.333333333333336
6.0395 	EXP 	NextBu: pos = array([ 0. , -0.9])
6.0395 	EXP 	slider: markerPos = 48.333333333333336
6.0560 	EXP 	NextBu: pos = array([ 0. , -0.9])
6.0560 	EXP 	slider: markerPos = 48.333333333333336
6.0720 	EXP 	NextBu: pos = array([ 0. , -0.9])
6.0720 	EXP 	slider: markerPos = 48.333333333333336
6.0727 	DATA 	Mouse:  Left button up, pos=(942,238)
6.0894 	EXP 	NextBu: pos = array([ 0. , -0.9])
6.0894 	EXP 	slider: markerPos = 48.333333333333336
6.0894 	EXP 	slider: rating = 48.333333333333336
6.1066 	EXP 	NextBu: pos = array([ 0. , -0.4])
6.1226 	EXP 	NextBu: pos = array([ 0. , -0.4])
6.1398 	EXP 	NextBu: pos = array([ 0. , -0.4])
6.1563 	EXP 	NextBu: pos = array([ 0. , -0.4])
6.1728 	EXP 	NextBu: pos = array([ 0. , -0.4])
6.1892 	EXP 	NextBu: pos = array([ 0. , -0.4])
6.2064 	EXP 	NextBu: pos = array([ 0. , -0.4])
6.2224 	EXP 	NextBu: pos = array([ 0. , -0.4])
6.2397 	EXP 	NextBu: pos = array([ 0. , -0.4])
6.2559 	EXP 	NextBu: pos = array([ 0. , -0.4])
6.2730 	EXP 	NextBu: pos = array([ 0. , -0.4])
6.2894 	EXP 	NextBu: pos = array([ 0. , -0.4])
6.3067 	EXP 	NextBu: pos = array([ 0. , -0.4])
6.3226 	EXP 	NextBu: pos = array([ 0. , -0.4])
6.3403 	EXP 	NextBu: pos = array([ 0. , -0.4])
6.3562 	EXP 	NextBu: pos = array([ 0. , -0.4])
6.3736 	EXP 	NextBu: pos = array([ 0. , -0.4])
6.3897 	EXP 	NextBu: pos = array([ 0. , -0.4])
6.4066 	EXP 	NextBu: pos = array([ 0. , -0.4])
6.4226 	EXP 	NextBu: pos = array([ 0. , -0.4])
6.4391 	EXP 	NextBu: pos = array([ 0. , -0.4])
6.4562 	EXP 	NextBu: pos = array([ 0. , -0.4])
6.4722 	EXP 	NextBu: pos = array([ 0. , -0.4])
6.4887 	EXP 	NextBu: pos = array([ 0. , -0.4])
6.5064 	EXP 	NextBu: pos = array([ 0. , -0.4])
6.5222 	EXP 	NextBu: pos = array([ 0. , -0.4])
6.5398 	EXP 	NextBu: pos = array([ 0. , -0.4])
6.5556 	EXP 	NextBu: pos = array([ 0. , -0.4])
6.5733 	EXP 	NextBu: pos = array([ 0. , -0.4])
6.5892 	EXP 	NextBu: pos = array([ 0. , -0.4])
6.6070 	EXP 	NextBu: pos = array([ 0. , -0.4])
6.6230 	EXP 	NextBu: pos = array([ 0. , -0.4])
6.6390 	EXP 	NextBu: pos = array([ 0. , -0.4])
6.6560 	EXP 	NextBu: pos = array([ 0. , -0.4])
6.6733 	EXP 	NextBu: pos = array([ 0. , -0.4])
6.6893 	EXP 	NextBu: pos = array([ 0. , -0.4])
6.7060 	EXP 	NextBu: pos = array([ 0. , -0.4])
6.7226 	EXP 	NextBu: pos = array([ 0. , -0.4])
6.7401 	EXP 	NextBu: pos = array([ 0. , -0.4])
6.7563 	EXP 	NextBu: pos = array([ 0. , -0.4])
6.7731 	EXP 	NextBu: pos = array([ 0. , -0.4])
6.7889 	EXP 	NextBu: pos = array([ 0. , -0.4])
6.8055 	EXP 	NextBu: pos = array([ 0. , -0.4])
6.8219 	EXP 	NextBu: pos = array([ 0. , -0.4])
6.8387 	EXP 	NextBu: pos = array([ 0. , -0.4])
6.8553 	EXP 	NextBu: pos = array([ 0. , -0.4])
6.8734 	EXP 	NextBu: pos = array([ 0. , -0.4])
6.8896 	EXP 	NextBu: pos = array([ 0. , -0.4])
6.9058 	EXP 	NextBu: pos = array([ 0. , -0.4])
6.9229 	EXP 	NextBu: pos = array([ 0. , -0.4])
6.9396 	EXP 	NextBu: pos = array([ 0. , -0.4])
6.9560 	EXP 	NextBu: pos = array([ 0. , -0.4])
6.9731 	EXP 	NextBu: pos = array([ 0. , -0.4])
6.9889 	EXP 	NextBu: pos = array([ 0. , -0.4])
7.0065 	EXP 	NextBu: pos = array([ 0. , -0.4])
7.0224 	EXP 	NextBu: pos = array([ 0. , -0.4])
7.0399 	EXP 	NextBu: pos = array([ 0. , -0.4])
7.0559 	EXP 	NextBu: pos = array([ 0. , -0.4])
7.0730 	EXP 	NextBu: pos = array([ 0. , -0.4])
7.0892 	EXP 	NextBu: pos = array([ 0. , -0.4])
7.1061 	EXP 	NextBu: pos = array([ 0. , -0.4])
7.1225 	EXP 	NextBu: pos = array([ 0. , -0.4])
7.1397 	EXP 	NextBu: pos = array([ 0. , -0.4])
7.1561 	EXP 	NextBu: pos = array([ 0. , -0.4])
7.1725 	EXP 	NextBu: pos = array([ 0. , -0.4])
7.1893 	EXP 	NextBu: pos = array([ 0. , -0.4])
7.2060 	EXP 	NextBu: pos = array([ 0. , -0.4])
7.2227 	EXP 	NextBu: pos = array([ 0. , -0.4])
7.2398 	EXP 	NextBu: pos = array([ 0. , -0.4])
7.2404 	DATA 	Mouse: Left button down, pos=(958,104)
7.2575 	EXP 	NextBu: pos = array([ 0. , -0.4])
7.2575 	EXP 	image_5: autoDraw = False
7.2575 	EXP 	slider: autoDraw = False
7.2575 	EXP 	NextBu: autoDraw = False
7.2575 	EXP 	text_4: autoDraw = False
7.2575 	EXP 	text_5: autoDraw = False
7.2575 	EXP 	text: text = 1.0031878400442604
7.2575 	EXP 	text: autoDraw = True
7.3078 	DATA 	Mouse:  Left button up, pos=(958,104)
8.2565 	EXP 	New trial (rep=0, index=1): OrderedDict([('Image', 'Images/S_C_I3_01.png'), ('Race', 'Caucasian'), ('Trait', 'Submissive'), ('Type', 'normal')])
8.2735 	EXP 	text: autoDraw = False
8.2735 	EXP 	text: autoDraw = False
8.2735 	EXP 	image_5: image = 'Images/S_C_I3_01.png'
8.2735 	EXP 	slider: markerPos = None
8.2735 	EXP 	slider: markerPos = None
8.2735 	EXP 	slider: rating = None
8.2735 	EXP 	image_5: autoDraw = True
8.5560 	EXP 	slider: autoDraw = True
8.5560 	EXP 	NextBu: autoDraw = True
8.5560 	EXP 	NextBu: pos = array([ 0. , -0.9])
8.5560 	EXP 	text_4: autoDraw = True
8.5560 	EXP 	text_5: autoDraw = True
8.5739 	EXP 	NextBu: pos = array([ 0. , -0.9])
8.5894 	EXP 	NextBu: pos = array([ 0. , -0.9])
8.6070 	EXP 	NextBu: pos = array([ 0. , -0.9])
8.6230 	EXP 	NextBu: pos = array([ 0. , -0.9])
8.6397 	EXP 	NextBu: pos = array([ 0. , -0.9])
8.6570 	EXP 	NextBu: pos = array([ 0. , -0.9])
8.6739 	EXP 	NextBu: pos = array([ 0. , -0.9])
8.6902 	EXP 	NextBu: pos = array([ 0. , -0.9])
8.7074 	EXP 	NextBu: pos = array([ 0. , -0.9])
8.7229 	EXP 	NextBu: pos = array([ 0. , -0.9])
8.7399 	EXP 	NextBu: pos = array([ 0. , -0.9])
8.7562 	EXP 	NextBu: pos = array([ 0. , -0.9])
8.7747 	EXP 	NextBu: pos = array([ 0. , -0.9])
8.7889 	EXP 	NextBu: pos = array([ 0. , -0.9])
8.8057 	EXP 	NextBu: pos = array([ 0. , -0.9])
8.8236 	EXP 	NextBu: pos = array([ 0. , -0.9])
8.8397 	EXP 	NextBu: pos = array([ 0. , -0.9])
8.8554 	EXP 	NextBu: pos = array([ 0. , -0.9])
8.8732 	EXP 	NextBu: pos = array([ 0. , -0.9])
8.8887 	EXP 	NextBu: pos = array([ 0. , -0.9])
8.9067 	EXP 	NextBu: pos = array([ 0. , -0.9])
8.9225 	EXP 	NextBu: pos = array([ 0. , -0.9])
8.9401 	EXP 	NextBu: pos = array([ 0. , -0.9])
8.9555 	EXP 	NextBu: pos = array([ 0. , -0.9])
8.9723 	EXP 	NextBu: pos = array([ 0. , -0.9])
8.9894 	EXP 	NextBu: pos = array([ 0. , -0.9])
9.0058 	EXP 	NextBu: pos = array([ 0. , -0.9])
9.0228 	EXP 	NextBu: pos = array([ 0. , -0.9])
9.0402 	EXP 	NextBu: pos = array([ 0. , -0.9])
9.0564 	EXP 	NextBu: pos = array([ 0. , -0.9])
9.0733 	EXP 	NextBu: pos = array([ 0. , -0.9])
9.0896 	EXP 	NextBu: pos = array([ 0. , -0.9])
9.1067 	EXP 	NextBu: pos = array([ 0. , -0.9])
9.1225 	EXP 	NextBu: pos = array([ 0. , -0.9])
9.1391 	EXP 	NextBu: pos = array([ 0. , -0.9])
9.1559 	EXP 	NextBu: pos = array([ 0. , -0.9])
9.1733 	EXP 	NextBu: pos = array([ 0. , -0.9])
9.1740 	DATA 	Mouse: Left button down, pos=(1073,254)
9.1892 	EXP 	NextBu: pos = array([ 0. , -0.9])
9.2063 	EXP 	NextBu: pos = array([ 0. , -0.9])
9.2226 	EXP 	NextBu: pos = array([ 0. , -0.9])
9.2401 	EXP 	NextBu: pos = array([ 0. , -0.9])
9.2560 	EXP 	NextBu: pos = array([ 0. , -0.9])
9.2741 	EXP 	NextBu: pos = array([ 0. , -0.9])
9.2747 	DATA 	Mouse:  Left button up, pos=(1073,254)
9.2896 	EXP 	NextBu: pos = array([ 0. , -0.9])
9.3064 	EXP 	NextBu: pos = array([ 0. , -0.9])
9.3227 	EXP 	NextBu: pos = array([ 0. , -0.9])
9.3398 	EXP 	NextBu: pos = array([ 0. , -0.9])
9.3559 	EXP 	NextBu: pos = array([ 0. , -0.9])
9.3731 	EXP 	NextBu: pos = array([ 0. , -0.9])
9.3894 	EXP 	NextBu: pos = array([ 0. , -0.9])
9.4065 	EXP 	NextBu: pos = array([ 0. , -0.9])
9.4227 	EXP 	NextBu: pos = array([ 0. , -0.9])
9.4400 	EXP 	NextBu: pos = array([ 0. , -0.9])
9.4560 	EXP 	NextBu: pos = array([ 0. , -0.9])
9.4738 	EXP 	NextBu: pos = array([ 0. , -0.9])
9.4898 	EXP 	NextBu: pos = array([ 0. , -0.9])
9.5063 	EXP 	NextBu: pos = array([ 0. , -0.9])
9.5228 	EXP 	NextBu: pos = array([ 0. , -0.9])
9.5396 	EXP 	NextBu: pos = array([ 0. , -0.9])
9.5555 	EXP 	NextBu: pos = array([ 0. , -0.9])
9.5733 	EXP 	NextBu: pos = array([ 0. , -0.9])
9.5893 	EXP 	NextBu: pos = array([ 0. , -0.9])
9.6065 	EXP 	NextBu: pos = array([ 0. , -0.9])
9.6224 	EXP 	NextBu: pos = array([ 0. , -0.9])
9.6397 	EXP 	NextBu: pos = array([ 0. , -0.9])
9.6559 	EXP 	NextBu: pos = array([ 0. , -0.9])
9.6731 	EXP 	NextBu: pos = array([ 0. , -0.9])
9.6894 	EXP 	NextBu: pos = array([ 0. , -0.9])
9.7075 	EXP 	NextBu: pos = array([ 0. , -0.9])
9.7084 	DATA 	Mouse: Left button down, pos=(1073,240)
9.7228 	EXP 	NextBu: pos = array([ 0. , -0.9])
9.7228 	EXP 	slider: markerPos = 60.46296296296296
9.7399 	EXP 	NextBu: pos = array([ 0. , -0.9])
9.7399 	EXP 	slider: markerPos = 60.46296296296296
9.7562 	EXP 	NextBu: pos = array([ 0. , -0.9])
9.7562 	EXP 	slider: markerPos = 60.46296296296296
9.7730 	EXP 	NextBu: pos = array([ 0. , -0.9])
9.7730 	EXP 	slider: markerPos = 60.46296296296296
9.7892 	EXP 	NextBu: pos = array([ 0. , -0.9])
9.7892 	EXP 	slider: markerPos = 60.46296296296296
9.8064 	EXP 	NextBu: pos = array([ 0. , -0.9])
9.8064 	EXP 	slider: markerPos = 60.46296296296296
9.8225 	EXP 	NextBu: pos = array([ 0. , -0.9])
9.8225 	EXP 	slider: markerPos = 60.46296296296296
9.8232 	DATA 	Mouse:  Left button up, pos=(1073,240)
9.8400 	EXP 	NextBu: pos = array([ 0. , -0.9])
9.8400 	EXP 	slider: markerPos = 60.46296296296296
9.8400 	EXP 	slider: rating = 60.46296296296296
9.8560 	EXP 	NextBu: pos = array([ 0. , -0.4])
9.8730 	EXP 	NextBu: pos = array([ 0. , -0.4])
9.8891 	EXP 	NextBu: pos = array([ 0. , -0.4])
9.9064 	EXP 	NextBu: pos = array([ 0. , -0.4])
9.9228 	EXP 	NextBu: pos = array([ 0. , -0.4])
9.9396 	EXP 	NextBu: pos = array([ 0. , -0.4])
9.9557 	EXP 	NextBu: pos = array([ 0. , -0.4])
9.9731 	EXP 	NextBu: pos = array([ 0. , -0.4])
9.9893 	EXP 	NextBu: pos = array([ 0. , -0.4])
10.0066 	EXP 	NextBu: pos = array([ 0. , -0.4])
10.0230 	EXP 	NextBu: pos = array([ 0. , -0.4])
10.0396 	EXP 	NextBu: pos = array([ 0. , -0.4])
10.0562 	EXP 	NextBu: pos = array([ 0. , -0.4])
10.0731 	EXP 	NextBu: pos = array([ 0. , -0.4])
10.0887 	EXP 	NextBu: pos = array([ 0. , -0.4])
10.1070 	EXP 	NextBu: pos = array([ 0. , -0.4])
10.1229 	EXP 	NextBu: pos = array([ 0. , -0.4])
10.1406 	EXP 	NextBu: pos = array([ 0. , -0.4])
10.1556 	EXP 	NextBu: pos = array([ 0. , -0.4])
10.1735 	EXP 	NextBu: pos = array([ 0. , -0.4])
10.1893 	EXP 	NextBu: pos = array([ 0. , -0.4])
10.2068 	EXP 	NextBu: pos = array([ 0. , -0.4])
10.2227 	EXP 	NextBu: pos = array([ 0. , -0.4])
10.2391 	EXP 	NextBu: pos = array([ 0. , -0.4])
10.2559 	EXP 	NextBu: pos = array([ 0. , -0.4])
10.2565 	DATA 	Mouse: Left button down, pos=(971,128)
10.2722 	EXP 	NextBu: pos = array([ 0. , -0.4])
10.2722 	EXP 	image_5: autoDraw = False
10.2722 	EXP 	slider: autoDraw = False
10.2722 	EXP 	NextBu: autoDraw = False
10.2722 	EXP 	text_4: autoDraw = False
10.2722 	EXP 	text_5: autoDraw = False
10.2722 	EXP 	text: text = 0.7789504299598347
10.2722 	EXP 	text: autoDraw = True
10.3578 	DATA 	Mouse:  Left button up, pos=(971,128)
11.0408 	EXP 	New trial (rep=0, index=2): OrderedDict([('Image', 'Images/S_C_I4_01.png'), ('Race', 'Caucasian'), ('Trait', 'Submissive'), ('Type', 'normal')])
11.0556 	EXP 	text: autoDraw = False
11.0556 	EXP 	text: autoDraw = False
11.0556 	EXP 	image_5: image = 'Images/S_C_I4_01.png'
11.0556 	EXP 	slider: markerPos = None
11.0556 	EXP 	slider: markerPos = None
11.0556 	EXP 	slider: rating = None
11.0556 	EXP 	image_5: autoDraw = True
11.3395 	EXP 	slider: autoDraw = True
11.3395 	EXP 	NextBu: autoDraw = True
11.3395 	EXP 	NextBu: pos = array([ 0. , -0.9])
11.3395 	EXP 	text_4: autoDraw = True
11.3395 	EXP 	text_5: autoDraw = True
11.3566 	EXP 	NextBu: pos = array([ 0. , -0.9])
11.3739 	EXP 	NextBu: pos = array([ 0. , -0.9])
11.3898 	EXP 	NextBu: pos = array([ 0. , -0.9])
11.4064 	EXP 	NextBu: pos = array([ 0. , -0.9])
11.4236 	EXP 	NextBu: pos = array([ 0. , -0.9])
11.4400 	EXP 	NextBu: pos = array([ 0. , -0.9])
11.4557 	EXP 	NextBu: pos = array([ 0. , -0.9])
11.4736 	EXP 	NextBu: pos = array([ 0. , -0.9])
11.4891 	EXP 	NextBu: pos = array([ 0. , -0.9])
11.5073 	EXP 	NextBu: pos = array([ 0. , -0.9])
11.5228 	EXP 	NextBu: pos = array([ 0. , -0.9])
11.5390 	EXP 	NextBu: pos = array([ 0. , -0.9])
11.5560 	EXP 	NextBu: pos = array([ 0. , -0.9])
11.5735 	EXP 	NextBu: pos = array([ 0. , -0.9])
11.5897 	EXP 	NextBu: pos = array([ 0. , -0.9])
11.6071 	EXP 	NextBu: pos = array([ 0. , -0.9])
11.6220 	EXP 	NextBu: pos = array([ 0. , -0.9])
11.6389 	EXP 	NextBu: pos = array([ 0. , -0.9])
11.6561 	EXP 	NextBu: pos = array([ 0. , -0.9])
11.6727 	EXP 	NextBu: pos = array([ 0. , -0.9])
11.6898 	EXP 	NextBu: pos = array([ 0. , -0.9])
11.7064 	EXP 	NextBu: pos = array([ 0. , -0.9])
11.7222 	EXP 	NextBu: pos = array([ 0. , -0.9])
11.7398 	EXP 	NextBu: pos = array([ 0. , -0.9])
11.7556 	EXP 	NextBu: pos = array([ 0. , -0.9])
11.7738 	EXP 	NextBu: pos = array([ 0. , -0.9])
11.7894 	EXP 	NextBu: pos = array([ 0. , -0.9])
11.8068 	EXP 	NextBu: pos = array([ 0. , -0.9])
11.8229 	EXP 	NextBu: pos = array([ 0. , -0.9])
11.8403 	EXP 	NextBu: pos = array([ 0. , -0.9])
11.8562 	EXP 	NextBu: pos = array([ 0. , -0.9])
11.8725 	EXP 	NextBu: pos = array([ 0. , -0.9])
11.8895 	EXP 	NextBu: pos = array([ 0. , -0.9])
11.9061 	EXP 	NextBu: pos = array([ 0. , -0.9])
11.9228 	EXP 	NextBu: pos = array([ 0. , -0.9])
11.9397 	EXP 	NextBu: pos = array([ 0. , -0.9])
11.9553 	EXP 	NextBu: pos = array([ 0. , -0.9])
11.9732 	EXP 	NextBu: pos = array([ 0. , -0.9])
11.9893 	EXP 	NextBu: pos = array([ 0. , -0.9])
12.0068 	EXP 	NextBu: pos = array([ 0. , -0.9])
12.0225 	EXP 	NextBu: pos = array([ 0. , -0.9])
12.0403 	EXP 	NextBu: pos = array([ 0. , -0.9])
12.0553 	EXP 	NextBu: pos = array([ 0. , -0.9])
12.0721 	EXP 	NextBu: pos = array([ 0. , -0.9])
12.0894 	EXP 	NextBu: pos = array([ 0. , -0.9])
12.1053 	EXP 	NextBu: pos = array([ 0. , -0.9])
12.1219 	EXP 	NextBu: pos = array([ 0. , -0.9])
12.1398 	EXP 	NextBu: pos = array([ 0. , -0.9])
12.1560 	EXP 	NextBu: pos = array([ 0. , -0.9])
12.1731 	EXP 	NextBu: pos = array([ 0. , -0.9])
12.1893 	EXP 	NextBu: pos = array([ 0. , -0.9])
12.2063 	EXP 	NextBu: pos = array([ 0. , -0.9])
12.2229 	EXP 	NextBu: pos = array([ 0. , -0.9])
12.2407 	EXP 	NextBu: pos = array([ 0. , -0.9])
12.2560 	EXP 	NextBu: pos = array([ 0. , -0.9])
12.2730 	EXP 	NextBu: pos = array([ 0. , -0.9])
12.2896 	EXP 	NextBu: pos = array([ 0. , -0.9])
12.3066 	EXP 	NextBu: pos = array([ 0. , -0.9])
12.3228 	EXP 	NextBu: pos = array([ 0. , -0.9])
12.3394 	EXP 	NextBu: pos = array([ 0. , -0.9])
12.3560 	EXP 	NextBu: pos = array([ 0. , -0.9])
12.3735 	EXP 	NextBu: pos = array([ 0. , -0.9])
12.3889 	EXP 	NextBu: pos = array([ 0. , -0.9])
12.4065 	EXP 	NextBu: pos = array([ 0. , -0.9])
12.4225 	EXP 	NextBu: pos = array([ 0. , -0.9])
12.4402 	EXP 	NextBu: pos = array([ 0. , -0.9])
12.4563 	EXP 	NextBu: pos = array([ 0. , -0.9])
12.4737 	EXP 	NextBu: pos = array([ 0. , -0.9])
12.4900 	EXP 	NextBu: pos = array([ 0. , -0.9])
12.5071 	EXP 	NextBu: pos = array([ 0. , -0.9])
12.5238 	EXP 	NextBu: pos = array([ 0. , -0.9])
12.5245 	DATA 	Mouse: Left button down, pos=(554,235)
12.5388 	EXP 	NextBu: pos = array([ 0. , -0.9])
12.5388 	EXP 	slider: markerPos = 12.407407407407407
12.5560 	EXP 	NextBu: pos = array([ 0. , -0.9])
12.5560 	EXP 	slider: markerPos = 12.407407407407407
12.5730 	EXP 	NextBu: pos = array([ 0. , -0.9])
12.5730 	EXP 	slider: markerPos = 12.407407407407407
12.5891 	EXP 	NextBu: pos = array([ 0. , -0.9])
12.5891 	EXP 	slider: markerPos = 12.407407407407407
12.6066 	EXP 	NextBu: pos = array([ 0. , -0.9])
12.6066 	EXP 	slider: markerPos = 12.407407407407407
12.6225 	EXP 	NextBu: pos = array([ 0. , -0.9])
12.6225 	EXP 	slider: markerPos = 12.407407407407407
12.6402 	EXP 	NextBu: pos = array([ 0. , -0.9])
12.6402 	EXP 	slider: markerPos = 12.407407407407407
12.6409 	DATA 	Mouse:  Left button up, pos=(554,235)
12.6560 	EXP 	NextBu: pos = array([ 0. , -0.9])
12.6560 	EXP 	slider: markerPos = 12.407407407407407
12.6560 	EXP 	slider: rating = 12.407407407407407
12.6732 	EXP 	NextBu: pos = array([ 0. , -0.4])
12.6893 	EXP 	NextBu: pos = array([ 0. , -0.4])
12.7066 	EXP 	NextBu: pos = array([ 0. , -0.4])
12.7226 	EXP 	NextBu: pos = array([ 0. , -0.4])
12.7400 	EXP 	NextBu: pos = array([ 0. , -0.4])
12.7559 	EXP 	NextBu: pos = array([ 0. , -0.4])
12.7731 	EXP 	NextBu: pos = array([ 0. , -0.4])
12.7895 	EXP 	NextBu: pos = array([ 0. , -0.4])
12.8067 	EXP 	NextBu: pos = array([ 0. , -0.4])
12.8227 	EXP 	NextBu: pos = array([ 0. , -0.4])
12.8394 	EXP 	NextBu: pos = array([ 0. , -0.4])
12.8562 	EXP 	NextBu: pos = array([ 0. , -0.4])
12.8731 	EXP 	NextBu: pos = array([ 0. , -0.4])
12.8889 	EXP 	NextBu: pos = array([ 0. , -0.4])
12.9054 	EXP 	NextBu: pos = array([ 0. , -0.4])
12.9224 	EXP 	NextBu: pos = array([ 0. , -0.4])
12.9401 	EXP 	NextBu: pos = array([ 0. , -0.4])
12.9559 	EXP 	NextBu: pos = array([ 0. , -0.4])
12.9733 	EXP 	NextBu: pos = array([ 0. , -0.4])
12.9893 	EXP 	NextBu: pos = array([ 0. , -0.4])
13.0070 	EXP 	NextBu: pos = array([ 0. , -0.4])
13.0226 	EXP 	NextBu: pos = array([ 0. , -0.4])
13.0401 	EXP 	NextBu: pos = array([ 0. , -0.4])
13.0554 	EXP 	NextBu: pos = array([ 0. , -0.4])
13.0727 	EXP 	NextBu: pos = array([ 0. , -0.4])
13.0886 	EXP 	NextBu: pos = array([ 0. , -0.4])
13.1062 	EXP 	NextBu: pos = array([ 0. , -0.4])
13.1230 	EXP 	NextBu: pos = array([ 0. , -0.4])
13.1400 	EXP 	NextBu: pos = array([ 0. , -0.4])
13.1555 	EXP 	NextBu: pos = array([ 0. , -0.4])
13.1733 	EXP 	NextBu: pos = array([ 0. , -0.4])
13.1888 	EXP 	NextBu: pos = array([ 0. , -0.4])
13.2064 	EXP 	NextBu: pos = array([ 0. , -0.4])
13.2223 	EXP 	NextBu: pos = array([ 0. , -0.4])
13.2399 	EXP 	NextBu: pos = array([ 0. , -0.4])
13.2555 	EXP 	NextBu: pos = array([ 0. , -0.4])
13.2733 	EXP 	NextBu: pos = array([ 0. , -0.4])
13.2890 	EXP 	NextBu: pos = array([ 0. , -0.4])
13.3066 	EXP 	NextBu: pos = array([ 0. , -0.4])
13.3228 	EXP 	NextBu: pos = array([ 0. , -0.4])
13.3398 	EXP 	NextBu: pos = array([ 0. , -0.4])
13.3561 	EXP 	NextBu: pos = array([ 0. , -0.4])
13.3724 	EXP 	NextBu: pos = array([ 0. , -0.4])
13.3897 	EXP 	NextBu: pos = array([ 0. , -0.4])
13.4059 	EXP 	NextBu: pos = array([ 0. , -0.4])
13.4227 	EXP 	NextBu: pos = array([ 0. , -0.4])
13.4398 	EXP 	NextBu: pos = array([ 0. , -0.4])
13.4560 	EXP 	NextBu: pos = array([ 0. , -0.4])
13.4733 	EXP 	NextBu: pos = array([ 0. , -0.4])
13.4893 	EXP 	NextBu: pos = array([ 0. , -0.4])
13.5063 	EXP 	NextBu: pos = array([ 0. , -0.4])
13.5226 	EXP 	NextBu: pos = array([ 0. , -0.4])
13.5401 	EXP 	NextBu: pos = array([ 0. , -0.4])
13.5562 	EXP 	NextBu: pos = array([ 0. , -0.4])
13.5734 	EXP 	NextBu: pos = array([ 0. , -0.4])
13.5893 	EXP 	NextBu: pos = array([ 0. , -0.4])
13.6068 	EXP 	NextBu: pos = array([ 0. , -0.4])
13.6226 	EXP 	NextBu: pos = array([ 0. , -0.4])
13.6400 	EXP 	NextBu: pos = array([ 0. , -0.4])
13.6562 	EXP 	NextBu: pos = array([ 0. , -0.4])
13.6569 	DATA 	Mouse: Left button down, pos=(997,92)
13.6728 	EXP 	NextBu: pos = array([ 0. , -0.4])
13.6728 	EXP 	image_5: autoDraw = False
13.6728 	EXP 	slider: autoDraw = False
13.6728 	EXP 	NextBu: autoDraw = False
13.6728 	EXP 	text_4: autoDraw = False
13.6728 	EXP 	text_5: autoDraw = False
13.6728 	EXP 	text: text = 0.5150409723722412
13.6728 	EXP 	text: autoDraw = True
13.7239 	DATA 	Mouse:  Left button up, pos=(997,92)
14.1738 	EXP 	New trial (rep=0, index=3): OrderedDict([('Image', 'Images/S_C_I1_01.png'), ('Race', 'Caucasian'), ('Trait', 'Submissive'), ('Type', 'normal')])
14.1893 	EXP 	text: autoDraw = False
14.1893 	EXP 	text: autoDraw = False
14.1893 	EXP 	image_5: image = 'Images/S_C_I1_01.png'
14.1893 	EXP 	slider: markerPos = None
14.1893 	EXP 	slider: markerPos = None
14.1893 	EXP 	slider: rating = None
14.1893 	EXP 	image_5: autoDraw = True
14.4740 	EXP 	slider: autoDraw = True
14.4740 	EXP 	NextBu: autoDraw = True
14.4740 	EXP 	NextBu: pos = array([ 0. , -0.9])
14.4740 	EXP 	text_4: autoDraw = True
14.4740 	EXP 	text_5: autoDraw = True
14.4897 	EXP 	NextBu: pos = array([ 0. , -0.9])
14.5064 	EXP 	NextBu: pos = array([ 0. , -0.9])
14.5232 	EXP 	NextBu: pos = array([ 0. , -0.9])
14.5404 	EXP 	NextBu: pos = array([ 0. , -0.9])
14.5564 	EXP 	NextBu: pos = array([ 0. , -0.9])
14.5739 	EXP 	NextBu: pos = array([ 0. , -0.9])
14.5897 	EXP 	NextBu: pos = array([ 0. , -0.9])
14.6072 	EXP 	NextBu: pos = array([ 0. , -0.9])
14.6232 	EXP 	NextBu: pos = array([ 0. , -0.9])
14.6404 	EXP 	NextBu: pos = array([ 0. , -0.9])
14.6564 	EXP 	NextBu: pos = array([ 0. , -0.9])
14.6744 	EXP 	NextBu: pos = array([ 0. , -0.9])
14.6895 	EXP 	NextBu: pos = array([ 0. , -0.9])
14.7079 	EXP 	NextBu: pos = array([ 0. , -0.9])
14.7227 	EXP 	NextBu: pos = array([ 0. , -0.9])
14.7406 	EXP 	NextBu: pos = array([ 0. , -0.9])
14.7564 	EXP 	NextBu: pos = array([ 0. , -0.9])
14.7737 	EXP 	NextBu: pos = array([ 0. , -0.9])
14.7897 	EXP 	NextBu: pos = array([ 0. , -0.9])
14.8058 	EXP 	NextBu: pos = array([ 0. , -0.9])
14.8228 	EXP 	NextBu: pos = array([ 0. , -0.9])
14.8394 	EXP 	NextBu: pos = array([ 0. , -0.9])
14.8561 	EXP 	NextBu: pos = array([ 0. , -0.9])
14.8730 	EXP 	NextBu: pos = array([ 0. , -0.9])
14.8896 	EXP 	NextBu: pos = array([ 0. , -0.9])
14.9066 	EXP 	NextBu: pos = array([ 0. , -0.9])
14.9222 	EXP 	NextBu: pos = array([ 0. , -0.9])
14.9398 	EXP 	NextBu: pos = array([ 0. , -0.9])
14.9556 	EXP 	NextBu: pos = array([ 0. , -0.9])
14.9733 	EXP 	NextBu: pos = array([ 0. , -0.9])
14.9892 	EXP 	NextBu: pos = array([ 0. , -0.9])
15.0067 	EXP 	NextBu: pos = array([ 0. , -0.9])
15.0229 	EXP 	NextBu: pos = array([ 0. , -0.9])
15.0400 	EXP 	NextBu: pos = array([ 0. , -0.9])
15.0560 	EXP 	NextBu: pos = array([ 0. , -0.9])
15.0734 	EXP 	NextBu: pos = array([ 0. , -0.9])
15.0895 	EXP 	NextBu: pos = array([ 0. , -0.9])
15.1075 	EXP 	NextBu: pos = array([ 0. , -0.9])
15.1228 	EXP 	NextBu: pos = array([ 0. , -0.9])
15.1395 	EXP 	NextBu: pos = array([ 0. , -0.9])
15.1563 	EXP 	NextBu: pos = array([ 0. , -0.9])
15.1729 	EXP 	NextBu: pos = array([ 0. , -0.9])
15.1893 	EXP 	NextBu: pos = array([ 0. , -0.9])
15.2067 	EXP 	NextBu: pos = array([ 0. , -0.9])
15.2227 	EXP 	NextBu: pos = array([ 0. , -0.9])
15.2406 	EXP 	NextBu: pos = array([ 0. , -0.9])
15.2561 	EXP 	NextBu: pos = array([ 0. , -0.9])
15.2739 	EXP 	NextBu: pos = array([ 0. , -0.9])
15.2897 	EXP 	NextBu: pos = array([ 0. , -0.9])
15.3069 	EXP 	NextBu: pos = array([ 0. , -0.9])
15.3227 	EXP 	NextBu: pos = array([ 0. , -0.9])
15.3401 	EXP 	NextBu: pos = array([ 0. , -0.9])
15.3561 	EXP 	NextBu: pos = array([ 0. , -0.9])
15.3724 	EXP 	NextBu: pos = array([ 0. , -0.9])
15.3894 	EXP 	NextBu: pos = array([ 0. , -0.9])
15.4066 	EXP 	NextBu: pos = array([ 0. , -0.9])
15.4227 	EXP 	NextBu: pos = array([ 0. , -0.9])
15.4402 	EXP 	NextBu: pos = array([ 0. , -0.9])
15.4559 	EXP 	NextBu: pos = array([ 0. , -0.9])
15.4733 	EXP 	NextBu: pos = array([ 0. , -0.9])
15.4896 	EXP 	NextBu: pos = array([ 0. , -0.9])
15.5071 	EXP 	NextBu: pos = array([ 0. , -0.9])
15.5231 	EXP 	NextBu: pos = array([ 0. , -0.9])
15.5402 	EXP 	NextBu: pos = array([ 0. , -0.9])
15.5553 	EXP 	NextBu: pos = array([ 0. , -0.9])
15.5728 	EXP 	NextBu: pos = array([ 0. , -0.9])
15.5895 	EXP 	NextBu: pos = array([ 0. , -0.9])
15.6061 	EXP 	NextBu: pos = array([ 0. , -0.9])
15.6226 	EXP 	NextBu: pos = array([ 0. , -0.9])
15.6401 	EXP 	NextBu: pos = array([ 0. , -0.9])
15.6564 	EXP 	NextBu: pos = array([ 0. , -0.9])
15.6743 	EXP 	NextBu: pos = array([ 0. , -0.9])
15.6891 	EXP 	NextBu: pos = array([ 0. , -0.9])
15.7070 	EXP 	NextBu: pos = array([ 0. , -0.9])
15.7226 	EXP 	NextBu: pos = array([ 0. , -0.9])
15.7404 	EXP 	NextBu: pos = array([ 0. , -0.9])
15.7560 	EXP 	NextBu: pos = array([ 0. , -0.9])
15.7735 	EXP 	NextBu: pos = array([ 0. , -0.9])
15.7894 	EXP 	NextBu: pos = array([ 0. , -0.9])
15.7900 	DATA 	Mouse: Left button down, pos=(1174,238)
15.8060 	EXP 	NextBu: pos = array([ 0. , -0.9])
15.8060 	EXP 	slider: markerPos = 69.81481481481482
15.8228 	EXP 	NextBu: pos = array([ 0. , -0.9])
15.8228 	EXP 	slider: markerPos = 69.81481481481482
15.8396 	EXP 	NextBu: pos = array([ 0. , -0.9])
15.8396 	EXP 	slider: markerPos = 69.81481481481482
15.8560 	EXP 	NextBu: pos = array([ 0. , -0.9])
15.8560 	EXP 	slider: markerPos = 69.81481481481482
15.8733 	EXP 	NextBu: pos = array([ 0. , -0.9])
15.8733 	EXP 	slider: markerPos = 69.81481481481482
15.8739 	DATA 	Mouse:  Left button up, pos=(1174,238)
15.8894 	EXP 	NextBu: pos = array([ 0. , -0.9])
15.8894 	EXP 	slider: markerPos = 69.81481481481482
15.8894 	EXP 	slider: rating = 69.81481481481482
15.9064 	EXP 	NextBu: pos = array([ 0. , -0.4])
15.9228 	EXP 	NextBu: pos = array([ 0. , -0.4])
15.9402 	EXP 	NextBu: pos = array([ 0. , -0.4])
15.9562 	EXP 	NextBu: pos = array([ 0. , -0.4])
15.9732 	EXP 	NextBu: pos = array([ 0. , -0.4])
15.9890 	EXP 	NextBu: pos = array([ 0. , -0.4])
16.0054 	EXP 	NextBu: pos = array([ 0. , -0.4])
16.0224 	EXP 	NextBu: pos = array([ 0. , -0.4])
16.0405 	EXP 	NextBu: pos = array([ 0. , -0.4])
16.0561 	EXP 	NextBu: pos = array([ 0. , -0.4])
16.0727 	EXP 	NextBu: pos = array([ 0. , -0.4])
16.0892 	EXP 	NextBu: pos = array([ 0. , -0.4])
16.1053 	EXP 	NextBu: pos = array([ 0. , -0.4])
16.1229 	EXP 	NextBu: pos = array([ 0. , -0.4])
16.1396 	EXP 	NextBu: pos = array([ 0. , -0.4])
16.1563 	EXP 	NextBu: pos = array([ 0. , -0.4])
16.1723 	EXP 	NextBu: pos = array([ 0. , -0.4])
16.1896 	EXP 	NextBu: pos = array([ 0. , -0.4])
16.2063 	EXP 	NextBu: pos = array([ 0. , -0.4])
16.2222 	EXP 	NextBu: pos = array([ 0. , -0.4])
16.2400 	EXP 	NextBu: pos = array([ 0. , -0.4])
16.2559 	EXP 	NextBu: pos = array([ 0. , -0.4])
16.2736 	EXP 	NextBu: pos = array([ 0. , -0.4])
16.2894 	EXP 	NextBu: pos = array([ 0. , -0.4])
16.3066 	EXP 	NextBu: pos = array([ 0. , -0.4])
16.3071 	DATA 	Mouse: Left button down, pos=(983,118)
16.3228 	EXP 	NextBu: pos = array([ 0. , -0.4])
16.3228 	EXP 	image_5: autoDraw = False
16.3228 	EXP 	slider: autoDraw = False
16.3228 	EXP 	NextBu: autoDraw = False
16.3228 	EXP 	text_4: autoDraw = False
16.3228 	EXP 	text_5: autoDraw = False
16.3228 	EXP 	text: text = 1.439333853194304
16.3228 	EXP 	text: autoDraw = True
16.3743 	DATA 	Mouse:  Left button up, pos=(982,118)
17.7572 	EXP 	New trial (rep=0, index=4): OrderedDict([('Image', 'Images/S_C_I5_03.png'), ('Race', 'Caucasian'), ('Trait', 'Dominant'), ('Type', 'normal')])
17.7734 	EXP 	text: autoDraw = False
17.7734 	EXP 	text: autoDraw = False
17.7734 	EXP 	image_5: image = 'Images/S_C_I5_03.png'
17.7734 	EXP 	slider: markerPos = None
17.7734 	EXP 	slider: markerPos = None
17.7734 	EXP 	slider: rating = None
17.7734 	EXP 	image_5: autoDraw = True
18.0733 	EXP 	slider: autoDraw = True
18.0733 	EXP 	NextBu: autoDraw = True
18.0733 	EXP 	NextBu: pos = array([ 0. , -0.9])
18.0733 	EXP 	text_4: autoDraw = True
18.0733 	EXP 	text_5: autoDraw = True
18.0899 	EXP 	NextBu: pos = array([ 0. , -0.9])
18.1055 	EXP 	NextBu: pos = array([ 0. , -0.9])
18.1078 	DATA 	Keypress: escape
18.1226 	EXP 	NextBu: pos = array([ 0. , -0.9])
18.1409 	EXP 	NextBu: pos = array([ 0. , -0.9])
18.1565 	EXP 	NextBu: pos = array([ 0. , -0.9])
18.1738 	EXP 	NextBu: pos = array([ 0. , -0.9])
18.1897 	EXP 	NextBu: pos = array([ 0. , -0.9])
18.2081 	EXP 	NextBu: pos = array([ 0. , -0.9])
18.2289 	EXP 	window1: mouseVisible = True
18.2290 	DEBUG 	Saving data for FatFaceOnline ExperimentHandler
18.2298 	INFO 	saved data to /Users/vivianfang/Desktop/Ratings/data/_FatFaceOnline_2021_Oct_05_1016.psydat
18.2306 	INFO 	saved data to '/Users/vivianfang/Desktop/Ratings/data/_FatFaceOnline_2021_Oct_05_1016.csv'
