0.9209 	WARNING 	We strongly recommend you activate the PTB sound engine in PsychoPy prefs as the preferred audio engine. Its timing is vastly superior. Your prefs are currently set to use ['sounddevice', 'PTB', 'pyo', 'pygame'] (in that order).
4.3893 	INFO 	Loaded monitor calibration from ['2021_08_31 22:24']
4.4041 	WARNING 	User requested fullscreen with size [1920 1080], but screen is actually [1440, 900]. Using actual size
5.0731 	EXP 	Created window1 = Window(allowGUI=False, allowStencil=False, autoLog=True, backendConf=UNKNOWN, bitsMode=UNKNOWN, blendMode='avg', bpc=(8, 8, 8), color=array([1, 1, 1]), colorSpace='rgb', depthBits=8, fullscr=<method-wrapper '__getattribute__' of attributeSetter object at 0x7fdd71dcda90>, gamma=None, gammaErrorPolicy='raise', lms=UNKNOWN, monitor=<psychopy.monitors.calibTools.Monitor object at 0x7fdd236c1860>, multiSample=False, name='window1', numSamples=2, pos=[360.0, 225.0], screen=0, size=array([2880, 1800]), stencilBits=0, stereo=False, units='height', useFBO=True, useRetina=True, viewOri=0.0, viewPos=None, viewScale=None, waitBlanking=True, winType='pyglet')
5.0733 	EXP 	window1: mouseVisible = True
5.0733 	EXP 	window1: recordFrameIntervals = False
5.2395 	EXP 	window1: recordFrameIntervals = True
5.4230 	DEBUG 	Screen (0) actual frame rate measured at 59.91
5.4231 	EXP 	window1: recordFrameIntervals = False
7.4564 	INFO 	keyboard.Keyboard is using ptb backend.
7.4950 	EXP 	Created RInstr = TextStim(__class__=<class 'psychopy.visual.text.TextStim'>, alignHoriz=method-wrapper(...), alignText='center', alignVert=method-wrapper(...), anchorHoriz='center', anchorVert='center', antialias=True, autoLog=True, bold=False, color=array([-1., -1., -1.]), colorSpace='rgb', contrast=1.0, depth=0.0, flipHoriz=False, flipVert=False, font='Arial', fontFiles=[], height=0.05, italic=False, languageStyle='LTR', name='RInstr', opacity=1, ori=0, pos=array([0., 0.]), rgb=UNKNOWN, text=str(...), units='height', win=Window(...), wrapWidth=1)
8.0218 	INFO 	keyboard.Keyboard is using ptb backend.
8.0244 	EXP 	Created image_5 = ImageStim(__class__=<class 'psychopy.visual.image.ImageStim'>, autoLog=True, color=array([1., 1., 1.]), colorSpace='rgb', contrast=1.0, depth=-1.0, flipHoriz=False, flipVert=False, image='sin', interpolate=False, mask=None, maskParams=None, name='image_5', opacity=1, ori=0.0, pos=array([0., 0.]), size=array([0.4, 0.4]), texRes=512, units='height', win=Window(...))
8.0370 	INFO 	Mouse: using default window
8.0371 	EXP 	window1: mouseVisible = True
8.0444 	EXP 	Created slider = Slider(__class__=<class 'psychopy.visual.slider.Slider'>, autoDraw=False, autoLog=True, borderColor=None, color=None, colorSpace='rgb', depth=-2, fillColor=None, flip=False, font='HelveticaBold', granularity=0, labelHeight=0.05, labelWrapWidth=None, labels=None, name='slider', opacity=None, pos=(0, -0.28), readOnly=False, self=UNKNOWN, size=(1.0, 0.025), startValue=None, style=method-wrapper(...), styleTweaks=method-wrapper(...), ticks=ndarray(...), units='height', win=Window(...))
8.0682 	EXP 	Created NextBu = ImageStim(__class__=<class 'psychopy.visual.image.ImageStim'>, autoLog=True, color=array([1., 1., 1.]), colorSpace='rgb', contrast=1.0, depth=-3.0, flipHoriz=False, flipVert=False, image='Picture1.png', interpolate=False, mask=None, maskParams=None, name='NextBu', opacity=1, ori=0.0, pos=array([0., 0.]), size=array([0.2, 0.1]), texRes=512, units='height', win=Window(...))
8.0683 	EXP 	window1: mouseVisible = True
8.0747 	EXP 	Created text_4 = TextStim(__class__=<class 'psychopy.visual.text.TextStim'>, alignHoriz=method-wrapper(...), alignText='center', alignVert=method-wrapper(...), anchorHoriz='center', anchorVert='center', antialias=True, autoLog=True, bold=False, color=array([-1., -1., -1.]), colorSpace='rgb', contrast=1.0, depth=-5.0, flipHoriz=False, flipVert=False, font='Arial', fontFiles=[], height=0.03, italic=False, languageStyle='LTR', name='text_4', opacity=1, ori=0, pos=array([-0.5 , -0.32]), rgb=UNKNOWN, text='Not Attractive at all', units='height', win=Window(...), wrapWidth=1)
8.0777 	EXP 	Created text_5 = TextStim(__class__=<class 'psychopy.visual.text.TextStim'>, alignHoriz=method-wrapper(...), alignText='center', alignVert=method-wrapper(...), anchorHoriz='center', anchorVert='center', antialias=True, autoLog=True, bold=False, color=array([-1., -1., -1.]), colorSpace='rgb', contrast=1.0, depth=-6.0, flipHoriz=False, flipVert=False, font='Arial', fontFiles=[], height=0.03, italic=False, languageStyle='LTR', name='text_5', opacity=1, ori=0, pos=array([ 0.5 , -0.32]), rgb=UNKNOWN, text='Very Attractive', units='height', win=Window(...), wrapWidth=1)
8.0787 	EXP 	Created text = TextStim(__class__=<class 'psychopy.visual.text.TextStim'>, alignHoriz=method-wrapper(...), alignText='center', alignVert=method-wrapper(...), anchorHoriz='center', anchorVert='center', antialias=True, autoLog=True, bold=False, color=array([1., 1., 1.]), colorSpace='rgb', contrast=1.0, depth=-1.0, flipHoriz=False, flipVert=False, font='Arial', fontFiles=[], height=0.1, italic=False, languageStyle='LTR', name='text', opacity=1, ori=0, pos=array([0., 0.]), rgb=UNKNOWN, text='', units='height', win=Window(...), wrapWidth=1)
8.0893 	EXP 	Created EndText = TextStim(__class__=<class 'psychopy.visual.text.TextStim'>, alignHoriz=method-wrapper(...), alignText='center', alignVert=method-wrapper(...), anchorHoriz='center', anchorVert='center', antialias=True, autoLog=True, bold=False, color=array([-1., -1., -1.]), colorSpace='rgb', contrast=1.0, depth=0.0, flipHoriz=False, flipVert=False, font='Arial', fontFiles=[], height=0.05, italic=False, languageStyle='LTR', name='EndText', opacity=1, ori=0, pos=array([0., 0.]), rgb=UNKNOWN, text=str(...), units='height', win=Window(...), wrapWidth=1)
8.0998 	EXP 	slider: autoLog = True
8.0998 	EXP 	slider: markerPos = None
8.0998 	EXP 	slider: rating = None
8.0998 	EXP 	slider: markerPos = None
8.0998 	EXP 	slider: contrast = 1.0
8.0998 	EXP 	slider: autoLog = True
8.0998 	EXP 	slider: styleTweaks = []
8.0998 	EXP 	slider: style = ['rating']
8.0998 	EXP 	slider: styleTweaks = ['triangleMarker']
8.0998 	EXP 	RInstr: autoDraw = True
8.8507 	DEBUG 	Read excel file with openpyxl: Rating_BlockOrder.xlsx
8.8510 	EXP 	Imported Rating_BlockOrder.xlsx as conditions, 5 conditions, 1 params
8.8519 	EXP 	Created sequence: random, trialTypes=5, nReps=1, seed=None
8.8523 	EXP 	New trial (rep=0, index=0): {'RatingBlock': 'TrialCondition_C.xslx'}
8.8572 	DEBUG 	Read excel file with openpyxl: Rating_BlockOrder.xlsx
8.8575 	EXP 	Imported Rating_BlockOrder.xlsx as conditions, 5 conditions, 1 params
8.8578 	EXP 	Created sequence: random, trialTypes=5, nReps=1, seed=None
8.8580 	EXP 	New trial (rep=0, index=0): {'RatingBlock': 'TrialCondition_D.xslx'}
8.8752 	EXP 	window1: mouseVisible = True
8.8757 	DEBUG 	Saving data for FatFaceOnline ExperimentHandler
8.8763 	INFO 	saved data to /Users/kelsielau/Ratings/data/_FatFaceOnline_2021_Oct_12_1907.psydat
8.8766 	INFO 	saved data to '/Users/kelsielau/Ratings/data/_FatFaceOnline_2021_Oct_12_1907.csv'
