0.2669 	WARNING 	We strongly recommend you activate the PTB sound engine in PsychoPy prefs as the preferred audio engine. Its timing is vastly superior. Your prefs are currently set to use ['sounddevice', 'PTB', 'pyo', 'pygame'] (in that order).
3.2753 	INFO 	Loaded monitor calibration from ['2021_03_12 13:58']
3.8782 	EXP 	Created window1 = Window(allowGUI=False, allowStencil=False, autoLog=True, backendConf=UNKNOWN, bitsMode=UNKNOWN, blendMode='avg', bpc=(8, 8, 8), color=array([1, 1, 1]), colorSpace='rgb', depthBits=8, fullscr=<method-wrapper '__getattribute__' of attributeSetter object at 0x7fa890865ac8>, gamma=None, gammaErrorPolicy='raise', lms=UNKNOWN, monitor=<psychopy.monitors.calibTools.Monitor object at 0x7fa8907df9b0>, multiSample=False, name='window1', numSamples=2, pos=[480.0, 270.0], screen=0, size=array([3840, 2160]), stencilBits=0, stereo=False, units='height', useFBO=True, useRetina=True, viewOri=0.0, viewPos=None, viewScale=None, waitBlanking=True, winType='pyglet')
3.8785 	EXP 	window1: mouseVisible = True
3.8785 	EXP 	window1: recordFrameIntervals = False
4.0440 	EXP 	window1: recordFrameIntervals = True
4.2282 	DEBUG 	Screen (0) actual frame rate measured at 59.99
4.2282 	EXP 	window1: recordFrameIntervals = False
4.3693 	EXP 	Created RInstr = TextStim(__class__=<class 'psychopy.visual.text.TextStim'>, alignHoriz=method-wrapper(...), alignText='center', alignVert=method-wrapper(...), anchorHoriz='center', anchorVert='center', antialias=True, autoLog=True, bold=False, color=array([-1, -1, -1]), colorSpace='rgb', contrast=1.0, depth=0.0, flipHoriz=False, flipVert=False, font='Arial', fontFiles=[], height=0.05, italic=False, languageStyle='LTR', name='RInstr', opacity=1, ori=0, pos=array([0., 0.]), rgb=UNKNOWN, text=str(...), units='height', win=Window(...), wrapWidth=1)
4.4434 	EXP 	Created image_5 = ImageStim(__class__=<class 'psychopy.visual.image.ImageStim'>, autoLog=True, color=array([1, 1, 1]), colorSpace='rgb', contrast=1.0, depth=-1.0, flipHoriz=False, flipVert=False, image='sin', interpolate=True, mask=None, maskParams=None, name='image_5', opacity=1, ori=0.0, pos=array([0., 0.]), size=array([0.4, 0.4]), texRes=512, units='height', win=Window(...))
4.4523 	INFO 	Mouse: using default window
4.4524 	EXP 	window1: mouseVisible = True
4.4562 	EXP 	Created slider = Slider(__class__=<class 'psychopy.visual.slider.Slider'>, autoDraw=False, autoLog=True, borderColor=None, color=None, colorSpace='rgb', depth=-2, fillColor=None, flip=False, font='HelveticaBold', granularity=0, labelHeight=0.05, labelWrapWidth=None, labels=None, name='slider', opacity=None, pos=(0, -0.28), readOnly=False, self=UNKNOWN, size=(1.0, 0.025), style=method-wrapper(...), styleTweaks=method-wrapper(...), ticks=ndarray(...), units='height', win=Window(...))
4.4804 	EXP 	Created next = ImageStim(__class__=<class 'psychopy.visual.image.ImageStim'>, autoLog=True, color=array([1, 1, 1]), colorSpace='rgb', contrast=1.0, depth=-3.0, flipHoriz=False, flipVert=False, image='Picture1.png', interpolate=False, mask=None, maskParams=None, name='next', opacity=1, ori=0.0, pos=array([0., 0.]), size=array([0.2, 0.1]), texRes=512, units='height', win=Window(...))
4.4805 	EXP 	window1: mouseVisible = True
4.4858 	EXP 	Created text_4 = TextStim(__class__=<class 'psychopy.visual.text.TextStim'>, alignHoriz=method-wrapper(...), alignText='center', alignVert=method-wrapper(...), anchorHoriz='center', anchorVert='center', antialias=True, autoLog=True, bold=False, color=array([-1, -1, -1]), colorSpace='rgb', contrast=1.0, depth=-5.0, flipHoriz=False, flipVert=False, font='Arial', fontFiles=[], height=0.03, italic=False, languageStyle='LTR', name='text_4', opacity=1, ori=0, pos=array([-0.5 , -0.32]), rgb=UNKNOWN, text='Not Dominant at all', units='height', win=Window(...), wrapWidth=1)
4.4894 	EXP 	Created text_5 = TextStim(__class__=<class 'psychopy.visual.text.TextStim'>, alignHoriz=method-wrapper(...), alignText='center', alignVert=method-wrapper(...), anchorHoriz='center', anchorVert='center', antialias=True, autoLog=True, bold=False, color=array([-1, -1, -1]), colorSpace='rgb', contrast=1.0, depth=-6.0, flipHoriz=False, flipVert=False, font='Arial', fontFiles=[], height=0.03, italic=False, languageStyle='LTR', name='text_5', opacity=1, ori=0, pos=array([ 0.5 , -0.32]), rgb=UNKNOWN, text='Very Dominant', units='height', win=Window(...), wrapWidth=1)
4.4899 	EXP 	Created text = TextStim(__class__=<class 'psychopy.visual.text.TextStim'>, alignHoriz=method-wrapper(...), alignText='center', alignVert=method-wrapper(...), anchorHoriz='center', anchorVert='center', antialias=True, autoLog=True, bold=False, color=array([1, 1, 1]), colorSpace='rgb', contrast=1.0, depth=-1.0, flipHoriz=False, flipVert=False, font='Arial', fontFiles=[], height=0.1, italic=False, languageStyle='LTR', name='text', opacity=1, ori=0, pos=array([0., 0.]), rgb=UNKNOWN, text='', units='height', win=Window(...), wrapWidth=1)
4.5016 	EXP 	Created EndText = TextStim(__class__=<class 'psychopy.visual.text.TextStim'>, alignHoriz=method-wrapper(...), alignText='center', alignVert=method-wrapper(...), anchorHoriz='center', anchorVert='center', antialias=True, autoLog=True, bold=False, color=array([-1, -1, -1]), colorSpace='rgb', contrast=1.0, depth=0.0, flipHoriz=False, flipVert=False, font='Arial', fontFiles=[], height=0.05, italic=False, languageStyle='LTR', name='EndText', opacity=1, ori=0, pos=array([0., 0.]), rgb=UNKNOWN, text=str(...), units='height', win=Window(...), wrapWidth=1)
4.5103 	EXP 	slider: autoLog = True
4.5103 	EXP 	slider: markerPos = None
4.5103 	EXP 	slider: rating = None
4.5103 	EXP 	slider: markerPos = None
4.5103 	EXP 	slider: contrast = 1.0
4.5103 	EXP 	slider: autoLog = True
4.5103 	EXP 	slider: styleTweaks = []
4.5103 	EXP 	slider: styleTweaks = ['t', 'r', 'i', 'a', 'n', 'g', 'l', 'e', 'M', 'a', 'r', 'k', 'e', 'r']
4.5103 	EXP 	slider: style = ['triangleMarker']
4.5103 	EXP 	slider: styleTweaks = ['t', 'r', 'i', 'a', 'n', 'g', 'l', 'e', 'M', 'a', 'r', 'k', 'e', 'r']
4.5103 	EXP 	RInstr: autoDraw = True
5.7358 	DEBUG 	Read csv file with pandas: Rating_BlockOrder.csv
5.7390 	DEBUG 	Clearing unnamed columns from Rating_BlockOrder.csv
5.7394 	EXP 	Imported Rating_BlockOrder.csv as conditions, 3 conditions, 1 params
5.7424 	EXP 	Created sequence: random, trialTypes=3, nReps=1, seed=None
5.7427 	EXP 	New trial (rep=0, index=0): OrderedDict([('RatingBlock', 'TrialCondition_B.csv')])
5.7459 	DEBUG 	Read csv file with pandas: TrialCondition_B.csv
5.7472 	DEBUG 	Clearing unnamed columns from TrialCondition_B.csv
5.7484 	EXP 	Imported TrialCondition_B.csv as conditions, 24 conditions, 4 params
5.7486 	EXP 	Created sequence: random, trialTypes=24, nReps=1, seed=None
5.7489 	EXP 	New trial (rep=0, index=0): OrderedDict([('Image', 'Images/S_B_I2_01.png'), ('Race', 'Black'), ('Trait', 'Submissive'), ('Type', 'normal')])
5.7656 	DATA 	Keypress: space
5.7721 	EXP 	RInstr: autoDraw = False
5.7721 	EXP 	image_5: image = 'Images/S_B_I2_01.png'
5.7721 	EXP 	slider: markerPos = None
5.7721 	EXP 	slider: markerPos = None
5.7721 	EXP 	slider: rating = None
5.7721 	EXP 	image_5: autoDraw = True
6.0991 	EXP 	slider: autoDraw = True
6.0991 	EXP 	next: autoDraw = True
6.0991 	EXP 	next: pos = array([ 0. , -0.9])
6.0991 	EXP 	text_4: autoDraw = True
6.0991 	EXP 	text_5: autoDraw = True
6.1109 	EXP 	next: pos = array([ 0. , -0.9])
6.1273 	EXP 	next: pos = array([ 0. , -0.9])
6.1436 	EXP 	next: pos = array([ 0. , -0.9])
6.1609 	EXP 	next: pos = array([ 0. , -0.9])
6.1769 	EXP 	next: pos = array([ 0. , -0.9])
6.1945 	EXP 	next: pos = array([ 0. , -0.9])
6.2103 	EXP 	next: pos = array([ 0. , -0.9])
6.2271 	EXP 	next: pos = array([ 0. , -0.9])
6.2435 	EXP 	next: pos = array([ 0. , -0.9])
6.2611 	EXP 	next: pos = array([ 0. , -0.9])
6.2777 	EXP 	next: pos = array([ 0. , -0.9])
6.2947 	EXP 	next: pos = array([ 0. , -0.9])
6.3107 	EXP 	next: pos = array([ 0. , -0.9])
6.3274 	EXP 	next: pos = array([ 0. , -0.9])
6.3439 	EXP 	next: pos = array([ 0. , -0.9])
6.3609 	EXP 	next: pos = array([ 0. , -0.9])
6.3772 	EXP 	next: pos = array([ 0. , -0.9])
6.3945 	EXP 	next: pos = array([ 0. , -0.9])
6.4105 	EXP 	next: pos = array([ 0. , -0.9])
6.4273 	EXP 	next: pos = array([ 0. , -0.9])
6.4439 	EXP 	next: pos = array([ 0. , -0.9])
6.4607 	EXP 	next: pos = array([ 0. , -0.9])
6.4773 	EXP 	next: pos = array([ 0. , -0.9])
6.4949 	EXP 	next: pos = array([ 0. , -0.9])
6.5107 	EXP 	next: pos = array([ 0. , -0.9])
6.5284 	EXP 	next: pos = array([ 0. , -0.9])
6.5437 	EXP 	next: pos = array([ 0. , -0.9])
6.5606 	EXP 	next: pos = array([ 0. , -0.9])
6.5771 	EXP 	next: pos = array([ 0. , -0.9])
6.5927 	EXP 	next: pos = array([ 0. , -0.9])
6.6103 	EXP 	next: pos = array([ 0. , -0.9])
6.6272 	EXP 	next: pos = array([ 0. , -0.9])
6.6433 	EXP 	next: pos = array([ 0. , -0.9])
6.6606 	EXP 	next: pos = array([ 0. , -0.9])
6.6768 	EXP 	next: pos = array([ 0. , -0.9])
6.6938 	EXP 	next: pos = array([ 0. , -0.9])
6.7101 	EXP 	next: pos = array([ 0. , -0.9])
6.7272 	EXP 	next: pos = array([ 0. , -0.9])
6.7434 	EXP 	next: pos = array([ 0. , -0.9])
6.7611 	EXP 	next: pos = array([ 0. , -0.9])
6.7767 	EXP 	next: pos = array([ 0. , -0.9])
6.7938 	EXP 	next: pos = array([ 0. , -0.9])
6.8101 	EXP 	next: pos = array([ 0. , -0.9])
6.8272 	EXP 	next: pos = array([ 0. , -0.9])
6.8436 	EXP 	next: pos = array([ 0. , -0.9])
6.8611 	EXP 	next: pos = array([ 0. , -0.9])
6.8771 	EXP 	next: pos = array([ 0. , -0.9])
6.8936 	EXP 	next: pos = array([ 0. , -0.9])
6.9104 	EXP 	next: pos = array([ 0. , -0.9])
6.9271 	EXP 	next: pos = array([ 0. , -0.9])
6.9430 	EXP 	next: pos = array([ 0. , -0.9])
6.9606 	EXP 	next: pos = array([ 0. , -0.9])
6.9764 	EXP 	next: pos = array([ 0. , -0.9])
6.9930 	EXP 	next: pos = array([ 0. , -0.9])
7.0100 	EXP 	next: pos = array([ 0. , -0.9])
7.0277 	EXP 	next: pos = array([ 0. , -0.9])
7.0436 	EXP 	next: pos = array([ 0. , -0.9])
7.0610 	EXP 	next: pos = array([ 0. , -0.9])
7.0769 	EXP 	next: pos = array([ 0. , -0.9])
7.0933 	EXP 	next: pos = array([ 0. , -0.9])
7.1103 	EXP 	next: pos = array([ 0. , -0.9])
7.1268 	EXP 	next: pos = array([ 0. , -0.9])
7.1435 	EXP 	next: pos = array([ 0. , -0.9])
7.1604 	EXP 	next: pos = array([ 0. , -0.9])
7.1767 	EXP 	next: pos = array([ 0. , -0.9])
7.1941 	EXP 	next: pos = array([ 0. , -0.9])
7.2101 	EXP 	next: pos = array([ 0. , -0.9])
7.2275 	EXP 	next: pos = array([ 0. , -0.9])
7.2435 	EXP 	next: pos = array([ 0. , -0.9])
7.2611 	EXP 	next: pos = array([ 0. , -0.9])
7.2770 	EXP 	next: pos = array([ 0. , -0.9])
7.2943 	EXP 	next: pos = array([ 0. , -0.9])
7.3100 	EXP 	next: pos = array([ 0. , -0.9])
7.3277 	EXP 	next: pos = array([ 0. , -0.9])
7.3436 	EXP 	next: pos = array([ 0. , -0.9])
7.3599 	EXP 	next: pos = array([ 0. , -0.9])
7.3771 	EXP 	next: pos = array([ 0. , -0.9])
7.3934 	EXP 	next: pos = array([ 0. , -0.9])
7.4108 	EXP 	next: pos = array([ 0. , -0.9])
7.4273 	EXP 	next: pos = array([ 0. , -0.9])
7.4434 	EXP 	next: pos = array([ 0. , -0.9])
7.4608 	EXP 	next: pos = array([ 0. , -0.9])
7.4771 	EXP 	next: pos = array([ 0. , -0.9])
7.4944 	EXP 	next: pos = array([ 0. , -0.9])
7.5106 	EXP 	next: pos = array([ 0. , -0.9])
7.5279 	EXP 	next: pos = array([ 0. , -0.9])
7.5436 	EXP 	next: pos = array([ 0. , -0.9])
7.5607 	EXP 	next: pos = array([ 0. , -0.9])
7.5769 	EXP 	next: pos = array([ 0. , -0.9])
7.5941 	EXP 	next: pos = array([ 0. , -0.9])
7.6104 	EXP 	next: pos = array([ 0. , -0.9])
7.6278 	EXP 	next: pos = array([ 0. , -0.9])
7.6436 	EXP 	next: pos = array([ 0. , -0.9])
7.6610 	EXP 	next: pos = array([ 0. , -0.9])
7.6768 	EXP 	next: pos = array([ 0. , -0.9])
7.6941 	EXP 	next: pos = array([ 0. , -0.9])
7.7102 	EXP 	next: pos = array([ 0. , -0.9])
7.7275 	EXP 	next: pos = array([ 0. , -0.9])
7.7437 	EXP 	next: pos = array([ 0. , -0.9])
7.7615 	EXP 	next: pos = array([ 0. , -0.9])
7.7764 	EXP 	next: pos = array([ 0. , -0.9])
7.7942 	EXP 	next: pos = array([ 0. , -0.9])
7.8101 	EXP 	next: pos = array([ 0. , -0.9])
7.8271 	EXP 	next: pos = array([ 0. , -0.9])
7.8433 	EXP 	next: pos = array([ 0. , -0.9])
7.8609 	EXP 	next: pos = array([ 0. , -0.9])
7.8769 	EXP 	next: pos = array([ 0. , -0.9])
7.8945 	EXP 	next: pos = array([ 0. , -0.9])
7.9096 	EXP 	next: pos = array([ 0. , -0.9])
7.9276 	EXP 	next: pos = array([ 0. , -0.9])
7.9434 	EXP 	next: pos = array([ 0. , -0.9])
7.9607 	EXP 	next: pos = array([ 0. , -0.9])
7.9768 	EXP 	next: pos = array([ 0. , -0.9])
7.9942 	EXP 	next: pos = array([ 0. , -0.9])
8.0103 	EXP 	next: pos = array([ 0. , -0.9])
8.0276 	EXP 	next: pos = array([ 0. , -0.9])
8.0438 	EXP 	next: pos = array([ 0. , -0.9])
8.0607 	EXP 	next: pos = array([ 0. , -0.9])
8.0766 	EXP 	next: pos = array([ 0. , -0.9])
8.0940 	EXP 	next: pos = array([ 0. , -0.9])
8.1100 	EXP 	next: pos = array([ 0. , -0.9])
8.1273 	EXP 	next: pos = array([ 0. , -0.9])
8.1438 	EXP 	next: pos = array([ 0. , -0.9])
8.1610 	EXP 	next: pos = array([ 0. , -0.9])
8.1768 	EXP 	next: pos = array([ 0. , -0.9])
8.1944 	EXP 	next: pos = array([ 0. , -0.9])
8.2107 	EXP 	next: pos = array([ 0. , -0.9])
8.2277 	EXP 	next: pos = array([ 0. , -0.9])
8.2436 	EXP 	next: pos = array([ 0. , -0.9])
8.2611 	EXP 	next: pos = array([ 0. , -0.9])
8.2768 	EXP 	next: pos = array([ 0. , -0.9])
8.2938 	EXP 	next: pos = array([ 0. , -0.9])
8.3101 	EXP 	next: pos = array([ 0. , -0.9])
8.3271 	EXP 	next: pos = array([ 0. , -0.9])
8.3434 	EXP 	next: pos = array([ 0. , -0.9])
8.3607 	EXP 	next: pos = array([ 0. , -0.9])
8.3770 	EXP 	next: pos = array([ 0. , -0.9])
8.3942 	EXP 	next: pos = array([ 0. , -0.9])
8.4106 	EXP 	next: pos = array([ 0. , -0.9])
8.4280 	EXP 	next: pos = array([ 0. , -0.9])
8.4429 	EXP 	next: pos = array([ 0. , -0.9])
8.4609 	EXP 	next: pos = array([ 0. , -0.9])
8.4768 	EXP 	next: pos = array([ 0. , -0.9])
8.4941 	EXP 	next: pos = array([ 0. , -0.9])
8.5102 	EXP 	next: pos = array([ 0. , -0.9])
8.5272 	EXP 	next: pos = array([ 0. , -0.9])
8.5435 	EXP 	next: pos = array([ 0. , -0.9])
8.5606 	EXP 	next: pos = array([ 0. , -0.9])
8.5774 	EXP 	next: pos = array([ 0. , -0.9])
8.5936 	EXP 	next: pos = array([ 0. , -0.9])
8.6105 	EXP 	next: pos = array([ 0. , -0.9])
8.6263 	EXP 	next: pos = array([ 0. , -0.9])
8.6436 	EXP 	next: pos = array([ 0. , -0.9])
8.6605 	EXP 	next: pos = array([ 0. , -0.9])
8.6770 	EXP 	next: pos = array([ 0. , -0.9])
8.6943 	EXP 	next: pos = array([ 0. , -0.9])
8.7102 	EXP 	next: pos = array([ 0. , -0.9])
8.7273 	EXP 	next: pos = array([ 0. , -0.9])
8.7434 	EXP 	next: pos = array([ 0. , -0.9])
8.7607 	EXP 	next: pos = array([ 0. , -0.9])
8.7770 	EXP 	next: pos = array([ 0. , -0.9])
8.7945 	EXP 	next: pos = array([ 0. , -0.9])
8.8109 	EXP 	next: pos = array([ 0. , -0.9])
8.8278 	EXP 	next: pos = array([ 0. , -0.9])
8.8439 	EXP 	next: pos = array([ 0. , -0.9])
8.8608 	EXP 	next: pos = array([ 0. , -0.9])
8.8767 	EXP 	next: pos = array([ 0. , -0.9])
8.8946 	EXP 	next: pos = array([ 0. , -0.9])
8.9101 	EXP 	next: pos = array([ 0. , -0.9])
8.9275 	EXP 	next: pos = array([ 0. , -0.9])
8.9438 	EXP 	next: pos = array([ 0. , -0.9])
8.9611 	EXP 	next: pos = array([ 0. , -0.9])
8.9770 	EXP 	next: pos = array([ 0. , -0.9])
8.9942 	EXP 	next: pos = array([ 0. , -0.9])
9.0102 	EXP 	next: pos = array([ 0. , -0.9])
9.0276 	EXP 	next: pos = array([ 0. , -0.9])
9.0435 	EXP 	next: pos = array([ 0. , -0.9])
9.0605 	EXP 	next: pos = array([ 0. , -0.9])
9.0767 	EXP 	next: pos = array([ 0. , -0.9])
9.0939 	EXP 	next: pos = array([ 0. , -0.9])
9.1107 	EXP 	next: pos = array([ 0. , -0.9])
9.1276 	EXP 	next: pos = array([ 0. , -0.9])
9.1436 	EXP 	next: pos = array([ 0. , -0.9])
9.1611 	EXP 	next: pos = array([ 0. , -0.9])
9.1768 	EXP 	next: pos = array([ 0. , -0.9])
9.1942 	EXP 	next: pos = array([ 0. , -0.9])
9.2108 	EXP 	next: pos = array([ 0. , -0.9])
9.2279 	EXP 	next: pos = array([ 0. , -0.9])
9.2435 	EXP 	next: pos = array([ 0. , -0.9])
9.2609 	EXP 	next: pos = array([ 0. , -0.9])
9.2769 	EXP 	next: pos = array([ 0. , -0.9])
9.2941 	EXP 	next: pos = array([ 0. , -0.9])
9.3105 	EXP 	next: pos = array([ 0. , -0.9])
9.3277 	EXP 	next: pos = array([ 0. , -0.9])
9.3441 	EXP 	next: pos = array([ 0. , -0.9])
9.3613 	EXP 	next: pos = array([ 0. , -0.9])
9.3771 	EXP 	next: pos = array([ 0. , -0.9])
9.3941 	EXP 	next: pos = array([ 0. , -0.9])
9.4103 	EXP 	next: pos = array([ 0. , -0.9])
9.4279 	EXP 	next: pos = array([ 0. , -0.9])
9.4436 	EXP 	next: pos = array([ 0. , -0.9])
9.4614 	EXP 	next: pos = array([ 0. , -0.9])
9.4778 	EXP 	next: pos = array([ 0. , -0.9])
9.4954 	EXP 	next: pos = array([ 0. , -0.9])
9.5100 	EXP 	next: pos = array([ 0. , -0.9])
9.5278 	EXP 	next: pos = array([ 0. , -0.9])
9.5435 	EXP 	next: pos = array([ 0. , -0.9])
9.5606 	EXP 	next: pos = array([ 0. , -0.9])
9.5768 	EXP 	next: pos = array([ 0. , -0.9])
9.5938 	EXP 	next: pos = array([ 0. , -0.9])
9.6100 	EXP 	next: pos = array([ 0. , -0.9])
9.6270 	EXP 	next: pos = array([ 0. , -0.9])
9.6436 	EXP 	next: pos = array([ 0. , -0.9])
9.6607 	EXP 	next: pos = array([ 0. , -0.9])
9.6766 	EXP 	next: pos = array([ 0. , -0.9])
9.6940 	EXP 	next: pos = array([ 0. , -0.9])
9.7101 	EXP 	next: pos = array([ 0. , -0.9])
9.7276 	EXP 	next: pos = array([ 0. , -0.9])
9.7440 	EXP 	next: pos = array([ 0. , -0.9])
9.7611 	EXP 	next: pos = array([ 0. , -0.9])
9.7771 	EXP 	next: pos = array([ 0. , -0.9])
9.7945 	EXP 	next: pos = array([ 0. , -0.9])
9.8105 	EXP 	next: pos = array([ 0. , -0.9])
9.8279 	EXP 	next: pos = array([ 0. , -0.9])
9.8439 	EXP 	next: pos = array([ 0. , -0.9])
9.8606 	EXP 	next: pos = array([ 0. , -0.9])
9.8769 	EXP 	next: pos = array([ 0. , -0.9])
9.8944 	EXP 	next: pos = array([ 0. , -0.9])
9.9103 	EXP 	next: pos = array([ 0. , -0.9])
9.9273 	EXP 	next: pos = array([ 0. , -0.9])
9.9434 	EXP 	next: pos = array([ 0. , -0.9])
9.9603 	EXP 	next: pos = array([ 0. , -0.9])
9.9770 	EXP 	next: pos = array([ 0. , -0.9])
9.9938 	EXP 	next: pos = array([ 0. , -0.9])
10.0107 	EXP 	next: pos = array([ 0. , -0.9])
10.0275 	EXP 	next: pos = array([ 0. , -0.9])
10.0435 	EXP 	next: pos = array([ 0. , -0.9])
10.0610 	EXP 	next: pos = array([ 0. , -0.9])
10.0769 	EXP 	next: pos = array([ 0. , -0.9])
10.0943 	EXP 	next: pos = array([ 0. , -0.9])
10.1103 	EXP 	next: pos = array([ 0. , -0.9])
10.1281 	EXP 	next: pos = array([ 0. , -0.9])
10.1439 	EXP 	next: pos = array([ 0. , -0.9])
10.1611 	EXP 	next: pos = array([ 0. , -0.9])
10.1769 	EXP 	next: pos = array([ 0. , -0.9])
10.1941 	EXP 	next: pos = array([ 0. , -0.9])
10.2104 	EXP 	next: pos = array([ 0. , -0.9])
10.2282 	EXP 	next: pos = array([ 0. , -0.9])
10.2437 	EXP 	next: pos = array([ 0. , -0.9])
10.2614 	EXP 	next: pos = array([ 0. , -0.9])
10.2772 	EXP 	next: pos = array([ 0. , -0.9])
10.2949 	EXP 	next: pos = array([ 0. , -0.9])
10.3097 	EXP 	next: pos = array([ 0. , -0.9])
10.3277 	EXP 	next: pos = array([ 0. , -0.9])
10.3433 	EXP 	next: pos = array([ 0. , -0.9])
10.3606 	EXP 	next: pos = array([ 0. , -0.9])
10.3769 	EXP 	next: pos = array([ 0. , -0.9])
10.3940 	EXP 	next: pos = array([ 0. , -0.9])
10.4105 	EXP 	next: pos = array([ 0. , -0.9])
10.4280 	EXP 	next: pos = array([ 0. , -0.9])
10.4435 	EXP 	next: pos = array([ 0. , -0.9])
10.4606 	EXP 	next: pos = array([ 0. , -0.9])
10.4767 	EXP 	next: pos = array([ 0. , -0.9])
10.4940 	EXP 	next: pos = array([ 0. , -0.9])
10.5101 	EXP 	next: pos = array([ 0. , -0.9])
10.5274 	EXP 	next: pos = array([ 0. , -0.9])
10.5436 	EXP 	next: pos = array([ 0. , -0.9])
10.5608 	EXP 	next: pos = array([ 0. , -0.9])
10.5771 	EXP 	next: pos = array([ 0. , -0.9])
10.5936 	EXP 	next: pos = array([ 0. , -0.9])
10.6099 	EXP 	next: pos = array([ 0. , -0.9])
10.6261 	EXP 	next: pos = array([ 0. , -0.9])
10.6435 	EXP 	next: pos = array([ 0. , -0.9])
10.6603 	EXP 	next: pos = array([ 0. , -0.9])
10.6767 	EXP 	next: pos = array([ 0. , -0.9])
10.6943 	EXP 	next: pos = array([ 0. , -0.9])
10.7103 	EXP 	next: pos = array([ 0. , -0.9])
10.7276 	EXP 	next: pos = array([ 0. , -0.9])
10.7437 	EXP 	next: pos = array([ 0. , -0.9])
10.7609 	EXP 	next: pos = array([ 0. , -0.9])
10.7768 	EXP 	next: pos = array([ 0. , -0.9])
10.7942 	EXP 	next: pos = array([ 0. , -0.9])
10.8104 	EXP 	next: pos = array([ 0. , -0.9])
10.8275 	EXP 	next: pos = array([ 0. , -0.9])
10.8435 	EXP 	next: pos = array([ 0. , -0.9])
10.8604 	EXP 	next: pos = array([ 0. , -0.9])
10.8770 	EXP 	next: pos = array([ 0. , -0.9])
10.8942 	EXP 	next: pos = array([ 0. , -0.9])
10.9101 	EXP 	next: pos = array([ 0. , -0.9])
10.9275 	EXP 	next: pos = array([ 0. , -0.9])
10.9435 	EXP 	next: pos = array([ 0. , -0.9])
10.9611 	EXP 	next: pos = array([ 0. , -0.9])
10.9771 	EXP 	next: pos = array([ 0. , -0.9])
10.9947 	EXP 	next: pos = array([ 0. , -0.9])
11.0107 	EXP 	next: pos = array([ 0. , -0.9])
11.0276 	EXP 	next: pos = array([ 0. , -0.9])
11.0438 	EXP 	next: pos = array([ 0. , -0.9])
11.0607 	EXP 	next: pos = array([ 0. , -0.9])
11.0777 	EXP 	next: pos = array([ 0. , -0.9])
11.0943 	EXP 	next: pos = array([ 0. , -0.9])
11.1106 	EXP 	next: pos = array([ 0. , -0.9])
11.1275 	EXP 	next: pos = array([ 0. , -0.9])
11.1429 	EXP 	next: pos = array([ 0. , -0.9])
11.1612 	EXP 	next: pos = array([ 0. , -0.9])
11.1772 	EXP 	next: pos = array([ 0. , -0.9])
11.1943 	EXP 	next: pos = array([ 0. , -0.9])
11.2105 	EXP 	next: pos = array([ 0. , -0.9])
11.2279 	EXP 	next: pos = array([ 0. , -0.9])
11.2436 	EXP 	next: pos = array([ 0. , -0.9])
11.2611 	EXP 	next: pos = array([ 0. , -0.9])
11.2772 	EXP 	next: pos = array([ 0. , -0.9])
11.2945 	EXP 	next: pos = array([ 0. , -0.9])
11.3102 	EXP 	next: pos = array([ 0. , -0.9])
11.3272 	EXP 	next: pos = array([ 0. , -0.9])
11.3435 	EXP 	next: pos = array([ 0. , -0.9])
11.3614 	EXP 	next: pos = array([ 0. , -0.9])
11.3770 	EXP 	next: pos = array([ 0. , -0.9])
11.3938 	EXP 	next: pos = array([ 0. , -0.9])
11.4102 	EXP 	next: pos = array([ 0. , -0.9])
11.4275 	EXP 	next: pos = array([ 0. , -0.9])
11.4435 	EXP 	next: pos = array([ 0. , -0.9])
11.4607 	EXP 	next: pos = array([ 0. , -0.9])
11.4770 	EXP 	next: pos = array([ 0. , -0.9])
11.4942 	EXP 	next: pos = array([ 0. , -0.9])
11.5102 	EXP 	next: pos = array([ 0. , -0.9])
11.5276 	EXP 	next: pos = array([ 0. , -0.9])
11.5435 	EXP 	next: pos = array([ 0. , -0.9])
11.5607 	EXP 	next: pos = array([ 0. , -0.9])
11.5768 	EXP 	next: pos = array([ 0. , -0.9])
11.5936 	EXP 	next: pos = array([ 0. , -0.9])
11.6103 	EXP 	next: pos = array([ 0. , -0.9])
11.6271 	EXP 	next: pos = array([ 0. , -0.9])
11.6436 	EXP 	next: pos = array([ 0. , -0.9])
11.6605 	EXP 	next: pos = array([ 0. , -0.9])
11.6770 	EXP 	next: pos = array([ 0. , -0.9])
11.6940 	EXP 	next: pos = array([ 0. , -0.9])
11.7104 	EXP 	next: pos = array([ 0. , -0.9])
11.7271 	EXP 	next: pos = array([ 0. , -0.9])
11.7436 	EXP 	next: pos = array([ 0. , -0.9])
11.7615 	EXP 	next: pos = array([ 0. , -0.9])
11.7774 	EXP 	next: pos = array([ 0. , -0.9])
11.7941 	EXP 	next: pos = array([ 0. , -0.9])
11.8100 	EXP 	next: pos = array([ 0. , -0.9])
11.8277 	EXP 	next: pos = array([ 0. , -0.9])
11.8434 	EXP 	next: pos = array([ 0. , -0.9])
11.8608 	EXP 	next: pos = array([ 0. , -0.9])
11.8770 	EXP 	next: pos = array([ 0. , -0.9])
11.8943 	EXP 	next: pos = array([ 0. , -0.9])
11.9100 	EXP 	next: pos = array([ 0. , -0.9])
11.9272 	EXP 	next: pos = array([ 0. , -0.9])
11.9434 	EXP 	next: pos = array([ 0. , -0.9])
11.9602 	EXP 	next: pos = array([ 0. , -0.9])
11.9769 	EXP 	next: pos = array([ 0. , -0.9])
11.9940 	EXP 	next: pos = array([ 0. , -0.9])
12.0102 	EXP 	next: pos = array([ 0. , -0.9])
12.0280 	EXP 	next: pos = array([ 0. , -0.9])
12.0429 	EXP 	next: pos = array([ 0. , -0.9])
12.0606 	EXP 	next: pos = array([ 0. , -0.9])
12.0768 	EXP 	next: pos = array([ 0. , -0.9])
12.0942 	EXP 	next: pos = array([ 0. , -0.9])
12.1100 	EXP 	next: pos = array([ 0. , -0.9])
12.1276 	EXP 	next: pos = array([ 0. , -0.9])
12.1437 	EXP 	next: pos = array([ 0. , -0.9])
12.1605 	EXP 	next: pos = array([ 0. , -0.9])
12.1770 	EXP 	next: pos = array([ 0. , -0.9])
12.1933 	EXP 	next: pos = array([ 0. , -0.9])
12.2105 	EXP 	next: pos = array([ 0. , -0.9])
12.2273 	EXP 	next: pos = array([ 0. , -0.9])
12.2441 	EXP 	next: pos = array([ 0. , -0.9])
12.2613 	EXP 	next: pos = array([ 0. , -0.9])
12.2770 	EXP 	next: pos = array([ 0. , -0.9])
12.2939 	EXP 	next: pos = array([ 0. , -0.9])
12.3102 	EXP 	next: pos = array([ 0. , -0.9])
12.3273 	EXP 	next: pos = array([ 0. , -0.9])
12.3437 	EXP 	next: pos = array([ 0. , -0.9])
12.3609 	EXP 	next: pos = array([ 0. , -0.9])
12.3770 	EXP 	next: pos = array([ 0. , -0.9])
12.3943 	EXP 	next: pos = array([ 0. , -0.9])
12.4101 	EXP 	next: pos = array([ 0. , -0.9])
12.4275 	EXP 	next: pos = array([ 0. , -0.9])
12.4437 	EXP 	next: pos = array([ 0. , -0.9])
12.4609 	EXP 	next: pos = array([ 0. , -0.9])
12.4772 	EXP 	next: pos = array([ 0. , -0.9])
12.4945 	EXP 	next: pos = array([ 0. , -0.9])
12.5100 	EXP 	next: pos = array([ 0. , -0.9])
12.5273 	EXP 	next: pos = array([ 0. , -0.9])
12.5435 	EXP 	next: pos = array([ 0. , -0.9])
12.5609 	EXP 	next: pos = array([ 0. , -0.9])
12.5770 	EXP 	next: pos = array([ 0. , -0.9])
12.5936 	EXP 	next: pos = array([ 0. , -0.9])
12.6104 	EXP 	next: pos = array([ 0. , -0.9])
12.6261 	EXP 	next: pos = array([ 0. , -0.9])
12.6437 	EXP 	next: pos = array([ 0. , -0.9])
12.6609 	EXP 	next: pos = array([ 0. , -0.9])
12.6767 	EXP 	next: pos = array([ 0. , -0.9])
12.6944 	EXP 	next: pos = array([ 0. , -0.9])
12.7103 	EXP 	next: pos = array([ 0. , -0.9])
12.7277 	EXP 	next: pos = array([ 0. , -0.9])
12.7436 	EXP 	next: pos = array([ 0. , -0.9])
12.7612 	EXP 	next: pos = array([ 0. , -0.9])
12.7770 	EXP 	next: pos = array([ 0. , -0.9])
12.7948 	EXP 	next: pos = array([ 0. , -0.9])
12.8101 	EXP 	next: pos = array([ 0. , -0.9])
12.8272 	EXP 	next: pos = array([ 0. , -0.9])
12.8437 	EXP 	next: pos = array([ 0. , -0.9])
12.8611 	EXP 	next: pos = array([ 0. , -0.9])
12.8771 	EXP 	next: pos = array([ 0. , -0.9])
12.8936 	EXP 	next: pos = array([ 0. , -0.9])
12.9103 	EXP 	next: pos = array([ 0. , -0.9])
12.9273 	EXP 	next: pos = array([ 0. , -0.9])
12.9435 	EXP 	next: pos = array([ 0. , -0.9])
12.9612 	EXP 	next: pos = array([ 0. , -0.9])
12.9762 	EXP 	next: pos = array([ 0. , -0.9])
12.9941 	EXP 	next: pos = array([ 0. , -0.9])
13.0101 	EXP 	next: pos = array([ 0. , -0.9])
13.0272 	EXP 	next: pos = array([ 0. , -0.9])
13.0436 	EXP 	next: pos = array([ 0. , -0.9])
13.0609 	EXP 	next: pos = array([ 0. , -0.9])
13.0768 	EXP 	next: pos = array([ 0. , -0.9])
13.0938 	EXP 	next: pos = array([ 0. , -0.9])
13.1104 	EXP 	next: pos = array([ 0. , -0.9])
13.1276 	EXP 	next: pos = array([ 0. , -0.9])
13.1438 	EXP 	next: pos = array([ 0. , -0.9])
13.1609 	EXP 	next: pos = array([ 0. , -0.9])
13.1768 	EXP 	next: pos = array([ 0. , -0.9])
13.1942 	EXP 	next: pos = array([ 0. , -0.9])
13.2104 	EXP 	next: pos = array([ 0. , -0.9])
13.2277 	EXP 	next: pos = array([ 0. , -0.9])
13.2284 	DATA 	Mouse: Left button down, pos=(654,190)
13.2401 	EXP 	window1: mouseVisible = True
13.2429 	DEBUG 	Saving data for FatFaceOnline ExperimentHandler
13.2435 	INFO 	saved data to /Users/vivianfang/Desktop/Ratings/data/_FatFaceOnline_2021_Oct_05_0957.psydat
13.2438 	INFO 	saved data to '/Users/vivianfang/Desktop/Ratings/data/_FatFaceOnline_2021_Oct_05_0957.csv'
