0.2634 	WARNING 	We strongly recommend you activate the PTB sound engine in PsychoPy prefs as the preferred audio engine. Its timing is vastly superior. Your prefs are currently set to use ['sounddevice', 'PTB', 'pyo', 'pygame'] (in that order).
3.2686 	INFO 	Loaded monitor calibration from ['2021_03_12 13:58']
3.8436 	EXP 	Created window1 = Window(allowGUI=False, allowStencil=False, autoLog=True, backendConf=UNKNOWN, bitsMode=UNKNOWN, blendMode='avg', bpc=(8, 8, 8), color=array([1, 1, 1]), colorSpace='rgb', depthBits=8, fullscr=<method-wrapper '__getattribute__' of attributeSetter object at 0x7fa9cba1cb00>, gamma=None, gammaErrorPolicy='raise', lms=UNKNOWN, monitor=<psychopy.monitors.calibTools.Monitor object at 0x7fa9cb997a58>, multiSample=False, name='window1', numSamples=2, pos=[480.0, 270.0], screen=0, size=array([3840, 2160]), stencilBits=0, stereo=False, units='height', useFBO=True, useRetina=True, viewOri=0.0, viewPos=None, viewScale=None, waitBlanking=True, winType='pyglet')
3.8438 	EXP 	window1: mouseVisible = True
3.8438 	EXP 	window1: recordFrameIntervals = False
4.0097 	EXP 	window1: recordFrameIntervals = True
4.1948 	DEBUG 	Screen (0) actual frame rate measured at 59.79
4.1948 	EXP 	window1: recordFrameIntervals = False
4.3325 	EXP 	Created RInstr = TextStim(__class__=<class 'psychopy.visual.text.TextStim'>, alignHoriz=method-wrapper(...), alignText='center', alignVert=method-wrapper(...), anchorHoriz='center', anchorVert='center', antialias=True, autoLog=True, bold=False, color=array([-1, -1, -1]), colorSpace='rgb', contrast=1.0, depth=0.0, flipHoriz=False, flipVert=False, font='Arial', fontFiles=[], height=0.05, italic=False, languageStyle='LTR', name='RInstr', opacity=1, ori=0, pos=array([0., 0.]), rgb=UNKNOWN, text=str(...), units='height', win=Window(...), wrapWidth=1)
4.4045 	EXP 	Created image_5 = ImageStim(__class__=<class 'psychopy.visual.image.ImageStim'>, autoLog=True, color=array([1, 1, 1]), colorSpace='rgb', contrast=1.0, depth=-1.0, flipHoriz=False, flipVert=False, image='sin', interpolate=False, mask=None, maskParams=None, name='image_5', opacity=1, ori=0.0, pos=array([0., 0.]), size=array([0.4, 0.4]), texRes=512, units='height', win=Window(...))
4.4135 	INFO 	Mouse: using default window
4.4136 	EXP 	window1: mouseVisible = True
4.4174 	EXP 	Created slider = Slider(__class__=<class 'psychopy.visual.slider.Slider'>, autoDraw=False, autoLog=True, borderColor=None, color=None, colorSpace='rgb', depth=-2, fillColor=None, flip=False, font='HelveticaBold', granularity=0, labelHeight=0.05, labelWrapWidth=None, labels=None, name='slider', opacity=None, pos=(0, -0.28), readOnly=False, self=UNKNOWN, size=(1.0, 0.025), style=method-wrapper(...), styleTweaks=method-wrapper(...), ticks=ndarray(...), units='height', win=Window(...))
4.4392 	EXP 	Created next = ImageStim(__class__=<class 'psychopy.visual.image.ImageStim'>, autoLog=True, color=array([1, 1, 1]), colorSpace='rgb', contrast=1.0, depth=-3.0, flipHoriz=False, flipVert=False, image='Picture1.png', interpolate=False, mask=None, maskParams=None, name='next', opacity=1, ori=0.0, pos=array([0., 0.]), size=array([0.2, 0.1]), texRes=512, units='height', win=Window(...))
4.4393 	EXP 	window1: mouseVisible = True
4.4447 	EXP 	Created text_4 = TextStim(__class__=<class 'psychopy.visual.text.TextStim'>, alignHoriz=method-wrapper(...), alignText='center', alignVert=method-wrapper(...), anchorHoriz='center', anchorVert='center', antialias=True, autoLog=True, bold=False, color=array([-1, -1, -1]), colorSpace='rgb', contrast=1.0, depth=-5.0, flipHoriz=False, flipVert=False, font='Arial', fontFiles=[], height=0.03, italic=False, languageStyle='LTR', name='text_4', opacity=1, ori=0, pos=array([-0.5 , -0.32]), rgb=UNKNOWN, text='Not Dominant at all', units='height', win=Window(...), wrapWidth=1)
4.4482 	EXP 	Created text_5 = TextStim(__class__=<class 'psychopy.visual.text.TextStim'>, alignHoriz=method-wrapper(...), alignText='center', alignVert=method-wrapper(...), anchorHoriz='center', anchorVert='center', antialias=True, autoLog=True, bold=False, color=array([-1, -1, -1]), colorSpace='rgb', contrast=1.0, depth=-6.0, flipHoriz=False, flipVert=False, font='Arial', fontFiles=[], height=0.03, italic=False, languageStyle='LTR', name='text_5', opacity=1, ori=0, pos=array([ 0.5 , -0.32]), rgb=UNKNOWN, text='Very Dominant', units='height', win=Window(...), wrapWidth=1)
4.4488 	EXP 	Created text = TextStim(__class__=<class 'psychopy.visual.text.TextStim'>, alignHoriz=method-wrapper(...), alignText='center', alignVert=method-wrapper(...), anchorHoriz='center', anchorVert='center', antialias=True, autoLog=True, bold=False, color=array([1, 1, 1]), colorSpace='rgb', contrast=1.0, depth=-1.0, flipHoriz=False, flipVert=False, font='Arial', fontFiles=[], height=0.1, italic=False, languageStyle='LTR', name='text', opacity=1, ori=0, pos=array([0., 0.]), rgb=UNKNOWN, text='', units='height', win=Window(...), wrapWidth=1)
4.4606 	EXP 	Created EndText = TextStim(__class__=<class 'psychopy.visual.text.TextStim'>, alignHoriz=method-wrapper(...), alignText='center', alignVert=method-wrapper(...), anchorHoriz='center', anchorVert='center', antialias=True, autoLog=True, bold=False, color=array([-1, -1, -1]), colorSpace='rgb', contrast=1.0, depth=0.0, flipHoriz=False, flipVert=False, font='Arial', fontFiles=[], height=0.05, italic=False, languageStyle='LTR', name='EndText', opacity=1, ori=0, pos=array([0., 0.]), rgb=UNKNOWN, text=str(...), units='height', win=Window(...), wrapWidth=1)
4.4680 	EXP 	slider: autoLog = True
4.4680 	EXP 	slider: markerPos = None
4.4680 	EXP 	slider: rating = None
4.4680 	EXP 	slider: markerPos = None
4.4680 	EXP 	slider: contrast = 1.0
4.4680 	EXP 	slider: autoLog = True
4.4680 	EXP 	slider: styleTweaks = []
4.4680 	EXP 	slider: style = ['slider']
4.4680 	EXP 	slider: styleTweaks = ['triangleMarker']
4.4680 	EXP 	RInstr: autoDraw = True
4.9781 	DATA 	Mouse: Left button down, pos=(684,592)
5.0785 	DATA 	Mouse:  Left button up, pos=(684,592)
6.2114 	DATA 	Mouse: Left button down, pos=(979,377)
6.2971 	DATA 	Mouse:  Left button up, pos=(979,377)
6.8364 	DEBUG 	Read csv file with pandas: Rating_BlockOrder.csv
6.8403 	DEBUG 	Clearing unnamed columns from Rating_BlockOrder.csv
6.8408 	EXP 	Imported Rating_BlockOrder.csv as conditions, 3 conditions, 1 params
6.8413 	EXP 	Created sequence: random, trialTypes=3, nReps=1, seed=None
6.8417 	EXP 	New trial (rep=0, index=0): OrderedDict([('RatingBlock', 'TrialCondition_C.csv')])
6.8458 	DEBUG 	Read csv file with pandas: TrialCondition_C.csv
6.8471 	DEBUG 	Clearing unnamed columns from TrialCondition_C.csv
6.8485 	EXP 	Imported TrialCondition_C.csv as conditions, 24 conditions, 4 params
6.8488 	EXP 	Created sequence: random, trialTypes=24, nReps=1, seed=None
6.8492 	EXP 	New trial (rep=0, index=0): OrderedDict([('Image', 'Images/S_C_I5_02.png'), ('Race', 'Caucasian'), ('Trait', 'Submissive'), ('Type', 'normal')])
6.8682 	DATA 	Keypress: space
6.8748 	EXP 	RInstr: autoDraw = False
6.8748 	EXP 	image_5: image = 'Images/S_C_I5_02.png'
6.8748 	EXP 	slider: markerPos = None
6.8748 	EXP 	slider: markerPos = None
6.8748 	EXP 	slider: rating = None
6.8748 	EXP 	image_5: autoDraw = True
7.1610 	EXP 	slider: autoDraw = True
7.1610 	EXP 	next: autoDraw = True
7.1610 	EXP 	next: pos = array([ 0. , -0.9])
7.1610 	EXP 	text_4: autoDraw = True
7.1610 	EXP 	text_5: autoDraw = True
7.1767 	EXP 	next: pos = array([ 0. , -0.9])
7.1943 	EXP 	next: pos = array([ 0. , -0.9])
7.2103 	EXP 	next: pos = array([ 0. , -0.9])
7.2274 	EXP 	next: pos = array([ 0. , -0.9])
7.2431 	EXP 	next: pos = array([ 0. , -0.9])
7.2613 	EXP 	next: pos = array([ 0. , -0.9])
7.2768 	EXP 	next: pos = array([ 0. , -0.9])
7.2940 	EXP 	next: pos = array([ 0. , -0.9])
7.3097 	EXP 	next: pos = array([ 0. , -0.9])
7.3282 	EXP 	next: pos = array([ 0. , -0.9])
7.3429 	EXP 	next: pos = array([ 0. , -0.9])
7.3601 	EXP 	next: pos = array([ 0. , -0.9])
7.3762 	EXP 	next: pos = array([ 0. , -0.9])
7.3935 	EXP 	next: pos = array([ 0. , -0.9])
7.4094 	EXP 	next: pos = array([ 0. , -0.9])
7.4267 	EXP 	next: pos = array([ 0. , -0.9])
7.4430 	EXP 	next: pos = array([ 0. , -0.9])
7.4602 	EXP 	next: pos = array([ 0. , -0.9])
7.4764 	EXP 	next: pos = array([ 0. , -0.9])
7.4932 	EXP 	next: pos = array([ 0. , -0.9])
7.5098 	EXP 	next: pos = array([ 0. , -0.9])
7.5263 	EXP 	next: pos = array([ 0. , -0.9])
7.5429 	EXP 	next: pos = array([ 0. , -0.9])
7.5599 	EXP 	next: pos = array([ 0. , -0.9])
7.5761 	EXP 	next: pos = array([ 0. , -0.9])
7.5934 	EXP 	next: pos = array([ 0. , -0.9])
7.6096 	EXP 	next: pos = array([ 0. , -0.9])
7.6271 	EXP 	next: pos = array([ 0. , -0.9])
7.6430 	EXP 	next: pos = array([ 0. , -0.9])
7.6601 	EXP 	next: pos = array([ 0. , -0.9])
7.6764 	EXP 	next: pos = array([ 0. , -0.9])
7.6934 	EXP 	next: pos = array([ 0. , -0.9])
7.7096 	EXP 	next: pos = array([ 0. , -0.9])
7.7267 	EXP 	next: pos = array([ 0. , -0.9])
7.7428 	EXP 	next: pos = array([ 0. , -0.9])
7.7599 	EXP 	next: pos = array([ 0. , -0.9])
7.7761 	EXP 	next: pos = array([ 0. , -0.9])
7.7933 	EXP 	next: pos = array([ 0. , -0.9])
7.8098 	EXP 	next: pos = array([ 0. , -0.9])
7.8259 	EXP 	next: pos = array([ 0. , -0.9])
7.8423 	EXP 	next: pos = array([ 0. , -0.9])
7.8600 	EXP 	next: pos = array([ 0. , -0.9])
7.8757 	EXP 	next: pos = array([ 0. , -0.9])
7.8934 	EXP 	next: pos = array([ 0. , -0.9])
7.9092 	EXP 	next: pos = array([ 0. , -0.9])
7.9268 	EXP 	next: pos = array([ 0. , -0.9])
7.9427 	EXP 	next: pos = array([ 0. , -0.9])
7.9591 	EXP 	next: pos = array([ 0. , -0.9])
7.9761 	EXP 	next: pos = array([ 0. , -0.9])
7.9937 	EXP 	next: pos = array([ 0. , -0.9])
8.0096 	EXP 	next: pos = array([ 0. , -0.9])
8.0261 	EXP 	next: pos = array([ 0. , -0.9])
8.0433 	EXP 	next: pos = array([ 0. , -0.9])
8.0598 	EXP 	next: pos = array([ 0. , -0.9])
8.0762 	EXP 	next: pos = array([ 0. , -0.9])
8.0937 	EXP 	next: pos = array([ 0. , -0.9])
8.1099 	EXP 	next: pos = array([ 0. , -0.9])
8.1262 	EXP 	next: pos = array([ 0. , -0.9])
8.1430 	EXP 	next: pos = array([ 0. , -0.9])
8.1604 	EXP 	next: pos = array([ 0. , -0.9])
8.1762 	EXP 	next: pos = array([ 0. , -0.9])
8.1934 	EXP 	next: pos = array([ 0. , -0.9])
8.2092 	EXP 	next: pos = array([ 0. , -0.9])
8.2269 	EXP 	next: pos = array([ 0. , -0.9])
8.2424 	EXP 	next: pos = array([ 0. , -0.9])
8.2599 	EXP 	next: pos = array([ 0. , -0.9])
8.2761 	EXP 	next: pos = array([ 0. , -0.9])
8.2936 	EXP 	next: pos = array([ 0. , -0.9])
8.3094 	EXP 	next: pos = array([ 0. , -0.9])
8.3264 	EXP 	next: pos = array([ 0. , -0.9])
8.3433 	EXP 	next: pos = array([ 0. , -0.9])
8.3605 	EXP 	next: pos = array([ 0. , -0.9])
8.3761 	EXP 	next: pos = array([ 0. , -0.9])
8.3934 	EXP 	next: pos = array([ 0. , -0.9])
8.4090 	EXP 	next: pos = array([ 0. , -0.9])
8.4262 	EXP 	next: pos = array([ 0. , -0.9])
8.4430 	EXP 	next: pos = array([ 0. , -0.9])
8.4600 	EXP 	next: pos = array([ 0. , -0.9])
8.4764 	EXP 	next: pos = array([ 0. , -0.9])
8.4934 	EXP 	next: pos = array([ 0. , -0.9])
8.5092 	EXP 	next: pos = array([ 0. , -0.9])
8.5269 	EXP 	next: pos = array([ 0. , -0.9])
8.5428 	EXP 	next: pos = array([ 0. , -0.9])
8.5604 	EXP 	next: pos = array([ 0. , -0.9])
8.5762 	EXP 	next: pos = array([ 0. , -0.9])
8.5937 	EXP 	next: pos = array([ 0. , -0.9])
8.6096 	EXP 	next: pos = array([ 0. , -0.9])
8.6267 	EXP 	next: pos = array([ 0. , -0.9])
8.6427 	EXP 	next: pos = array([ 0. , -0.9])
8.6601 	EXP 	next: pos = array([ 0. , -0.9])
8.6762 	EXP 	next: pos = array([ 0. , -0.9])
8.6923 	EXP 	next: pos = array([ 0. , -0.9])
8.7089 	EXP 	next: pos = array([ 0. , -0.9])
8.7267 	EXP 	next: pos = array([ 0. , -0.9])
8.7429 	EXP 	next: pos = array([ 0. , -0.9])
8.7600 	EXP 	next: pos = array([ 0. , -0.9])
8.7760 	EXP 	next: pos = array([ 0. , -0.9])
8.7938 	EXP 	next: pos = array([ 0. , -0.9])
8.8098 	EXP 	next: pos = array([ 0. , -0.9])
8.8260 	EXP 	next: pos = array([ 0. , -0.9])
8.8431 	EXP 	next: pos = array([ 0. , -0.9])
8.8597 	EXP 	next: pos = array([ 0. , -0.9])
8.8756 	EXP 	next: pos = array([ 0. , -0.9])
8.8930 	EXP 	next: pos = array([ 0. , -0.9])
8.9099 	EXP 	next: pos = array([ 0. , -0.9])
8.9266 	EXP 	next: pos = array([ 0. , -0.9])
8.9423 	EXP 	next: pos = array([ 0. , -0.9])
8.9603 	EXP 	next: pos = array([ 0. , -0.9])
8.9755 	EXP 	next: pos = array([ 0. , -0.9])
8.9925 	EXP 	next: pos = array([ 0. , -0.9])
9.0097 	EXP 	next: pos = array([ 0. , -0.9])
9.0270 	EXP 	next: pos = array([ 0. , -0.9])
9.0276 	DATA 	Mouse: Left button down, pos=(444,234)
9.0376 	EXP 	window1: mouseVisible = True
9.0388 	DEBUG 	Saving data for FatFaceOnline ExperimentHandler
9.0394 	INFO 	saved data to /Users/vivianfang/Desktop/Ratings/data/_FatFaceOnline_2021_Oct_05_1008.psydat
9.0396 	INFO 	saved data to '/Users/vivianfang/Desktop/Ratings/data/_FatFaceOnline_2021_Oct_05_1008.csv'
