0.2180 	WARNING 	We strongly recommend you activate the PTB sound engine in PsychoPy prefs as the preferred audio engine. Its timing is vastly superior. Your prefs are currently set to use ['sounddevice', 'PTB', 'pyo', 'pygame'] (in that order).
2.9933 	INFO 	Loaded monitor calibration from ['2021_03_12 13:58']
3.5663 	EXP 	Created window1 = Window(allowGUI=False, allowStencil=False, autoLog=True, backendConf=UNKNOWN, bitsMode=UNKNOWN, blendMode='avg', bpc=(8, 8, 8), color=array([1, 1, 1]), colorSpace='rgb', depthBits=8, fullscr=<method-wrapper '__getattribute__' of attributeSetter object at 0x7f93d389cb00>, gamma=None, gammaErrorPolicy='raise', lms=UNKNOWN, monitor=<psychopy.monitors.calibTools.Monitor object at 0x7f93d3818a20>, multiSample=False, name='window1', numSamples=2, pos=[480.0, 270.0], screen=0, size=array([3840, 2160]), stencilBits=0, stereo=False, units='height', useFBO=True, useRetina=True, viewOri=0.0, viewPos=None, viewScale=None, waitBlanking=True, winType='pyglet')
3.5666 	EXP 	window1: mouseVisible = True
3.5667 	EXP 	window1: recordFrameIntervals = False
3.7322 	EXP 	window1: recordFrameIntervals = True
3.9155 	DEBUG 	Screen (0) actual frame rate measured at 60.08
3.9156 	EXP 	window1: recordFrameIntervals = False
4.0510 	EXP 	Created RInstr = TextStim(__class__=<class 'psychopy.visual.text.TextStim'>, alignHoriz=method-wrapper(...), alignText='center', alignVert=method-wrapper(...), anchorHoriz='center', anchorVert='center', antialias=True, autoLog=True, bold=False, color=array([-1, -1, -1]), colorSpace='rgb', contrast=1.0, depth=0.0, flipHoriz=False, flipVert=False, font='Arial', fontFiles=[], height=0.05, italic=False, languageStyle='LTR', name='RInstr', opacity=1, ori=0, pos=array([0., 0.]), rgb=UNKNOWN, text=str(...), units='height', win=Window(...), wrapWidth=1)
4.1235 	EXP 	Created image_5 = ImageStim(__class__=<class 'psychopy.visual.image.ImageStim'>, autoLog=True, color=array([1, 1, 1]), colorSpace='rgb', contrast=1.0, depth=-1.0, flipHoriz=False, flipVert=False, image='sin', interpolate=False, mask=None, maskParams=None, name='image_5', opacity=1, ori=0.0, pos=array([0., 0.]), size=array([0.4, 0.4]), texRes=512, units='height', win=Window(...))
4.1325 	INFO 	Mouse: using default window
4.1326 	EXP 	window1: mouseVisible = True
4.1363 	EXP 	Created slider = Slider(__class__=<class 'psychopy.visual.slider.Slider'>, autoDraw=False, autoLog=True, borderColor=None, color=None, colorSpace='rgb', depth=-2, fillColor=None, flip=False, font='HelveticaBold', granularity=0, labelHeight=0.05, labelWrapWidth=None, labels=None, name='slider', opacity=None, pos=(0, -0.28), readOnly=False, self=UNKNOWN, size=(1.0, 0.025), style=method-wrapper(...), styleTweaks=method-wrapper(...), ticks=ndarray(...), units='height', win=Window(...))
4.1571 	EXP 	Created next = ImageStim(__class__=<class 'psychopy.visual.image.ImageStim'>, autoLog=True, color=array([1, 1, 1]), colorSpace='rgb', contrast=1.0, depth=-3.0, flipHoriz=False, flipVert=False, image='Picture1.png', interpolate=False, mask=None, maskParams=None, name='next', opacity=1, ori=0.0, pos=array([0., 0.]), size=array([0.2, 0.1]), texRes=512, units='height', win=Window(...))
4.1572 	EXP 	window1: mouseVisible = True
4.1630 	EXP 	Created text_4 = TextStim(__class__=<class 'psychopy.visual.text.TextStim'>, alignHoriz=method-wrapper(...), alignText='center', alignVert=method-wrapper(...), anchorHoriz='center', anchorVert='center', antialias=True, autoLog=True, bold=False, color=array([-1, -1, -1]), colorSpace='rgb', contrast=1.0, depth=-5.0, flipHoriz=False, flipVert=False, font='Arial', fontFiles=[], height=0.03, italic=False, languageStyle='LTR', name='text_4', opacity=1, ori=0, pos=array([-0.5 , -0.32]), rgb=UNKNOWN, text='Not Dominant at all', units='height', win=Window(...), wrapWidth=1)
4.1665 	EXP 	Created text_5 = TextStim(__class__=<class 'psychopy.visual.text.TextStim'>, alignHoriz=method-wrapper(...), alignText='center', alignVert=method-wrapper(...), anchorHoriz='center', anchorVert='center', antialias=True, autoLog=True, bold=False, color=array([-1, -1, -1]), colorSpace='rgb', contrast=1.0, depth=-6.0, flipHoriz=False, flipVert=False, font='Arial', fontFiles=[], height=0.03, italic=False, languageStyle='LTR', name='text_5', opacity=1, ori=0, pos=array([ 0.5 , -0.32]), rgb=UNKNOWN, text='Very Dominant', units='height', win=Window(...), wrapWidth=1)
4.1671 	EXP 	Created text = TextStim(__class__=<class 'psychopy.visual.text.TextStim'>, alignHoriz=method-wrapper(...), alignText='center', alignVert=method-wrapper(...), anchorHoriz='center', anchorVert='center', antialias=True, autoLog=True, bold=False, color=array([1, 1, 1]), colorSpace='rgb', contrast=1.0, depth=-1.0, flipHoriz=False, flipVert=False, font='Arial', fontFiles=[], height=0.1, italic=False, languageStyle='LTR', name='text', opacity=1, ori=0, pos=array([0., 0.]), rgb=UNKNOWN, text='', units='height', win=Window(...), wrapWidth=1)
4.1787 	EXP 	Created EndText = TextStim(__class__=<class 'psychopy.visual.text.TextStim'>, alignHoriz=method-wrapper(...), alignText='center', alignVert=method-wrapper(...), anchorHoriz='center', anchorVert='center', antialias=True, autoLog=True, bold=False, color=array([-1, -1, -1]), colorSpace='rgb', contrast=1.0, depth=0.0, flipHoriz=False, flipVert=False, font='Arial', fontFiles=[], height=0.05, italic=False, languageStyle='LTR', name='EndText', opacity=1, ori=0, pos=array([0., 0.]), rgb=UNKNOWN, text=str(...), units='height', win=Window(...), wrapWidth=1)
4.1862 	EXP 	slider: autoLog = True
4.1862 	EXP 	slider: markerPos = None
4.1862 	EXP 	slider: rating = None
4.1862 	EXP 	slider: markerPos = None
4.1862 	EXP 	slider: contrast = 1.0
4.1862 	EXP 	slider: autoLog = True
4.1862 	EXP 	slider: styleTweaks = []
4.1862 	EXP 	slider: style = ['rating']
4.1862 	EXP 	slider: styleTweaks = ['triangleMarker']
4.1862 	EXP 	RInstr: autoDraw = True
5.3906 	DEBUG 	Read csv file with pandas: Rating_BlockOrder.csv
5.3939 	DEBUG 	Clearing unnamed columns from Rating_BlockOrder.csv
5.3946 	EXP 	Imported Rating_BlockOrder.csv as conditions, 3 conditions, 1 params
5.3952 	EXP 	Created sequence: random, trialTypes=3, nReps=1, seed=None
5.3955 	EXP 	New trial (rep=0, index=0): OrderedDict([('RatingBlock', 'TrialCondition_A.csv')])
5.3988 	DEBUG 	Read csv file with pandas: TrialCondition_A.csv
5.3999 	DEBUG 	Clearing unnamed columns from TrialCondition_A.csv
5.4011 	EXP 	Imported TrialCondition_A.csv as conditions, 24 conditions, 4 params
5.4014 	EXP 	Created sequence: random, trialTypes=24, nReps=1, seed=None
5.4017 	EXP 	New trial (rep=0, index=0): OrderedDict([('Image', 'Images/S_A_I1_04.png'), ('Race', 'Asian'), ('Trait', 'Dominant'), ('Type', 'normal')])
5.4206 	DATA 	Keypress: space
5.4274 	EXP 	RInstr: autoDraw = False
5.4274 	EXP 	image_5: image = 'Images/S_A_I1_04.png'
5.4274 	EXP 	slider: markerPos = None
5.4274 	EXP 	slider: markerPos = None
5.4274 	EXP 	slider: rating = None
5.4274 	EXP 	image_5: autoDraw = True
5.7156 	EXP 	slider: autoDraw = True
5.7156 	EXP 	next: autoDraw = True
5.7156 	EXP 	next: pos = array([ 0. , -0.9])
5.7156 	EXP 	text_4: autoDraw = True
5.7156 	EXP 	text_5: autoDraw = True
5.7317 	EXP 	next: pos = array([ 0. , -0.9])
5.7487 	EXP 	next: pos = array([ 0. , -0.9])
5.7659 	EXP 	next: pos = array([ 0. , -0.9])
5.7822 	EXP 	next: pos = array([ 0. , -0.9])
5.7993 	EXP 	next: pos = array([ 0. , -0.9])
5.8152 	EXP 	next: pos = array([ 0. , -0.9])
5.8332 	EXP 	next: pos = array([ 0. , -0.9])
5.8476 	EXP 	next: pos = array([ 0. , -0.9])
5.8661 	EXP 	next: pos = array([ 0. , -0.9])
5.8817 	EXP 	next: pos = array([ 0. , -0.9])
5.8994 	EXP 	next: pos = array([ 0. , -0.9])
5.9151 	EXP 	next: pos = array([ 0. , -0.9])
5.9326 	EXP 	next: pos = array([ 0. , -0.9])
5.9487 	EXP 	next: pos = array([ 0. , -0.9])
5.9654 	EXP 	next: pos = array([ 0. , -0.9])
5.9815 	EXP 	next: pos = array([ 0. , -0.9])
5.9991 	EXP 	next: pos = array([ 0. , -0.9])
6.0153 	EXP 	next: pos = array([ 0. , -0.9])
6.0326 	EXP 	next: pos = array([ 0. , -0.9])
6.0486 	EXP 	next: pos = array([ 0. , -0.9])
6.0658 	EXP 	next: pos = array([ 0. , -0.9])
6.0819 	EXP 	next: pos = array([ 0. , -0.9])
6.0994 	EXP 	next: pos = array([ 0. , -0.9])
6.1155 	EXP 	next: pos = array([ 0. , -0.9])
6.1324 	EXP 	next: pos = array([ 0. , -0.9])
6.1487 	EXP 	next: pos = array([ 0. , -0.9])
6.1655 	EXP 	next: pos = array([ 0. , -0.9])
6.1818 	EXP 	next: pos = array([ 0. , -0.9])
6.1992 	EXP 	next: pos = array([ 0. , -0.9])
6.2149 	EXP 	next: pos = array([ 0. , -0.9])
6.2320 	EXP 	next: pos = array([ 0. , -0.9])
6.2483 	EXP 	next: pos = array([ 0. , -0.9])
6.2657 	EXP 	next: pos = array([ 0. , -0.9])
6.2817 	EXP 	next: pos = array([ 0. , -0.9])
6.2988 	EXP 	next: pos = array([ 0. , -0.9])
6.3149 	EXP 	next: pos = array([ 0. , -0.9])
6.3321 	EXP 	next: pos = array([ 0. , -0.9])
6.3482 	EXP 	next: pos = array([ 0. , -0.9])
6.3652 	EXP 	next: pos = array([ 0. , -0.9])
6.3815 	EXP 	next: pos = array([ 0. , -0.9])
6.3986 	EXP 	next: pos = array([ 0. , -0.9])
6.4152 	EXP 	next: pos = array([ 0. , -0.9])
6.4326 	EXP 	next: pos = array([ 0. , -0.9])
6.4484 	EXP 	next: pos = array([ 0. , -0.9])
6.4641 	EXP 	next: pos = array([ 0. , -0.9])
6.4813 	EXP 	next: pos = array([ 0. , -0.9])
6.4993 	EXP 	next: pos = array([ 0. , -0.9])
6.5150 	EXP 	next: pos = array([ 0. , -0.9])
6.5323 	EXP 	next: pos = array([ 0. , -0.9])
6.5481 	EXP 	next: pos = array([ 0. , -0.9])
6.5656 	EXP 	next: pos = array([ 0. , -0.9])
6.5818 	EXP 	next: pos = array([ 0. , -0.9])
6.5994 	EXP 	next: pos = array([ 0. , -0.9])
6.6151 	EXP 	next: pos = array([ 0. , -0.9])
6.6322 	EXP 	next: pos = array([ 0. , -0.9])
6.6482 	EXP 	next: pos = array([ 0. , -0.9])
6.6659 	EXP 	next: pos = array([ 0. , -0.9])
6.6818 	EXP 	next: pos = array([ 0. , -0.9])
6.6986 	EXP 	next: pos = array([ 0. , -0.9])
6.7142 	EXP 	next: pos = array([ 0. , -0.9])
6.7320 	EXP 	next: pos = array([ 0. , -0.9])
6.7480 	EXP 	next: pos = array([ 0. , -0.9])
6.7657 	EXP 	next: pos = array([ 0. , -0.9])
6.7814 	EXP 	next: pos = array([ 0. , -0.9])
6.7989 	EXP 	next: pos = array([ 0. , -0.9])
6.8155 	EXP 	next: pos = array([ 0. , -0.9])
6.8333 	EXP 	next: pos = array([ 0. , -0.9])
6.8485 	EXP 	next: pos = array([ 0. , -0.9])
6.8647 	EXP 	next: pos = array([ 0. , -0.9])
6.8817 	EXP 	next: pos = array([ 0. , -0.9])
6.8981 	EXP 	next: pos = array([ 0. , -0.9])
6.9142 	EXP 	next: pos = array([ 0. , -0.9])
6.9318 	EXP 	next: pos = array([ 0. , -0.9])
6.9484 	EXP 	next: pos = array([ 0. , -0.9])
6.9643 	EXP 	next: pos = array([ 0. , -0.9])
6.9810 	EXP 	next: pos = array([ 0. , -0.9])
6.9987 	EXP 	next: pos = array([ 0. , -0.9])
7.0144 	EXP 	next: pos = array([ 0. , -0.9])
7.0322 	EXP 	next: pos = array([ 0. , -0.9])
7.0479 	EXP 	next: pos = array([ 0. , -0.9])
7.0658 	EXP 	next: pos = array([ 0. , -0.9])
7.0819 	EXP 	next: pos = array([ 0. , -0.9])
7.0981 	EXP 	next: pos = array([ 0. , -0.9])
7.1150 	EXP 	next: pos = array([ 0. , -0.9])
7.1316 	EXP 	next: pos = array([ 0. , -0.9])
7.1483 	EXP 	next: pos = array([ 0. , -0.9])
7.1650 	EXP 	next: pos = array([ 0. , -0.9])
7.1817 	EXP 	next: pos = array([ 0. , -0.9])
7.1987 	EXP 	next: pos = array([ 0. , -0.9])
7.2143 	EXP 	next: pos = array([ 0. , -0.9])
7.2320 	EXP 	next: pos = array([ 0. , -0.9])
7.2478 	EXP 	next: pos = array([ 0. , -0.9])
7.2644 	EXP 	next: pos = array([ 0. , -0.9])
7.2808 	EXP 	next: pos = array([ 0. , -0.9])
7.2989 	EXP 	next: pos = array([ 0. , -0.9])
7.3148 	EXP 	next: pos = array([ 0. , -0.9])
7.3319 	EXP 	next: pos = array([ 0. , -0.9])
7.3482 	EXP 	next: pos = array([ 0. , -0.9])
7.3654 	EXP 	next: pos = array([ 0. , -0.9])
7.3817 	EXP 	next: pos = array([ 0. , -0.9])
7.3988 	EXP 	next: pos = array([ 0. , -0.9])
7.4149 	EXP 	next: pos = array([ 0. , -0.9])
7.4320 	EXP 	next: pos = array([ 0. , -0.9])
7.4481 	EXP 	next: pos = array([ 0. , -0.9])
7.4654 	EXP 	next: pos = array([ 0. , -0.9])
7.4818 	EXP 	next: pos = array([ 0. , -0.9])
7.4991 	EXP 	next: pos = array([ 0. , -0.9])
7.5149 	EXP 	next: pos = array([ 0. , -0.9])
7.5320 	EXP 	next: pos = array([ 0. , -0.9])
7.5480 	EXP 	next: pos = array([ 0. , -0.9])
7.5657 	EXP 	next: pos = array([ 0. , -0.9])
7.5817 	EXP 	next: pos = array([ 0. , -0.9])
7.5990 	EXP 	next: pos = array([ 0. , -0.9])
7.6156 	EXP 	next: pos = array([ 0. , -0.9])
7.6319 	EXP 	next: pos = array([ 0. , -0.9])
7.6482 	EXP 	next: pos = array([ 0. , -0.9])
7.6659 	EXP 	next: pos = array([ 0. , -0.9])
7.6823 	EXP 	next: pos = array([ 0. , -0.9])
7.6991 	EXP 	next: pos = array([ 0. , -0.9])
7.7150 	EXP 	next: pos = array([ 0. , -0.9])
7.7324 	EXP 	next: pos = array([ 0. , -0.9])
7.7483 	EXP 	next: pos = array([ 0. , -0.9])
7.7656 	EXP 	next: pos = array([ 0. , -0.9])
7.7815 	EXP 	next: pos = array([ 0. , -0.9])
7.7990 	EXP 	next: pos = array([ 0. , -0.9])
7.8151 	EXP 	next: pos = array([ 0. , -0.9])
7.8321 	EXP 	next: pos = array([ 0. , -0.9])
7.8477 	EXP 	next: pos = array([ 0. , -0.9])
7.8653 	EXP 	next: pos = array([ 0. , -0.9])
7.8814 	EXP 	next: pos = array([ 0. , -0.9])
7.8984 	EXP 	next: pos = array([ 0. , -0.9])
7.9147 	EXP 	next: pos = array([ 0. , -0.9])
7.9320 	EXP 	next: pos = array([ 0. , -0.9])
7.9480 	EXP 	next: pos = array([ 0. , -0.9])
7.9652 	EXP 	next: pos = array([ 0. , -0.9])
7.9813 	EXP 	next: pos = array([ 0. , -0.9])
7.9987 	EXP 	next: pos = array([ 0. , -0.9])
8.0148 	EXP 	next: pos = array([ 0. , -0.9])
8.0315 	EXP 	next: pos = array([ 0. , -0.9])
8.0481 	EXP 	next: pos = array([ 0. , -0.9])
8.0654 	EXP 	next: pos = array([ 0. , -0.9])
8.0814 	EXP 	next: pos = array([ 0. , -0.9])
8.0995 	EXP 	next: pos = array([ 0. , -0.9])
8.1154 	EXP 	next: pos = array([ 0. , -0.9])
8.1327 	EXP 	next: pos = array([ 0. , -0.9])
8.1487 	EXP 	next: pos = array([ 0. , -0.9])
8.1655 	EXP 	next: pos = array([ 0. , -0.9])
8.1815 	EXP 	next: pos = array([ 0. , -0.9])
8.1990 	EXP 	next: pos = array([ 0. , -0.9])
8.2149 	EXP 	next: pos = array([ 0. , -0.9])
8.2322 	EXP 	next: pos = array([ 0. , -0.9])
8.2482 	EXP 	next: pos = array([ 0. , -0.9])
8.2651 	EXP 	next: pos = array([ 0. , -0.9])
8.2812 	EXP 	next: pos = array([ 0. , -0.9])
8.2987 	EXP 	next: pos = array([ 0. , -0.9])
8.3153 	EXP 	next: pos = array([ 0. , -0.9])
8.3313 	EXP 	next: pos = array([ 0. , -0.9])
8.3483 	EXP 	next: pos = array([ 0. , -0.9])
8.3652 	EXP 	next: pos = array([ 0. , -0.9])
8.3818 	EXP 	next: pos = array([ 0. , -0.9])
8.3988 	EXP 	next: pos = array([ 0. , -0.9])
8.4146 	EXP 	next: pos = array([ 0. , -0.9])
8.4322 	EXP 	next: pos = array([ 0. , -0.9])
8.4483 	EXP 	next: pos = array([ 0. , -0.9])
8.4641 	EXP 	next: pos = array([ 0. , -0.9])
8.4815 	EXP 	next: pos = array([ 0. , -0.9])
8.4990 	EXP 	next: pos = array([ 0. , -0.9])
8.5149 	EXP 	next: pos = array([ 0. , -0.9])
8.5318 	EXP 	next: pos = array([ 0. , -0.9])
8.5479 	EXP 	next: pos = array([ 0. , -0.9])
8.5651 	EXP 	next: pos = array([ 0. , -0.9])
8.5823 	EXP 	next: pos = array([ 0. , -0.9])
8.5988 	EXP 	next: pos = array([ 0. , -0.9])
8.6151 	EXP 	next: pos = array([ 0. , -0.9])
8.6329 	EXP 	next: pos = array([ 0. , -0.9])
8.6489 	EXP 	next: pos = array([ 0. , -0.9])
8.6652 	EXP 	next: pos = array([ 0. , -0.9])
8.6816 	EXP 	next: pos = array([ 0. , -0.9])
8.6990 	EXP 	next: pos = array([ 0. , -0.9])
8.7147 	EXP 	next: pos = array([ 0. , -0.9])
8.7321 	EXP 	next: pos = array([ 0. , -0.9])
8.7483 	EXP 	next: pos = array([ 0. , -0.9])
8.7653 	EXP 	next: pos = array([ 0. , -0.9])
8.7814 	EXP 	next: pos = array([ 0. , -0.9])
8.7986 	EXP 	next: pos = array([ 0. , -0.9])
8.8148 	EXP 	next: pos = array([ 0. , -0.9])
8.8323 	EXP 	next: pos = array([ 0. , -0.9])
8.8483 	EXP 	next: pos = array([ 0. , -0.9])
8.8649 	EXP 	next: pos = array([ 0. , -0.9])
8.8815 	EXP 	next: pos = array([ 0. , -0.9])
8.8992 	EXP 	next: pos = array([ 0. , -0.9])
8.9149 	EXP 	next: pos = array([ 0. , -0.9])
8.9321 	EXP 	next: pos = array([ 0. , -0.9])
8.9483 	EXP 	next: pos = array([ 0. , -0.9])
8.9644 	EXP 	next: pos = array([ 0. , -0.9])
8.9812 	EXP 	next: pos = array([ 0. , -0.9])
8.9989 	EXP 	next: pos = array([ 0. , -0.9])
9.0147 	EXP 	next: pos = array([ 0. , -0.9])
9.0321 	EXP 	next: pos = array([ 0. , -0.9])
9.0482 	EXP 	next: pos = array([ 0. , -0.9])
9.0652 	EXP 	next: pos = array([ 0. , -0.9])
9.0816 	EXP 	next: pos = array([ 0. , -0.9])
9.0989 	EXP 	next: pos = array([ 0. , -0.9])
9.1147 	EXP 	next: pos = array([ 0. , -0.9])
9.1320 	EXP 	next: pos = array([ 0. , -0.9])
9.1484 	EXP 	next: pos = array([ 0. , -0.9])
9.1655 	EXP 	next: pos = array([ 0. , -0.9])
9.1817 	EXP 	next: pos = array([ 0. , -0.9])
9.1988 	EXP 	next: pos = array([ 0. , -0.9])
9.2149 	EXP 	next: pos = array([ 0. , -0.9])
9.2320 	EXP 	next: pos = array([ 0. , -0.9])
9.2484 	EXP 	next: pos = array([ 0. , -0.9])
9.2652 	EXP 	next: pos = array([ 0. , -0.9])
9.2816 	EXP 	next: pos = array([ 0. , -0.9])
9.2987 	EXP 	next: pos = array([ 0. , -0.9])
9.3147 	EXP 	next: pos = array([ 0. , -0.9])
9.3323 	EXP 	next: pos = array([ 0. , -0.9])
9.3485 	EXP 	next: pos = array([ 0. , -0.9])
9.3659 	EXP 	next: pos = array([ 0. , -0.9])
9.3819 	EXP 	next: pos = array([ 0. , -0.9])
9.3992 	EXP 	next: pos = array([ 0. , -0.9])
9.4149 	EXP 	next: pos = array([ 0. , -0.9])
9.4325 	EXP 	next: pos = array([ 0. , -0.9])
9.4487 	EXP 	next: pos = array([ 0. , -0.9])
9.4658 	EXP 	next: pos = array([ 0. , -0.9])
9.4814 	EXP 	next: pos = array([ 0. , -0.9])
9.4988 	EXP 	next: pos = array([ 0. , -0.9])
9.5142 	EXP 	next: pos = array([ 0. , -0.9])
9.5321 	EXP 	next: pos = array([ 0. , -0.9])
9.5482 	EXP 	next: pos = array([ 0. , -0.9])
9.5651 	EXP 	next: pos = array([ 0. , -0.9])
9.5817 	EXP 	next: pos = array([ 0. , -0.9])
9.5989 	EXP 	next: pos = array([ 0. , -0.9])
9.6147 	EXP 	next: pos = array([ 0. , -0.9])
9.6324 	EXP 	next: pos = array([ 0. , -0.9])
9.6485 	EXP 	next: pos = array([ 0. , -0.9])
9.6655 	EXP 	next: pos = array([ 0. , -0.9])
9.6817 	EXP 	next: pos = array([ 0. , -0.9])
9.7000 	EXP 	next: pos = array([ 0. , -0.9])
9.7148 	EXP 	next: pos = array([ 0. , -0.9])
9.7328 	EXP 	next: pos = array([ 0. , -0.9])
9.7475 	EXP 	next: pos = array([ 0. , -0.9])
9.7656 	EXP 	next: pos = array([ 0. , -0.9])
9.7816 	EXP 	next: pos = array([ 0. , -0.9])
9.7983 	EXP 	next: pos = array([ 0. , -0.9])
9.8150 	EXP 	next: pos = array([ 0. , -0.9])
9.8320 	EXP 	next: pos = array([ 0. , -0.9])
9.8485 	EXP 	next: pos = array([ 0. , -0.9])
9.8658 	EXP 	next: pos = array([ 0. , -0.9])
9.8818 	EXP 	next: pos = array([ 0. , -0.9])
9.8990 	EXP 	next: pos = array([ 0. , -0.9])
9.9146 	EXP 	next: pos = array([ 0. , -0.9])
9.9326 	EXP 	next: pos = array([ 0. , -0.9])
9.9483 	EXP 	next: pos = array([ 0. , -0.9])
9.9660 	EXP 	next: pos = array([ 0. , -0.9])
9.9820 	EXP 	next: pos = array([ 0. , -0.9])
9.9989 	EXP 	next: pos = array([ 0. , -0.9])
10.0150 	EXP 	next: pos = array([ 0. , -0.9])
10.0320 	EXP 	next: pos = array([ 0. , -0.9])
10.0482 	EXP 	next: pos = array([ 0. , -0.9])
10.0658 	EXP 	next: pos = array([ 0. , -0.9])
10.0815 	EXP 	next: pos = array([ 0. , -0.9])
10.0992 	EXP 	next: pos = array([ 0. , -0.9])
10.1147 	EXP 	next: pos = array([ 0. , -0.9])
10.1322 	EXP 	next: pos = array([ 0. , -0.9])
10.1483 	EXP 	next: pos = array([ 0. , -0.9])
10.1659 	EXP 	next: pos = array([ 0. , -0.9])
10.1816 	EXP 	next: pos = array([ 0. , -0.9])
10.1997 	EXP 	next: pos = array([ 0. , -0.9])
10.2154 	EXP 	next: pos = array([ 0. , -0.9])
10.2337 	EXP 	next: pos = array([ 0. , -0.9])
10.2488 	EXP 	next: pos = array([ 0. , -0.9])
10.2657 	EXP 	next: pos = array([ 0. , -0.9])
10.2814 	EXP 	next: pos = array([ 0. , -0.9])
10.2986 	EXP 	next: pos = array([ 0. , -0.9])
10.3146 	EXP 	next: pos = array([ 0. , -0.9])
10.3320 	EXP 	next: pos = array([ 0. , -0.9])
10.3482 	EXP 	next: pos = array([ 0. , -0.9])
10.3655 	EXP 	next: pos = array([ 0. , -0.9])
10.3810 	EXP 	next: pos = array([ 0. , -0.9])
10.3988 	EXP 	next: pos = array([ 0. , -0.9])
10.4148 	EXP 	next: pos = array([ 0. , -0.9])
10.4322 	EXP 	next: pos = array([ 0. , -0.9])
10.4486 	EXP 	next: pos = array([ 0. , -0.9])
10.4644 	EXP 	next: pos = array([ 0. , -0.9])
10.4812 	EXP 	next: pos = array([ 0. , -0.9])
10.4992 	EXP 	next: pos = array([ 0. , -0.9])
10.5151 	EXP 	next: pos = array([ 0. , -0.9])
10.5319 	EXP 	next: pos = array([ 0. , -0.9])
10.5482 	EXP 	next: pos = array([ 0. , -0.9])
10.5655 	EXP 	next: pos = array([ 0. , -0.9])
10.5814 	EXP 	next: pos = array([ 0. , -0.9])
10.5989 	EXP 	next: pos = array([ 0. , -0.9])
10.6147 	EXP 	next: pos = array([ 0. , -0.9])
10.6322 	EXP 	next: pos = array([ 0. , -0.9])
10.6482 	EXP 	next: pos = array([ 0. , -0.9])
10.6659 	EXP 	next: pos = array([ 0. , -0.9])
10.6815 	EXP 	next: pos = array([ 0. , -0.9])
10.6991 	EXP 	next: pos = array([ 0. , -0.9])
10.7152 	EXP 	next: pos = array([ 0. , -0.9])
10.7320 	EXP 	next: pos = array([ 0. , -0.9])
10.7480 	EXP 	next: pos = array([ 0. , -0.9])
10.7655 	EXP 	next: pos = array([ 0. , -0.9])
10.7819 	EXP 	next: pos = array([ 0. , -0.9])
10.7986 	EXP 	next: pos = array([ 0. , -0.9])
10.8148 	EXP 	next: pos = array([ 0. , -0.9])
10.8322 	EXP 	next: pos = array([ 0. , -0.9])
10.8482 	EXP 	next: pos = array([ 0. , -0.9])
10.8657 	EXP 	next: pos = array([ 0. , -0.9])
10.8815 	EXP 	next: pos = array([ 0. , -0.9])
10.8990 	EXP 	next: pos = array([ 0. , -0.9])
10.9147 	EXP 	next: pos = array([ 0. , -0.9])
10.9324 	EXP 	next: pos = array([ 0. , -0.9])
10.9482 	EXP 	next: pos = array([ 0. , -0.9])
10.9658 	EXP 	next: pos = array([ 0. , -0.9])
10.9815 	EXP 	next: pos = array([ 0. , -0.9])
10.9995 	EXP 	next: pos = array([ 0. , -0.9])
11.0152 	EXP 	next: pos = array([ 0. , -0.9])
11.0325 	EXP 	next: pos = array([ 0. , -0.9])
11.0494 	EXP 	next: pos = array([ 0. , -0.9])
11.0654 	EXP 	next: pos = array([ 0. , -0.9])
11.0816 	EXP 	next: pos = array([ 0. , -0.9])
11.0988 	EXP 	next: pos = array([ 0. , -0.9])
11.1149 	EXP 	next: pos = array([ 0. , -0.9])
11.1320 	EXP 	next: pos = array([ 0. , -0.9])
11.1485 	EXP 	next: pos = array([ 0. , -0.9])
11.1655 	EXP 	next: pos = array([ 0. , -0.9])
11.1816 	EXP 	next: pos = array([ 0. , -0.9])
11.1990 	EXP 	next: pos = array([ 0. , -0.9])
11.2149 	EXP 	next: pos = array([ 0. , -0.9])
11.2323 	EXP 	next: pos = array([ 0. , -0.9])
11.2486 	EXP 	next: pos = array([ 0. , -0.9])
11.2657 	EXP 	next: pos = array([ 0. , -0.9])
11.2817 	EXP 	next: pos = array([ 0. , -0.9])
11.2987 	EXP 	next: pos = array([ 0. , -0.9])
11.3149 	EXP 	next: pos = array([ 0. , -0.9])
11.3320 	EXP 	next: pos = array([ 0. , -0.9])
11.3484 	EXP 	next: pos = array([ 0. , -0.9])
11.3657 	EXP 	next: pos = array([ 0. , -0.9])
11.3817 	EXP 	next: pos = array([ 0. , -0.9])
11.3982 	EXP 	next: pos = array([ 0. , -0.9])
11.4148 	EXP 	next: pos = array([ 0. , -0.9])
11.4320 	EXP 	next: pos = array([ 0. , -0.9])
11.4484 	EXP 	next: pos = array([ 0. , -0.9])
11.4657 	EXP 	next: pos = array([ 0. , -0.9])
11.4817 	EXP 	next: pos = array([ 0. , -0.9])
11.4993 	EXP 	next: pos = array([ 0. , -0.9])
11.5150 	EXP 	next: pos = array([ 0. , -0.9])
11.5325 	EXP 	next: pos = array([ 0. , -0.9])
11.5484 	EXP 	next: pos = array([ 0. , -0.9])
11.5658 	EXP 	next: pos = array([ 0. , -0.9])
11.5817 	EXP 	next: pos = array([ 0. , -0.9])
11.5979 	EXP 	next: pos = array([ 0. , -0.9])
11.6152 	EXP 	next: pos = array([ 0. , -0.9])
11.6315 	EXP 	next: pos = array([ 0. , -0.9])
11.6485 	EXP 	next: pos = array([ 0. , -0.9])
11.6649 	EXP 	next: pos = array([ 0. , -0.9])
11.6818 	EXP 	next: pos = array([ 0. , -0.9])
11.6985 	EXP 	next: pos = array([ 0. , -0.9])
11.7144 	EXP 	next: pos = array([ 0. , -0.9])
11.7324 	EXP 	next: pos = array([ 0. , -0.9])
11.7481 	EXP 	next: pos = array([ 0. , -0.9])
11.7656 	EXP 	next: pos = array([ 0. , -0.9])
11.7815 	EXP 	next: pos = array([ 0. , -0.9])
11.7987 	EXP 	next: pos = array([ 0. , -0.9])
11.8146 	EXP 	next: pos = array([ 0. , -0.9])
11.8319 	EXP 	next: pos = array([ 0. , -0.9])
11.8481 	EXP 	next: pos = array([ 0. , -0.9])
11.8651 	EXP 	next: pos = array([ 0. , -0.9])
11.8815 	EXP 	next: pos = array([ 0. , -0.9])
11.8987 	EXP 	next: pos = array([ 0. , -0.9])
11.9148 	EXP 	next: pos = array([ 0. , -0.9])
11.9322 	EXP 	next: pos = array([ 0. , -0.9])
11.9482 	EXP 	next: pos = array([ 0. , -0.9])
11.9655 	EXP 	next: pos = array([ 0. , -0.9])
11.9818 	EXP 	next: pos = array([ 0. , -0.9])
11.9986 	EXP 	next: pos = array([ 0. , -0.9])
12.0148 	EXP 	next: pos = array([ 0. , -0.9])
12.0322 	EXP 	next: pos = array([ 0. , -0.9])
12.0487 	EXP 	next: pos = array([ 0. , -0.9])
12.0662 	EXP 	next: pos = array([ 0. , -0.9])
12.0819 	EXP 	next: pos = array([ 0. , -0.9])
12.0998 	EXP 	next: pos = array([ 0. , -0.9])
12.1152 	EXP 	next: pos = array([ 0. , -0.9])
12.1322 	EXP 	next: pos = array([ 0. , -0.9])
12.1486 	EXP 	next: pos = array([ 0. , -0.9])
12.1655 	EXP 	next: pos = array([ 0. , -0.9])
12.1815 	EXP 	next: pos = array([ 0. , -0.9])
12.1991 	EXP 	next: pos = array([ 0. , -0.9])
12.2148 	EXP 	next: pos = array([ 0. , -0.9])
12.2319 	EXP 	next: pos = array([ 0. , -0.9])
12.2485 	EXP 	next: pos = array([ 0. , -0.9])
12.2656 	EXP 	next: pos = array([ 0. , -0.9])
12.2816 	EXP 	next: pos = array([ 0. , -0.9])
12.2987 	EXP 	next: pos = array([ 0. , -0.9])
12.3152 	EXP 	next: pos = array([ 0. , -0.9])
12.3324 	EXP 	next: pos = array([ 0. , -0.9])
12.3485 	EXP 	next: pos = array([ 0. , -0.9])
12.3659 	EXP 	next: pos = array([ 0. , -0.9])
12.3817 	EXP 	next: pos = array([ 0. , -0.9])
12.3989 	EXP 	next: pos = array([ 0. , -0.9])
12.4147 	EXP 	next: pos = array([ 0. , -0.9])
12.4319 	EXP 	next: pos = array([ 0. , -0.9])
12.4482 	EXP 	next: pos = array([ 0. , -0.9])
12.4643 	EXP 	next: pos = array([ 0. , -0.9])
12.4817 	EXP 	next: pos = array([ 0. , -0.9])
12.4984 	EXP 	next: pos = array([ 0. , -0.9])
12.5150 	EXP 	next: pos = array([ 0. , -0.9])
12.5322 	EXP 	next: pos = array([ 0. , -0.9])
12.5482 	EXP 	next: pos = array([ 0. , -0.9])
12.5654 	EXP 	next: pos = array([ 0. , -0.9])
12.5817 	EXP 	next: pos = array([ 0. , -0.9])
12.5993 	EXP 	next: pos = array([ 0. , -0.9])
12.6148 	EXP 	next: pos = array([ 0. , -0.9])
12.6319 	EXP 	next: pos = array([ 0. , -0.9])
12.6481 	EXP 	next: pos = array([ 0. , -0.9])
12.6655 	EXP 	next: pos = array([ 0. , -0.9])
12.6817 	EXP 	next: pos = array([ 0. , -0.9])
12.6993 	EXP 	next: pos = array([ 0. , -0.9])
12.7148 	EXP 	next: pos = array([ 0. , -0.9])
12.7321 	EXP 	next: pos = array([ 0. , -0.9])
12.7482 	EXP 	next: pos = array([ 0. , -0.9])
12.7647 	EXP 	next: pos = array([ 0. , -0.9])
12.7811 	EXP 	next: pos = array([ 0. , -0.9])
12.7989 	EXP 	next: pos = array([ 0. , -0.9])
12.8148 	EXP 	next: pos = array([ 0. , -0.9])
12.8324 	EXP 	next: pos = array([ 0. , -0.9])
12.8484 	EXP 	next: pos = array([ 0. , -0.9])
12.8657 	EXP 	next: pos = array([ 0. , -0.9])
12.8816 	EXP 	next: pos = array([ 0. , -0.9])
12.8979 	EXP 	next: pos = array([ 0. , -0.9])
12.9142 	EXP 	next: pos = array([ 0. , -0.9])
12.9315 	EXP 	next: pos = array([ 0. , -0.9])
12.9484 	EXP 	next: pos = array([ 0. , -0.9])
12.9650 	EXP 	next: pos = array([ 0. , -0.9])
12.9818 	EXP 	next: pos = array([ 0. , -0.9])
12.9987 	EXP 	next: pos = array([ 0. , -0.9])
13.0153 	EXP 	next: pos = array([ 0. , -0.9])
13.0320 	EXP 	next: pos = array([ 0. , -0.9])
13.0478 	EXP 	next: pos = array([ 0. , -0.9])
13.0655 	EXP 	next: pos = array([ 0. , -0.9])
13.0814 	EXP 	next: pos = array([ 0. , -0.9])
13.0989 	EXP 	next: pos = array([ 0. , -0.9])
13.1149 	EXP 	next: pos = array([ 0. , -0.9])
13.1324 	EXP 	next: pos = array([ 0. , -0.9])
13.1483 	EXP 	next: pos = array([ 0. , -0.9])
13.1648 	EXP 	next: pos = array([ 0. , -0.9])
13.1819 	EXP 	next: pos = array([ 0. , -0.9])
13.1983 	EXP 	next: pos = array([ 0. , -0.9])
13.2151 	EXP 	next: pos = array([ 0. , -0.9])
13.2319 	EXP 	next: pos = array([ 0. , -0.9])
13.2484 	EXP 	next: pos = array([ 0. , -0.9])
13.2652 	EXP 	next: pos = array([ 0. , -0.9])
13.2816 	EXP 	next: pos = array([ 0. , -0.9])
13.2991 	EXP 	next: pos = array([ 0. , -0.9])
13.3149 	EXP 	next: pos = array([ 0. , -0.9])
13.3323 	EXP 	next: pos = array([ 0. , -0.9])
13.3484 	EXP 	next: pos = array([ 0. , -0.9])
13.3655 	EXP 	next: pos = array([ 0. , -0.9])
13.3683 	DATA 	Mouse: Left button down, pos=(928,89)
13.3817 	EXP 	next: pos = array([ 0. , -0.9])
13.3939 	EXP 	window1: mouseVisible = True
13.3971 	DEBUG 	Saving data for FatFaceOnline ExperimentHandler
13.3976 	INFO 	saved data to /Users/vivianfang/Desktop/Ratings/data/_FatFaceOnline_2021_Oct_05_1011.psydat
13.3979 	INFO 	saved data to '/Users/vivianfang/Desktop/Ratings/data/_FatFaceOnline_2021_Oct_05_1011.csv'
