0.2148 	WARNING 	We strongly recommend you activate the PTB sound engine in PsychoPy prefs as the preferred audio engine. Its timing is vastly superior. Your prefs are currently set to use ['sounddevice', 'PTB', 'pyo', 'pygame'] (in that order).
4.4786 	INFO 	Loaded monitor calibration from ['2021_03_12 13:58']
5.0275 	EXP 	Created window1 = Window(allowGUI=False, allowStencil=False, autoLog=True, backendConf=UNKNOWN, bitsMode=UNKNOWN, blendMode='avg', bpc=(8, 8, 8), color=array([1, 1, 1]), colorSpace='rgb', depthBits=8, fullscr=<method-wrapper '__getattribute__' of attributeSetter object at 0x7fcd73cd4b00>, gamma=None, gammaErrorPolicy='raise', lms=UNKNOWN, monitor=<psychopy.monitors.calibTools.Monitor object at 0x7fcd73bfe6d8>, multiSample=False, name='window1', numSamples=2, pos=[480.0, 270.0], screen=0, size=array([3840, 2160]), stencilBits=0, stereo=False, units='height', useFBO=True, useRetina=True, viewOri=0.0, viewPos=None, viewScale=None, waitBlanking=True, winType='pyglet')
5.0276 	EXP 	window1: mouseVisible = True
5.0277 	EXP 	window1: recordFrameIntervals = False
5.1932 	EXP 	window1: recordFrameIntervals = True
5.3930 	DEBUG 	Screen (0) actual frame rate measured at 60.18
5.3931 	EXP 	window1: recordFrameIntervals = False
5.5305 	EXP 	Created RInstr = TextStim(__class__=<class 'psychopy.visual.text.TextStim'>, alignHoriz=method-wrapper(...), alignText='center', alignVert=method-wrapper(...), anchorHoriz='center', anchorVert='center', antialias=True, autoLog=True, bold=False, color=array([-1, -1, -1]), colorSpace='rgb', contrast=1.0, depth=0.0, flipHoriz=False, flipVert=False, font='Arial', fontFiles=[], height=0.05, italic=False, languageStyle='LTR', name='RInstr', opacity=1, ori=0, pos=array([0., 0.]), rgb=UNKNOWN, text=str(...), units='height', win=Window(...), wrapWidth=1)
5.6028 	EXP 	Created image_5 = ImageStim(__class__=<class 'psychopy.visual.image.ImageStim'>, autoLog=True, color=array([1, 1, 1]), colorSpace='rgb', contrast=1.0, depth=-1.0, flipHoriz=False, flipVert=False, image='sin', interpolate=False, mask=None, maskParams=None, name='image_5', opacity=1, ori=0.0, pos=array([0., 0.]), size=array([0.4, 0.4]), texRes=512, units='height', win=Window(...))
5.6106 	INFO 	Mouse: using default window
5.6106 	EXP 	window1: mouseVisible = True
5.6143 	EXP 	Created slider = Slider(__class__=<class 'psychopy.visual.slider.Slider'>, autoDraw=False, autoLog=True, borderColor=None, color=None, colorSpace='rgb', depth=-2, fillColor=None, flip=False, font='HelveticaBold', granularity=0, labelHeight=0.05, labelWrapWidth=None, labels=None, name='slider', opacity=None, pos=(0, -0.28), readOnly=False, self=UNKNOWN, size=(1.0, 0.025), style=method-wrapper(...), styleTweaks=method-wrapper(...), ticks=ndarray(...), units='height', win=Window(...))
5.6340 	EXP 	Created next = ImageStim(__class__=<class 'psychopy.visual.image.ImageStim'>, autoLog=True, color=array([1, 1, 1]), colorSpace='rgb', contrast=1.0, depth=-3.0, flipHoriz=False, flipVert=False, image='Picture1.png', interpolate=False, mask=None, maskParams=None, name='next', opacity=1, ori=0.0, pos=array([0., 0.]), size=array([0.2, 0.1]), texRes=512, units='height', win=Window(...))
5.6341 	EXP 	window1: mouseVisible = True
5.6393 	EXP 	Created text_4 = TextStim(__class__=<class 'psychopy.visual.text.TextStim'>, alignHoriz=method-wrapper(...), alignText='center', alignVert=method-wrapper(...), anchorHoriz='center', anchorVert='center', antialias=True, autoLog=True, bold=False, color=array([-1, -1, -1]), colorSpace='rgb', contrast=1.0, depth=-5.0, flipHoriz=False, flipVert=False, font='Arial', fontFiles=[], height=0.03, italic=False, languageStyle='LTR', name='text_4', opacity=1, ori=0, pos=array([-0.5 , -0.32]), rgb=UNKNOWN, text='Not Dominant at all', units='height', win=Window(...), wrapWidth=1)
5.6428 	EXP 	Created text_5 = TextStim(__class__=<class 'psychopy.visual.text.TextStim'>, alignHoriz=method-wrapper(...), alignText='center', alignVert=method-wrapper(...), anchorHoriz='center', anchorVert='center', antialias=True, autoLog=True, bold=False, color=array([-1, -1, -1]), colorSpace='rgb', contrast=1.0, depth=-6.0, flipHoriz=False, flipVert=False, font='Arial', fontFiles=[], height=0.03, italic=False, languageStyle='LTR', name='text_5', opacity=1, ori=0, pos=array([ 0.5 , -0.32]), rgb=UNKNOWN, text='Very Dominant', units='height', win=Window(...), wrapWidth=1)
5.6433 	EXP 	Created text = TextStim(__class__=<class 'psychopy.visual.text.TextStim'>, alignHoriz=method-wrapper(...), alignText='center', alignVert=method-wrapper(...), anchorHoriz='center', anchorVert='center', antialias=True, autoLog=True, bold=False, color=array([1, 1, 1]), colorSpace='rgb', contrast=1.0, depth=-1.0, flipHoriz=False, flipVert=False, font='Arial', fontFiles=[], height=0.1, italic=False, languageStyle='LTR', name='text', opacity=1, ori=0, pos=array([0., 0.]), rgb=UNKNOWN, text='', units='height', win=Window(...), wrapWidth=1)
5.6548 	EXP 	Created EndText = TextStim(__class__=<class 'psychopy.visual.text.TextStim'>, alignHoriz=method-wrapper(...), alignText='center', alignVert=method-wrapper(...), anchorHoriz='center', anchorVert='center', antialias=True, autoLog=True, bold=False, color=array([-1, -1, -1]), colorSpace='rgb', contrast=1.0, depth=0.0, flipHoriz=False, flipVert=False, font='Arial', fontFiles=[], height=0.05, italic=False, languageStyle='LTR', name='EndText', opacity=1, ori=0, pos=array([0., 0.]), rgb=UNKNOWN, text=str(...), units='height', win=Window(...), wrapWidth=1)
5.6624 	EXP 	slider: autoLog = True
5.6624 	EXP 	slider: markerPos = None
5.6624 	EXP 	slider: rating = None
5.6624 	EXP 	slider: markerPos = None
5.6624 	EXP 	slider: contrast = 1.0
5.6624 	EXP 	slider: autoLog = True
5.6624 	EXP 	slider: styleTweaks = []
5.6624 	EXP 	slider: style = ['slider']
5.6624 	EXP 	slider: styleTweaks = ['triangleMarker']
5.6624 	EXP 	RInstr: autoDraw = True
6.7162 	DEBUG 	Read csv file with pandas: Rating_BlockOrder.csv
6.7195 	DEBUG 	Clearing unnamed columns from Rating_BlockOrder.csv
6.7200 	EXP 	Imported Rating_BlockOrder.csv as conditions, 3 conditions, 1 params
6.7204 	EXP 	Created sequence: random, trialTypes=3, nReps=1, seed=None
6.7210 	EXP 	New trial (rep=0, index=0): OrderedDict([('RatingBlock', 'TrialCondition_A.csv')])
6.7241 	DEBUG 	Read csv file with pandas: TrialCondition_A.csv
6.7253 	DEBUG 	Clearing unnamed columns from TrialCondition_A.csv
6.7267 	EXP 	Imported TrialCondition_A.csv as conditions, 24 conditions, 4 params
6.7270 	EXP 	Created sequence: random, trialTypes=24, nReps=1, seed=None
6.7273 	EXP 	New trial (rep=0, index=0): OrderedDict([('Image', 'Images/S_A_I5_02.png'), ('Race', 'Asian'), ('Trait', 'Submissive'), ('Type', 'normal')])
6.7461 	DATA 	Keypress: space
6.7527 	EXP 	RInstr: autoDraw = False
6.7527 	EXP 	image_5: image = 'Images/S_A_I5_02.png'
6.7527 	EXP 	slider: markerPos = None
6.7527 	EXP 	slider: markerPos = None
6.7527 	EXP 	slider: rating = None
6.7527 	EXP 	image_5: autoDraw = True
7.0434 	EXP 	slider: autoDraw = True
7.0434 	EXP 	next: autoDraw = True
7.0434 	EXP 	next: pos = array([ 0. , -0.9])
7.0434 	EXP 	text_4: autoDraw = True
7.0434 	EXP 	text_5: autoDraw = True
7.0608 	EXP 	next: pos = array([ 0. , -0.9])
7.0764 	EXP 	next: pos = array([ 0. , -0.9])
7.0940 	EXP 	next: pos = array([ 0. , -0.9])
7.1095 	EXP 	next: pos = array([ 0. , -0.9])
7.1263 	EXP 	next: pos = array([ 0. , -0.9])
7.1429 	EXP 	next: pos = array([ 0. , -0.9])
7.1600 	EXP 	next: pos = array([ 0. , -0.9])
7.1766 	EXP 	next: pos = array([ 0. , -0.9])
7.1935 	EXP 	next: pos = array([ 0. , -0.9])
7.2094 	EXP 	next: pos = array([ 0. , -0.9])
7.2278 	EXP 	next: pos = array([ 0. , -0.9])
7.2421 	EXP 	next: pos = array([ 0. , -0.9])
7.2600 	EXP 	next: pos = array([ 0. , -0.9])
7.2762 	EXP 	next: pos = array([ 0. , -0.9])
7.2938 	EXP 	next: pos = array([ 0. , -0.9])
7.3097 	EXP 	next: pos = array([ 0. , -0.9])
7.3258 	EXP 	next: pos = array([ 0. , -0.9])
7.3430 	EXP 	next: pos = array([ 0. , -0.9])
7.3603 	EXP 	next: pos = array([ 0. , -0.9])
7.3764 	EXP 	next: pos = array([ 0. , -0.9])
7.3928 	EXP 	next: pos = array([ 0. , -0.9])
7.4096 	EXP 	next: pos = array([ 0. , -0.9])
7.4271 	EXP 	next: pos = array([ 0. , -0.9])
7.4420 	EXP 	next: pos = array([ 0. , -0.9])
7.4604 	EXP 	next: pos = array([ 0. , -0.9])
7.4762 	EXP 	next: pos = array([ 0. , -0.9])
7.4927 	EXP 	next: pos = array([ 0. , -0.9])
7.5087 	EXP 	next: pos = array([ 0. , -0.9])
7.5263 	EXP 	next: pos = array([ 0. , -0.9])
7.5423 	EXP 	next: pos = array([ 0. , -0.9])
7.5594 	EXP 	next: pos = array([ 0. , -0.9])
7.5758 	EXP 	next: pos = array([ 0. , -0.9])
7.5928 	EXP 	next: pos = array([ 0. , -0.9])
7.6096 	EXP 	next: pos = array([ 0. , -0.9])
7.6250 	EXP 	next: pos = array([ 0. , -0.9])
7.6427 	EXP 	next: pos = array([ 0. , -0.9])
7.6588 	EXP 	next: pos = array([ 0. , -0.9])
7.6758 	EXP 	next: pos = array([ 0. , -0.9])
7.6927 	EXP 	next: pos = array([ 0. , -0.9])
7.7091 	EXP 	next: pos = array([ 0. , -0.9])
7.7262 	EXP 	next: pos = array([ 0. , -0.9])
7.7425 	EXP 	next: pos = array([ 0. , -0.9])
7.7596 	EXP 	next: pos = array([ 0. , -0.9])
7.7756 	EXP 	next: pos = array([ 0. , -0.9])
7.7928 	EXP 	next: pos = array([ 0. , -0.9])
7.8090 	EXP 	next: pos = array([ 0. , -0.9])
7.8260 	EXP 	next: pos = array([ 0. , -0.9])
7.8422 	EXP 	next: pos = array([ 0. , -0.9])
7.8594 	EXP 	next: pos = array([ 0. , -0.9])
7.8755 	EXP 	next: pos = array([ 0. , -0.9])
7.8930 	EXP 	next: pos = array([ 0. , -0.9])
7.9090 	EXP 	next: pos = array([ 0. , -0.9])
7.9260 	EXP 	next: pos = array([ 0. , -0.9])
7.9423 	EXP 	next: pos = array([ 0. , -0.9])
7.9597 	EXP 	next: pos = array([ 0. , -0.9])
7.9755 	EXP 	next: pos = array([ 0. , -0.9])
7.9928 	EXP 	next: pos = array([ 0. , -0.9])
8.0088 	EXP 	next: pos = array([ 0. , -0.9])
8.0268 	EXP 	next: pos = array([ 0. , -0.9])
8.0425 	EXP 	next: pos = array([ 0. , -0.9])
8.0599 	EXP 	next: pos = array([ 0. , -0.9])
8.0758 	EXP 	next: pos = array([ 0. , -0.9])
8.0936 	EXP 	next: pos = array([ 0. , -0.9])
8.1089 	EXP 	next: pos = array([ 0. , -0.9])
8.1264 	EXP 	next: pos = array([ 0. , -0.9])
8.1423 	EXP 	next: pos = array([ 0. , -0.9])
8.1596 	EXP 	next: pos = array([ 0. , -0.9])
8.1756 	EXP 	next: pos = array([ 0. , -0.9])
8.1935 	EXP 	next: pos = array([ 0. , -0.9])
8.2091 	EXP 	next: pos = array([ 0. , -0.9])
8.2262 	EXP 	next: pos = array([ 0. , -0.9])
8.2424 	EXP 	next: pos = array([ 0. , -0.9])
8.2602 	EXP 	next: pos = array([ 0. , -0.9])
8.2758 	EXP 	next: pos = array([ 0. , -0.9])
8.2932 	EXP 	next: pos = array([ 0. , -0.9])
8.3089 	EXP 	next: pos = array([ 0. , -0.9])
8.3264 	EXP 	next: pos = array([ 0. , -0.9])
8.3423 	EXP 	next: pos = array([ 0. , -0.9])
8.3601 	EXP 	next: pos = array([ 0. , -0.9])
8.3759 	EXP 	next: pos = array([ 0. , -0.9])
8.3934 	EXP 	next: pos = array([ 0. , -0.9])
8.4093 	EXP 	next: pos = array([ 0. , -0.9])
8.4255 	EXP 	next: pos = array([ 0. , -0.9])
8.4418 	EXP 	next: pos = array([ 0. , -0.9])
8.4591 	EXP 	next: pos = array([ 0. , -0.9])
8.4756 	EXP 	next: pos = array([ 0. , -0.9])
8.4928 	EXP 	next: pos = array([ 0. , -0.9])
8.5088 	EXP 	next: pos = array([ 0. , -0.9])
8.5258 	EXP 	next: pos = array([ 0. , -0.9])
8.5425 	EXP 	next: pos = array([ 0. , -0.9])
8.5600 	EXP 	next: pos = array([ 0. , -0.9])
8.5755 	EXP 	next: pos = array([ 0. , -0.9])
8.5928 	EXP 	next: pos = array([ 0. , -0.9])
8.6093 	EXP 	next: pos = array([ 0. , -0.9])
8.6260 	EXP 	next: pos = array([ 0. , -0.9])
8.6422 	EXP 	next: pos = array([ 0. , -0.9])
8.6596 	EXP 	next: pos = array([ 0. , -0.9])
8.6759 	EXP 	next: pos = array([ 0. , -0.9])
8.6928 	EXP 	next: pos = array([ 0. , -0.9])
8.7090 	EXP 	next: pos = array([ 0. , -0.9])
8.7264 	EXP 	next: pos = array([ 0. , -0.9])
8.7422 	EXP 	next: pos = array([ 0. , -0.9])
8.7601 	EXP 	next: pos = array([ 0. , -0.9])
8.7755 	EXP 	next: pos = array([ 0. , -0.9])
8.7929 	EXP 	next: pos = array([ 0. , -0.9])
8.8093 	EXP 	next: pos = array([ 0. , -0.9])
8.8264 	EXP 	next: pos = array([ 0. , -0.9])
8.8423 	EXP 	next: pos = array([ 0. , -0.9])
8.8597 	EXP 	next: pos = array([ 0. , -0.9])
8.8758 	EXP 	next: pos = array([ 0. , -0.9])
8.8929 	EXP 	next: pos = array([ 0. , -0.9])
8.9092 	EXP 	next: pos = array([ 0. , -0.9])
8.9267 	EXP 	next: pos = array([ 0. , -0.9])
8.9422 	EXP 	next: pos = array([ 0. , -0.9])
8.9596 	EXP 	next: pos = array([ 0. , -0.9])
8.9755 	EXP 	next: pos = array([ 0. , -0.9])
8.9929 	EXP 	next: pos = array([ 0. , -0.9])
9.0091 	EXP 	next: pos = array([ 0. , -0.9])
9.0265 	EXP 	next: pos = array([ 0. , -0.9])
9.0422 	EXP 	next: pos = array([ 0. , -0.9])
9.0599 	EXP 	next: pos = array([ 0. , -0.9])
9.0756 	EXP 	next: pos = array([ 0. , -0.9])
9.0931 	EXP 	next: pos = array([ 0. , -0.9])
9.1090 	EXP 	next: pos = array([ 0. , -0.9])
9.1261 	EXP 	next: pos = array([ 0. , -0.9])
9.1423 	EXP 	next: pos = array([ 0. , -0.9])
9.1597 	EXP 	next: pos = array([ 0. , -0.9])
9.1758 	EXP 	next: pos = array([ 0. , -0.9])
9.1928 	EXP 	next: pos = array([ 0. , -0.9])
9.2090 	EXP 	next: pos = array([ 0. , -0.9])
9.2262 	EXP 	next: pos = array([ 0. , -0.9])
9.2429 	EXP 	next: pos = array([ 0. , -0.9])
9.2600 	EXP 	next: pos = array([ 0. , -0.9])
9.2761 	EXP 	next: pos = array([ 0. , -0.9])
9.2936 	EXP 	next: pos = array([ 0. , -0.9])
9.3090 	EXP 	next: pos = array([ 0. , -0.9])
9.3263 	EXP 	next: pos = array([ 0. , -0.9])
9.3424 	EXP 	next: pos = array([ 0. , -0.9])
9.3596 	EXP 	next: pos = array([ 0. , -0.9])
9.3755 	EXP 	next: pos = array([ 0. , -0.9])
9.3929 	EXP 	next: pos = array([ 0. , -0.9])
9.4093 	EXP 	next: pos = array([ 0. , -0.9])
9.4263 	EXP 	next: pos = array([ 0. , -0.9])
9.4424 	EXP 	next: pos = array([ 0. , -0.9])
9.4599 	EXP 	next: pos = array([ 0. , -0.9])
9.4755 	EXP 	next: pos = array([ 0. , -0.9])
9.4933 	EXP 	next: pos = array([ 0. , -0.9])
9.5091 	EXP 	next: pos = array([ 0. , -0.9])
9.5260 	EXP 	next: pos = array([ 0. , -0.9])
9.5425 	EXP 	next: pos = array([ 0. , -0.9])
9.5586 	EXP 	next: pos = array([ 0. , -0.9])
9.5751 	EXP 	next: pos = array([ 0. , -0.9])
9.5930 	EXP 	next: pos = array([ 0. , -0.9])
9.6089 	EXP 	next: pos = array([ 0. , -0.9])
9.6259 	EXP 	next: pos = array([ 0. , -0.9])
9.6423 	EXP 	next: pos = array([ 0. , -0.9])
9.6598 	EXP 	next: pos = array([ 0. , -0.9])
9.6757 	EXP 	next: pos = array([ 0. , -0.9])
9.6919 	EXP 	next: pos = array([ 0. , -0.9])
9.7092 	EXP 	next: pos = array([ 0. , -0.9])
9.7266 	EXP 	next: pos = array([ 0. , -0.9])
9.7425 	EXP 	next: pos = array([ 0. , -0.9])
9.7588 	EXP 	next: pos = array([ 0. , -0.9])
9.7758 	EXP 	next: pos = array([ 0. , -0.9])
9.7928 	EXP 	next: pos = array([ 0. , -0.9])
9.8091 	EXP 	next: pos = array([ 0. , -0.9])
9.8263 	EXP 	next: pos = array([ 0. , -0.9])
9.8426 	EXP 	next: pos = array([ 0. , -0.9])
9.8597 	EXP 	next: pos = array([ 0. , -0.9])
9.8756 	EXP 	next: pos = array([ 0. , -0.9])
9.8929 	EXP 	next: pos = array([ 0. , -0.9])
9.9091 	EXP 	next: pos = array([ 0. , -0.9])
9.9262 	EXP 	next: pos = array([ 0. , -0.9])
9.9423 	EXP 	next: pos = array([ 0. , -0.9])
9.9598 	EXP 	next: pos = array([ 0. , -0.9])
9.9759 	EXP 	next: pos = array([ 0. , -0.9])
9.9931 	EXP 	next: pos = array([ 0. , -0.9])
10.0091 	EXP 	next: pos = array([ 0. , -0.9])
10.0264 	EXP 	next: pos = array([ 0. , -0.9])
10.0423 	EXP 	next: pos = array([ 0. , -0.9])
10.0598 	EXP 	next: pos = array([ 0. , -0.9])
10.0758 	EXP 	next: pos = array([ 0. , -0.9])
10.0936 	EXP 	next: pos = array([ 0. , -0.9])
10.1094 	EXP 	next: pos = array([ 0. , -0.9])
10.1262 	EXP 	next: pos = array([ 0. , -0.9])
10.1424 	EXP 	next: pos = array([ 0. , -0.9])
10.1595 	EXP 	next: pos = array([ 0. , -0.9])
10.1762 	EXP 	next: pos = array([ 0. , -0.9])
10.1929 	EXP 	next: pos = array([ 0. , -0.9])
10.2091 	EXP 	next: pos = array([ 0. , -0.9])
10.2264 	EXP 	next: pos = array([ 0. , -0.9])
10.2423 	EXP 	next: pos = array([ 0. , -0.9])
10.2598 	EXP 	next: pos = array([ 0. , -0.9])
10.2758 	EXP 	next: pos = array([ 0. , -0.9])
10.2932 	EXP 	next: pos = array([ 0. , -0.9])
10.3093 	EXP 	next: pos = array([ 0. , -0.9])
10.3264 	EXP 	next: pos = array([ 0. , -0.9])
10.3422 	EXP 	next: pos = array([ 0. , -0.9])
10.3599 	EXP 	next: pos = array([ 0. , -0.9])
10.3751 	EXP 	next: pos = array([ 0. , -0.9])
10.3931 	EXP 	next: pos = array([ 0. , -0.9])
10.4090 	EXP 	next: pos = array([ 0. , -0.9])
10.4265 	EXP 	next: pos = array([ 0. , -0.9])
10.4424 	EXP 	next: pos = array([ 0. , -0.9])
10.4597 	EXP 	next: pos = array([ 0. , -0.9])
10.4758 	EXP 	next: pos = array([ 0. , -0.9])
10.4930 	EXP 	next: pos = array([ 0. , -0.9])
10.5093 	EXP 	next: pos = array([ 0. , -0.9])
10.5263 	EXP 	next: pos = array([ 0. , -0.9])
10.5422 	EXP 	next: pos = array([ 0. , -0.9])
10.5593 	EXP 	next: pos = array([ 0. , -0.9])
10.5756 	EXP 	next: pos = array([ 0. , -0.9])
10.5931 	EXP 	next: pos = array([ 0. , -0.9])
10.6089 	EXP 	next: pos = array([ 0. , -0.9])
10.6270 	EXP 	next: pos = array([ 0. , -0.9])
10.6425 	EXP 	next: pos = array([ 0. , -0.9])
10.6594 	EXP 	next: pos = array([ 0. , -0.9])
10.6756 	EXP 	next: pos = array([ 0. , -0.9])
10.6930 	EXP 	next: pos = array([ 0. , -0.9])
10.7091 	EXP 	next: pos = array([ 0. , -0.9])
10.7263 	EXP 	next: pos = array([ 0. , -0.9])
10.7424 	EXP 	next: pos = array([ 0. , -0.9])
10.7595 	EXP 	next: pos = array([ 0. , -0.9])
10.7755 	EXP 	next: pos = array([ 0. , -0.9])
10.7930 	EXP 	next: pos = array([ 0. , -0.9])
10.8091 	EXP 	next: pos = array([ 0. , -0.9])
10.8266 	EXP 	next: pos = array([ 0. , -0.9])
10.8427 	EXP 	next: pos = array([ 0. , -0.9])
10.8599 	EXP 	next: pos = array([ 0. , -0.9])
10.8755 	EXP 	next: pos = array([ 0. , -0.9])
10.8932 	EXP 	next: pos = array([ 0. , -0.9])
10.9090 	EXP 	next: pos = array([ 0. , -0.9])
10.9264 	EXP 	next: pos = array([ 0. , -0.9])
10.9424 	EXP 	next: pos = array([ 0. , -0.9])
10.9596 	EXP 	next: pos = array([ 0. , -0.9])
10.9758 	EXP 	next: pos = array([ 0. , -0.9])
10.9932 	EXP 	next: pos = array([ 0. , -0.9])
11.0091 	EXP 	next: pos = array([ 0. , -0.9])
11.0271 	EXP 	next: pos = array([ 0. , -0.9])
11.0422 	EXP 	next: pos = array([ 0. , -0.9])
11.0596 	EXP 	next: pos = array([ 0. , -0.9])
11.0755 	EXP 	next: pos = array([ 0. , -0.9])
11.0928 	EXP 	next: pos = array([ 0. , -0.9])
11.1090 	EXP 	next: pos = array([ 0. , -0.9])
11.1262 	EXP 	next: pos = array([ 0. , -0.9])
11.1424 	EXP 	next: pos = array([ 0. , -0.9])
11.1601 	EXP 	next: pos = array([ 0. , -0.9])
11.1758 	EXP 	next: pos = array([ 0. , -0.9])
11.1928 	EXP 	next: pos = array([ 0. , -0.9])
11.2090 	EXP 	next: pos = array([ 0. , -0.9])
11.2263 	EXP 	next: pos = array([ 0. , -0.9])
11.2423 	EXP 	next: pos = array([ 0. , -0.9])
11.2593 	EXP 	next: pos = array([ 0. , -0.9])
11.2758 	EXP 	next: pos = array([ 0. , -0.9])
11.2931 	EXP 	next: pos = array([ 0. , -0.9])
11.3089 	EXP 	next: pos = array([ 0. , -0.9])
11.3262 	EXP 	next: pos = array([ 0. , -0.9])
11.3423 	EXP 	next: pos = array([ 0. , -0.9])
11.3598 	EXP 	next: pos = array([ 0. , -0.9])
11.3758 	EXP 	next: pos = array([ 0. , -0.9])
11.3933 	EXP 	next: pos = array([ 0. , -0.9])
11.4091 	EXP 	next: pos = array([ 0. , -0.9])
11.4270 	EXP 	next: pos = array([ 0. , -0.9])
11.4425 	EXP 	next: pos = array([ 0. , -0.9])
11.4598 	EXP 	next: pos = array([ 0. , -0.9])
11.4758 	EXP 	next: pos = array([ 0. , -0.9])
11.4931 	EXP 	next: pos = array([ 0. , -0.9])
11.5092 	EXP 	next: pos = array([ 0. , -0.9])
11.5271 	EXP 	next: pos = array([ 0. , -0.9])
11.5428 	EXP 	next: pos = array([ 0. , -0.9])
11.5596 	EXP 	next: pos = array([ 0. , -0.9])
11.5756 	EXP 	next: pos = array([ 0. , -0.9])
11.5929 	EXP 	next: pos = array([ 0. , -0.9])
11.6091 	EXP 	next: pos = array([ 0. , -0.9])
11.6260 	EXP 	next: pos = array([ 0. , -0.9])
11.6427 	EXP 	next: pos = array([ 0. , -0.9])
11.6597 	EXP 	next: pos = array([ 0. , -0.9])
11.6755 	EXP 	next: pos = array([ 0. , -0.9])
11.6936 	EXP 	next: pos = array([ 0. , -0.9])
11.7090 	EXP 	next: pos = array([ 0. , -0.9])
11.7264 	EXP 	next: pos = array([ 0. , -0.9])
11.7425 	EXP 	next: pos = array([ 0. , -0.9])
11.7600 	EXP 	next: pos = array([ 0. , -0.9])
11.7761 	EXP 	next: pos = array([ 0. , -0.9])
11.7931 	EXP 	next: pos = array([ 0. , -0.9])
11.8091 	EXP 	next: pos = array([ 0. , -0.9])
11.8261 	EXP 	next: pos = array([ 0. , -0.9])
11.8424 	EXP 	next: pos = array([ 0. , -0.9])
11.8597 	EXP 	next: pos = array([ 0. , -0.9])
11.8756 	EXP 	next: pos = array([ 0. , -0.9])
11.8930 	EXP 	next: pos = array([ 0. , -0.9])
11.9090 	EXP 	next: pos = array([ 0. , -0.9])
11.9265 	EXP 	next: pos = array([ 0. , -0.9])
11.9426 	EXP 	next: pos = array([ 0. , -0.9])
11.9599 	EXP 	next: pos = array([ 0. , -0.9])
11.9758 	EXP 	next: pos = array([ 0. , -0.9])
11.9931 	EXP 	next: pos = array([ 0. , -0.9])
12.0090 	EXP 	next: pos = array([ 0. , -0.9])
12.0260 	EXP 	next: pos = array([ 0. , -0.9])
12.0419 	EXP 	next: pos = array([ 0. , -0.9])
12.0596 	EXP 	next: pos = array([ 0. , -0.9])
12.0757 	EXP 	next: pos = array([ 0. , -0.9])
12.0931 	EXP 	next: pos = array([ 0. , -0.9])
12.1090 	EXP 	next: pos = array([ 0. , -0.9])
12.1261 	EXP 	next: pos = array([ 0. , -0.9])
12.1424 	EXP 	next: pos = array([ 0. , -0.9])
12.1599 	EXP 	next: pos = array([ 0. , -0.9])
12.1756 	EXP 	next: pos = array([ 0. , -0.9])
12.1924 	EXP 	next: pos = array([ 0. , -0.9])
12.2091 	EXP 	next: pos = array([ 0. , -0.9])
12.2263 	EXP 	next: pos = array([ 0. , -0.9])
12.2425 	EXP 	next: pos = array([ 0. , -0.9])
12.2596 	EXP 	next: pos = array([ 0. , -0.9])
12.2758 	EXP 	next: pos = array([ 0. , -0.9])
12.2932 	EXP 	next: pos = array([ 0. , -0.9])
12.3090 	EXP 	next: pos = array([ 0. , -0.9])
12.3265 	EXP 	next: pos = array([ 0. , -0.9])
12.3425 	EXP 	next: pos = array([ 0. , -0.9])
12.3596 	EXP 	next: pos = array([ 0. , -0.9])
12.3757 	EXP 	next: pos = array([ 0. , -0.9])
12.3929 	EXP 	next: pos = array([ 0. , -0.9])
12.4093 	EXP 	next: pos = array([ 0. , -0.9])
12.4261 	EXP 	next: pos = array([ 0. , -0.9])
12.4425 	EXP 	next: pos = array([ 0. , -0.9])
12.4595 	EXP 	next: pos = array([ 0. , -0.9])
12.4755 	EXP 	next: pos = array([ 0. , -0.9])
12.4938 	EXP 	next: pos = array([ 0. , -0.9])
12.5092 	EXP 	next: pos = array([ 0. , -0.9])
12.5262 	EXP 	next: pos = array([ 0. , -0.9])
12.5424 	EXP 	next: pos = array([ 0. , -0.9])
12.5597 	EXP 	next: pos = array([ 0. , -0.9])
12.5756 	EXP 	next: pos = array([ 0. , -0.9])
12.5928 	EXP 	next: pos = array([ 0. , -0.9])
12.6091 	EXP 	next: pos = array([ 0. , -0.9])
12.6262 	EXP 	next: pos = array([ 0. , -0.9])
12.6425 	EXP 	next: pos = array([ 0. , -0.9])
12.6595 	EXP 	next: pos = array([ 0. , -0.9])
12.6757 	EXP 	next: pos = array([ 0. , -0.9])
12.6930 	EXP 	next: pos = array([ 0. , -0.9])
12.7091 	EXP 	next: pos = array([ 0. , -0.9])
12.7266 	EXP 	next: pos = array([ 0. , -0.9])
12.7426 	EXP 	next: pos = array([ 0. , -0.9])
12.7600 	EXP 	next: pos = array([ 0. , -0.9])
12.7757 	EXP 	next: pos = array([ 0. , -0.9])
12.7933 	EXP 	next: pos = array([ 0. , -0.9])
12.8092 	EXP 	next: pos = array([ 0. , -0.9])
12.8271 	EXP 	next: pos = array([ 0. , -0.9])
12.8434 	EXP 	next: pos = array([ 0. , -0.9])
12.8598 	EXP 	next: pos = array([ 0. , -0.9])
12.8756 	EXP 	next: pos = array([ 0. , -0.9])
12.8929 	EXP 	next: pos = array([ 0. , -0.9])
12.9090 	EXP 	next: pos = array([ 0. , -0.9])
12.9261 	EXP 	next: pos = array([ 0. , -0.9])
12.9423 	EXP 	next: pos = array([ 0. , -0.9])
12.9599 	EXP 	next: pos = array([ 0. , -0.9])
12.9758 	EXP 	next: pos = array([ 0. , -0.9])
12.9933 	EXP 	next: pos = array([ 0. , -0.9])
13.0092 	EXP 	next: pos = array([ 0. , -0.9])
13.0266 	EXP 	next: pos = array([ 0. , -0.9])
13.0423 	EXP 	next: pos = array([ 0. , -0.9])
13.0597 	EXP 	next: pos = array([ 0. , -0.9])
13.0756 	EXP 	next: pos = array([ 0. , -0.9])
13.0929 	EXP 	next: pos = array([ 0. , -0.9])
13.1092 	EXP 	next: pos = array([ 0. , -0.9])
13.1260 	EXP 	next: pos = array([ 0. , -0.9])
13.1424 	EXP 	next: pos = array([ 0. , -0.9])
13.1595 	EXP 	next: pos = array([ 0. , -0.9])
13.1757 	EXP 	next: pos = array([ 0. , -0.9])
13.1931 	EXP 	next: pos = array([ 0. , -0.9])
13.2092 	EXP 	next: pos = array([ 0. , -0.9])
13.2264 	EXP 	next: pos = array([ 0. , -0.9])
13.2424 	EXP 	next: pos = array([ 0. , -0.9])
13.2599 	EXP 	next: pos = array([ 0. , -0.9])
13.2751 	EXP 	next: pos = array([ 0. , -0.9])
13.2934 	EXP 	next: pos = array([ 0. , -0.9])
13.3091 	EXP 	next: pos = array([ 0. , -0.9])
13.3261 	EXP 	next: pos = array([ 0. , -0.9])
13.3425 	EXP 	next: pos = array([ 0. , -0.9])
13.3596 	EXP 	next: pos = array([ 0. , -0.9])
13.3758 	EXP 	next: pos = array([ 0. , -0.9])
13.3930 	EXP 	next: pos = array([ 0. , -0.9])
13.4090 	EXP 	next: pos = array([ 0. , -0.9])
13.4259 	EXP 	next: pos = array([ 0. , -0.9])
13.4427 	EXP 	next: pos = array([ 0. , -0.9])
13.4596 	EXP 	next: pos = array([ 0. , -0.9])
13.4758 	EXP 	next: pos = array([ 0. , -0.9])
13.4933 	EXP 	next: pos = array([ 0. , -0.9])
13.5091 	EXP 	next: pos = array([ 0. , -0.9])
13.5261 	EXP 	next: pos = array([ 0. , -0.9])
13.5425 	EXP 	next: pos = array([ 0. , -0.9])
13.5596 	EXP 	next: pos = array([ 0. , -0.9])
13.5757 	EXP 	next: pos = array([ 0. , -0.9])
13.5936 	EXP 	next: pos = array([ 0. , -0.9])
13.6091 	EXP 	next: pos = array([ 0. , -0.9])
13.6264 	EXP 	next: pos = array([ 0. , -0.9])
13.6429 	EXP 	next: pos = array([ 0. , -0.9])
13.6594 	EXP 	next: pos = array([ 0. , -0.9])
13.6756 	EXP 	next: pos = array([ 0. , -0.9])
13.6931 	EXP 	next: pos = array([ 0. , -0.9])
13.7091 	EXP 	next: pos = array([ 0. , -0.9])
13.7257 	EXP 	next: pos = array([ 0. , -0.9])
13.7425 	EXP 	next: pos = array([ 0. , -0.9])
13.7599 	EXP 	next: pos = array([ 0. , -0.9])
13.7757 	EXP 	next: pos = array([ 0. , -0.9])
13.7936 	EXP 	next: pos = array([ 0. , -0.9])
13.8091 	EXP 	next: pos = array([ 0. , -0.9])
13.8261 	EXP 	next: pos = array([ 0. , -0.9])
13.8425 	EXP 	next: pos = array([ 0. , -0.9])
13.8598 	EXP 	next: pos = array([ 0. , -0.9])
13.8758 	EXP 	next: pos = array([ 0. , -0.9])
13.8937 	EXP 	next: pos = array([ 0. , -0.9])
13.9092 	EXP 	next: pos = array([ 0. , -0.9])
13.9268 	EXP 	next: pos = array([ 0. , -0.9])
13.9432 	EXP 	next: pos = array([ 0. , -0.9])
13.9588 	EXP 	next: pos = array([ 0. , -0.9])
13.9759 	EXP 	next: pos = array([ 0. , -0.9])
13.9930 	EXP 	next: pos = array([ 0. , -0.9])
14.0092 	EXP 	next: pos = array([ 0. , -0.9])
14.0261 	EXP 	next: pos = array([ 0. , -0.9])
14.0428 	EXP 	next: pos = array([ 0. , -0.9])
14.0597 	EXP 	next: pos = array([ 0. , -0.9])
14.0759 	EXP 	next: pos = array([ 0. , -0.9])
14.0932 	EXP 	next: pos = array([ 0. , -0.9])
14.1091 	EXP 	next: pos = array([ 0. , -0.9])
14.1262 	EXP 	next: pos = array([ 0. , -0.9])
14.1426 	EXP 	next: pos = array([ 0. , -0.9])
14.1597 	EXP 	next: pos = array([ 0. , -0.9])
14.1758 	EXP 	next: pos = array([ 0. , -0.9])
14.1928 	EXP 	next: pos = array([ 0. , -0.9])
14.2091 	EXP 	next: pos = array([ 0. , -0.9])
14.2261 	EXP 	next: pos = array([ 0. , -0.9])
14.2424 	EXP 	next: pos = array([ 0. , -0.9])
14.2597 	EXP 	next: pos = array([ 0. , -0.9])
14.2757 	EXP 	next: pos = array([ 0. , -0.9])
14.2926 	EXP 	next: pos = array([ 0. , -0.9])
14.3093 	EXP 	next: pos = array([ 0. , -0.9])
14.3261 	EXP 	next: pos = array([ 0. , -0.9])
14.3425 	EXP 	next: pos = array([ 0. , -0.9])
14.3596 	EXP 	next: pos = array([ 0. , -0.9])
14.3757 	EXP 	next: pos = array([ 0. , -0.9])
14.3934 	EXP 	next: pos = array([ 0. , -0.9])
14.4091 	EXP 	next: pos = array([ 0. , -0.9])
14.4266 	EXP 	next: pos = array([ 0. , -0.9])
14.4426 	EXP 	next: pos = array([ 0. , -0.9])
14.4597 	EXP 	next: pos = array([ 0. , -0.9])
14.4760 	EXP 	next: pos = array([ 0. , -0.9])
14.4936 	EXP 	next: pos = array([ 0. , -0.9])
14.5092 	EXP 	next: pos = array([ 0. , -0.9])
14.5265 	EXP 	next: pos = array([ 0. , -0.9])
14.5427 	EXP 	next: pos = array([ 0. , -0.9])
14.5593 	EXP 	next: pos = array([ 0. , -0.9])
14.5759 	EXP 	next: pos = array([ 0. , -0.9])
14.5926 	EXP 	next: pos = array([ 0. , -0.9])
14.6093 	EXP 	next: pos = array([ 0. , -0.9])
14.6262 	EXP 	next: pos = array([ 0. , -0.9])
14.6420 	EXP 	next: pos = array([ 0. , -0.9])
14.6586 	EXP 	next: pos = array([ 0. , -0.9])
14.6752 	EXP 	next: pos = array([ 0. , -0.9])
14.6920 	EXP 	next: pos = array([ 0. , -0.9])
14.7089 	EXP 	next: pos = array([ 0. , -0.9])
14.7265 	EXP 	next: pos = array([ 0. , -0.9])
14.7424 	EXP 	next: pos = array([ 0. , -0.9])
14.7587 	EXP 	next: pos = array([ 0. , -0.9])
14.7758 	EXP 	next: pos = array([ 0. , -0.9])
14.7924 	EXP 	next: pos = array([ 0. , -0.9])
14.8084 	EXP 	next: pos = array([ 0. , -0.9])
14.8253 	EXP 	next: pos = array([ 0. , -0.9])
14.8423 	EXP 	next: pos = array([ 0. , -0.9])
14.8587 	EXP 	next: pos = array([ 0. , -0.9])
14.8759 	EXP 	next: pos = array([ 0. , -0.9])
14.8934 	EXP 	next: pos = array([ 0. , -0.9])
14.9085 	EXP 	next: pos = array([ 0. , -0.9])
14.9268 	EXP 	next: pos = array([ 0. , -0.9])
14.9422 	EXP 	next: pos = array([ 0. , -0.9])
14.9585 	EXP 	next: pos = array([ 0. , -0.9])
14.9758 	EXP 	next: pos = array([ 0. , -0.9])
14.9928 	EXP 	next: pos = array([ 0. , -0.9])
15.0090 	EXP 	next: pos = array([ 0. , -0.9])
15.0266 	EXP 	next: pos = array([ 0. , -0.9])
15.0424 	EXP 	next: pos = array([ 0. , -0.9])
15.0600 	EXP 	next: pos = array([ 0. , -0.9])
15.0758 	EXP 	next: pos = array([ 0. , -0.9])
15.0933 	EXP 	next: pos = array([ 0. , -0.9])
15.1085 	EXP 	next: pos = array([ 0. , -0.9])
15.1255 	EXP 	next: pos = array([ 0. , -0.9])
15.1418 	EXP 	next: pos = array([ 0. , -0.9])
15.1592 	EXP 	next: pos = array([ 0. , -0.9])
15.1761 	EXP 	next: pos = array([ 0. , -0.9])
15.1929 	EXP 	next: pos = array([ 0. , -0.9])
15.2094 	EXP 	next: pos = array([ 0. , -0.9])
15.2262 	EXP 	next: pos = array([ 0. , -0.9])
15.2419 	EXP 	next: pos = array([ 0. , -0.9])
15.2598 	EXP 	next: pos = array([ 0. , -0.9])
15.2758 	EXP 	next: pos = array([ 0. , -0.9])
15.2920 	EXP 	next: pos = array([ 0. , -0.9])
15.3091 	EXP 	next: pos = array([ 0. , -0.9])
15.3265 	EXP 	next: pos = array([ 0. , -0.9])
15.3426 	EXP 	next: pos = array([ 0. , -0.9])
15.3590 	EXP 	next: pos = array([ 0. , -0.9])
15.3759 	EXP 	next: pos = array([ 0. , -0.9])
15.3929 	EXP 	next: pos = array([ 0. , -0.9])
15.4091 	EXP 	next: pos = array([ 0. , -0.9])
15.4263 	EXP 	next: pos = array([ 0. , -0.9])
15.4424 	EXP 	next: pos = array([ 0. , -0.9])
15.4599 	EXP 	next: pos = array([ 0. , -0.9])
15.4758 	EXP 	next: pos = array([ 0. , -0.9])
15.4937 	EXP 	next: pos = array([ 0. , -0.9])
15.5087 	EXP 	next: pos = array([ 0. , -0.9])
15.5263 	EXP 	next: pos = array([ 0. , -0.9])
15.5423 	EXP 	next: pos = array([ 0. , -0.9])
15.5596 	EXP 	next: pos = array([ 0. , -0.9])
15.5759 	EXP 	next: pos = array([ 0. , -0.9])
15.5930 	EXP 	next: pos = array([ 0. , -0.9])
15.6091 	EXP 	next: pos = array([ 0. , -0.9])
15.6275 	EXP 	next: pos = array([ 0. , -0.9])
15.6429 	EXP 	next: pos = array([ 0. , -0.9])
15.6585 	EXP 	next: pos = array([ 0. , -0.9])
15.6752 	EXP 	next: pos = array([ 0. , -0.9])
15.6934 	EXP 	next: pos = array([ 0. , -0.9])
15.7095 	EXP 	next: pos = array([ 0. , -0.9])
15.7261 	EXP 	next: pos = array([ 0. , -0.9])
15.7424 	EXP 	next: pos = array([ 0. , -0.9])
15.7597 	EXP 	next: pos = array([ 0. , -0.9])
15.7758 	EXP 	next: pos = array([ 0. , -0.9])
15.7936 	EXP 	next: pos = array([ 0. , -0.9])
15.8091 	EXP 	next: pos = array([ 0. , -0.9])
15.8264 	EXP 	next: pos = array([ 0. , -0.9])
15.8423 	EXP 	next: pos = array([ 0. , -0.9])
15.8601 	EXP 	next: pos = array([ 0. , -0.9])
15.8760 	EXP 	next: pos = array([ 0. , -0.9])
15.8938 	EXP 	next: pos = array([ 0. , -0.9])
15.9096 	EXP 	next: pos = array([ 0. , -0.9])
15.9264 	EXP 	next: pos = array([ 0. , -0.9])
15.9423 	EXP 	next: pos = array([ 0. , -0.9])
15.9596 	EXP 	next: pos = array([ 0. , -0.9])
15.9757 	EXP 	next: pos = array([ 0. , -0.9])
15.9931 	EXP 	next: pos = array([ 0. , -0.9])
16.0093 	EXP 	next: pos = array([ 0. , -0.9])
16.0264 	EXP 	next: pos = array([ 0. , -0.9])
16.0426 	EXP 	next: pos = array([ 0. , -0.9])
16.0594 	EXP 	next: pos = array([ 0. , -0.9])
16.0756 	EXP 	next: pos = array([ 0. , -0.9])
16.0931 	EXP 	next: pos = array([ 0. , -0.9])
16.1092 	EXP 	next: pos = array([ 0. , -0.9])
16.1261 	EXP 	next: pos = array([ 0. , -0.9])
16.1424 	EXP 	next: pos = array([ 0. , -0.9])
16.1602 	EXP 	next: pos = array([ 0. , -0.9])
16.1759 	EXP 	next: pos = array([ 0. , -0.9])
16.1929 	EXP 	next: pos = array([ 0. , -0.9])
16.2090 	EXP 	next: pos = array([ 0. , -0.9])
16.2263 	EXP 	next: pos = array([ 0. , -0.9])
16.2425 	EXP 	next: pos = array([ 0. , -0.9])
16.2595 	EXP 	next: pos = array([ 0. , -0.9])
16.2757 	EXP 	next: pos = array([ 0. , -0.9])
16.2931 	EXP 	next: pos = array([ 0. , -0.9])
16.3091 	EXP 	next: pos = array([ 0. , -0.9])
16.3262 	EXP 	next: pos = array([ 0. , -0.9])
16.3424 	EXP 	next: pos = array([ 0. , -0.9])
16.3599 	EXP 	next: pos = array([ 0. , -0.9])
16.3759 	EXP 	next: pos = array([ 0. , -0.9])
16.3935 	EXP 	next: pos = array([ 0. , -0.9])
16.4093 	EXP 	next: pos = array([ 0. , -0.9])
16.4273 	EXP 	next: pos = array([ 0. , -0.9])
16.4428 	EXP 	next: pos = array([ 0. , -0.9])
16.4599 	EXP 	next: pos = array([ 0. , -0.9])
16.4758 	EXP 	next: pos = array([ 0. , -0.9])
16.4935 	EXP 	next: pos = array([ 0. , -0.9])
16.5094 	EXP 	next: pos = array([ 0. , -0.9])
16.5264 	EXP 	next: pos = array([ 0. , -0.9])
16.5426 	EXP 	next: pos = array([ 0. , -0.9])
16.5595 	EXP 	next: pos = array([ 0. , -0.9])
16.5757 	EXP 	next: pos = array([ 0. , -0.9])
16.5929 	EXP 	next: pos = array([ 0. , -0.9])
16.6095 	EXP 	next: pos = array([ 0. , -0.9])
16.6268 	EXP 	next: pos = array([ 0. , -0.9])
16.6425 	EXP 	next: pos = array([ 0. , -0.9])
16.6596 	EXP 	next: pos = array([ 0. , -0.9])
16.6756 	EXP 	next: pos = array([ 0. , -0.9])
16.6935 	EXP 	next: pos = array([ 0. , -0.9])
16.7091 	EXP 	next: pos = array([ 0. , -0.9])
16.7263 	EXP 	next: pos = array([ 0. , -0.9])
16.7426 	EXP 	next: pos = array([ 0. , -0.9])
16.7599 	EXP 	next: pos = array([ 0. , -0.9])
16.7759 	EXP 	next: pos = array([ 0. , -0.9])
16.7939 	EXP 	next: pos = array([ 0. , -0.9])
16.8093 	EXP 	next: pos = array([ 0. , -0.9])
16.8262 	EXP 	next: pos = array([ 0. , -0.9])
16.8426 	EXP 	next: pos = array([ 0. , -0.9])
16.8601 	EXP 	next: pos = array([ 0. , -0.9])
16.8759 	EXP 	next: pos = array([ 0. , -0.9])
16.8932 	EXP 	next: pos = array([ 0. , -0.9])
16.9093 	EXP 	next: pos = array([ 0. , -0.9])
16.9263 	EXP 	next: pos = array([ 0. , -0.9])
16.9423 	EXP 	next: pos = array([ 0. , -0.9])
16.9603 	EXP 	next: pos = array([ 0. , -0.9])
16.9759 	EXP 	next: pos = array([ 0. , -0.9])
16.9935 	EXP 	next: pos = array([ 0. , -0.9])
17.0094 	EXP 	next: pos = array([ 0. , -0.9])
17.0263 	EXP 	next: pos = array([ 0. , -0.9])
17.0425 	EXP 	next: pos = array([ 0. , -0.9])
17.0598 	EXP 	next: pos = array([ 0. , -0.9])
17.0759 	EXP 	next: pos = array([ 0. , -0.9])
17.0931 	EXP 	next: pos = array([ 0. , -0.9])
17.1094 	EXP 	next: pos = array([ 0. , -0.9])
17.1262 	EXP 	next: pos = array([ 0. , -0.9])
17.1425 	EXP 	next: pos = array([ 0. , -0.9])
17.1601 	EXP 	next: pos = array([ 0. , -0.9])
17.1761 	EXP 	next: pos = array([ 0. , -0.9])
17.1929 	EXP 	next: pos = array([ 0. , -0.9])
17.2087 	EXP 	next: pos = array([ 0. , -0.9])
17.2263 	EXP 	next: pos = array([ 0. , -0.9])
17.2430 	EXP 	next: pos = array([ 0. , -0.9])
17.2599 	EXP 	next: pos = array([ 0. , -0.9])
17.2752 	EXP 	next: pos = array([ 0. , -0.9])
17.2932 	EXP 	next: pos = array([ 0. , -0.9])
17.3091 	EXP 	next: pos = array([ 0. , -0.9])
17.3253 	EXP 	next: pos = array([ 0. , -0.9])
17.3428 	EXP 	next: pos = array([ 0. , -0.9])
17.3601 	EXP 	next: pos = array([ 0. , -0.9])
17.3761 	EXP 	next: pos = array([ 0. , -0.9])
17.3925 	EXP 	next: pos = array([ 0. , -0.9])
17.4087 	EXP 	next: pos = array([ 0. , -0.9])
17.4254 	EXP 	next: pos = array([ 0. , -0.9])
17.4425 	EXP 	next: pos = array([ 0. , -0.9])
17.4592 	EXP 	next: pos = array([ 0. , -0.9])
17.4760 	EXP 	next: pos = array([ 0. , -0.9])
17.4927 	EXP 	next: pos = array([ 0. , -0.9])
17.5095 	EXP 	next: pos = array([ 0. , -0.9])
17.5262 	EXP 	next: pos = array([ 0. , -0.9])
17.5420 	EXP 	next: pos = array([ 0. , -0.9])
17.5586 	EXP 	next: pos = array([ 0. , -0.9])
17.5758 	EXP 	next: pos = array([ 0. , -0.9])
17.5934 	EXP 	next: pos = array([ 0. , -0.9])
17.6093 	EXP 	next: pos = array([ 0. , -0.9])
17.6269 	EXP 	next: pos = array([ 0. , -0.9])
17.6430 	EXP 	next: pos = array([ 0. , -0.9])
17.6595 	EXP 	next: pos = array([ 0. , -0.9])
17.6760 	EXP 	next: pos = array([ 0. , -0.9])
17.6923 	EXP 	next: pos = array([ 0. , -0.9])
17.7085 	EXP 	next: pos = array([ 0. , -0.9])
17.7257 	EXP 	next: pos = array([ 0. , -0.9])
17.7426 	EXP 	next: pos = array([ 0. , -0.9])
17.7600 	EXP 	next: pos = array([ 0. , -0.9])
17.7759 	EXP 	next: pos = array([ 0. , -0.9])
17.7926 	EXP 	next: pos = array([ 0. , -0.9])
17.8092 	EXP 	next: pos = array([ 0. , -0.9])
17.8260 	EXP 	next: pos = array([ 0. , -0.9])
17.8424 	EXP 	next: pos = array([ 0. , -0.9])
17.8586 	EXP 	next: pos = array([ 0. , -0.9])
17.8755 	EXP 	next: pos = array([ 0. , -0.9])
17.8930 	EXP 	next: pos = array([ 0. , -0.9])
17.9090 	EXP 	next: pos = array([ 0. , -0.9])
17.9267 	EXP 	next: pos = array([ 0. , -0.9])
17.9422 	EXP 	next: pos = array([ 0. , -0.9])
17.9598 	EXP 	next: pos = array([ 0. , -0.9])
17.9757 	EXP 	next: pos = array([ 0. , -0.9])
17.9928 	EXP 	next: pos = array([ 0. , -0.9])
18.0090 	EXP 	next: pos = array([ 0. , -0.9])
18.0265 	EXP 	next: pos = array([ 0. , -0.9])
18.0425 	EXP 	next: pos = array([ 0. , -0.9])
18.0597 	EXP 	next: pos = array([ 0. , -0.9])
18.0758 	EXP 	next: pos = array([ 0. , -0.9])
18.0929 	EXP 	next: pos = array([ 0. , -0.9])
18.1091 	EXP 	next: pos = array([ 0. , -0.9])
18.1263 	EXP 	next: pos = array([ 0. , -0.9])
18.1424 	EXP 	next: pos = array([ 0. , -0.9])
18.1599 	EXP 	next: pos = array([ 0. , -0.9])
18.1752 	EXP 	next: pos = array([ 0. , -0.9])
18.1759 	DATA 	Mouse: Left button down, pos=(592,237)
18.1868 	EXP 	window1: mouseVisible = True
18.1910 	DEBUG 	Saving data for FatFaceOnline ExperimentHandler
18.1915 	INFO 	saved data to /Users/vivianfang/Desktop/Ratings/data/_FatFaceOnline_2021_Oct_05_1010.psydat
18.1918 	INFO 	saved data to '/Users/vivianfang/Desktop/Ratings/data/_FatFaceOnline_2021_Oct_05_1010.csv'
