1.9740 	WARNING 	We strongly recommend you activate the PTB sound engine in PsychoPy prefs as the preferred audio engine. Its timing is vastly superior. Your prefs are currently set to use ['sounddevice', 'PTB', 'pyo', 'pygame'] (in that order).
10.0141 	INFO 	Loaded monitor calibration from ['2021_08_16 12:45']
10.0293 	WARNING 	User requested fullscreen with size [1920 1080], but screen is actually [1440, 900]. Using actual size
10.8523 	EXP 	Created window1 = Window(allowGUI=False, allowStencil=False, autoLog=True, backendConf=UNKNOWN, bitsMode=UNKNOWN, blendMode='avg', bpc=(8, 8, 8), color=array([1, 1, 1]), colorSpace='rgb', depthBits=8, fullscr=<method-wrapper '__getattribute__' of attributeSetter object at 0x7fb691ce3c88>, gamma=None, gammaErrorPolicy='raise', lms=UNKNOWN, monitor=<psychopy.monitors.calibTools.Monitor object at 0x7fb6ae815eb8>, multiSample=False, name='window1', numSamples=2, pos=[360.0, 225.0], screen=0, size=array([2880, 1800]), stencilBits=0, stereo=False, units='height', useFBO=True, useRetina=True, viewOri=0.0, viewPos=None, viewScale=None, waitBlanking=True, winType='pyglet')
10.8527 	EXP 	window1: mouseVisible = True
10.8528 	EXP 	window1: recordFrameIntervals = False
11.0178 	EXP 	window1: recordFrameIntervals = True
11.2012 	DEBUG 	Screen (0) actual frame rate measured at 60.00
11.2013 	EXP 	window1: recordFrameIntervals = False
13.4566 	INFO 	keyboard.Keyboard is using ptb backend.
13.5456 	EXP 	Created RInstr = TextStim(__class__=<class 'psychopy.visual.text.TextStim'>, alignHoriz=method-wrapper(...), alignText='center', alignVert=method-wrapper(...), anchorHoriz='center', anchorVert='center', antialias=True, autoLog=True, bold=False, color=array([-1., -1., -1.]), colorSpace='rgb', contrast=1.0, depth=0.0, flipHoriz=False, flipVert=False, font='Arial', fontFiles=[], height=0.05, italic=False, languageStyle='LTR', name='RInstr', opacity=1, ori=0, pos=array([0., 0.]), rgb=UNKNOWN, text=str(...), units='height', win=Window(...), wrapWidth=1)
13.8385 	INFO 	keyboard.Keyboard is using ptb backend.
13.8420 	EXP 	Created image_5 = ImageStim(__class__=<class 'psychopy.visual.image.ImageStim'>, autoLog=True, color=array([1., 1., 1.]), colorSpace='rgb', contrast=1.0, depth=-1.0, flipHoriz=False, flipVert=False, image='sin', interpolate=False, mask=None, maskParams=None, name='image_5', opacity=1, ori=0.0, pos=array([0., 0.]), size=array([0.4, 0.4]), texRes=512, units='height', win=Window(...))
13.8636 	INFO 	Mouse: using default window
13.8638 	EXP 	window1: mouseVisible = True
13.8747 	EXP 	Created slider = Slider(__class__=<class 'psychopy.visual.slider.Slider'>, autoDraw=False, autoLog=True, borderColor=None, color=None, colorSpace='rgb', depth=-2, fillColor=None, flip=False, font='HelveticaBold', granularity=0, labelHeight=0.05, labelWrapWidth=None, labels=None, name='slider', opacity=None, pos=(0, -0.28), readOnly=False, self=UNKNOWN, size=(1.0, 0.025), startValue=None, style=method-wrapper(...), styleTweaks=method-wrapper(...), ticks=ndarray(...), units='height', win=Window(...))
13.9334 	EXP 	Created NextBu = ImageStim(__class__=<class 'psychopy.visual.image.ImageStim'>, autoLog=True, color=array([1., 1., 1.]), colorSpace='rgb', contrast=1.0, depth=-3.0, flipHoriz=False, flipVert=False, image='Picture1.png', interpolate=False, mask=None, maskParams=None, name='NextBu', opacity=1, ori=0.0, pos=array([0., 0.]), size=array([0.2, 0.1]), texRes=512, units='height', win=Window(...))
13.9336 	EXP 	window1: mouseVisible = True
13.9446 	EXP 	Created text_4 = TextStim(__class__=<class 'psychopy.visual.text.TextStim'>, alignHoriz=method-wrapper(...), alignText='center', alignVert=method-wrapper(...), anchorHoriz='center', anchorVert='center', antialias=True, autoLog=True, bold=False, color=array([-1., -1., -1.]), colorSpace='rgb', contrast=1.0, depth=-5.0, flipHoriz=False, flipVert=False, font='Arial', fontFiles=[], height=0.03, italic=False, languageStyle='LTR', name='text_4', opacity=1, ori=0, pos=array([-0.5 , -0.32]), rgb=UNKNOWN, text='Not Attractive at all', units='height', win=Window(...), wrapWidth=1)
13.9502 	EXP 	Created text_5 = TextStim(__class__=<class 'psychopy.visual.text.TextStim'>, alignHoriz=method-wrapper(...), alignText='center', alignVert=method-wrapper(...), anchorHoriz='center', anchorVert='center', antialias=True, autoLog=True, bold=False, color=array([-1., -1., -1.]), colorSpace='rgb', contrast=1.0, depth=-6.0, flipHoriz=False, flipVert=False, font='Arial', fontFiles=[], height=0.03, italic=False, languageStyle='LTR', name='text_5', opacity=1, ori=0, pos=array([ 0.5 , -0.32]), rgb=UNKNOWN, text='Very Attractive', units='height', win=Window(...), wrapWidth=1)
13.9520 	EXP 	Created text = TextStim(__class__=<class 'psychopy.visual.text.TextStim'>, alignHoriz=method-wrapper(...), alignText='center', alignVert=method-wrapper(...), anchorHoriz='center', anchorVert='center', antialias=True, autoLog=True, bold=False, color=array([1., 1., 1.]), colorSpace='rgb', contrast=1.0, depth=-1.0, flipHoriz=False, flipVert=False, font='Arial', fontFiles=[], height=0.1, italic=False, languageStyle='LTR', name='text', opacity=1, ori=0, pos=array([0., 0.]), rgb=UNKNOWN, text='', units='height', win=Window(...), wrapWidth=1)
13.9720 	EXP 	Created EndText = TextStim(__class__=<class 'psychopy.visual.text.TextStim'>, alignHoriz=method-wrapper(...), alignText='center', alignVert=method-wrapper(...), anchorHoriz='center', anchorVert='center', antialias=True, autoLog=True, bold=False, color=array([-1., -1., -1.]), colorSpace='rgb', contrast=1.0, depth=0.0, flipHoriz=False, flipVert=False, font='Arial', fontFiles=[], height=0.05, italic=False, languageStyle='LTR', name='EndText', opacity=1, ori=0, pos=array([0., 0.]), rgb=UNKNOWN, text=str(...), units='height', win=Window(...), wrapWidth=1)
13.9937 	EXP 	slider: autoLog = True
13.9937 	EXP 	slider: markerPos = None
13.9937 	EXP 	slider: rating = None
13.9937 	EXP 	slider: markerPos = None
13.9937 	EXP 	slider: contrast = 1.0
13.9937 	EXP 	slider: autoLog = True
13.9937 	EXP 	slider: styleTweaks = []
13.9937 	EXP 	slider: style = ['rating']
13.9937 	EXP 	slider: styleTweaks = ['triangleMarker']
13.9937 	EXP 	RInstr: autoDraw = True
14.6540 	DEBUG 	Read excel file with openpyxl: Rating_BlockOrder.xlsx
14.6544 	EXP 	Imported Rating_BlockOrder.xlsx as conditions, 8 conditions, 1 params
14.6555 	EXP 	Created sequence: random, trialTypes=8, nReps=1, seed=None
14.6559 	EXP 	New trial (rep=0, index=0): {'RatingBlock': 'TrialCondition_E.xlsx'}
14.6648 	DEBUG 	Read excel file with openpyxl: TrialCondition_E.xlsx
14.6655 	EXP 	Imported TrialCondition_E.xlsx as conditions, 4 conditions, 3 params
14.6660 	EXP 	Created sequence: random, trialTypes=4, nReps=1, seed=None
14.6664 	EXP 	New trial (rep=0, index=0): {'Image': 'Images/sA-F-ver7.jpg', 'Gender': 'F', 'AgeGroup': 'senioradult'}
14.7246 	DATA 	Keypress: space
14.7383 	EXP 	RInstr: autoDraw = False
14.7383 	EXP 	image_5: image = 'Images/sA-F-ver7.jpg'
14.7383 	EXP 	slider: markerPos = None
14.7383 	EXP 	slider: markerPos = None
14.7383 	EXP 	slider: rating = None
14.7383 	EXP 	image_5: autoDraw = True
15.0247 	EXP 	slider: autoDraw = True
15.0247 	EXP 	NextBu: autoDraw = True
15.0247 	EXP 	text_4: autoDraw = True
15.0247 	EXP 	text_5: autoDraw = True
16.0826 	DATA 	Mouse: Left button down, pos=(718,199)
16.1102 	EXP 	slider: markerPos = 49.77777777777778
16.1349 	EXP 	slider: markerPos = 49.77777777777778
16.1590 	EXP 	slider: markerPos = 49.77777777777778
16.1815 	EXP 	slider: markerPos = 49.77777777777778
16.1853 	DATA 	Mouse:  Left button up, pos=(718,199)
16.2084 	EXP 	slider: markerPos = 49.77777777777778
16.2084 	EXP 	slider: rating = 49.77777777777778
16.6498 	DATA 	Mouse: Left button down, pos=(724,129)
16.6864 	EXP 	image_5: autoDraw = False
16.6864 	EXP 	slider: autoDraw = False
16.6864 	EXP 	NextBu: autoDraw = False
16.6864 	EXP 	text_4: autoDraw = False
16.6864 	EXP 	text_5: autoDraw = False
16.6864 	EXP 	text: text = 1.3961324469052174
16.6864 	EXP 	text: autoDraw = True
16.8127 	DATA 	Mouse:  Left button up, pos=(724,129)
18.0705 	EXP 	New trial (rep=0, index=1): {'Image': 'Images/sA-M-ver4.jpg', 'Gender': 'M', 'AgeGroup': 'senioradult'}
18.1455 	EXP 	text: autoDraw = False
18.1455 	EXP 	text: autoDraw = False
18.1455 	EXP 	image_5: image = 'Images/sA-M-ver4.jpg'
18.1455 	EXP 	slider: markerPos = None
18.1455 	EXP 	slider: markerPos = None
18.1455 	EXP 	slider: rating = None
18.1455 	EXP 	image_5: autoDraw = True
18.4398 	EXP 	slider: autoDraw = True
18.4398 	EXP 	NextBu: autoDraw = True
18.4398 	EXP 	text_4: autoDraw = True
18.4398 	EXP 	text_5: autoDraw = True
18.4426 	DATA 	Mouse: Left button down, pos=(730,219)
18.5868 	DATA 	Mouse:  Left button up, pos=(730,219)
19.0684 	DATA 	Mouse: Left button down, pos=(729,200)
19.0912 	EXP 	slider: markerPos = 51.0
19.1142 	EXP 	slider: markerPos = 51.0
19.1363 	EXP 	slider: markerPos = 51.0
19.1612 	EXP 	slider: markerPos = 51.0
19.1843 	EXP 	slider: markerPos = 51.0
19.1970 	DATA 	Mouse:  Left button up, pos=(729,200)
19.2078 	EXP 	slider: markerPos = 51.0
19.2326 	EXP 	slider: markerPos = 51.0
19.2326 	EXP 	slider: rating = 51.0
19.5874 	DATA 	Mouse: Left button down, pos=(727,104)
19.6263 	EXP 	image_5: autoDraw = False
19.6263 	EXP 	slider: autoDraw = False
19.6263 	EXP 	NextBu: autoDraw = False
19.6263 	EXP 	text_4: autoDraw = False
19.6263 	EXP 	text_5: autoDraw = False
19.6263 	EXP 	text: text = 1.0519607060028435
19.6263 	EXP 	text: autoDraw = True
19.7266 	DATA 	Mouse:  Left button up, pos=(727,104)
20.6695 	EXP 	New trial (rep=0, index=2): {'Image': 'Images/sA-F-ver1.jpg', 'Gender': 'F', 'AgeGroup': 'senioradult'}
20.7348 	EXP 	text: autoDraw = False
20.7348 	EXP 	text: autoDraw = False
20.7348 	EXP 	image_5: image = 'Images/sA-F-ver1.jpg'
20.7348 	EXP 	slider: markerPos = None
20.7348 	EXP 	slider: markerPos = None
20.7348 	EXP 	slider: rating = None
20.7348 	EXP 	image_5: autoDraw = True
21.0246 	EXP 	slider: autoDraw = True
21.0246 	EXP 	NextBu: autoDraw = True
21.0246 	EXP 	text_4: autoDraw = True
21.0246 	EXP 	text_5: autoDraw = True
21.2698 	DATA 	Mouse: Left button down, pos=(727,202)
21.2902 	EXP 	slider: markerPos = 50.77777777777778
21.3146 	EXP 	slider: markerPos = 50.77777777777778
21.3371 	EXP 	slider: markerPos = 50.77777777777778
21.3604 	EXP 	slider: markerPos = 50.77777777777778
21.3838 	EXP 	slider: markerPos = 50.77777777777778
21.3883 	DATA 	Mouse:  Left button up, pos=(727,202)
21.4114 	EXP 	slider: markerPos = 50.77777777777778
21.4114 	EXP 	slider: rating = 50.77777777777778
21.6868 	DATA 	Mouse: Left button down, pos=(727,128)
21.7345 	EXP 	image_5: autoDraw = False
21.7345 	EXP 	slider: autoDraw = False
21.7345 	EXP 	NextBu: autoDraw = False
21.7345 	EXP 	text_4: autoDraw = False
21.7345 	EXP 	text_5: autoDraw = False
21.7345 	EXP 	text: text = 0.7350918681017663
21.7345 	EXP 	text: autoDraw = True
21.8425 	DATA 	Mouse:  Left button up, pos=(727,128)
22.4550 	EXP 	New trial (rep=0, index=3): {'Image': 'Images/sA-M-ver7.jpg', 'Gender': 'M', 'AgeGroup': 'senioradult'}
22.5191 	EXP 	text: autoDraw = False
22.5191 	EXP 	text: autoDraw = False
22.5191 	EXP 	image_5: image = 'Images/sA-M-ver7.jpg'
22.5191 	EXP 	slider: markerPos = None
22.5191 	EXP 	slider: markerPos = None
22.5191 	EXP 	slider: rating = None
22.5191 	EXP 	image_5: autoDraw = True
22.8077 	EXP 	slider: autoDraw = True
22.8077 	EXP 	NextBu: autoDraw = True
22.8077 	EXP 	text_4: autoDraw = True
22.8077 	EXP 	text_5: autoDraw = True
23.2002 	DATA 	Mouse: Left button down, pos=(727,199)
23.2218 	EXP 	slider: markerPos = 50.77777777777778
23.2447 	EXP 	slider: markerPos = 50.77777777777778
23.2665 	EXP 	slider: markerPos = 50.77777777777778
23.2886 	EXP 	slider: markerPos = 50.77777777777778
23.3100 	EXP 	slider: markerPos = 50.77777777777778
23.3149 	DATA 	Mouse:  Left button up, pos=(727,198)
23.3361 	EXP 	slider: markerPos = 50.77777777777778
23.3361 	EXP 	slider: rating = 50.77777777777778
23.7970 	DATA 	Mouse: Left button down, pos=(728,112)
23.8333 	EXP 	image_5: autoDraw = False
23.8333 	EXP 	slider: autoDraw = False
23.8333 	EXP 	NextBu: autoDraw = False
23.8333 	EXP 	text_4: autoDraw = False
23.8333 	EXP 	text_5: autoDraw = False
23.8333 	EXP 	text: text = 1.3441043256363456
23.8333 	EXP 	text: autoDraw = True
23.9227 	DATA 	Mouse:  Left button up, pos=(728,112)
25.1720 	EXP 	New trial (rep=0, index=1): {'RatingBlock': 'TrialCondition_D.xlsx'}
25.1884 	DEBUG 	Read excel file with openpyxl: TrialCondition_D.xlsx
25.1894 	EXP 	Imported TrialCondition_D.xlsx as conditions, 4 conditions, 3 params
25.1900 	EXP 	Created sequence: random, trialTypes=4, nReps=1, seed=None
25.1904 	EXP 	New trial (rep=0, index=0): {'Image': 'Images/midA-M-ver5.jpg', 'Gender': 'M', 'AgeGroup': 'midadult'}
25.2580 	EXP 	text: autoDraw = False
25.2580 	EXP 	text: autoDraw = False
25.2580 	EXP 	image_5: image = 'Images/midA-M-ver5.jpg'
25.2580 	EXP 	slider: markerPos = None
25.2580 	EXP 	slider: markerPos = None
25.2580 	EXP 	slider: rating = None
25.2580 	EXP 	image_5: autoDraw = True
25.5553 	EXP 	slider: autoDraw = True
25.5553 	EXP 	NextBu: autoDraw = True
25.5553 	EXP 	text_4: autoDraw = True
25.5553 	EXP 	text_5: autoDraw = True
25.9204 	DATA 	Mouse: Left button down, pos=(725,205)
25.9429 	EXP 	slider: markerPos = 50.55555555555556
25.9667 	EXP 	slider: markerPos = 50.55555555555556
25.9897 	EXP 	slider: markerPos = 50.55555555555556
26.0153 	EXP 	slider: markerPos = 50.55555555555556
26.0192 	DATA 	Mouse:  Left button up, pos=(725,205)
26.0426 	EXP 	slider: markerPos = 50.55555555555556
26.0426 	EXP 	slider: rating = 50.55555555555556
26.4317 	DATA 	Mouse: Left button down, pos=(725,114)
26.4586 	EXP 	image_5: autoDraw = False
26.4586 	EXP 	slider: autoDraw = False
26.4586 	EXP 	NextBu: autoDraw = False
26.4586 	EXP 	text_4: autoDraw = False
26.4586 	EXP 	text_5: autoDraw = False
26.4586 	EXP 	text: text = 0.6057113262386166
26.4586 	EXP 	text: autoDraw = True
26.5826 	DATA 	Mouse:  Left button up, pos=(725,114)
27.0546 	EXP 	New trial (rep=0, index=1): {'Image': 'Images/midA-M-ver6.jpg', 'Gender': 'M', 'AgeGroup': 'midadult'}
27.1184 	EXP 	text: autoDraw = False
27.1184 	EXP 	text: autoDraw = False
27.1184 	EXP 	image_5: image = 'Images/midA-M-ver6.jpg'
27.1184 	EXP 	slider: markerPos = None
27.1184 	EXP 	slider: markerPos = None
27.1184 	EXP 	slider: rating = None
27.1184 	EXP 	image_5: autoDraw = True
27.4079 	EXP 	slider: autoDraw = True
27.4079 	EXP 	NextBu: autoDraw = True
27.4079 	EXP 	text_4: autoDraw = True
27.4079 	EXP 	text_5: autoDraw = True
28.3923 	DATA 	Mouse: Left button down, pos=(720,203)
28.4200 	EXP 	slider: markerPos = 50.0
28.4465 	EXP 	slider: markerPos = 50.0
28.4742 	EXP 	slider: markerPos = 50.0
28.4782 	DATA 	Mouse:  Left button up, pos=(720,202)
28.5066 	EXP 	slider: markerPos = 50.0
28.5066 	EXP 	slider: rating = 50.0
29.0770 	DATA 	Mouse: Left button down, pos=(731,84)
29.1038 	EXP 	image_5: autoDraw = False
29.1038 	EXP 	slider: autoDraw = False
29.1038 	EXP 	NextBu: autoDraw = False
29.1038 	EXP 	text_4: autoDraw = False
29.1038 	EXP 	text_5: autoDraw = False
29.1038 	EXP 	text: text = 0.7748306182011049
29.1038 	EXP 	text: autoDraw = True
29.1857 	DATA 	Mouse:  Left button up, pos=(731,84)
29.8684 	EXP 	New trial (rep=0, index=2): {'Image': 'Images/midA-F-ver2.jpg', 'Gender': 'F', 'AgeGroup': 'midadult'}
29.9317 	EXP 	text: autoDraw = False
29.9317 	EXP 	text: autoDraw = False
29.9317 	EXP 	image_5: image = 'Images/midA-F-ver2.jpg'
29.9317 	EXP 	slider: markerPos = None
29.9317 	EXP 	slider: markerPos = None
29.9317 	EXP 	slider: rating = None
29.9317 	EXP 	image_5: autoDraw = True
30.2295 	EXP 	slider: autoDraw = True
30.2295 	EXP 	NextBu: autoDraw = True
30.2295 	EXP 	text_4: autoDraw = True
30.2295 	EXP 	text_5: autoDraw = True
30.8034 	DATA 	Mouse: Left button down, pos=(719,202)
30.8240 	EXP 	slider: markerPos = 49.888888888888886
30.8490 	EXP 	slider: markerPos = 49.888888888888886
30.8718 	EXP 	slider: markerPos = 49.888888888888886
30.8748 	DATA 	Mouse:  Left button up, pos=(719,202)
30.9006 	EXP 	slider: markerPos = 49.888888888888886
30.9006 	EXP 	slider: rating = 49.888888888888886
31.3235 	DATA 	Mouse: Left button down, pos=(729,109)
31.3497 	EXP 	image_5: autoDraw = False
31.3497 	EXP 	slider: autoDraw = False
31.3497 	EXP 	NextBu: autoDraw = False
31.3497 	EXP 	text_4: autoDraw = False
31.3497 	EXP 	text_5: autoDraw = False
31.3497 	EXP 	text: text = 0.8640210524267065
31.3497 	EXP 	text: autoDraw = True
31.4729 	DATA 	Mouse:  Left button up, pos=(729,109)
32.2027 	EXP 	New trial (rep=0, index=3): {'Image': 'Images/midA-F-ver3.jpg', 'Gender': 'F', 'AgeGroup': 'midadult'}
32.2667 	EXP 	text: autoDraw = False
32.2667 	EXP 	text: autoDraw = False
32.2667 	EXP 	image_5: image = 'Images/midA-F-ver3.jpg'
32.2667 	EXP 	slider: markerPos = None
32.2667 	EXP 	slider: markerPos = None
32.2667 	EXP 	slider: rating = None
32.2667 	EXP 	image_5: autoDraw = True
32.5587 	EXP 	slider: autoDraw = True
32.5587 	EXP 	NextBu: autoDraw = True
32.5587 	EXP 	text_4: autoDraw = True
32.5587 	EXP 	text_5: autoDraw = True
32.8337 	DATA 	Mouse: Left button down, pos=(728,198)
32.8669 	EXP 	slider: markerPos = 50.888888888888886
32.8901 	EXP 	slider: markerPos = 50.888888888888886
32.9133 	EXP 	slider: markerPos = 50.888888888888886
32.9348 	EXP 	slider: markerPos = 50.888888888888886
32.9596 	EXP 	slider: markerPos = 50.888888888888886
32.9726 	DATA 	Mouse:  Left button up, pos=(728,198)
32.9828 	EXP 	slider: markerPos = 50.888888888888886
33.0071 	EXP 	slider: markerPos = 50.888888888888886
33.0071 	EXP 	slider: rating = 50.888888888888886
33.4763 	DATA 	Mouse: Left button down, pos=(730,110)
33.5131 	EXP 	image_5: autoDraw = False
33.5131 	EXP 	slider: autoDraw = False
33.5131 	EXP 	NextBu: autoDraw = False
33.5131 	EXP 	text_4: autoDraw = False
33.5131 	EXP 	text_5: autoDraw = False
33.5131 	EXP 	text: text = 0.7639939513506276
33.5131 	EXP 	text: autoDraw = True
33.6238 	DATA 	Mouse:  Left button up, pos=(730,110)
34.2668 	EXP 	New trial (rep=0, index=2): {'RatingBlock': 'TrialCondition_C.xlsx'}
34.2804 	DEBUG 	Read excel file with openpyxl: TrialCondition_C.xlsx
34.2811 	EXP 	Imported TrialCondition_C.xlsx as conditions, 4 conditions, 3 params
34.2817 	EXP 	Created sequence: random, trialTypes=4, nReps=1, seed=None
34.2821 	EXP 	New trial (rep=0, index=0): {'Image': 'Images/yA-F-ver2.jpg', 'Gender': 'F', 'AgeGroup': 'youngadult'}
34.3158 	EXP 	text: autoDraw = False
34.3158 	EXP 	text: autoDraw = False
34.3158 	EXP 	image_5: image = 'Images/yA-F-ver2.jpg'
34.3158 	EXP 	slider: markerPos = None
34.3158 	EXP 	slider: markerPos = None
34.3158 	EXP 	slider: rating = None
34.3158 	EXP 	image_5: autoDraw = True
34.6066 	EXP 	slider: autoDraw = True
34.6066 	EXP 	NextBu: autoDraw = True
34.6066 	EXP 	text_4: autoDraw = True
34.6066 	EXP 	text_5: autoDraw = True
35.0041 	DATA 	Mouse: Left button down, pos=(720,208)
35.0398 	EXP 	slider: markerPos = 50.0
35.0625 	EXP 	slider: markerPos = 50.0
35.0840 	EXP 	slider: markerPos = 50.0
35.1086 	EXP 	slider: markerPos = 50.0
35.1313 	EXP 	slider: markerPos = 50.0
35.1352 	DATA 	Mouse:  Left button up, pos=(720,208)
35.1585 	EXP 	slider: markerPos = 50.0
35.1585 	EXP 	slider: rating = 50.0
36.1809 	DATA 	Mouse: Left button down, pos=(1174,200)
36.2032 	EXP 	slider: markerPos = 100.44444444444444
36.2288 	EXP 	slider: markerPos = 100.44444444444444
36.2536 	EXP 	slider: markerPos = 100.44444444444444
36.2825 	EXP 	slider: markerPos = 100.44444444444444
36.2983 	DATA 	Mouse:  Left button up, pos=(1174,200)
36.3130 	EXP 	slider: markerPos = 100.44444444444444
36.3440 	EXP 	slider: markerPos = 100.0
36.3440 	EXP 	slider: rating = 100.0
36.9634 	DATA 	Mouse: Left button down, pos=(687,118)
36.9891 	EXP 	image_5: autoDraw = False
36.9891 	EXP 	slider: autoDraw = False
36.9891 	EXP 	NextBu: autoDraw = False
36.9891 	EXP 	text_4: autoDraw = False
36.9891 	EXP 	text_5: autoDraw = False
36.9891 	EXP 	text: text = 1.2024803092861638
36.9891 	EXP 	text: autoDraw = True
37.0337 	DATA 	Mouse:  Left button up, pos=(687,117)
38.1847 	EXP 	New trial (rep=0, index=1): {'Image': 'Images/yA-M-ver7.jpg', 'Gender': 'M', 'AgeGroup': 'youngadult'}
38.2193 	EXP 	text: autoDraw = False
38.2193 	EXP 	text: autoDraw = False
38.2193 	EXP 	image_5: image = 'Images/yA-M-ver7.jpg'
38.2193 	EXP 	slider: markerPos = None
38.2193 	EXP 	slider: markerPos = None
38.2193 	EXP 	slider: rating = None
38.2193 	EXP 	image_5: autoDraw = True
38.5250 	EXP 	slider: autoDraw = True
38.5250 	EXP 	NextBu: autoDraw = True
38.5250 	EXP 	text_4: autoDraw = True
38.5250 	EXP 	text_5: autoDraw = True
39.8261 	DATA 	Mouse: Left button down, pos=(1165,206)
39.8498 	EXP 	slider: markerPos = 99.44444444444444
39.8721 	EXP 	slider: markerPos = 99.44444444444444
39.8952 	EXP 	slider: markerPos = 99.44444444444444
39.9090 	DATA 	Mouse:  Left button up, pos=(1165,206)
39.9192 	EXP 	slider: markerPos = 99.44444444444444
39.9451 	EXP 	slider: markerPos = 99.44444444444444
39.9451 	EXP 	slider: rating = 99.44444444444444
41.3139 	DATA 	Mouse: Left button down, pos=(1177,194)
41.3486 	EXP 	slider: markerPos = 100.77777777777777
41.3727 	EXP 	slider: markerPos = 100.77777777777777
41.3948 	EXP 	slider: markerPos = 100.77777777777777
41.4170 	EXP 	slider: markerPos = 100.77777777777777
41.4394 	EXP 	slider: markerPos = 100.77777777777777
41.4423 	DATA 	Mouse:  Left button up, pos=(1177,194)
41.4666 	EXP 	slider: markerPos = 100.0
41.4666 	EXP 	slider: rating = 100.0
42.2400 	DATA 	Mouse: Left button down, pos=(568,89)
42.3311 	DATA 	Mouse:  Left button up, pos=(568,89)
42.6204 	DATA 	Mouse: Left button down, pos=(679,89)
42.6445 	EXP 	image_5: autoDraw = False
42.6445 	EXP 	slider: autoDraw = False
42.6445 	EXP 	NextBu: autoDraw = False
42.6445 	EXP 	text_4: autoDraw = False
42.6445 	EXP 	text_5: autoDraw = False
42.6445 	EXP 	text: text = 1.2011164427183165
42.6445 	EXP 	text: autoDraw = True
42.7404 	DATA 	Mouse:  Left button up, pos=(679,89)
43.8354 	EXP 	New trial (rep=0, index=2): {'Image': 'Images/yA-F-ver5.jpg', 'Gender': 'F', 'AgeGroup': 'youngadult'}
43.8699 	EXP 	text: autoDraw = False
43.8699 	EXP 	text: autoDraw = False
43.8699 	EXP 	image_5: image = 'Images/yA-F-ver5.jpg'
43.8699 	EXP 	slider: markerPos = None
43.8699 	EXP 	slider: markerPos = None
43.8699 	EXP 	slider: rating = None
43.8699 	EXP 	image_5: autoDraw = True
44.1752 	EXP 	slider: autoDraw = True
44.1752 	EXP 	NextBu: autoDraw = True
44.1752 	EXP 	text_4: autoDraw = True
44.1752 	EXP 	text_5: autoDraw = True
45.8344 	DATA 	Mouse: Left button down, pos=(1172,197)
45.8556 	EXP 	slider: markerPos = 100.22222222222221
45.8795 	EXP 	slider: markerPos = 100.22222222222221
45.9033 	EXP 	slider: markerPos = 100.22222222222221
45.9285 	EXP 	slider: markerPos = 100.22222222222221
45.9529 	EXP 	slider: markerPos = 100.22222222222221
45.9558 	DATA 	Mouse:  Left button up, pos=(1172,197)
45.9815 	EXP 	slider: markerPos = 100
45.9815 	EXP 	slider: rating = 100
46.7022 	DATA 	Mouse: Left button down, pos=(685,102)
46.7280 	EXP 	image_5: autoDraw = False
46.7280 	EXP 	slider: autoDraw = False
46.7280 	EXP 	NextBu: autoDraw = False
46.7280 	EXP 	text_4: autoDraw = False
46.7280 	EXP 	text_5: autoDraw = False
46.7280 	EXP 	text: text = 0.518918852865219
46.7280 	EXP 	text: autoDraw = True
46.7691 	DATA 	Mouse:  Left button up, pos=(685,102)
47.2365 	EXP 	New trial (rep=0, index=3): {'Image': 'Images/yA-M-ver5.jpg', 'Gender': 'M', 'AgeGroup': 'youngadult'}
47.2740 	EXP 	text: autoDraw = False
47.2740 	EXP 	text: autoDraw = False
47.2740 	EXP 	image_5: image = 'Images/yA-M-ver5.jpg'
47.2740 	EXP 	slider: markerPos = None
47.2740 	EXP 	slider: markerPos = None
47.2740 	EXP 	slider: rating = None
47.2740 	EXP 	image_5: autoDraw = True
47.5742 	EXP 	slider: autoDraw = True
47.5742 	EXP 	NextBu: autoDraw = True
47.5742 	EXP 	text_4: autoDraw = True
47.5742 	EXP 	text_5: autoDraw = True
49.1743 	DATA 	Mouse: Left button down, pos=(1167,200)
49.1976 	EXP 	slider: markerPos = 99.66666666666666
49.2251 	EXP 	slider: markerPos = 99.66666666666666
49.2543 	EXP 	slider: markerPos = 99.66666666666666
49.2828 	EXP 	slider: markerPos = 99.66666666666666
49.3105 	EXP 	slider: markerPos = 99.66666666666666
49.3142 	DATA 	Mouse:  Left button up, pos=(1167,200)
49.3412 	EXP 	slider: markerPos = 99.66666666666666
49.3412 	EXP 	slider: rating = 99.66666666666666
50.0146 	DATA 	Mouse: Left button down, pos=(700,67)
50.0414 	EXP 	image_5: autoDraw = False
50.0414 	EXP 	slider: autoDraw = False
50.0414 	EXP 	NextBu: autoDraw = False
50.0414 	EXP 	text_4: autoDraw = False
50.0414 	EXP 	text_5: autoDraw = False
50.0414 	EXP 	text: text = 0.5986476133061809
50.0414 	EXP 	text: autoDraw = True
50.1383 	DATA 	Mouse:  Left button up, pos=(700,67)
50.6345 	EXP 	New trial (rep=0, index=3): {'RatingBlock': 'TrialCondition_B.xlsx'}
50.6516 	DEBUG 	Read excel file with openpyxl: TrialCondition_B.xlsx
50.6529 	EXP 	Imported TrialCondition_B.xlsx as conditions, 8 conditions, 3 params
50.6536 	EXP 	Created sequence: random, trialTypes=8, nReps=1, seed=None
50.6540 	EXP 	New trial (rep=0, index=0): {'Image': 'Images/F-C-A.jpg', 'Gender': 'F', 'AgeGroup': 'Adult'}
50.6828 	EXP 	text: autoDraw = False
50.6828 	EXP 	text: autoDraw = False
50.6828 	EXP 	image_5: image = 'Images/F-C-A.jpg'
50.6828 	EXP 	slider: markerPos = None
50.6828 	EXP 	slider: markerPos = None
50.6828 	EXP 	slider: rating = None
50.6828 	EXP 	image_5: autoDraw = True
50.9753 	EXP 	slider: autoDraw = True
50.9753 	EXP 	NextBu: autoDraw = True
50.9753 	EXP 	text_4: autoDraw = True
50.9753 	EXP 	text_5: autoDraw = True
54.1623 	DATA 	Mouse: Left button down, pos=(1174,203)
54.1855 	EXP 	slider: markerPos = 100.44444444444444
54.2085 	EXP 	slider: markerPos = 100.44444444444444
54.2325 	EXP 	slider: markerPos = 100.44444444444444
54.2552 	EXP 	slider: markerPos = 100.44444444444444
54.2808 	EXP 	slider: markerPos = 100.44444444444444
54.2863 	DATA 	Mouse:  Left button up, pos=(1174,203)
54.3092 	EXP 	slider: markerPos = 100
54.3092 	EXP 	slider: rating = 100
54.9664 	DATA 	Mouse: Left button down, pos=(773,124)
55.0133 	EXP 	image_5: autoDraw = False
55.0133 	EXP 	slider: autoDraw = False
55.0133 	EXP 	NextBu: autoDraw = False
55.0133 	EXP 	text_4: autoDraw = False
55.0133 	EXP 	text_5: autoDraw = False
55.0133 	EXP 	text: text = 1.2697231829209692
55.0133 	EXP 	text: autoDraw = True
55.0582 	DATA 	Mouse:  Left button up, pos=(773,124)
56.2699 	EXP 	New trial (rep=0, index=1): {'Image': 'Images/F-A-C.jpg', 'Gender': 'F', 'AgeGroup': 'Adult'}
56.2998 	EXP 	text: autoDraw = False
56.2998 	EXP 	text: autoDraw = False
56.2998 	EXP 	image_5: image = 'Images/F-A-C.jpg'
56.2998 	EXP 	slider: markerPos = None
56.2998 	EXP 	slider: markerPos = None
56.2998 	EXP 	slider: rating = None
56.2998 	EXP 	image_5: autoDraw = True
56.5915 	EXP 	slider: autoDraw = True
56.5915 	EXP 	NextBu: autoDraw = True
56.5915 	EXP 	text_4: autoDraw = True
56.5915 	EXP 	text_5: autoDraw = True
56.9489 	DATA 	Mouse: Left button down, pos=(813,201)
56.9701 	EXP 	slider: markerPos = 60.33333333333333
56.9931 	EXP 	slider: markerPos = 60.33333333333333
57.0159 	EXP 	slider: markerPos = 60.33333333333333
57.0209 	DATA 	Mouse:  Left button up, pos=(813,201)
57.0431 	EXP 	slider: markerPos = 60.33333333333333
57.0431 	EXP 	slider: rating = 60.33333333333333
57.3691 	DATA 	Mouse: Left button down, pos=(777,94)
57.3932 	EXP 	image_5: autoDraw = False
57.3932 	EXP 	slider: autoDraw = False
57.3932 	EXP 	NextBu: autoDraw = False
57.3932 	EXP 	text_4: autoDraw = False
57.3932 	EXP 	text_5: autoDraw = False
57.3932 	EXP 	text: text = 1.4000991605422106
57.3932 	EXP 	text: autoDraw = True
57.4657 	DATA 	Mouse:  Left button up, pos=(777,94)
58.7847 	EXP 	New trial (rep=0, index=2): {'Image': 'Images/M-A-C.jpg', 'Gender': 'M', 'AgeGroup': 'Adult'}
58.8171 	EXP 	text: autoDraw = False
58.8171 	EXP 	text: autoDraw = False
58.8171 	EXP 	image_5: image = 'Images/M-A-C.jpg'
58.8171 	EXP 	slider: markerPos = None
58.8171 	EXP 	slider: markerPos = None
58.8171 	EXP 	slider: rating = None
58.8171 	EXP 	image_5: autoDraw = True
59.1079 	EXP 	slider: autoDraw = True
59.1079 	EXP 	NextBu: autoDraw = True
59.1079 	EXP 	text_4: autoDraw = True
59.1079 	EXP 	text_5: autoDraw = True
59.7761 	DATA 	Mouse: Left button down, pos=(804,195)
59.8106 	EXP 	slider: markerPos = 59.333333333333336
59.8327 	EXP 	slider: markerPos = 59.333333333333336
59.8554 	EXP 	slider: markerPos = 59.333333333333336
59.8590 	DATA 	Mouse:  Left button up, pos=(804,195)
59.8845 	EXP 	slider: markerPos = 59.333333333333336
59.8845 	EXP 	slider: rating = 59.333333333333336
60.4676 	DATA 	Mouse: Left button down, pos=(740,89)
60.4917 	EXP 	image_5: autoDraw = False
60.4917 	EXP 	slider: autoDraw = False
60.4917 	EXP 	NextBu: autoDraw = False
60.4917 	EXP 	text_4: autoDraw = False
60.4917 	EXP 	text_5: autoDraw = False
60.4917 	EXP 	text: text = 0.7042560958832829
60.4917 	EXP 	text: autoDraw = True
60.5918 	DATA 	Mouse:  Left button up, pos=(740,89)
61.1858 	EXP 	New trial (rep=0, index=3): {'Image': 'Images/F-A-A.jpg', 'Gender': 'F', 'AgeGroup': 'Adult'}
61.2162 	EXP 	text: autoDraw = False
61.2162 	EXP 	text: autoDraw = False
61.2162 	EXP 	image_5: image = 'Images/F-A-A.jpg'
61.2162 	EXP 	slider: markerPos = None
61.2162 	EXP 	slider: markerPos = None
61.2162 	EXP 	slider: rating = None
61.2162 	EXP 	image_5: autoDraw = True
61.5096 	EXP 	slider: autoDraw = True
61.5096 	EXP 	NextBu: autoDraw = True
61.5096 	EXP 	text_4: autoDraw = True
61.5096 	EXP 	text_5: autoDraw = True
62.2028 	DATA 	Mouse: Left button down, pos=(809,208)
62.2254 	EXP 	slider: markerPos = 59.88888888888889
62.2494 	EXP 	slider: markerPos = 59.88888888888889
62.2720 	EXP 	slider: markerPos = 59.88888888888889
62.2754 	DATA 	Mouse:  Left button up, pos=(809,208)
62.3008 	EXP 	slider: markerPos = 59.88888888888889
62.3008 	EXP 	slider: rating = 59.88888888888889
63.2982 	DATA 	Mouse: Left button down, pos=(762,101)
63.3220 	EXP 	image_5: autoDraw = False
63.3220 	EXP 	slider: autoDraw = False
63.3220 	EXP 	NextBu: autoDraw = False
63.3220 	EXP 	text_4: autoDraw = False
63.3220 	EXP 	text_5: autoDraw = False
63.3220 	EXP 	text: text = 1.1284985765034365
63.3220 	EXP 	text: autoDraw = True
63.3642 	DATA 	Mouse:  Left button up, pos=(762,101)
64.4367 	EXP 	New trial (rep=0, index=4): {'Image': 'Images/M-A-A.jpg', 'Gender': 'M', 'AgeGroup': 'Adult'}
64.4662 	EXP 	text: autoDraw = False
64.4662 	EXP 	text: autoDraw = False
64.4662 	EXP 	image_5: image = 'Images/M-A-A.jpg'
64.4662 	EXP 	slider: markerPos = None
64.4662 	EXP 	slider: markerPos = None
64.4662 	EXP 	slider: rating = None
64.4662 	EXP 	image_5: autoDraw = True
64.7577 	EXP 	slider: autoDraw = True
64.7577 	EXP 	NextBu: autoDraw = True
64.7577 	EXP 	text_4: autoDraw = True
64.7577 	EXP 	text_5: autoDraw = True
65.1821 	DATA 	Mouse: Left button down, pos=(811,193)
65.2163 	EXP 	slider: markerPos = 60.111111111111114
65.2383 	EXP 	slider: markerPos = 60.111111111111114
65.2638 	EXP 	slider: markerPos = 60.111111111111114
65.2678 	DATA 	Mouse:  Left button up, pos=(811,193)
65.2905 	EXP 	slider: markerPos = 60.111111111111114
65.2905 	EXP 	slider: rating = 60.111111111111114
65.9987 	DATA 	Mouse: Left button down, pos=(752,63)
66.0225 	EXP 	image_5: autoDraw = False
66.0225 	EXP 	slider: autoDraw = False
66.0225 	EXP 	NextBu: autoDraw = False
66.0225 	EXP 	text_4: autoDraw = False
66.0225 	EXP 	text_5: autoDraw = False
66.0225 	EXP 	text: text = 0.7646335921059887
66.0225 	EXP 	text: autoDraw = True
66.0742 	DATA 	Mouse:  Left button up, pos=(752,63)
66.7862 	EXP 	New trial (rep=0, index=5): {'Image': 'Images/F-C-C.jpg', 'Gender': 'F', 'AgeGroup': 'Adult'}
66.8158 	EXP 	text: autoDraw = False
66.8158 	EXP 	text: autoDraw = False
66.8158 	EXP 	image_5: image = 'Images/F-C-C.jpg'
66.8158 	EXP 	slider: markerPos = None
66.8158 	EXP 	slider: markerPos = None
66.8158 	EXP 	slider: rating = None
66.8158 	EXP 	image_5: autoDraw = True
67.1070 	EXP 	slider: autoDraw = True
67.1070 	EXP 	NextBu: autoDraw = True
67.1070 	EXP 	text_4: autoDraw = True
67.1070 	EXP 	text_5: autoDraw = True
68.0697 	DATA 	Mouse: Left button down, pos=(745,198)
68.1076 	EXP 	slider: markerPos = 52.77777777777778
68.1334 	EXP 	slider: markerPos = 52.77777777777778
68.1568 	EXP 	slider: markerPos = 52.77777777777778
68.1714 	DATA 	Mouse:  Left button up, pos=(745,198)
68.1833 	EXP 	slider: markerPos = 52.77777777777778
68.2097 	EXP 	slider: markerPos = 52.77777777777778
68.2097 	EXP 	slider: rating = 52.77777777777778
68.6308 	DATA 	Mouse: Left button down, pos=(745,119)
68.6715 	EXP 	image_5: autoDraw = False
68.6715 	EXP 	slider: autoDraw = False
68.6715 	EXP 	NextBu: autoDraw = False
68.6715 	EXP 	text_4: autoDraw = False
68.6715 	EXP 	text_5: autoDraw = False
68.6715 	EXP 	text: text = 0.6484017524942092
68.6715 	EXP 	text: autoDraw = True
68.7320 	DATA 	Mouse:  Left button up, pos=(745,118)
69.3195 	EXP 	New trial (rep=0, index=6): {'Image': 'Images/M-C-C.jpg', 'Gender': 'M', 'AgeGroup': 'Adult'}
69.3486 	EXP 	text: autoDraw = False
69.3486 	EXP 	text: autoDraw = False
69.3486 	EXP 	image_5: image = 'Images/M-C-C.jpg'
69.3486 	EXP 	slider: markerPos = None
69.3486 	EXP 	slider: markerPos = None
69.3486 	EXP 	slider: rating = None
69.3486 	EXP 	image_5: autoDraw = True
69.6402 	EXP 	slider: autoDraw = True
69.6402 	EXP 	NextBu: autoDraw = True
69.6402 	EXP 	text_4: autoDraw = True
69.6402 	EXP 	text_5: autoDraw = True
70.4531 	DATA 	Mouse: Left button down, pos=(756,199)
70.4746 	EXP 	slider: markerPos = 54.0
70.4983 	EXP 	slider: markerPos = 54.0
70.5209 	EXP 	slider: markerPos = 54.0
70.5356 	DATA 	Mouse:  Left button up, pos=(756,199)
70.5460 	EXP 	slider: markerPos = 54.0
70.5697 	EXP 	slider: markerPos = 54.0
70.5697 	EXP 	slider: rating = 54.0
71.1744 	DATA 	Mouse: Left button down, pos=(755,110)
71.2125 	EXP 	image_5: autoDraw = False
71.2125 	EXP 	slider: autoDraw = False
71.2125 	EXP 	NextBu: autoDraw = False
71.2125 	EXP 	text_4: autoDraw = False
71.2125 	EXP 	text_5: autoDraw = False
71.2125 	EXP 	text: text = 0.9505102645141481
71.2125 	EXP 	text: autoDraw = True
71.2505 	DATA 	Mouse:  Left button up, pos=(755,110)
72.1536 	EXP 	New trial (rep=0, index=7): {'Image': 'Images/M-C-A.jpg', 'Gender': 'M', 'AgeGroup': 'Adult'}
72.1841 	EXP 	text: autoDraw = False
72.1841 	EXP 	text: autoDraw = False
72.1841 	EXP 	image_5: image = 'Images/M-C-A.jpg'
72.1841 	EXP 	slider: markerPos = None
72.1841 	EXP 	slider: markerPos = None
72.1841 	EXP 	slider: rating = None
72.1841 	EXP 	image_5: autoDraw = True
72.4759 	EXP 	slider: autoDraw = True
72.4759 	EXP 	NextBu: autoDraw = True
72.4759 	EXP 	text_4: autoDraw = True
72.4759 	EXP 	text_5: autoDraw = True
72.9624 	DATA 	Mouse: Left button down, pos=(772,202)
72.9836 	EXP 	slider: markerPos = 55.77777777777778
73.0056 	EXP 	slider: markerPos = 55.77777777777778
73.0295 	EXP 	slider: markerPos = 55.77777777777778
73.0526 	EXP 	slider: markerPos = 55.77777777777778
73.0800 	EXP 	slider: markerPos = 55.77777777777778
73.1063 	EXP 	slider: markerPos = 55.77777777777778
73.1326 	EXP 	slider: markerPos = 55.77777777777778
73.1462 	DATA 	Mouse:  Left button up, pos=(772,202)
73.1582 	EXP 	slider: markerPos = 55.77777777777778
73.1868 	EXP 	slider: markerPos = 55.77777777777778
73.1868 	EXP 	slider: rating = 55.77777777777778
74.8351 	DATA 	Mouse: Left button down, pos=(742,122)
74.8845 	EXP 	image_5: autoDraw = False
74.8845 	EXP 	slider: autoDraw = False
74.8845 	EXP 	NextBu: autoDraw = False
74.8845 	EXP 	text_4: autoDraw = False
74.8845 	EXP 	text_5: autoDraw = False
74.8845 	EXP 	text: text = 0.6319846694783686
74.8845 	EXP 	text: autoDraw = True
74.9463 	DATA 	Mouse:  Left button up, pos=(742,122)
75.5019 	EXP 	New trial (rep=0, index=4): {'RatingBlock': None}
75.5029 	EXP 	Created sequence: random, trialTypes=1, nReps=1, seed=None
75.5034 	EXP 	New trial (rep=0, index=0): None
75.5302 	EXP 	text: autoDraw = False
75.5302 	EXP 	text: autoDraw = False
75.5302 	EXP 	image_5: image = 'Images/M-C-A.jpg'
75.5302 	EXP 	slider: markerPos = None
75.5302 	EXP 	slider: markerPos = None
75.5302 	EXP 	slider: rating = None
75.5302 	EXP 	image_5: autoDraw = True
75.8240 	EXP 	slider: autoDraw = True
75.8240 	EXP 	NextBu: autoDraw = True
75.8240 	EXP 	text_4: autoDraw = True
75.8240 	EXP 	text_5: autoDraw = True
76.5509 	DATA 	Mouse: Left button down, pos=(765,196)
76.5836 	EXP 	slider: markerPos = 55.00000000000001
76.6062 	EXP 	slider: markerPos = 55.00000000000001
76.6307 	EXP 	slider: markerPos = 55.00000000000001
76.6356 	DATA 	Mouse:  Left button up, pos=(765,196)
76.6598 	EXP 	slider: markerPos = 55.00000000000001
76.6598 	EXP 	slider: rating = 55.00000000000001
77.0470 	DATA 	Mouse: Left button down, pos=(765,115)
77.0746 	EXP 	image_5: autoDraw = False
77.0746 	EXP 	slider: autoDraw = False
77.0746 	EXP 	NextBu: autoDraw = False
77.0746 	EXP 	text_4: autoDraw = False
77.0746 	EXP 	text_5: autoDraw = False
77.0746 	EXP 	text: text = 1.302714145207994
77.0746 	EXP 	text: autoDraw = True
77.1498 	DATA 	Mouse:  Left button up, pos=(765,114)
78.3699 	EXP 	New trial (rep=0, index=5): {'RatingBlock': None}
78.3708 	EXP 	Created sequence: random, trialTypes=1, nReps=1, seed=None
78.3713 	EXP 	New trial (rep=0, index=0): None
78.3978 	EXP 	text: autoDraw = False
78.3978 	EXP 	text: autoDraw = False
78.3978 	EXP 	image_5: image = 'Images/M-C-A.jpg'
78.3978 	EXP 	slider: markerPos = None
78.3978 	EXP 	slider: markerPos = None
78.3978 	EXP 	slider: rating = None
78.3978 	EXP 	image_5: autoDraw = True
78.6892 	EXP 	slider: autoDraw = True
78.6892 	EXP 	NextBu: autoDraw = True
78.6892 	EXP 	text_4: autoDraw = True
78.6892 	EXP 	text_5: autoDraw = True
79.6505 	DATA 	Mouse: Left button down, pos=(771,195)
79.6838 	EXP 	slider: markerPos = 55.666666666666664
79.7089 	EXP 	slider: markerPos = 55.666666666666664
79.7341 	EXP 	slider: markerPos = 55.666666666666664
79.7595 	EXP 	slider: markerPos = 55.666666666666664
79.7636 	DATA 	Mouse:  Left button up, pos=(771,195)
79.7859 	EXP 	slider: markerPos = 55.666666666666664
79.7859 	EXP 	slider: rating = 55.666666666666664
80.2574 	DATA 	Mouse: Left button down, pos=(760,78)
80.2936 	EXP 	image_5: autoDraw = False
80.2936 	EXP 	slider: autoDraw = False
80.2936 	EXP 	NextBu: autoDraw = False
80.2936 	EXP 	text_4: autoDraw = False
80.2936 	EXP 	text_5: autoDraw = False
80.2936 	EXP 	text: text = 1.0630465097529118
80.2936 	EXP 	text: autoDraw = True
80.3614 	DATA 	Mouse:  Left button up, pos=(760,78)
81.3531 	EXP 	New trial (rep=0, index=6): {'RatingBlock': 'TrialCondition_A.xlsx'}
81.3674 	DEBUG 	Read excel file with openpyxl: TrialCondition_A.xlsx
81.3696 	EXP 	Imported TrialCondition_A.xlsx as conditions, 15 conditions, 3 params
81.3702 	EXP 	Created sequence: random, trialTypes=15, nReps=1, seed=None
81.3706 	EXP 	New trial (rep=0, index=0): {'Image': None, 'Gender': None, 'AgeGroup': None}
81.3897 	EXP 	text: autoDraw = False
81.3897 	EXP 	text: autoDraw = False
81.3897 	EXP 	image_5: image = None
81.3897 	EXP 	slider: markerPos = None
81.3897 	EXP 	slider: markerPos = None
81.3897 	EXP 	slider: rating = None
81.3897 	EXP 	image_5: autoDraw = True
81.6884 	EXP 	slider: autoDraw = True
81.6884 	EXP 	NextBu: autoDraw = True
81.6884 	EXP 	text_4: autoDraw = True
81.6884 	EXP 	text_5: autoDraw = True
82.4197 	DATA 	Mouse: Left button down, pos=(775,201)
82.4408 	EXP 	slider: markerPos = 56.111111111111114
82.4641 	EXP 	slider: markerPos = 56.111111111111114
82.4874 	EXP 	slider: markerPos = 56.111111111111114
82.5136 	EXP 	slider: markerPos = 56.111111111111114
82.5379 	EXP 	slider: markerPos = 56.111111111111114
82.5658 	EXP 	slider: markerPos = 56.111111111111114
82.5702 	DATA 	Mouse:  Left button up, pos=(775,201)
82.5960 	EXP 	slider: markerPos = 56.111111111111114
82.5960 	EXP 	slider: rating = 56.111111111111114
82.8836 	DATA 	Mouse: Left button down, pos=(773,136)
82.9869 	DATA 	Mouse:  Left button up, pos=(773,136)
83.4502 	DATA 	Mouse: Left button down, pos=(765,96)
83.4785 	EXP 	image_5: autoDraw = False
83.4785 	EXP 	slider: autoDraw = False
83.4785 	EXP 	NextBu: autoDraw = False
83.4785 	EXP 	text_4: autoDraw = False
83.4785 	EXP 	text_5: autoDraw = False
83.4785 	EXP 	text: text = 1.2984699361959295
83.4785 	EXP 	text: autoDraw = True
83.5398 	DATA 	Mouse:  Left button up, pos=(765,96)
84.7697 	EXP 	New trial (rep=0, index=1): {'Image': None, 'Gender': None, 'AgeGroup': None}
84.7919 	EXP 	text: autoDraw = False
84.7919 	EXP 	text: autoDraw = False
84.7919 	EXP 	image_5: image = None
84.7919 	EXP 	slider: markerPos = None
84.7919 	EXP 	slider: markerPos = None
84.7919 	EXP 	slider: rating = None
84.7919 	EXP 	image_5: autoDraw = True
85.0891 	EXP 	slider: autoDraw = True
85.0891 	EXP 	NextBu: autoDraw = True
85.0891 	EXP 	text_4: autoDraw = True
85.0891 	EXP 	text_5: autoDraw = True
85.3884 	DATA 	Mouse: Left button down, pos=(767,195)
85.4100 	EXP 	slider: markerPos = 55.222222222222214
85.4320 	EXP 	slider: markerPos = 55.222222222222214
85.4535 	EXP 	slider: markerPos = 55.222222222222214
85.4758 	EXP 	slider: markerPos = 55.222222222222214
85.4987 	EXP 	slider: markerPos = 55.222222222222214
85.5032 	DATA 	Mouse:  Left button up, pos=(767,195)
85.5260 	EXP 	slider: markerPos = 55.222222222222214
85.5260 	EXP 	slider: rating = 55.222222222222214
85.8987 	DATA 	Mouse: Left button down, pos=(767,136)
86.0211 	DATA 	Mouse:  Left button up, pos=(767,136)
86.6053 	DATA 	Mouse: Left button down, pos=(767,84)
86.6303 	EXP 	image_5: autoDraw = False
86.6303 	EXP 	slider: autoDraw = False
86.6303 	EXP 	NextBu: autoDraw = False
86.6303 	EXP 	text_4: autoDraw = False
86.6303 	EXP 	text_5: autoDraw = False
86.6303 	EXP 	text: text = 0.8165498680225803
86.6303 	EXP 	text: autoDraw = True
86.6992 	DATA 	Mouse:  Left button up, pos=(767,84)
87.4336 	EXP 	New trial (rep=0, index=2): {'Image': None, 'Gender': None, 'AgeGroup': None}
87.4553 	EXP 	text: autoDraw = False
87.4553 	EXP 	text: autoDraw = False
87.4553 	EXP 	image_5: image = None
87.4553 	EXP 	slider: markerPos = None
87.4553 	EXP 	slider: markerPos = None
87.4553 	EXP 	slider: rating = None
87.4553 	EXP 	image_5: autoDraw = True
87.7542 	EXP 	slider: autoDraw = True
87.7542 	EXP 	NextBu: autoDraw = True
87.7542 	EXP 	text_4: autoDraw = True
87.7542 	EXP 	text_5: autoDraw = True
88.9392 	DATA 	Keypress: escape
89.6211 	EXP 	window1: mouseVisible = True
89.6213 	DEBUG 	Saving data for FatFaceOnline ExperimentHandler
89.6283 	INFO 	saved data to /Users/uzhmanagani/Desktop/4D09/Thesis/PsychoPy/Face Attractiveness Rating/data/_FatFaceOnline_2021_Nov_12_1456.psydat
89.6373 	INFO 	saved data to '/Users/uzhmanagani/Desktop/4D09/Thesis/PsychoPy/Face Attractiveness Rating/data/_FatFaceOnline_2021_Nov_12_1456.csv'
