0.9046 	WARNING 	We strongly recommend you activate the PTB sound engine in PsychoPy prefs as the preferred audio engine. Its timing is vastly superior. Your prefs are currently set to use ['sounddevice', 'PTB', 'pyo', 'pygame'] (in that order).
24.7925 	INFO 	Loaded monitor calibration from ['2021_08_31 22:24']
24.8116 	WARNING 	User requested fullscreen with size [1920 1080], but screen is actually [1440, 900]. Using actual size
25.4379 	EXP 	Created window1 = Window(allowGUI=False, allowStencil=False, autoLog=True, backendConf=UNKNOWN, bitsMode=UNKNOWN, blendMode='avg', bpc=(8, 8, 8), color=array([1, 1, 1]), colorSpace='rgb', depthBits=8, fullscr=<method-wrapper '__getattribute__' of attributeSetter object at 0x7fd6c956cb00>, gamma=None, gammaErrorPolicy='raise', lms=UNKNOWN, monitor=<psychopy.monitors.calibTools.Monitor object at 0x7fd6c8eac9e8>, multiSample=False, name='window1', numSamples=2, pos=[360.0, 225.0], screen=0, size=array([2880, 1800]), stencilBits=0, stereo=False, units='height', useFBO=True, useRetina=True, viewOri=0.0, viewPos=None, viewScale=None, waitBlanking=True, winType='pyglet')
25.4380 	EXP 	window1: mouseVisible = True
25.4380 	EXP 	window1: recordFrameIntervals = False
25.6033 	EXP 	window1: recordFrameIntervals = True
25.7869 	DEBUG 	Screen (0) actual frame rate measured at 59.88
25.7869 	EXP 	window1: recordFrameIntervals = False
27.7848 	INFO 	keyboard.Keyboard is using ptb backend.
27.8235 	EXP 	Created RInstr = TextStim(__class__=<class 'psychopy.visual.text.TextStim'>, alignHoriz=method-wrapper(...), alignText='center', alignVert=method-wrapper(...), anchorHoriz='center', anchorVert='center', antialias=True, autoLog=True, bold=False, color=array([-1., -1., -1.]), colorSpace='rgb', contrast=1.0, depth=0.0, flipHoriz=False, flipVert=False, font='Arial', fontFiles=[], height=0.05, italic=False, languageStyle='LTR', name='RInstr', opacity=1, ori=0, pos=array([0., 0.]), rgb=UNKNOWN, text=str(...), units='height', win=Window(...), wrapWidth=1)
28.3328 	INFO 	keyboard.Keyboard is using ptb backend.
28.3359 	EXP 	Created image_5 = ImageStim(__class__=<class 'psychopy.visual.image.ImageStim'>, autoLog=True, color=array([1., 1., 1.]), colorSpace='rgb', contrast=1.0, depth=-1.0, flipHoriz=False, flipVert=False, image='sin', interpolate=False, mask=None, maskParams=None, name='image_5', opacity=1, ori=0.0, pos=array([0., 0.]), size=array([0.4, 0.4]), texRes=512, units='height', win=Window(...))
28.3479 	INFO 	Mouse: using default window
28.3480 	EXP 	window1: mouseVisible = True
28.3553 	EXP 	Created slider = Slider(__class__=<class 'psychopy.visual.slider.Slider'>, autoDraw=False, autoLog=True, borderColor=None, color=None, colorSpace='rgb', depth=-2, fillColor=None, flip=False, font='HelveticaBold', granularity=0, labelHeight=0.05, labelWrapWidth=None, labels=None, name='slider', opacity=None, pos=(0, -0.28), readOnly=False, self=UNKNOWN, size=(1.0, 0.025), startValue=None, style=method-wrapper(...), styleTweaks=method-wrapper(...), ticks=ndarray(...), units='height', win=Window(...))
28.3803 	EXP 	Created NextBu = ImageStim(__class__=<class 'psychopy.visual.image.ImageStim'>, autoLog=True, color=array([1., 1., 1.]), colorSpace='rgb', contrast=1.0, depth=-3.0, flipHoriz=False, flipVert=False, image='Picture1.png', interpolate=False, mask=None, maskParams=None, name='NextBu', opacity=1, ori=0.0, pos=array([0., 0.]), size=array([0.2, 0.1]), texRes=512, units='height', win=Window(...))
28.3804 	EXP 	window1: mouseVisible = True
28.3859 	EXP 	Created text_4 = TextStim(__class__=<class 'psychopy.visual.text.TextStim'>, alignHoriz=method-wrapper(...), alignText='center', alignVert=method-wrapper(...), anchorHoriz='center', anchorVert='center', antialias=True, autoLog=True, bold=False, color=array([-1., -1., -1.]), colorSpace='rgb', contrast=1.0, depth=-5.0, flipHoriz=False, flipVert=False, font='Arial', fontFiles=[], height=0.03, italic=False, languageStyle='LTR', name='text_4', opacity=1, ori=0, pos=array([-0.5 , -0.32]), rgb=UNKNOWN, text='Not Attractive at all', units='height', win=Window(...), wrapWidth=1)
28.3890 	EXP 	Created text_5 = TextStim(__class__=<class 'psychopy.visual.text.TextStim'>, alignHoriz=method-wrapper(...), alignText='center', alignVert=method-wrapper(...), anchorHoriz='center', anchorVert='center', antialias=True, autoLog=True, bold=False, color=array([-1., -1., -1.]), colorSpace='rgb', contrast=1.0, depth=-6.0, flipHoriz=False, flipVert=False, font='Arial', fontFiles=[], height=0.03, italic=False, languageStyle='LTR', name='text_5', opacity=1, ori=0, pos=array([ 0.5 , -0.32]), rgb=UNKNOWN, text='Very Attractive', units='height', win=Window(...), wrapWidth=1)
28.3899 	EXP 	Created text = TextStim(__class__=<class 'psychopy.visual.text.TextStim'>, alignHoriz=method-wrapper(...), alignText='center', alignVert=method-wrapper(...), anchorHoriz='center', anchorVert='center', antialias=True, autoLog=True, bold=False, color=array([1., 1., 1.]), colorSpace='rgb', contrast=1.0, depth=-1.0, flipHoriz=False, flipVert=False, font='Arial', fontFiles=[], height=0.1, italic=False, languageStyle='LTR', name='text', opacity=1, ori=0, pos=array([0., 0.]), rgb=UNKNOWN, text='', units='height', win=Window(...), wrapWidth=1)
28.4006 	EXP 	Created EndText = TextStim(__class__=<class 'psychopy.visual.text.TextStim'>, alignHoriz=method-wrapper(...), alignText='center', alignVert=method-wrapper(...), anchorHoriz='center', anchorVert='center', antialias=True, autoLog=True, bold=False, color=array([-1., -1., -1.]), colorSpace='rgb', contrast=1.0, depth=0.0, flipHoriz=False, flipVert=False, font='Arial', fontFiles=[], height=0.05, italic=False, languageStyle='LTR', name='EndText', opacity=1, ori=0, pos=array([0., 0.]), rgb=UNKNOWN, text=str(...), units='height', win=Window(...), wrapWidth=1)
28.4117 	EXP 	slider: autoLog = True
28.4117 	EXP 	slider: markerPos = None
28.4117 	EXP 	slider: rating = None
28.4117 	EXP 	slider: markerPos = None
28.4117 	EXP 	slider: contrast = 1.0
28.4117 	EXP 	slider: autoLog = True
28.4117 	EXP 	slider: styleTweaks = []
28.4117 	EXP 	slider: style = ['rating']
28.4117 	EXP 	slider: styleTweaks = ['triangleMarker']
28.4117 	EXP 	RInstr: autoDraw = True
29.4137 	DEBUG 	Read excel file with openpyxl: Rating_BlockOrder.xlsx
29.4139 	EXP 	Imported Rating_BlockOrder.xlsx as conditions, 6 conditions, 1 params
29.4155 	EXP 	Created sequence: random, trialTypes=6, nReps=1, seed=None
29.4157 	EXP 	New trial (rep=0, index=0): {'RatingBlock': 'TrialCondition_D.xlsx'}
29.4202 	DEBUG 	Read excel file with openpyxl: TrialCondition_D.xlsx
29.4206 	EXP 	Imported TrialCondition_D.xlsx as conditions, 4 conditions, 3 params
29.4209 	EXP 	Created sequence: random, trialTypes=4, nReps=1, seed=None
29.4211 	EXP 	New trial (rep=0, index=0): {'Image': 'images/midA-F-ver2.jpg', 'Gender': 'F', 'AgeGroup': 'midadult'}
29.4557 	DATA 	Keypress: space
29.4603 	EXP 	RInstr: autoDraw = False
29.4603 	EXP 	image_5: image = 'images/midA-F-ver2.jpg'
29.4603 	EXP 	slider: markerPos = None
29.4603 	EXP 	slider: markerPos = None
29.4603 	EXP 	slider: rating = None
29.4603 	EXP 	image_5: autoDraw = True
29.7528 	EXP 	slider: autoDraw = True
29.7528 	EXP 	NextBu: autoDraw = True
29.7528 	EXP 	text_4: autoDraw = True
29.7528 	EXP 	text_5: autoDraw = True
31.0534 	DATA 	Mouse: Left button down, pos=(633,193)
31.0694 	EXP 	slider: markerPos = 40.33333333333333
31.0862 	EXP 	slider: markerPos = 40.33333333333333
31.1030 	EXP 	slider: markerPos = 40.33333333333333
31.1198 	EXP 	slider: markerPos = 40.33333333333333
31.1361 	EXP 	slider: markerPos = 40.33333333333333
31.1515 	EXP 	slider: markerPos = 40.33333333333333
31.1562 	DATA 	Mouse:  Left button up, pos=(633,193)
31.1694 	EXP 	slider: markerPos = 40.33333333333333
31.1865 	EXP 	slider: markerPos = 40.33333333333333
31.1865 	EXP 	slider: rating = 40.33333333333333
31.8536 	DATA 	Mouse: Left button down, pos=(721,107)
31.8704 	EXP 	image_5: autoDraw = False
31.8704 	EXP 	slider: autoDraw = False
31.8704 	EXP 	NextBu: autoDraw = False
31.8704 	EXP 	text_4: autoDraw = False
31.8704 	EXP 	text_5: autoDraw = False
31.8704 	EXP 	text: text = 0.8014145491063381
31.8704 	EXP 	text: autoDraw = True
31.9542 	DATA 	Mouse:  Left button up, pos=(722,107)
32.6702 	EXP 	New trial (rep=0, index=1): {'Image': 'images/midA-F-ver3.jpg', 'Gender': 'F', 'AgeGroup': 'midadult'}
32.6988 	EXP 	text: autoDraw = False
32.6988 	EXP 	text: autoDraw = False
32.6988 	EXP 	image_5: image = 'images/midA-F-ver3.jpg'
32.6988 	EXP 	slider: markerPos = None
32.6988 	EXP 	slider: markerPos = None
32.6988 	EXP 	slider: rating = None
32.6988 	EXP 	image_5: autoDraw = True
32.9863 	EXP 	slider: autoDraw = True
32.9863 	EXP 	NextBu: autoDraw = True
32.9863 	EXP 	text_4: autoDraw = True
32.9863 	EXP 	text_5: autoDraw = True
33.6875 	DATA 	Keypress: escape
33.8488 	EXP 	window1: mouseVisible = True
33.8489 	DEBUG 	Saving data for FatFaceOnline ExperimentHandler
33.8497 	INFO 	saved data to /Users/kelsielau/Ratings/data/_FatFaceOnline_2021_Nov_01_1911.psydat
33.8501 	INFO 	saved data to '/Users/kelsielau/Ratings/data/_FatFaceOnline_2021_Nov_01_1911.csv'
