0.2565 	WARNING 	We strongly recommend you activate the PTB sound engine in PsychoPy prefs as the preferred audio engine. Its timing is vastly superior. Your prefs are currently set to use ['sounddevice', 'PTB', 'pyo', 'pygame'] (in that order).
3.3587 	INFO 	Loaded monitor calibration from ['2021_03_12 13:58']
4.1348 	EXP 	Created window1 = Window(allowGUI=False, allowStencil=False, autoLog=True, backendConf=UNKNOWN, bitsMode=UNKNOWN, blendMode='avg', bpc=(8, 8, 8), color=array([1, 1, 1]), colorSpace='rgb', depthBits=8, fullscr=<method-wrapper '__getattribute__' of attributeSetter object at 0x7f9dfbc8db00>, gamma=None, gammaErrorPolicy='raise', lms=UNKNOWN, monitor=<psychopy.monitors.calibTools.Monitor object at 0x7f9dfbb786d8>, multiSample=False, name='window1', numSamples=2, pos=[480.0, 270.0], screen=0, size=array([3840, 2160]), stencilBits=0, stereo=False, units='height', useFBO=True, useRetina=True, viewOri=0.0, viewPos=None, viewScale=None, waitBlanking=True, winType='pyglet')
4.1351 	EXP 	window1: mouseVisible = True
4.1352 	EXP 	window1: recordFrameIntervals = False
4.3014 	EXP 	window1: recordFrameIntervals = True
4.5515 	DEBUG 	Screen (0) actual frame rate measured at 60.19
4.5516 	EXP 	window1: recordFrameIntervals = False
4.6961 	EXP 	Created RInstr = TextStim(__class__=<class 'psychopy.visual.text.TextStim'>, alignHoriz=method-wrapper(...), alignText='center', alignVert=method-wrapper(...), anchorHoriz='center', anchorVert='center', antialias=True, autoLog=True, bold=False, color=array([-1, -1, -1]), colorSpace='rgb', contrast=1.0, depth=0.0, flipHoriz=False, flipVert=False, font='Arial', fontFiles=[], height=0.05, italic=False, languageStyle='LTR', name='RInstr', opacity=1, ori=0, pos=array([0., 0.]), rgb=UNKNOWN, text=str(...), units='height', win=Window(...), wrapWidth=1)
4.7686 	EXP 	Created image_5 = ImageStim(__class__=<class 'psychopy.visual.image.ImageStim'>, autoLog=True, color=array([1, 1, 1]), colorSpace='rgb', contrast=1.0, depth=-1.0, flipHoriz=False, flipVert=False, image='sin', interpolate=False, mask=None, maskParams=None, name='image_5', opacity=1, ori=0.0, pos=array([0., 0.]), size=array([0.4, 0.4]), texRes=512, units='height', win=Window(...))
4.7776 	INFO 	Mouse: using default window
4.7777 	EXP 	window1: mouseVisible = True
4.7813 	EXP 	Created slider = Slider(__class__=<class 'psychopy.visual.slider.Slider'>, autoDraw=False, autoLog=True, borderColor=None, color=None, colorSpace='rgb', depth=-2, fillColor=None, flip=False, font='HelveticaBold', granularity=0, labelHeight=0.05, labelWrapWidth=None, labels=None, name='slider', opacity=None, pos=(0, -0.28), readOnly=False, self=UNKNOWN, size=(1.0, 0.025), style=method-wrapper(...), styleTweaks=method-wrapper(...), ticks=ndarray(...), units='height', win=Window(...))
4.8041 	EXP 	Created next = ImageStim(__class__=<class 'psychopy.visual.image.ImageStim'>, autoLog=True, color=array([1, 1, 1]), colorSpace='rgb', contrast=1.0, depth=-3.0, flipHoriz=False, flipVert=False, image='Picture1.png', interpolate=False, mask=None, maskParams=None, name='next', opacity=1, ori=0.0, pos=array([0., 0.]), size=array([0.2, 0.1]), texRes=512, units='height', win=Window(...))
4.8042 	EXP 	window1: mouseVisible = True
4.8095 	EXP 	Created text_4 = TextStim(__class__=<class 'psychopy.visual.text.TextStim'>, alignHoriz=method-wrapper(...), alignText='center', alignVert=method-wrapper(...), anchorHoriz='center', anchorVert='center', antialias=True, autoLog=True, bold=False, color=array([-1, -1, -1]), colorSpace='rgb', contrast=1.0, depth=-5.0, flipHoriz=False, flipVert=False, font='Arial', fontFiles=[], height=0.03, italic=False, languageStyle='LTR', name='text_4', opacity=1, ori=0, pos=array([-0.5 , -0.32]), rgb=UNKNOWN, text='Not Dominant at all', units='height', win=Window(...), wrapWidth=1)
4.8131 	EXP 	Created text_5 = TextStim(__class__=<class 'psychopy.visual.text.TextStim'>, alignHoriz=method-wrapper(...), alignText='center', alignVert=method-wrapper(...), anchorHoriz='center', anchorVert='center', antialias=True, autoLog=True, bold=False, color=array([-1, -1, -1]), colorSpace='rgb', contrast=1.0, depth=-6.0, flipHoriz=False, flipVert=False, font='Arial', fontFiles=[], height=0.03, italic=False, languageStyle='LTR', name='text_5', opacity=1, ori=0, pos=array([ 0.5 , -0.32]), rgb=UNKNOWN, text='Very Dominant', units='height', win=Window(...), wrapWidth=1)
4.8136 	EXP 	Created text = TextStim(__class__=<class 'psychopy.visual.text.TextStim'>, alignHoriz=method-wrapper(...), alignText='center', alignVert=method-wrapper(...), anchorHoriz='center', anchorVert='center', antialias=True, autoLog=True, bold=False, color=array([1, 1, 1]), colorSpace='rgb', contrast=1.0, depth=-1.0, flipHoriz=False, flipVert=False, font='Arial', fontFiles=[], height=0.1, italic=False, languageStyle='LTR', name='text', opacity=1, ori=0, pos=array([0., 0.]), rgb=UNKNOWN, text='', units='height', win=Window(...), wrapWidth=1)
4.8252 	EXP 	Created EndText = TextStim(__class__=<class 'psychopy.visual.text.TextStim'>, alignHoriz=method-wrapper(...), alignText='center', alignVert=method-wrapper(...), anchorHoriz='center', anchorVert='center', antialias=True, autoLog=True, bold=False, color=array([-1, -1, -1]), colorSpace='rgb', contrast=1.0, depth=0.0, flipHoriz=False, flipVert=False, font='Arial', fontFiles=[], height=0.05, italic=False, languageStyle='LTR', name='EndText', opacity=1, ori=0, pos=array([0., 0.]), rgb=UNKNOWN, text=str(...), units='height', win=Window(...), wrapWidth=1)
4.8327 	EXP 	slider: autoLog = True
4.8327 	EXP 	slider: markerPos = None
4.8327 	EXP 	slider: rating = None
4.8327 	EXP 	slider: markerPos = None
4.8327 	EXP 	slider: contrast = 1.0
4.8327 	EXP 	slider: autoLog = True
4.8327 	EXP 	slider: styleTweaks = []
4.8327 	EXP 	slider: style = ['slider']
4.8327 	EXP 	slider: styleTweaks = ['triangleMarker']
4.8327 	EXP 	RInstr: autoDraw = True
6.4274 	DEBUG 	Read csv file with pandas: Rating_BlockOrder.csv
6.4307 	DEBUG 	Clearing unnamed columns from Rating_BlockOrder.csv
6.4312 	EXP 	Imported Rating_BlockOrder.csv as conditions, 3 conditions, 1 params
6.4318 	EXP 	Created sequence: random, trialTypes=3, nReps=1, seed=None
6.4323 	EXP 	New trial (rep=0, index=0): OrderedDict([('RatingBlock', 'TrialCondition_C.csv')])
6.4371 	DEBUG 	Read csv file with pandas: TrialCondition_C.csv
6.4382 	DEBUG 	Clearing unnamed columns from TrialCondition_C.csv
6.4394 	EXP 	Imported TrialCondition_C.csv as conditions, 24 conditions, 4 params
6.4397 	EXP 	Created sequence: random, trialTypes=24, nReps=1, seed=None
6.4400 	EXP 	New trial (rep=0, index=0): OrderedDict([('Image', 'Images/S_C_I3_01.png'), ('Race', 'Caucasian'), ('Trait', 'Submissive'), ('Type', 'normal')])
6.4590 	DATA 	Keypress: space
6.4656 	EXP 	RInstr: autoDraw = False
6.4656 	EXP 	image_5: image = 'Images/S_C_I3_01.png'
6.4656 	EXP 	slider: markerPos = None
6.4656 	EXP 	slider: markerPos = None
6.4656 	EXP 	slider: rating = None
6.4656 	EXP 	image_5: autoDraw = True
6.7850 	EXP 	slider: autoDraw = True
6.7850 	EXP 	next: autoDraw = True
6.7850 	EXP 	next: pos = array([ 0. , -0.9])
6.7850 	EXP 	text_4: autoDraw = True
6.7850 	EXP 	text_5: autoDraw = True
6.8006 	EXP 	next: pos = array([ 0. , -0.9])
6.8176 	EXP 	next: pos = array([ 0. , -0.9])
6.8339 	EXP 	next: pos = array([ 0. , -0.9])
6.8510 	EXP 	next: pos = array([ 0. , -0.9])
6.8671 	EXP 	next: pos = array([ 0. , -0.9])
6.8840 	EXP 	next: pos = array([ 0. , -0.9])
6.9003 	EXP 	next: pos = array([ 0. , -0.9])
6.9175 	EXP 	next: pos = array([ 0. , -0.9])
6.9336 	EXP 	next: pos = array([ 0. , -0.9])
6.9507 	EXP 	next: pos = array([ 0. , -0.9])
6.9670 	EXP 	next: pos = array([ 0. , -0.9])
6.9839 	EXP 	next: pos = array([ 0. , -0.9])
7.0005 	EXP 	next: pos = array([ 0. , -0.9])
7.0176 	EXP 	next: pos = array([ 0. , -0.9])
7.0337 	EXP 	next: pos = array([ 0. , -0.9])
7.0508 	EXP 	next: pos = array([ 0. , -0.9])
7.0670 	EXP 	next: pos = array([ 0. , -0.9])
7.0839 	EXP 	next: pos = array([ 0. , -0.9])
7.1006 	EXP 	next: pos = array([ 0. , -0.9])
7.1178 	EXP 	next: pos = array([ 0. , -0.9])
7.1335 	EXP 	next: pos = array([ 0. , -0.9])
7.1510 	EXP 	next: pos = array([ 0. , -0.9])
7.1671 	EXP 	next: pos = array([ 0. , -0.9])
7.1842 	EXP 	next: pos = array([ 0. , -0.9])
7.2008 	EXP 	next: pos = array([ 0. , -0.9])
7.2170 	EXP 	next: pos = array([ 0. , -0.9])
7.2338 	EXP 	next: pos = array([ 0. , -0.9])
7.2496 	EXP 	next: pos = array([ 0. , -0.9])
7.2671 	EXP 	next: pos = array([ 0. , -0.9])
7.2840 	EXP 	next: pos = array([ 0. , -0.9])
7.3003 	EXP 	next: pos = array([ 0. , -0.9])
7.3177 	EXP 	next: pos = array([ 0. , -0.9])
7.3335 	EXP 	next: pos = array([ 0. , -0.9])
7.3508 	EXP 	next: pos = array([ 0. , -0.9])
7.3671 	EXP 	next: pos = array([ 0. , -0.9])
7.3842 	EXP 	next: pos = array([ 0. , -0.9])
7.4003 	EXP 	next: pos = array([ 0. , -0.9])
7.4175 	EXP 	next: pos = array([ 0. , -0.9])
7.4335 	EXP 	next: pos = array([ 0. , -0.9])
7.4513 	EXP 	next: pos = array([ 0. , -0.9])
7.4671 	EXP 	next: pos = array([ 0. , -0.9])
7.4845 	EXP 	next: pos = array([ 0. , -0.9])
7.5007 	EXP 	next: pos = array([ 0. , -0.9])
7.5176 	EXP 	next: pos = array([ 0. , -0.9])
7.5335 	EXP 	next: pos = array([ 0. , -0.9])
7.5512 	EXP 	next: pos = array([ 0. , -0.9])
7.5672 	EXP 	next: pos = array([ 0. , -0.9])
7.5844 	EXP 	next: pos = array([ 0. , -0.9])
7.6003 	EXP 	next: pos = array([ 0. , -0.9])
7.6176 	EXP 	next: pos = array([ 0. , -0.9])
7.6337 	EXP 	next: pos = array([ 0. , -0.9])
7.6513 	EXP 	next: pos = array([ 0. , -0.9])
7.6671 	EXP 	next: pos = array([ 0. , -0.9])
7.6842 	EXP 	next: pos = array([ 0. , -0.9])
7.7009 	EXP 	next: pos = array([ 0. , -0.9])
7.7167 	EXP 	next: pos = array([ 0. , -0.9])
7.7332 	EXP 	next: pos = array([ 0. , -0.9])
7.7511 	EXP 	next: pos = array([ 0. , -0.9])
7.7668 	EXP 	next: pos = array([ 0. , -0.9])
7.7846 	EXP 	next: pos = array([ 0. , -0.9])
7.8004 	EXP 	next: pos = array([ 0. , -0.9])
7.8165 	EXP 	next: pos = array([ 0. , -0.9])
7.8338 	EXP 	next: pos = array([ 0. , -0.9])
7.8502 	EXP 	next: pos = array([ 0. , -0.9])
7.8671 	EXP 	next: pos = array([ 0. , -0.9])
7.8840 	EXP 	next: pos = array([ 0. , -0.9])
7.8997 	EXP 	next: pos = array([ 0. , -0.9])
7.9175 	EXP 	next: pos = array([ 0. , -0.9])
7.9339 	EXP 	next: pos = array([ 0. , -0.9])
7.9507 	EXP 	next: pos = array([ 0. , -0.9])
7.9673 	EXP 	next: pos = array([ 0. , -0.9])
7.9842 	EXP 	next: pos = array([ 0. , -0.9])
7.9999 	EXP 	next: pos = array([ 0. , -0.9])
8.0164 	EXP 	next: pos = array([ 0. , -0.9])
8.0333 	EXP 	next: pos = array([ 0. , -0.9])
8.0511 	EXP 	next: pos = array([ 0. , -0.9])
8.0670 	EXP 	next: pos = array([ 0. , -0.9])
8.0848 	EXP 	next: pos = array([ 0. , -0.9])
8.1007 	EXP 	next: pos = array([ 0. , -0.9])
8.1165 	EXP 	next: pos = array([ 0. , -0.9])
8.1338 	EXP 	next: pos = array([ 0. , -0.9])
8.1504 	EXP 	next: pos = array([ 0. , -0.9])
8.1673 	EXP 	next: pos = array([ 0. , -0.9])
8.1838 	EXP 	next: pos = array([ 0. , -0.9])
8.2005 	EXP 	next: pos = array([ 0. , -0.9])
8.2172 	EXP 	next: pos = array([ 0. , -0.9])
8.2338 	EXP 	next: pos = array([ 0. , -0.9])
8.2507 	EXP 	next: pos = array([ 0. , -0.9])
8.2665 	EXP 	next: pos = array([ 0. , -0.9])
8.2842 	EXP 	next: pos = array([ 0. , -0.9])
8.3001 	EXP 	next: pos = array([ 0. , -0.9])
8.3179 	EXP 	next: pos = array([ 0. , -0.9])
8.3337 	EXP 	next: pos = array([ 0. , -0.9])
8.3510 	EXP 	next: pos = array([ 0. , -0.9])
8.3669 	EXP 	next: pos = array([ 0. , -0.9])
8.3840 	EXP 	next: pos = array([ 0. , -0.9])
8.4002 	EXP 	next: pos = array([ 0. , -0.9])
8.4173 	EXP 	next: pos = array([ 0. , -0.9])
8.4338 	EXP 	next: pos = array([ 0. , -0.9])
8.4508 	EXP 	next: pos = array([ 0. , -0.9])
8.4670 	EXP 	next: pos = array([ 0. , -0.9])
8.4843 	EXP 	next: pos = array([ 0. , -0.9])
8.5003 	EXP 	next: pos = array([ 0. , -0.9])
8.5177 	EXP 	next: pos = array([ 0. , -0.9])
8.5336 	EXP 	next: pos = array([ 0. , -0.9])
8.5507 	EXP 	next: pos = array([ 0. , -0.9])
8.5674 	EXP 	next: pos = array([ 0. , -0.9])
8.5843 	EXP 	next: pos = array([ 0. , -0.9])
8.6003 	EXP 	next: pos = array([ 0. , -0.9])
8.6178 	EXP 	next: pos = array([ 0. , -0.9])
8.6337 	EXP 	next: pos = array([ 0. , -0.9])
8.6513 	EXP 	next: pos = array([ 0. , -0.9])
8.6680 	EXP 	next: pos = array([ 0. , -0.9])
8.6846 	EXP 	next: pos = array([ 0. , -0.9])
8.7004 	EXP 	next: pos = array([ 0. , -0.9])
8.7171 	EXP 	next: pos = array([ 0. , -0.9])
8.7339 	EXP 	next: pos = array([ 0. , -0.9])
8.7509 	EXP 	next: pos = array([ 0. , -0.9])
8.7668 	EXP 	next: pos = array([ 0. , -0.9])
8.7842 	EXP 	next: pos = array([ 0. , -0.9])
8.8007 	EXP 	next: pos = array([ 0. , -0.9])
8.8177 	EXP 	next: pos = array([ 0. , -0.9])
8.8337 	EXP 	next: pos = array([ 0. , -0.9])
8.8512 	EXP 	next: pos = array([ 0. , -0.9])
8.8671 	EXP 	next: pos = array([ 0. , -0.9])
8.8845 	EXP 	next: pos = array([ 0. , -0.9])
8.9005 	EXP 	next: pos = array([ 0. , -0.9])
8.9177 	EXP 	next: pos = array([ 0. , -0.9])
8.9338 	EXP 	next: pos = array([ 0. , -0.9])
8.9512 	EXP 	next: pos = array([ 0. , -0.9])
8.9676 	EXP 	next: pos = array([ 0. , -0.9])
8.9850 	EXP 	next: pos = array([ 0. , -0.9])
9.0005 	EXP 	next: pos = array([ 0. , -0.9])
9.0174 	EXP 	next: pos = array([ 0. , -0.9])
9.0337 	EXP 	next: pos = array([ 0. , -0.9])
9.0508 	EXP 	next: pos = array([ 0. , -0.9])
9.0673 	EXP 	next: pos = array([ 0. , -0.9])
9.0843 	EXP 	next: pos = array([ 0. , -0.9])
9.1008 	EXP 	next: pos = array([ 0. , -0.9])
9.1175 	EXP 	next: pos = array([ 0. , -0.9])
9.1336 	EXP 	next: pos = array([ 0. , -0.9])
9.1511 	EXP 	next: pos = array([ 0. , -0.9])
9.1674 	EXP 	next: pos = array([ 0. , -0.9])
9.1844 	EXP 	next: pos = array([ 0. , -0.9])
9.2003 	EXP 	next: pos = array([ 0. , -0.9])
9.2180 	EXP 	next: pos = array([ 0. , -0.9])
9.2338 	EXP 	next: pos = array([ 0. , -0.9])
9.2502 	EXP 	next: pos = array([ 0. , -0.9])
9.2663 	EXP 	next: pos = array([ 0. , -0.9])
9.2832 	EXP 	next: pos = array([ 0. , -0.9])
9.3003 	EXP 	next: pos = array([ 0. , -0.9])
9.3172 	EXP 	next: pos = array([ 0. , -0.9])
9.3340 	EXP 	next: pos = array([ 0. , -0.9])
9.3508 	EXP 	next: pos = array([ 0. , -0.9])
9.3672 	EXP 	next: pos = array([ 0. , -0.9])
9.3841 	EXP 	next: pos = array([ 0. , -0.9])
9.4004 	EXP 	next: pos = array([ 0. , -0.9])
9.4174 	EXP 	next: pos = array([ 0. , -0.9])
9.4337 	EXP 	next: pos = array([ 0. , -0.9])
9.4519 	EXP 	next: pos = array([ 0. , -0.9])
9.4685 	EXP 	next: pos = array([ 0. , -0.9])
9.4828 	EXP 	next: pos = array([ 0. , -0.9])
9.5001 	EXP 	next: pos = array([ 0. , -0.9])
9.5170 	EXP 	next: pos = array([ 0. , -0.9])
9.5334 	EXP 	next: pos = array([ 0. , -0.9])
9.5509 	EXP 	next: pos = array([ 0. , -0.9])
9.5669 	EXP 	next: pos = array([ 0. , -0.9])
9.5839 	EXP 	next: pos = array([ 0. , -0.9])
9.6003 	EXP 	next: pos = array([ 0. , -0.9])
9.6176 	EXP 	next: pos = array([ 0. , -0.9])
9.6339 	EXP 	next: pos = array([ 0. , -0.9])
9.6513 	EXP 	next: pos = array([ 0. , -0.9])
9.6669 	EXP 	next: pos = array([ 0. , -0.9])
9.6840 	EXP 	next: pos = array([ 0. , -0.9])
9.7008 	EXP 	next: pos = array([ 0. , -0.9])
9.7179 	EXP 	next: pos = array([ 0. , -0.9])
9.7336 	EXP 	next: pos = array([ 0. , -0.9])
9.7511 	EXP 	next: pos = array([ 0. , -0.9])
9.7671 	EXP 	next: pos = array([ 0. , -0.9])
9.7841 	EXP 	next: pos = array([ 0. , -0.9])
9.8004 	EXP 	next: pos = array([ 0. , -0.9])
9.8175 	EXP 	next: pos = array([ 0. , -0.9])
9.8333 	EXP 	next: pos = array([ 0. , -0.9])
9.8511 	EXP 	next: pos = array([ 0. , -0.9])
9.8670 	EXP 	next: pos = array([ 0. , -0.9])
9.8842 	EXP 	next: pos = array([ 0. , -0.9])
9.9005 	EXP 	next: pos = array([ 0. , -0.9])
9.9177 	EXP 	next: pos = array([ 0. , -0.9])
9.9336 	EXP 	next: pos = array([ 0. , -0.9])
9.9509 	EXP 	next: pos = array([ 0. , -0.9])
9.9670 	EXP 	next: pos = array([ 0. , -0.9])
9.9842 	EXP 	next: pos = array([ 0. , -0.9])
10.0004 	EXP 	next: pos = array([ 0. , -0.9])
10.0174 	EXP 	next: pos = array([ 0. , -0.9])
10.0336 	EXP 	next: pos = array([ 0. , -0.9])
10.0512 	EXP 	next: pos = array([ 0. , -0.9])
10.0673 	EXP 	next: pos = array([ 0. , -0.9])
10.0842 	EXP 	next: pos = array([ 0. , -0.9])
10.1005 	EXP 	next: pos = array([ 0. , -0.9])
10.1176 	EXP 	next: pos = array([ 0. , -0.9])
10.1336 	EXP 	next: pos = array([ 0. , -0.9])
10.1507 	EXP 	next: pos = array([ 0. , -0.9])
10.1669 	EXP 	next: pos = array([ 0. , -0.9])
10.1840 	EXP 	next: pos = array([ 0. , -0.9])
10.2006 	EXP 	next: pos = array([ 0. , -0.9])
10.2183 	EXP 	next: pos = array([ 0. , -0.9])
10.2337 	EXP 	next: pos = array([ 0. , -0.9])
10.2509 	EXP 	next: pos = array([ 0. , -0.9])
10.2670 	EXP 	next: pos = array([ 0. , -0.9])
10.2841 	EXP 	next: pos = array([ 0. , -0.9])
10.3003 	EXP 	next: pos = array([ 0. , -0.9])
10.3179 	EXP 	next: pos = array([ 0. , -0.9])
10.3338 	EXP 	next: pos = array([ 0. , -0.9])
10.3510 	EXP 	next: pos = array([ 0. , -0.9])
10.3671 	EXP 	next: pos = array([ 0. , -0.9])
10.3845 	EXP 	next: pos = array([ 0. , -0.9])
10.4006 	EXP 	next: pos = array([ 0. , -0.9])
10.4176 	EXP 	next: pos = array([ 0. , -0.9])
10.4338 	EXP 	next: pos = array([ 0. , -0.9])
10.4508 	EXP 	next: pos = array([ 0. , -0.9])
10.4668 	EXP 	next: pos = array([ 0. , -0.9])
10.4844 	EXP 	next: pos = array([ 0. , -0.9])
10.5005 	EXP 	next: pos = array([ 0. , -0.9])
10.5208 	EXP 	next: pos = array([ 0. , -0.9])
10.5337 	EXP 	next: pos = array([ 0. , -0.9])
10.5507 	EXP 	next: pos = array([ 0. , -0.9])
10.5669 	EXP 	next: pos = array([ 0. , -0.9])
10.5849 	EXP 	next: pos = array([ 0. , -0.9])
10.6004 	EXP 	next: pos = array([ 0. , -0.9])
10.6180 	EXP 	next: pos = array([ 0. , -0.9])
10.6336 	EXP 	next: pos = array([ 0. , -0.9])
10.6508 	EXP 	next: pos = array([ 0. , -0.9])
10.6669 	EXP 	next: pos = array([ 0. , -0.9])
10.6843 	EXP 	next: pos = array([ 0. , -0.9])
10.7005 	EXP 	next: pos = array([ 0. , -0.9])
10.7177 	EXP 	next: pos = array([ 0. , -0.9])
10.7339 	EXP 	next: pos = array([ 0. , -0.9])
10.7514 	EXP 	next: pos = array([ 0. , -0.9])
10.7670 	EXP 	next: pos = array([ 0. , -0.9])
10.7840 	EXP 	next: pos = array([ 0. , -0.9])
10.8005 	EXP 	next: pos = array([ 0. , -0.9])
10.8175 	EXP 	next: pos = array([ 0. , -0.9])
10.8339 	EXP 	next: pos = array([ 0. , -0.9])
10.8509 	EXP 	next: pos = array([ 0. , -0.9])
10.8667 	EXP 	next: pos = array([ 0. , -0.9])
10.8838 	EXP 	next: pos = array([ 0. , -0.9])
10.9007 	EXP 	next: pos = array([ 0. , -0.9])
10.9172 	EXP 	next: pos = array([ 0. , -0.9])
10.9341 	EXP 	next: pos = array([ 0. , -0.9])
10.9509 	EXP 	next: pos = array([ 0. , -0.9])
10.9669 	EXP 	next: pos = array([ 0. , -0.9])
10.9844 	EXP 	next: pos = array([ 0. , -0.9])
11.0004 	EXP 	next: pos = array([ 0. , -0.9])
11.0175 	EXP 	next: pos = array([ 0. , -0.9])
11.0338 	EXP 	next: pos = array([ 0. , -0.9])
11.0512 	EXP 	next: pos = array([ 0. , -0.9])
11.0670 	EXP 	next: pos = array([ 0. , -0.9])
11.0846 	EXP 	next: pos = array([ 0. , -0.9])
11.1005 	EXP 	next: pos = array([ 0. , -0.9])
11.1181 	EXP 	next: pos = array([ 0. , -0.9])
11.1340 	EXP 	next: pos = array([ 0. , -0.9])
11.1517 	EXP 	next: pos = array([ 0. , -0.9])
11.1672 	EXP 	next: pos = array([ 0. , -0.9])
11.1832 	EXP 	next: pos = array([ 0. , -0.9])
11.2006 	EXP 	next: pos = array([ 0. , -0.9])
11.2176 	EXP 	next: pos = array([ 0. , -0.9])
11.2337 	EXP 	next: pos = array([ 0. , -0.9])
11.2508 	EXP 	next: pos = array([ 0. , -0.9])
11.2671 	EXP 	next: pos = array([ 0. , -0.9])
11.2841 	EXP 	next: pos = array([ 0. , -0.9])
11.3008 	EXP 	next: pos = array([ 0. , -0.9])
11.3182 	EXP 	next: pos = array([ 0. , -0.9])
11.3338 	EXP 	next: pos = array([ 0. , -0.9])
11.3509 	EXP 	next: pos = array([ 0. , -0.9])
11.3669 	EXP 	next: pos = array([ 0. , -0.9])
11.3841 	EXP 	next: pos = array([ 0. , -0.9])
11.4005 	EXP 	next: pos = array([ 0. , -0.9])
11.4176 	EXP 	next: pos = array([ 0. , -0.9])
11.4339 	EXP 	next: pos = array([ 0. , -0.9])
11.4513 	EXP 	next: pos = array([ 0. , -0.9])
11.4672 	EXP 	next: pos = array([ 0. , -0.9])
11.4846 	EXP 	next: pos = array([ 0. , -0.9])
11.5003 	EXP 	next: pos = array([ 0. , -0.9])
11.5176 	EXP 	next: pos = array([ 0. , -0.9])
11.5337 	EXP 	next: pos = array([ 0. , -0.9])
11.5512 	EXP 	next: pos = array([ 0. , -0.9])
11.5519 	DATA 	Mouse: Left button down, pos=(465,236)
11.5631 	EXP 	window1: mouseVisible = True
11.5654 	DEBUG 	Saving data for FatFaceOnline ExperimentHandler
11.5660 	INFO 	saved data to /Users/vivianfang/Desktop/Ratings/data/_FatFaceOnline_2021_Oct_05_1002.psydat
11.5663 	INFO 	saved data to '/Users/vivianfang/Desktop/Ratings/data/_FatFaceOnline_2021_Oct_05_1002.csv'
